[ 2018-01-16T13:36:33+08:00 ] 192.168.47.1 /Admin/Login/login.html
SQL: SHOW COLUMNS FROM `la_admin` [ RunTime:0.0015s ]
SQL: SELECT * FROM `la_admin` WHERE `admin_account` = 'admin' AND `admin_password` = 'e10adc3949ba59abbe56e057f20f883e' LIMIT 1   [ RunTime:0.0011s ]
SQL: SHOW COLUMNS FROM `la_admin_auth_group_access` [ RunTime:0.0012s ]
SQL: SELECT `uid`,`group_id`,`title`,`rules` FROM la_admin_auth_group_access a INNER JOIN la_admin_auth_group g on a.group_id=g.id  WHERE ( a.uid='1' and g.status='1' )  [ RunTime:0.0014s ]
SQL: SHOW COLUMNS FROM `la_admin_auth_rule` [ RunTime:0.0014s ]
SQL: SELECT `condition`,`name` FROM `la_admin_auth_rule` WHERE `status` = 1 ORDER BY sort DESC  [ RunTime:0.0015s ]
SQL: SHOW COLUMNS FROM `la_admin` [ RunTime:0.0022s ]
SQL: SELECT * FROM `la_admin` WHERE `id` = '1' LIMIT 1   [ RunTime:0.0012s ]
SQL: SHOW COLUMNS FROM `la_admin_auth_rule` [ RunTime:0.0014s ]
SQL: SELECT `name` FROM `la_admin_auth_rule` WHERE `direct_jump` = 1 ORDER BY sort DESC  [ RunTime:0.0007s ]

[ 2018-01-16T13:36:33+08:00 ] 192.168.47.1 /Admin/Index/systemSetting.html
SQL: SHOW COLUMNS FROM `la_config` [ RunTime:0.0013s ]
SQL: SELECT `config_sign`,`config_value` FROM `la_config`  [ RunTime:0.0007s ]
SQL: SHOW COLUMNS FROM `la_admin_auth_group_access` [ RunTime:0.0010s ]
SQL: SELECT `uid`,`group_id`,`title`,`rules` FROM la_admin_auth_group_access a INNER JOIN la_admin_auth_group g on a.group_id=g.id  WHERE ( a.uid='1' and g.status='1' )  [ RunTime:0.0008s ]
SQL: SHOW COLUMNS FROM `la_admin_auth_rule` [ RunTime:0.0011s ]
SQL: SELECT `condition`,`name` FROM `la_admin_auth_rule` WHERE `status` = 1 ORDER BY sort DESC  [ RunTime:0.0010s ]
SQL: SHOW COLUMNS FROM `la_admin` [ RunTime:0.0011s ]
SQL: SELECT * FROM `la_admin` WHERE `id` = '1' LIMIT 1   [ RunTime:0.0006s ]
SQL: SELECT count(*) as count,`module_id` from `la_category` group by `module_id` [ RunTime:0.0008s ]

[ 2018-01-16T13:36:50+08:00 ] 192.168.47.1 /Admin/Index/wapSetting.html
SQL: SHOW COLUMNS FROM `la_config` [ RunTime:0.0013s ]
SQL: SELECT `config_sign`,`config_value` FROM `la_config`  [ RunTime:0.0007s ]
SQL: SHOW COLUMNS FROM `la_admin_auth_group_access` [ RunTime:0.0013s ]
SQL: SELECT `uid`,`group_id`,`title`,`rules` FROM la_admin_auth_group_access a INNER JOIN la_admin_auth_group g on a.group_id=g.id  WHERE ( a.uid='1' and g.status='1' )  [ RunTime:0.0011s ]
SQL: SHOW COLUMNS FROM `la_admin_auth_rule` [ RunTime:0.0015s ]
SQL: SELECT `condition`,`name` FROM `la_admin_auth_rule` WHERE `status` = 1 ORDER BY sort DESC  [ RunTime:0.0023s ]
SQL: SHOW COLUMNS FROM `la_admin` [ RunTime:0.0017s ]
SQL: SELECT * FROM `la_admin` WHERE `id` = '1' LIMIT 1   [ RunTime:0.0009s ]

[ 2018-01-16T13:36:57+08:00 ] 192.168.47.1 /Admin/Index/systemSetting.html
SQL: SHOW COLUMNS FROM `la_config` [ RunTime:0.0013s ]
SQL: SELECT `config_sign`,`config_value` FROM `la_config`  [ RunTime:0.0007s ]
SQL: SHOW COLUMNS FROM `la_admin_auth_group_access` [ RunTime:0.0012s ]
SQL: SELECT `uid`,`group_id`,`title`,`rules` FROM la_admin_auth_group_access a INNER JOIN la_admin_auth_group g on a.group_id=g.id  WHERE ( a.uid='1' and g.status='1' )  [ RunTime:0.0016s ]
SQL: SHOW COLUMNS FROM `la_admin_auth_rule` [ RunTime:0.0018s ]
SQL: SELECT `condition`,`name` FROM `la_admin_auth_rule` WHERE `status` = 1 ORDER BY sort DESC  [ RunTime:0.0024s ]
SQL: SHOW COLUMNS FROM `la_admin` [ RunTime:0.0017s ]
SQL: SELECT * FROM `la_admin` WHERE `id` = '1' LIMIT 1   [ RunTime:0.0007s ]
SQL: SELECT count(*) as count,`module_id` from `la_category` group by `module_id` [ RunTime:0.0007s ]

[ 2018-01-16T13:36:58+08:00 ] 192.168.47.1 /Admin/Module/setModule.html
SQL: SHOW COLUMNS FROM `la_config` [ RunTime:0.0013s ]
SQL: SELECT `config_sign`,`config_value` FROM `la_config`  [ RunTime:0.0007s ]
SQL: SHOW COLUMNS FROM `la_admin_auth_group_access` [ RunTime:0.0012s ]
SQL: SELECT `uid`,`group_id`,`title`,`rules` FROM la_admin_auth_group_access a INNER JOIN la_admin_auth_group g on a.group_id=g.id  WHERE ( a.uid='1' and g.status='1' )  [ RunTime:0.0008s ]
SQL: SHOW COLUMNS FROM `la_admin_auth_rule` [ RunTime:0.0025s ]
SQL: SELECT `condition`,`name` FROM `la_admin_auth_rule` WHERE `status` = 1 ORDER BY sort DESC  [ RunTime:0.0024s ]
SQL: SHOW COLUMNS FROM `la_admin` [ RunTime:0.0020s ]
SQL: SELECT * FROM `la_admin` WHERE `id` = '1' LIMIT 1   [ RunTime:0.0007s ]
SQL: SHOW COLUMNS FROM `la_module` [ RunTime:0.0015s ]
SQL: SHOW COLUMNS FROM `la_category` [ RunTime:0.0019s ]
SQL: SELECT * FROM `la_category` WHERE `tree_id` = 0  [ RunTime:0.0014s ]
SQL: SELECT ca.id,ca.modalias,ca.cat_name,ca.tree_id,ca.root_id,ca.depth,ca.orders,m.mod_name,m.color,ca.status,m.id AS module_id,ca.dir_name FROM la_category  AS ca LEFT JOIN la_module AS m ON ca.module_id = m.id    [ RunTime:0.0015s ]
SQL: SELECT * FROM `la_category` WHERE `module_id` = 6 AND `tree_id` = null  [ RunTime:0.0014s ]
SQL: SELECT * FROM `la_category` WHERE `module_id` = 6 AND `tree_id` = 61  [ RunTime:0.0025s ]

[ 2018-01-16T13:37:15+08:00 ] 192.168.47.1 /Admin/Module/setModuleType.html
SQL: SHOW COLUMNS FROM `la_config` [ RunTime:0.0014s ]
SQL: SELECT `config_sign`,`config_value` FROM `la_config`  [ RunTime:0.0007s ]
SQL: SHOW COLUMNS FROM `la_admin_auth_group_access` [ RunTime:0.0012s ]
SQL: SELECT `uid`,`group_id`,`title`,`rules` FROM la_admin_auth_group_access a INNER JOIN la_admin_auth_group g on a.group_id=g.id  WHERE ( a.uid='1' and g.status='1' )  [ RunTime:0.0009s ]
SQL: SHOW COLUMNS FROM `la_admin_auth_rule` [ RunTime:0.0014s ]
SQL: SELECT `condition`,`name` FROM `la_admin_auth_rule` WHERE `status` = 1 ORDER BY sort DESC  [ RunTime:0.0013s ]
SQL: SHOW COLUMNS FROM `la_admin` [ RunTime:0.0014s ]
SQL: SELECT * FROM `la_admin` WHERE `id` = '1' LIMIT 1   [ RunTime:0.0007s ]
SQL: SHOW COLUMNS FROM `la_module` [ RunTime:0.0017s ]
SQL: SHOW COLUMNS FROM `la_category` [ RunTime:0.0026s ]
SQL: SELECT * FROM `la_category` WHERE `tree_id` = 0  [ RunTime:0.0016s ]
SQL: SELECT COUNT(*) AS tp_count FROM `la_module` LIMIT 1   [ RunTime:0.0006s ]
SQL: SELECT * FROM `la_module`  [ RunTime:0.0008s ]
SQL: SELECT * FROM `la_category` WHERE `module_id` = 6 AND `tree_id` = null  [ RunTime:0.0014s ]
SQL: SELECT * FROM `la_category` WHERE `module_id` = 6 AND `tree_id` = 61  [ RunTime:0.0012s ]

[ 2018-01-16T13:37:19+08:00 ] 192.168.47.1 /Admin/Field/fieldList/firstCatId/1.html
SQL: SHOW COLUMNS FROM `la_config` [ RunTime:0.0014s ]
SQL: SELECT `config_sign`,`config_value` FROM `la_config`  [ RunTime:0.0008s ]
SQL: SHOW COLUMNS FROM `la_admin_auth_group_access` [ RunTime:0.0023s ]
SQL: SELECT `uid`,`group_id`,`title`,`rules` FROM la_admin_auth_group_access a INNER JOIN la_admin_auth_group g on a.group_id=g.id  WHERE ( a.uid='1' and g.status='1' )  [ RunTime:0.0018s ]
SQL: SHOW COLUMNS FROM `la_admin_auth_rule` [ RunTime:0.0019s ]
SQL: SELECT `condition`,`name` FROM `la_admin_auth_rule` WHERE `status` = 1 ORDER BY sort DESC  [ RunTime:0.0020s ]
SQL: SHOW COLUMNS FROM `la_admin` [ RunTime:0.0027s ]
SQL: SELECT * FROM `la_admin` WHERE `id` = '1' LIMIT 1   [ RunTime:0.0013s ]
SQL: SHOW COLUMNS FROM `la_module` [ RunTime:0.0020s ]
SQL: SHOW COLUMNS FROM `la_category` [ RunTime:0.0020s ]
SQL: SELECT * FROM `la_category` WHERE `tree_id` = 0  [ RunTime:0.0012s ]
SQL: SHOW COLUMNS FROM `la_module_attr` [ RunTime:0.0020s ]
SQL: SELECT `module_id` FROM `la_category` WHERE `id` = 1 LIMIT 1   [ RunTime:0.0018s ]
SQL: SELECT * FROM `la_category` WHERE `module_id` = 1 AND `tree_id` = 0  [ RunTime:0.0013s ]
SQL: SELECT * FROM `la_module_attr` WHERE `tree_id` = 1 AND `module_id` = 1  [ RunTime:0.0014s ]
SQL: SELECT `cat_name` FROM `la_category` WHERE `id` = 1 LIMIT 1   [ RunTime:0.0006s ]
SQL: SELECT `cat_name` FROM `la_category` WHERE `id` = 1 LIMIT 1   [ RunTime:0.0005s ]
SQL: SELECT `cat_name` FROM `la_category` WHERE `id` = 1 LIMIT 1   [ RunTime:0.0005s ]
SQL: SELECT `cat_name` FROM `la_category` WHERE `id` = 1 LIMIT 1   [ RunTime:0.0007s ]
SQL: SELECT `cat_name` FROM `la_category` WHERE `id` = 1 LIMIT 1   [ RunTime:0.0006s ]
SQL: SELECT `cat_name` FROM `la_category` WHERE `id` = 1 LIMIT 1   [ RunTime:0.0005s ]
SQL: SELECT `cat_name` FROM `la_category` WHERE `id` = 1 LIMIT 1   [ RunTime:0.0005s ]
SQL: SELECT * FROM `la_category` WHERE `module_id` = 6 AND `tree_id` = null  [ RunTime:0.0013s ]
SQL: SELECT * FROM `la_category` WHERE `module_id` = 6 AND `tree_id` = 61  [ RunTime:0.0009s ]

[ 2018-01-16T13:37:21+08:00 ] 192.168.47.1 /Admin/Field/addField/firstCatId/1.html
SQL: SHOW COLUMNS FROM `la_config` [ RunTime:0.0016s ]
SQL: SELECT `config_sign`,`config_value` FROM `la_config`  [ RunTime:0.0008s ]
SQL: SHOW COLUMNS FROM `la_admin_auth_group_access` [ RunTime:0.0014s ]
SQL: SELECT `uid`,`group_id`,`title`,`rules` FROM la_admin_auth_group_access a INNER JOIN la_admin_auth_group g on a.group_id=g.id  WHERE ( a.uid='1' and g.status='1' )  [ RunTime:0.0009s ]
SQL: SHOW COLUMNS FROM `la_admin_auth_rule` [ RunTime:0.0021s ]
SQL: SELECT `condition`,`name` FROM `la_admin_auth_rule` WHERE `status` = 1 ORDER BY sort DESC  [ RunTime:0.0027s ]
SQL: SHOW COLUMNS FROM `la_admin` [ RunTime:0.0019s ]
SQL: SELECT * FROM `la_admin` WHERE `id` = '1' LIMIT 1   [ RunTime:0.0018s ]
SQL: SHOW COLUMNS FROM `la_module` [ RunTime:0.0016s ]
SQL: SHOW COLUMNS FROM `la_category` [ RunTime:0.0021s ]
SQL: SELECT * FROM `la_category` WHERE `tree_id` = 0  [ RunTime:0.0014s ]
SQL: SHOW COLUMNS FROM `la_module_attr` [ RunTime:0.0029s ]
SQL: SELECT `module_id` FROM `la_category` WHERE `id` = 1 LIMIT 1   [ RunTime:0.0007s ]
SQL: SELECT * FROM `la_category` WHERE `module_id` = 1 AND `tree_id` = 0  [ RunTime:0.0014s ]
SQL: SELECT * FROM `la_category` WHERE `module_id` = 6 AND `tree_id` = null  [ RunTime:0.0011s ]
SQL: SELECT * FROM `la_category` WHERE `module_id` = 6 AND `tree_id` = 61  [ RunTime:0.0013s ]

[ 2018-01-16T13:37:23+08:00 ] 192.168.47.1 /Admin/Article/articleList/firstCatId/1.html
SQL: SHOW COLUMNS FROM `la_config` [ RunTime:0.0020s ]
SQL: SELECT `config_sign`,`config_value` FROM `la_config`  [ RunTime:0.0008s ]
SQL: SHOW COLUMNS FROM `la_admin_auth_group_access` [ RunTime:0.0012s ]
SQL: SELECT `uid`,`group_id`,`title`,`rules` FROM la_admin_auth_group_access a INNER JOIN la_admin_auth_group g on a.group_id=g.id  WHERE ( a.uid='1' and g.status='1' )  [ RunTime:0.0008s ]
SQL: SHOW COLUMNS FROM `la_admin_auth_rule` [ RunTime:0.0013s ]
SQL: SELECT `condition`,`name` FROM `la_admin_auth_rule` WHERE `status` = 1 ORDER BY sort DESC  [ RunTime:0.0011s ]
SQL: SHOW COLUMNS FROM `la_admin` [ RunTime:0.0014s ]
SQL: SELECT * FROM `la_admin` WHERE `id` = '1' LIMIT 1   [ RunTime:0.0007s ]
SQL: SHOW COLUMNS FROM `la_article` [ RunTime:0.0021s ]
SQL: SHOW COLUMNS FROM `la_category` [ RunTime:0.0020s ]
SQL: SELECT * FROM `la_category` WHERE `tree_id` = 0  [ RunTime:0.0011s ]
SQL: SELECT COUNT(*) AS tp_count FROM la_article `a` LEFT JOIN `la_category` AS `c` ON `a`.`cat_id` = `c`.`id`  WHERE `a`.`tree_id` = '1' LIMIT 1   [ RunTime:0.0020s ]
SQL: SELECT `a`.*,`c`.`cat_name` FROM la_article `a` LEFT JOIN `la_category` AS `c` ON `a`.`cat_id` = `c`.`id`  WHERE `a`.`tree_id` = '1' ORDER BY `a`.`id` DESC LIMIT 0,25   [ RunTime:0.0051s ]
SQL: SELECT * FROM `la_category` WHERE `tree_id` = 1  [ RunTime:0.0011s ]
SQL: SELECT `cat_name` FROM `la_category` WHERE `id` = 1 LIMIT 1   [ RunTime:0.0005s ]
SQL: SELECT * FROM `la_category` WHERE `module_id` = 6 AND `tree_id` = null  [ RunTime:0.0012s ]
SQL: SELECT * FROM `la_category` WHERE `module_id` = 6 AND `tree_id` = 61  [ RunTime:0.0011s ]

[ 2018-01-16T13:37:25+08:00 ] 192.168.47.1 /Admin/Article/addArticle/firstCatId/1.html
SQL: SHOW COLUMNS FROM `la_config` [ RunTime:0.0014s ]
SQL: SELECT `config_sign`,`config_value` FROM `la_config`  [ RunTime:0.0007s ]
SQL: SHOW COLUMNS FROM `la_admin_auth_group_access` [ RunTime:0.0012s ]
SQL: SELECT `uid`,`group_id`,`title`,`rules` FROM la_admin_auth_group_access a INNER JOIN la_admin_auth_group g on a.group_id=g.id  WHERE ( a.uid='1' and g.status='1' )  [ RunTime:0.0008s ]
SQL: SHOW COLUMNS FROM `la_admin_auth_rule` [ RunTime:0.0013s ]
SQL: SELECT `condition`,`name` FROM `la_admin_auth_rule` WHERE `status` = 1 ORDER BY sort DESC  [ RunTime:0.0011s ]
SQL: SHOW COLUMNS FROM `la_admin` [ RunTime:0.0013s ]
SQL: SELECT * FROM `la_admin` WHERE `id` = '1' LIMIT 1   [ RunTime:0.0007s ]
SQL: SHOW COLUMNS FROM `la_article` [ RunTime:0.0021s ]
SQL: SHOW COLUMNS FROM `la_category` [ RunTime:0.0020s ]
SQL: SELECT * FROM `la_category` WHERE `tree_id` = 0  [ RunTime:0.0011s ]
SQL: SHOW COLUMNS FROM `la_module_attr` [ RunTime:0.0015s ]
SQL: SELECT `module_id` FROM `la_category` WHERE `id` = 1 LIMIT 1   [ RunTime:0.0005s ]
SQL: SELECT * FROM `la_module_attr` WHERE `module_id` = 1 AND `tree_id` IN ('1','0')  [ RunTime:0.0010s ]
SQL: SELECT * FROM `la_category` WHERE `status` = 1 AND `module_id` = 1 AND `tree_id` = 1  [ RunTime:0.0025s ]
SQL: SELECT * FROM `la_category` WHERE `module_id` = 6 AND `tree_id` = null  [ RunTime:0.0015s ]
SQL: SELECT * FROM `la_category` WHERE `module_id` = 6 AND `tree_id` = 61  [ RunTime:0.0012s ]

[ 2018-01-16T13:37:31+08:00 ] 192.168.47.1 /Admin/Field/fieldList/firstCatId/5.html
SQL: SHOW COLUMNS FROM `la_config` [ RunTime:0.0014s ]
SQL: SELECT `config_sign`,`config_value` FROM `la_config`  [ RunTime:0.0007s ]
SQL: SHOW COLUMNS FROM `la_admin_auth_group_access` [ RunTime:0.0016s ]
SQL: SELECT `uid`,`group_id`,`title`,`rules` FROM la_admin_auth_group_access a INNER JOIN la_admin_auth_group g on a.group_id=g.id  WHERE ( a.uid='1' and g.status='1' )  [ RunTime:0.0010s ]
SQL: SHOW COLUMNS FROM `la_admin_auth_rule` [ RunTime:0.0014s ]
SQL: SELECT `condition`,`name` FROM `la_admin_auth_rule` WHERE `status` = 1 ORDER BY sort DESC  [ RunTime:0.0013s ]
SQL: SHOW COLUMNS FROM `la_admin` [ RunTime:0.0013s ]
SQL: SELECT * FROM `la_admin` WHERE `id` = '1' LIMIT 1   [ RunTime:0.0007s ]
SQL: SHOW COLUMNS FROM `la_module` [ RunTime:0.0026s ]
SQL: SHOW COLUMNS FROM `la_category` [ RunTime:0.0021s ]
SQL: SELECT * FROM `la_category` WHERE `tree_id` = 0  [ RunTime:0.0013s ]
SQL: SHOW COLUMNS FROM `la_module_attr` [ RunTime:0.0016s ]
SQL: SELECT `module_id` FROM `la_category` WHERE `id` = 5 LIMIT 1   [ RunTime:0.0006s ]
SQL: SELECT * FROM `la_category` WHERE `module_id` = 2 AND `tree_id` = 0  [ RunTime:0.0011s ]
SQL: SELECT * FROM `la_module_attr` WHERE `tree_id` = 5 AND `module_id` = 2  [ RunTime:0.0010s ]
SQL: SELECT `cat_name` FROM `la_category` WHERE `id` = 5 LIMIT 1   [ RunTime:0.0005s ]
SQL: SELECT `cat_name` FROM `la_category` WHERE `id` = 5 LIMIT 1   [ RunTime:0.0005s ]
SQL: SELECT `cat_name` FROM `la_category` WHERE `id` = 5 LIMIT 1   [ RunTime:0.0005s ]
SQL: SELECT `cat_name` FROM `la_category` WHERE `id` = 5 LIMIT 1   [ RunTime:0.0005s ]
SQL: SELECT `cat_name` FROM `la_category` WHERE `id` = 5 LIMIT 1   [ RunTime:0.0005s ]
SQL: SELECT `cat_name` FROM `la_category` WHERE `id` = 5 LIMIT 1   [ RunTime:0.0005s ]
SQL: SELECT * FROM `la_category` WHERE `module_id` = 6 AND `tree_id` = null  [ RunTime:0.0011s ]
SQL: SELECT * FROM `la_category` WHERE `module_id` = 6 AND `tree_id` = 61  [ RunTime:0.0011s ]

[ 2018-01-16T13:37:34+08:00 ] 192.168.47.1 /Admin/Field/addField/firstCatId/5.html
SQL: SHOW COLUMNS FROM `la_config` [ RunTime:0.0014s ]
SQL: SELECT `config_sign`,`config_value` FROM `la_config`  [ RunTime:0.0008s ]
SQL: SHOW COLUMNS FROM `la_admin_auth_group_access` [ RunTime:0.0015s ]
SQL: SELECT `uid`,`group_id`,`title`,`rules` FROM la_admin_auth_group_access a INNER JOIN la_admin_auth_group g on a.group_id=g.id  WHERE ( a.uid='1' and g.status='1' )  [ RunTime:0.0009s ]
SQL: SHOW COLUMNS FROM `la_admin_auth_rule` [ RunTime:0.0014s ]
SQL: SELECT `condition`,`name` FROM `la_admin_auth_rule` WHERE `status` = 1 ORDER BY sort DESC  [ RunTime:0.0016s ]
SQL: SHOW COLUMNS FROM `la_admin` [ RunTime:0.0015s ]
SQL: SELECT * FROM `la_admin` WHERE `id` = '1' LIMIT 1   [ RunTime:0.0007s ]
SQL: SHOW COLUMNS FROM `la_module` [ RunTime:0.0022s ]
SQL: SHOW COLUMNS FROM `la_category` [ RunTime:0.0019s ]
SQL: SELECT * FROM `la_category` WHERE `tree_id` = 0  [ RunTime:0.0012s ]
SQL: SHOW COLUMNS FROM `la_module_attr` [ RunTime:0.0016s ]
SQL: SELECT `module_id` FROM `la_category` WHERE `id` = 5 LIMIT 1   [ RunTime:0.0005s ]
SQL: SELECT * FROM `la_category` WHERE `module_id` = 2 AND `tree_id` = 0  [ RunTime:0.0011s ]
SQL: SELECT * FROM `la_category` WHERE `module_id` = 6 AND `tree_id` = null  [ RunTime:0.0011s ]
SQL: SELECT * FROM `la_category` WHERE `module_id` = 6 AND `tree_id` = 61  [ RunTime:0.0013s ]

[ 2018-01-16T13:37:38+08:00 ] 192.168.47.1 /Admin/Field/addField/firstCatId/43.html
SQL: SHOW COLUMNS FROM `la_config` [ RunTime:0.0013s ]
SQL: SELECT `config_sign`,`config_value` FROM `la_config`  [ RunTime:0.0008s ]
SQL: SHOW COLUMNS FROM `la_admin_auth_group_access` [ RunTime:0.0013s ]
SQL: SELECT `uid`,`group_id`,`title`,`rules` FROM la_admin_auth_group_access a INNER JOIN la_admin_auth_group g on a.group_id=g.id  WHERE ( a.uid='1' and g.status='1' )  [ RunTime:0.0008s ]
SQL: SHOW COLUMNS FROM `la_admin_auth_rule` [ RunTime:0.0017s ]
SQL: SELECT `condition`,`name` FROM `la_admin_auth_rule` WHERE `status` = 1 ORDER BY sort DESC  [ RunTime:0.0013s ]
SQL: SHOW COLUMNS FROM `la_admin` [ RunTime:0.0017s ]
SQL: SELECT * FROM `la_admin` WHERE `id` = '1' LIMIT 1   [ RunTime:0.0011s ]
SQL: SHOW COLUMNS FROM `la_module` [ RunTime:0.0018s ]
SQL: SHOW COLUMNS FROM `la_category` [ RunTime:0.0023s ]
SQL: SELECT * FROM `la_category` WHERE `tree_id` = 0  [ RunTime:0.0013s ]
SQL: SHOW COLUMNS FROM `la_module_attr` [ RunTime:0.0017s ]
SQL: SELECT `module_id` FROM `la_category` WHERE `id` = 43 LIMIT 1   [ RunTime:0.0006s ]
SQL: SELECT * FROM `la_category` WHERE `module_id` = 1 AND `tree_id` = 0  [ RunTime:0.0012s ]
SQL: SELECT * FROM `la_category` WHERE `module_id` = 6 AND `tree_id` = null  [ RunTime:0.0013s ]
SQL: SELECT * FROM `la_category` WHERE `module_id` = 6 AND `tree_id` = 61  [ RunTime:0.0012s ]

[ 2018-01-16T13:37:40+08:00 ] 192.168.47.1 /Admin/Article/addArticle/firstCatId/43.html
SQL: SHOW COLUMNS FROM `la_config` [ RunTime:0.0017s ]
SQL: SELECT `config_sign`,`config_value` FROM `la_config`  [ RunTime:0.0009s ]
SQL: SHOW COLUMNS FROM `la_admin_auth_group_access` [ RunTime:0.0014s ]
SQL: SELECT `uid`,`group_id`,`title`,`rules` FROM la_admin_auth_group_access a INNER JOIN la_admin_auth_group g on a.group_id=g.id  WHERE ( a.uid='1' and g.status='1' )  [ RunTime:0.0008s ]
SQL: SHOW COLUMNS FROM `la_admin_auth_rule` [ RunTime:0.0013s ]
SQL: SELECT `condition`,`name` FROM `la_admin_auth_rule` WHERE `status` = 1 ORDER BY sort DESC  [ RunTime:0.0011s ]
SQL: SHOW COLUMNS FROM `la_admin` [ RunTime:0.0013s ]
SQL: SELECT * FROM `la_admin` WHERE `id` = '1' LIMIT 1   [ RunTime:0.0009s ]
SQL: SHOW COLUMNS FROM `la_article` [ RunTime:0.0019s ]
SQL: SHOW COLUMNS FROM `la_category` [ RunTime:0.0020s ]
SQL: SELECT * FROM `la_category` WHERE `tree_id` = 0  [ RunTime:0.0012s ]
SQL: SHOW COLUMNS FROM `la_module_attr` [ RunTime:0.0015s ]
SQL: SELECT `module_id` FROM `la_category` WHERE `id` = 43 LIMIT 1   [ RunTime:0.0006s ]
SQL: SELECT * FROM `la_module_attr` WHERE `module_id` = 1 AND `tree_id` IN ('43','0')  [ RunTime:0.0010s ]
SQL: SELECT * FROM `la_category` WHERE `status` = 1 AND `module_id` = 1 AND `tree_id` = 43  [ RunTime:0.0013s ]
SQL: SELECT * FROM `la_category` WHERE `module_id` = 6 AND `tree_id` = null  [ RunTime:0.0013s ]
SQL: SELECT * FROM `la_category` WHERE `module_id` = 6 AND `tree_id` = 61  [ RunTime:0.0011s ]

[ 2018-01-16T13:37:43+08:00 ] 192.168.47.1 /Admin/SinglePage/editSingle/id/62.html
SQL: SHOW COLUMNS FROM `la_config` [ RunTime:0.0028s ]
SQL: SELECT `config_sign`,`config_value` FROM `la_config`  [ RunTime:0.0010s ]
SQL: SHOW COLUMNS FROM `la_admin_auth_group_access` [ RunTime:0.0028s ]
SQL: SELECT `uid`,`group_id`,`title`,`rules` FROM la_admin_auth_group_access a INNER JOIN la_admin_auth_group g on a.group_id=g.id  WHERE ( a.uid='1' and g.status='1' )  [ RunTime:0.0018s ]
SQL: SHOW COLUMNS FROM `la_admin_auth_rule` [ RunTime:0.0016s ]
SQL: SELECT `condition`,`name` FROM `la_admin_auth_rule` WHERE `status` = 1 ORDER BY sort DESC  [ RunTime:0.0013s ]
SQL: SHOW COLUMNS FROM `la_admin` [ RunTime:0.0013s ]
SQL: SELECT * FROM `la_admin` WHERE `id` = '1' LIMIT 1   [ RunTime:0.0007s ]
SQL: SHOW COLUMNS FROM `la_about` [ RunTime:0.0018s ]
SQL: SHOW COLUMNS FROM `la_category` [ RunTime:0.0019s ]
SQL: SELECT * FROM `la_category` WHERE `tree_id` = 0  [ RunTime:0.0012s ]
SQL: SELECT * FROM `la_about` WHERE `cat_id` = 62 LIMIT 1   [ RunTime:0.0010s ]
SQL: SELECT * FROM `la_category` WHERE `module_id` = 6 AND `tree_id` = null  [ RunTime:0.0011s ]
SQL: SELECT * FROM `la_category` WHERE `module_id` = 6 AND `tree_id` = 61  [ RunTime:0.0013s ]

[ 2018-01-16T13:37:49+08:00 ] 192.168.47.1 /Admin/Admin/adminList.html
SQL: SHOW COLUMNS FROM `la_config` [ RunTime:0.0014s ]
SQL: SELECT `config_sign`,`config_value` FROM `la_config`  [ RunTime:0.0007s ]
SQL: SHOW COLUMNS FROM `la_admin_auth_group_access` [ RunTime:0.0012s ]
SQL: SELECT `uid`,`group_id`,`title`,`rules` FROM la_admin_auth_group_access a INNER JOIN la_admin_auth_group g on a.group_id=g.id  WHERE ( a.uid='1' and g.status='1' )  [ RunTime:0.0008s ]
SQL: SHOW COLUMNS FROM `la_admin_auth_rule` [ RunTime:0.0014s ]
SQL: SELECT `condition`,`name` FROM `la_admin_auth_rule` WHERE `status` = 1 ORDER BY sort DESC  [ RunTime:0.0023s ]
SQL: SHOW COLUMNS FROM `la_admin` [ RunTime:0.0017s ]
SQL: SELECT * FROM `la_admin` WHERE `id` = '1' LIMIT 1   [ RunTime:0.0010s ]
SQL: SHOW COLUMNS FROM `la_admin` [ RunTime:0.0016s ]
SQL: SELECT COUNT(*) AS tp_count FROM `la_admin` LIMIT 1   [ RunTime:0.0006s ]
SQL: SELECT `a`.*, `ag`.`title` FROM la_admin AS a LEFT JOIN la_admin_auth_group_access AS aga ON a.id = aga.uid LEFT JOIN la_admin_auth_group AS ag ON aga.group_id = ag.id ORDER BY a.add_time DESC LIMIT 0, 25 [ RunTime:0.0010s ]

[ 2018-01-16T13:37:55+08:00 ] 192.168.47.1 /Admin/Ad/adGroupList.html
SQL: SHOW COLUMNS FROM `la_config` [ RunTime:0.0015s ]
SQL: SELECT `config_sign`,`config_value` FROM `la_config`  [ RunTime:0.0007s ]
SQL: SHOW COLUMNS FROM `la_admin_auth_group_access` [ RunTime:0.0015s ]
SQL: SELECT `uid`,`group_id`,`title`,`rules` FROM la_admin_auth_group_access a INNER JOIN la_admin_auth_group g on a.group_id=g.id  WHERE ( a.uid='1' and g.status='1' )  [ RunTime:0.0009s ]
SQL: SHOW COLUMNS FROM `la_admin_auth_rule` [ RunTime:0.0014s ]
SQL: SELECT `condition`,`name` FROM `la_admin_auth_rule` WHERE `status` = 1 ORDER BY sort DESC  [ RunTime:0.0014s ]
SQL: SHOW COLUMNS FROM `la_admin` [ RunTime:0.0015s ]
SQL: SELECT * FROM `la_admin` WHERE `id` = '1' LIMIT 1   [ RunTime:0.0008s ]
SQL: SHOW COLUMNS FROM `la_ad_group` [ RunTime:0.0013s ]
SQL: SHOW COLUMNS FROM `la_ad` [ RunTime:0.0015s ]
SQL: SELECT * FROM `la_ad_group`  [ RunTime:0.0009s ]
SQL: SELECT COUNT(*) AS tp_count FROM `la_ad` WHERE `group_id` = 1 LIMIT 1   [ RunTime:0.0008s ]
SQL: SELECT COUNT(*) AS tp_count FROM `la_ad` WHERE `group_id` = 2 LIMIT 1   [ RunTime:0.0010s ]

[ 2018-01-16T13:38:01+08:00 ] 192.168.47.1 /Admin/Message/messageList.html
SQL: SHOW COLUMNS FROM `la_config` [ RunTime:0.0020s ]
SQL: SELECT `config_sign`,`config_value` FROM `la_config`  [ RunTime:0.0009s ]
SQL: SHOW COLUMNS FROM `la_admin_auth_group_access` [ RunTime:0.0015s ]
SQL: SELECT `uid`,`group_id`,`title`,`rules` FROM la_admin_auth_group_access a INNER JOIN la_admin_auth_group g on a.group_id=g.id  WHERE ( a.uid='1' and g.status='1' )  [ RunTime:0.0009s ]
SQL: SHOW COLUMNS FROM `la_admin_auth_rule` [ RunTime:0.0014s ]
SQL: SELECT `condition`,`name` FROM `la_admin_auth_rule` WHERE `status` = 1 ORDER BY sort DESC  [ RunTime:0.0029s ]
SQL: SHOW COLUMNS FROM `la_admin` [ RunTime:0.0029s ]
SQL: SELECT * FROM `la_admin` WHERE `id` = '1' LIMIT 1   [ RunTime:0.0012s ]
SQL: SHOW COLUMNS FROM `la_guest_book` [ RunTime:0.0016s ]
SQL: SELECT * FROM `la_guest_book`  [ RunTime:0.0019s ]

[ 2018-01-16T13:38:06+08:00 ] 192.168.47.1 /Admin/Log/logList.html
SQL: SHOW COLUMNS FROM `la_config` [ RunTime:0.0015s ]
SQL: SELECT `config_sign`,`config_value` FROM `la_config`  [ RunTime:0.0007s ]
SQL: SHOW COLUMNS FROM `la_admin_auth_group_access` [ RunTime:0.0013s ]
SQL: SELECT `uid`,`group_id`,`title`,`rules` FROM la_admin_auth_group_access a INNER JOIN la_admin_auth_group g on a.group_id=g.id  WHERE ( a.uid='1' and g.status='1' )  [ RunTime:0.0009s ]
SQL: SHOW COLUMNS FROM `la_admin_auth_rule` [ RunTime:0.0014s ]
SQL: SELECT `condition`,`name` FROM `la_admin_auth_rule` WHERE `status` = 1 ORDER BY sort DESC  [ RunTime:0.0013s ]
SQL: SHOW COLUMNS FROM `la_admin` [ RunTime:0.0013s ]
SQL: SELECT * FROM `la_admin` WHERE `id` = '1' LIMIT 1   [ RunTime:0.0007s ]
SQL: SHOW COLUMNS FROM `la_log` [ RunTime:0.0013s ]
SQL: SELECT COUNT(*) AS tp_count FROM `la_log` LIMIT 1   [ RunTime:0.0009s ]
SQL: SELECT * FROM `la_log` LIMIT 0,25   [ RunTime:0.0011s ]

[ 2018-01-16T13:38:19+08:00 ] 192.168.47.1 /Admin/Message/messageList.html
SQL: SHOW COLUMNS FROM `la_config` [ RunTime:0.0013s ]
SQL: SELECT `config_sign`,`config_value` FROM `la_config`  [ RunTime:0.0007s ]
SQL: SHOW COLUMNS FROM `la_admin_auth_group_access` [ RunTime:0.0012s ]
SQL: SELECT `uid`,`group_id`,`title`,`rules` FROM la_admin_auth_group_access a INNER JOIN la_admin_auth_group g on a.group_id=g.id  WHERE ( a.uid='1' and g.status='1' )  [ RunTime:0.0008s ]
SQL: SHOW COLUMNS FROM `la_admin_auth_rule` [ RunTime:0.0013s ]
SQL: SELECT `condition`,`name` FROM `la_admin_auth_rule` WHERE `status` = 1 ORDER BY sort DESC  [ RunTime:0.0021s ]
SQL: SHOW COLUMNS FROM `la_admin` [ RunTime:0.0018s ]
SQL: SELECT * FROM `la_admin` WHERE `id` = '1' LIMIT 1   [ RunTime:0.0011s ]
SQL: SHOW COLUMNS FROM `la_guest_book` [ RunTime:0.0016s ]
SQL: SELECT * FROM `la_guest_book`  [ RunTime:0.0008s ]

[ 2018-01-16T13:38:30+08:00 ] 192.168.47.1 /Admin/Message/replyMessage/id/1.html
SQL: SHOW COLUMNS FROM `la_config` [ RunTime:0.0013s ]
SQL: SELECT `config_sign`,`config_value` FROM `la_config`  [ RunTime:0.0008s ]
SQL: SHOW COLUMNS FROM `la_admin_auth_group_access` [ RunTime:0.0017s ]
SQL: SELECT `uid`,`group_id`,`title`,`rules` FROM la_admin_auth_group_access a INNER JOIN la_admin_auth_group g on a.group_id=g.id  WHERE ( a.uid='1' and g.status='1' )  [ RunTime:0.0009s ]
SQL: SHOW COLUMNS FROM `la_admin_auth_rule` [ RunTime:0.0015s ]
SQL: SELECT `condition`,`name` FROM `la_admin_auth_rule` WHERE `status` = 1 ORDER BY sort DESC  [ RunTime:0.0012s ]
SQL: SHOW COLUMNS FROM `la_admin` [ RunTime:0.0013s ]
SQL: SELECT * FROM `la_admin` WHERE `id` = '1' LIMIT 1   [ RunTime:0.0007s ]
SQL: SHOW COLUMNS FROM `la_guest_book` [ RunTime:0.0016s ]
SQL: SELECT * FROM `la_guest_book` WHERE `id` = 1 LIMIT 1   [ RunTime:0.0008s ]

[ 2018-01-16T13:38:48+08:00 ] 192.168.47.1 /Admin/System/setting.html
SQL: SHOW COLUMNS FROM `la_config` [ RunTime:0.0018s ]
SQL: SELECT `config_sign`,`config_value` FROM `la_config`  [ RunTime:0.0008s ]
SQL: SHOW COLUMNS FROM `la_admin_auth_group_access` [ RunTime:0.0016s ]
SQL: SELECT `uid`,`group_id`,`title`,`rules` FROM la_admin_auth_group_access a INNER JOIN la_admin_auth_group g on a.group_id=g.id  WHERE ( a.uid='1' and g.status='1' )  [ RunTime:0.0009s ]
SQL: SHOW COLUMNS FROM `la_admin_auth_rule` [ RunTime:0.0015s ]
SQL: SELECT `condition`,`name` FROM `la_admin_auth_rule` WHERE `status` = 1 ORDER BY sort DESC  [ RunTime:0.0012s ]
SQL: SHOW COLUMNS FROM `la_admin` [ RunTime:0.0015s ]
SQL: SELECT * FROM `la_admin` WHERE `id` = '1' LIMIT 1   [ RunTime:0.0007s ]
SQL: SHOW COLUMNS FROM `la_category` [ RunTime:0.0030s ]

[ 2018-01-16T13:38:52+08:00 ] 192.168.47.1 /Admin/System/seoSetting.html
SQL: SHOW COLUMNS FROM `la_config` [ RunTime:0.0013s ]
SQL: SELECT `config_sign`,`config_value` FROM `la_config`  [ RunTime:0.0007s ]
SQL: SHOW COLUMNS FROM `la_admin_auth_group_access` [ RunTime:0.0012s ]
SQL: SELECT `uid`,`group_id`,`title`,`rules` FROM la_admin_auth_group_access a INNER JOIN la_admin_auth_group g on a.group_id=g.id  WHERE ( a.uid='1' and g.status='1' )  [ RunTime:0.0009s ]
SQL: SHOW COLUMNS FROM `la_admin_auth_rule` [ RunTime:0.0024s ]
SQL: SELECT `condition`,`name` FROM `la_admin_auth_rule` WHERE `status` = 1 ORDER BY sort DESC  [ RunTime:0.0018s ]
SQL: SHOW COLUMNS FROM `la_admin` [ RunTime:0.0015s ]
SQL: SELECT * FROM `la_admin` WHERE `id` = '1' LIMIT 1   [ RunTime:0.0010s ]
SQL: SHOW COLUMNS FROM `la_category` [ RunTime:0.0020s ]
SQL: SHOW COLUMNS FROM `la_seo` [ RunTime:0.0014s ]
SQL: SELECT * FROM `la_seo`  [ RunTime:0.0011s ]

