[ 2018-04-02T18:17:03+08:00 ] 192.168.47.1 /Bbs/Index/index.html
SQL: SHOW COLUMNS FROM `la_config` [ RunTime:0.0017s ]
SQL: SELECT `config_sign`,`config_value` FROM `la_config`  [ RunTime:0.0029s ]
SQL: SHOW COLUMNS FROM `la_user` [ RunTime:0.0049s ]
SQL: SELECT * FROM `la_user` WHERE `id` = 34 LIMIT 1   [ RunTime:0.0040s ]
SQL: SHOW COLUMNS FROM `la_controller_power` [ RunTime:0.0020s ]
SQL: SELECT * FROM `la_controller_power` WHERE `controller_name` = 'Index' AND `controller_function` = 'index' AND `controller_module` = 'Bbs' LIMIT 1   [ RunTime:0.0020s ]
SQL: SHOW COLUMNS FROM `la_goods_category` [ RunTime:0.0018s ]
SQL: SELECT * FROM `la_goods_category` WHERE `pid` = 0 ORDER BY sort DESC  [ RunTime:0.0026s ]
SQL: SELECT * FROM `la_goods_category` WHERE `pid` = 1 ORDER BY sort DESC  [ RunTime:0.0020s ]
SQL: SELECT * FROM `la_goods_category` WHERE `pid` = 17 ORDER BY sort DESC  [ RunTime:0.0057s ]
SQL: SELECT * FROM `la_goods_category` WHERE `pid` = 19 ORDER BY sort DESC  [ RunTime:0.0030s ]
SQL: SHOW COLUMNS FROM `la_ad_group` [ RunTime:0.0024s ]
SQL: SELECT * FROM `la_ad_group` WHERE `group_sign` = 'bbs_index_ad_group' LIMIT 1   [ RunTime:0.0029s ]
SQL: SHOW COLUMNS FROM `la_ad_box` [ RunTime:0.0019s ]
SQL: SELECT `width`,`height`,`id` FROM `la_ad_box` WHERE `group_id` = null  [ RunTime:0.0016s ]

[ 2018-04-02T18:17:05+08:00 ] 192.168.47.1 /Bbs/Index/module_list.html
SQL: SHOW COLUMNS FROM `la_config` [ RunTime:0.0024s ]
SQL: SELECT `config_sign`,`config_value` FROM `la_config`  [ RunTime:0.0015s ]
SQL: SHOW COLUMNS FROM `la_user` [ RunTime:0.0035s ]
SQL: SELECT * FROM `la_user` WHERE `id` = 34 LIMIT 1   [ RunTime:0.0022s ]
SQL: SHOW COLUMNS FROM `la_controller_power` [ RunTime:0.0036s ]
SQL: SELECT * FROM `la_controller_power` WHERE `controller_name` = 'Index' AND `controller_function` = 'module_list' AND `controller_module` = 'Bbs' LIMIT 1   [ RunTime:0.0014s ]
SQL: SELECT `id`, `module_name`, `introduction`, `icon` 
							  FROM `la_bbs_module` 
							  WHERE 1 [ RunTime:0.0018s ]
SQL: SHOW COLUMNS FROM `la_errcode` [ RunTime:0.0021s ]
SQL: SELECT `memo` FROM `la_errcode` WHERE `errCode` = 200000 LIMIT 1   [ RunTime:0.0014s ]

[ 2018-04-02T18:17:05+08:00 ] 192.168.47.1 /Bbs/Index/article_list.html
SQL: SHOW COLUMNS FROM `la_config` [ RunTime:0.0016s ]
SQL: SELECT `config_sign`,`config_value` FROM `la_config`  [ RunTime:0.0009s ]
SQL: SHOW COLUMNS FROM `la_user` [ RunTime:0.0049s ]
SQL: SELECT * FROM `la_user` WHERE `id` = 34 LIMIT 1   [ RunTime:0.0014s ]
SQL: SHOW COLUMNS FROM `la_controller_power` [ RunTime:0.0049s ]
SQL: SELECT * FROM `la_controller_power` WHERE `controller_name` = 'Index' AND `controller_function` = 'article_list' AND `controller_module` = 'Bbs' LIMIT 1   [ RunTime:0.0134s ]
SQL: SELECT `a`.*, `u`.`nickname`, `u`.`headimgurl` 
							FROM la_bbs_article AS `a` 
							LEFT JOIN la_user AS `u` ON `a`.`author`=`u`.`id` 
							WHERE 1 
							 ORDER BY `a`.`add_time` DESC
							LIMIT 0 , 10 [ RunTime:0.0674s ]
SQL: SHOW COLUMNS FROM `la_errcode` [ RunTime:0.0017s ]
SQL: SELECT `memo` FROM `la_errcode` WHERE `errCode` = 200000 LIMIT 1   [ RunTime:0.0012s ]

[ 2018-04-02T18:17:05+08:00 ] 192.168.47.1 /Bbs/Index/null
SQL: SHOW COLUMNS FROM `la_config` [ RunTime:0.0011s ]
SQL: SELECT `config_sign`,`config_value` FROM `la_config`  [ RunTime:0.0007s ]
SQL: SHOW COLUMNS FROM `la_user` [ RunTime:0.0038s ]
SQL: SELECT * FROM `la_user` WHERE `id` = 34 LIMIT 1   [ RunTime:0.0021s ]
SQL: SHOW COLUMNS FROM `la_controller_power` [ RunTime:0.0068s ]
SQL: SELECT * FROM `la_controller_power` WHERE `controller_name` = 'Index' AND `controller_function` = 'null' AND `controller_module` = 'Bbs' LIMIT 1   [ RunTime:0.0076s ]
ERR: 非法操作:null

[ 2018-04-02T18:17:38+08:00 ] 192.168.47.1 /Bbs/Index/module/id/4
SQL: SHOW COLUMNS FROM `la_config` [ RunTime:0.0020s ]
SQL: SELECT `config_sign`,`config_value` FROM `la_config`  [ RunTime:0.0018s ]
SQL: SHOW COLUMNS FROM `la_user` [ RunTime:0.0071s ]
SQL: SELECT * FROM `la_user` WHERE `id` = 34 LIMIT 1   [ RunTime:0.0022s ]
SQL: SHOW COLUMNS FROM `la_controller_power` [ RunTime:0.0022s ]
SQL: SELECT * FROM `la_controller_power` WHERE `controller_name` = 'Index' AND `controller_function` = 'module' AND `controller_module` = 'Bbs' LIMIT 1   [ RunTime:0.0010s ]

[ 2018-04-02T18:17:39+08:00 ] 192.168.47.1 /Bbs/Index/article_list.html
SQL: SHOW COLUMNS FROM `la_config` [ RunTime:0.0030s ]
SQL: SELECT `config_sign`,`config_value` FROM `la_config`  [ RunTime:0.0018s ]
SQL: SHOW COLUMNS FROM `la_user` [ RunTime:0.0055s ]
SQL: SELECT * FROM `la_user` WHERE `id` = 34 LIMIT 1   [ RunTime:0.0024s ]
SQL: SHOW COLUMNS FROM `la_controller_power` [ RunTime:0.0023s ]
SQL: SELECT * FROM `la_controller_power` WHERE `controller_name` = 'Index' AND `controller_function` = 'article_list' AND `controller_module` = 'Bbs' LIMIT 1   [ RunTime:0.0012s ]
SQL: SELECT `a`.*, `u`.`nickname`, `u`.`headimgurl` 
							FROM la_bbs_article AS `a` 
							LEFT JOIN la_user AS `u` ON `a`.`author`=`u`.`id` 
							WHERE 1  AND module_id=4
							ORDER BY `a`.`id` DESC
							LIMIT 0 , 10 [ RunTime:0.0764s ]
SQL: SHOW COLUMNS FROM `la_errcode` [ RunTime:0.0026s ]
SQL: SELECT `memo` FROM `la_errcode` WHERE `errCode` = 200000 LIMIT 1   [ RunTime:0.0016s ]

[ 2018-04-02T18:17:39+08:00 ] 192.168.47.1 /Bbs/Index/article_list.html
SQL: SHOW COLUMNS FROM `la_config` [ RunTime:0.0014s ]
SQL: SELECT `config_sign`,`config_value` FROM `la_config`  [ RunTime:0.0007s ]
SQL: SHOW COLUMNS FROM `la_user` [ RunTime:0.0023s ]
SQL: SELECT * FROM `la_user` WHERE `id` = 34 LIMIT 1   [ RunTime:0.0014s ]
SQL: SHOW COLUMNS FROM `la_controller_power` [ RunTime:0.0009s ]
SQL: SELECT * FROM `la_controller_power` WHERE `controller_name` = 'Index' AND `controller_function` = 'article_list' AND `controller_module` = 'Bbs' LIMIT 1   [ RunTime:0.0044s ]
SQL: SELECT `a`.*, `u`.`nickname`, `u`.`headimgurl` 
							FROM la_bbs_article AS `a` 
							LEFT JOIN la_user AS `u` ON `a`.`author`=`u`.`id` 
							WHERE 1  AND module_id=4
							 ORDER BY `a`.`add_time` DESC
							LIMIT 0 , 10 [ RunTime:0.0050s ]
SQL: SHOW COLUMNS FROM `la_errcode` [ RunTime:0.0009s ]
SQL: SELECT `memo` FROM `la_errcode` WHERE `errCode` = 200000 LIMIT 1   [ RunTime:0.0007s ]

[ 2018-04-02T18:17:39+08:00 ] 192.168.47.1 /Bbs/Index/module.html
SQL: SHOW COLUMNS FROM `la_config` [ RunTime:0.0009s ]
SQL: SELECT `config_sign`,`config_value` FROM `la_config`  [ RunTime:0.0006s ]
SQL: SHOW COLUMNS FROM `la_user` [ RunTime:0.0022s ]
SQL: SELECT * FROM `la_user` WHERE `id` = 34 LIMIT 1   [ RunTime:0.0017s ]
SQL: SHOW COLUMNS FROM `la_controller_power` [ RunTime:0.0018s ]
SQL: SELECT * FROM `la_controller_power` WHERE `controller_name` = 'Index' AND `controller_function` = 'module' AND `controller_module` = 'Bbs' LIMIT 1   [ RunTime:0.0016s ]
SQL: SHOW COLUMNS FROM `la_bbs_module` [ RunTime:0.0013s ]
SQL: SELECT * FROM `la_bbs_module` WHERE `id` = '4' LIMIT 1   [ RunTime:0.0012s ]
SQL: SHOW COLUMNS FROM `la_errcode` [ RunTime:0.0009s ]
SQL: SELECT `memo` FROM `la_errcode` WHERE `errCode` = 200000 LIMIT 1   [ RunTime:0.0011s ]

