[ 2018-01-17T16:42:41+08:00 ] 192.168.47.1 /Bbs/Index/index.html
SQL: SHOW COLUMNS FROM `la_ad_group` [ RunTime:0.0015s ]
SQL: SELECT * FROM `la_ad_group` WHERE `group_sign` = 'bbs_index_ad_group' LIMIT 1   [ RunTime:0.0009s ]
SQL: SHOW COLUMNS FROM `la_ad_box` [ RunTime:0.0015s ]
SQL: SELECT `width`,`height`,`id` FROM `la_ad_box` WHERE `group_id` = null  [ RunTime:0.0008s ]

[ 2018-01-17T16:42:41+08:00 ] 192.168.47.1 /Bbs/Index/module_list.html
SQL: SELECT `id`, `module_name`, `introduction`, `icon` 
							  FROM `la_bbs_module` 
							  WHERE 1 [ RunTime:0.0011s ]
SQL: SHOW COLUMNS FROM `la_errcode` [ RunTime:0.0100s ]
SQL: SELECT `memo` FROM `la_errcode` WHERE `errCode` = 200000 LIMIT 1   [ RunTime:0.0009s ]

[ 2018-01-17T16:42:43+08:00 ] 192.168.47.1 /Bbs/Index/article_list.html
SQL: SELECT `a`.*, `u`.`nickname`, `u`.`headimgurl` 
							FROM la_bbs_article AS `a` 
							LEFT JOIN la_user AS `u` ON `a`.`author`=`u`.`id` 
							WHERE 1 
							 ORDER BY `a`.`add_time` DESC
							 [ RunTime:0.8306s ]
SQL: SHOW COLUMNS FROM `la_errcode` [ RunTime:0.0015s ]
SQL: SELECT `memo` FROM `la_errcode` WHERE `errCode` = 200000 LIMIT 1   [ RunTime:0.0007s ]

[ 2018-01-17T17:00:55+08:00 ] 192.168.47.1 /Bbs/Index/index.html
SQL: SHOW COLUMNS FROM `la_ad_group` [ RunTime:0.0023s ]
SQL: SELECT * FROM `la_ad_group` WHERE `group_sign` = 'bbs_index_ad_group' LIMIT 1   [ RunTime:0.0008s ]
SQL: SHOW COLUMNS FROM `la_ad_box` [ RunTime:0.0014s ]
SQL: SELECT `width`,`height`,`id` FROM `la_ad_box` WHERE `group_id` = null  [ RunTime:0.0006s ]

[ 2018-01-17T17:00:57+08:00 ] 192.168.47.1 /Bbs/Index/article_list.html
SQL: SELECT `a`.*, `u`.`nickname`, `u`.`headimgurl` 
							FROM la_bbs_article AS `a` 
							LEFT JOIN la_user AS `u` ON `a`.`author`=`u`.`id` 
							WHERE 1 
							 ORDER BY `a`.`add_time` DESC
							 [ RunTime:0.6906s ]
SQL: SHOW COLUMNS FROM `la_errcode` [ RunTime:0.0015s ]
SQL: SELECT `memo` FROM `la_errcode` WHERE `errCode` = 200000 LIMIT 1   [ RunTime:0.0007s ]

[ 2018-01-17T17:00:57+08:00 ] 192.168.47.1 /Bbs/Index/module_list.html
SQL: SELECT `id`, `module_name`, `introduction`, `icon` 
							  FROM `la_bbs_module` 
							  WHERE 1 [ RunTime:0.0007s ]
SQL: SHOW COLUMNS FROM `la_errcode` [ RunTime:0.0015s ]
SQL: SELECT `memo` FROM `la_errcode` WHERE `errCode` = 200000 LIMIT 1   [ RunTime:0.0010s ]

