[ 2018-02-23T15:18:20+08:00 ] 192.168.47.1 /Bbs/Index/index.html
SQL: SHOW COLUMNS FROM `la_ad_group` [ RunTime:0.0015s ]
SQL: SELECT * FROM `la_ad_group` WHERE `group_sign` = 'bbs_index_ad_group' LIMIT 1   [ RunTime:0.0008s ]
SQL: SHOW COLUMNS FROM `la_ad_box` [ RunTime:0.0014s ]
SQL: SELECT `width`,`height`,`id` FROM `la_ad_box` WHERE `group_id` = null  [ RunTime:0.0008s ]

[ 2018-02-23T15:18:20+08:00 ] 192.168.47.1 /Bbs/Index/module_list.html
SQL: SELECT `id`, `module_name`, `introduction`, `icon` 
							  FROM `la_bbs_module` 
							  WHERE 1 [ RunTime:0.0030s ]
SQL: SHOW COLUMNS FROM `la_errcode` [ RunTime:0.0024s ]
SQL: SELECT `memo` FROM `la_errcode` WHERE `errCode` = 200000 LIMIT 1   [ RunTime:0.0006s ]

[ 2018-02-23T15:18:20+08:00 ] 192.168.47.1 /Bbs/Index/article_list.html
SQL: SELECT `a`.*, `u`.`nickname`, `u`.`headimgurl` 
							FROM la_bbs_article AS `a` 
							LEFT JOIN la_user AS `u` ON `a`.`author`=`u`.`id` 
							WHERE 1 
							 ORDER BY `a`.`add_time` DESC
							limit 0,10 [ RunTime:0.0090s ]
SQL: SHOW COLUMNS FROM `la_errcode` [ RunTime:0.0024s ]
SQL: SELECT `memo` FROM `la_errcode` WHERE `errCode` = 200000 LIMIT 1   [ RunTime:0.0010s ]

[ 2018-02-23T15:41:49+08:00 ] 192.168.47.1 /Bbs/Index/index.html
SQL: SHOW COLUMNS FROM `la_ad_group` [ RunTime:0.0014s ]
SQL: SELECT * FROM `la_ad_group` WHERE `group_sign` = 'bbs_index_ad_group' LIMIT 1   [ RunTime:0.0009s ]
SQL: SHOW COLUMNS FROM `la_ad_box` [ RunTime:0.0025s ]
SQL: SELECT `width`,`height`,`id` FROM `la_ad_box` WHERE `group_id` = null  [ RunTime:0.0011s ]

[ 2018-02-23T15:41:49+08:00 ] 192.168.47.1 /Bbs/Index/article_list.html
SQL: SELECT `a`.*, `u`.`nickname`, `u`.`headimgurl` 
							FROM la_bbs_article AS `a` 
							LEFT JOIN la_user AS `u` ON `a`.`author`=`u`.`id` 
							WHERE 1 
							 ORDER BY `a`.`add_time` DESC
							limit 0,10 [ RunTime:0.0102s ]
SQL: SHOW COLUMNS FROM `la_errcode` [ RunTime:0.0013s ]
SQL: SELECT `memo` FROM `la_errcode` WHERE `errCode` = 200000 LIMIT 1   [ RunTime:0.0006s ]

[ 2018-02-23T15:41:49+08:00 ] 192.168.47.1 /Bbs/Index/module_list.html
SQL: SELECT `id`, `module_name`, `introduction`, `icon` 
							  FROM `la_bbs_module` 
							  WHERE 1 [ RunTime:0.0009s ]
SQL: SHOW COLUMNS FROM `la_errcode` [ RunTime:0.0010s ]
SQL: SELECT `memo` FROM `la_errcode` WHERE `errCode` = 200000 LIMIT 1   [ RunTime:0.0006s ]

[ 2018-02-23T15:44:23+08:00 ] 192.168.47.1 /Bbs/Index/index.html
SQL: SHOW COLUMNS FROM `la_ad_group` [ RunTime:0.0015s ]
SQL: SELECT * FROM `la_ad_group` WHERE `group_sign` = 'bbs_index_ad_group' LIMIT 1   [ RunTime:0.0010s ]
SQL: SHOW COLUMNS FROM `la_ad_box` [ RunTime:0.0033s ]
SQL: SELECT `width`,`height`,`id` FROM `la_ad_box` WHERE `group_id` = null  [ RunTime:0.0018s ]

[ 2018-02-23T15:44:23+08:00 ] 192.168.47.1 /Bbs/Index/article_list.html
SQL: SELECT `a`.*, `u`.`nickname`, `u`.`headimgurl` 
							FROM la_bbs_article AS `a` 
							LEFT JOIN la_user AS `u` ON `a`.`author`=`u`.`id` 
							WHERE 1 
							 ORDER BY `a`.`add_time` DESC
							limit 0,10 [ RunTime:0.0110s ]
SQL: SHOW COLUMNS FROM `la_errcode` [ RunTime:0.0014s ]
SQL: SELECT `memo` FROM `la_errcode` WHERE `errCode` = 200000 LIMIT 1   [ RunTime:0.0006s ]

[ 2018-02-23T15:44:23+08:00 ] 192.168.47.1 /Bbs/Index/module_list.html
SQL: SELECT `id`, `module_name`, `introduction`, `icon` 
							  FROM `la_bbs_module` 
							  WHERE 1 [ RunTime:0.0015s ]
SQL: SHOW COLUMNS FROM `la_errcode` [ RunTime:0.0024s ]
SQL: SELECT `memo` FROM `la_errcode` WHERE `errCode` = 200000 LIMIT 1   [ RunTime:0.0010s ]

[ 2018-02-23T15:44:56+08:00 ] 192.168.47.1 /Bbs/Index/index.html
SQL: SHOW COLUMNS FROM `la_ad_group` [ RunTime:0.0016s ]
SQL: SELECT * FROM `la_ad_group` WHERE `group_sign` = 'bbs_index_ad_group' LIMIT 1   [ RunTime:0.0020s ]
SQL: SHOW COLUMNS FROM `la_ad_box` [ RunTime:0.0022s ]
SQL: SELECT `width`,`height`,`id` FROM `la_ad_box` WHERE `group_id` = null  [ RunTime:0.0009s ]

[ 2018-02-23T15:44:56+08:00 ] 192.168.47.1 /Bbs/Index/module_list.html
SQL: SELECT `id`, `module_name`, `introduction`, `icon` 
							  FROM `la_bbs_module` 
							  WHERE 1 [ RunTime:0.0015s ]
SQL: SHOW COLUMNS FROM `la_errcode` [ RunTime:0.0029s ]
SQL: SELECT `memo` FROM `la_errcode` WHERE `errCode` = 200000 LIMIT 1   [ RunTime:0.0008s ]

[ 2018-02-23T15:44:56+08:00 ] 192.168.47.1 /Bbs/Index/article_list.html
SQL: SELECT `a`.*, `u`.`nickname`, `u`.`headimgurl` 
							FROM la_bbs_article AS `a` 
							LEFT JOIN la_user AS `u` ON `a`.`author`=`u`.`id` 
							WHERE 1 
							 ORDER BY `a`.`add_time` DESC
							limit 0,10 [ RunTime:0.0247s ]
SQL: SHOW COLUMNS FROM `la_errcode` [ RunTime:0.0017s ]
SQL: SELECT `memo` FROM `la_errcode` WHERE `errCode` = 200000 LIMIT 1   [ RunTime:0.0009s ]

