[ 2018-03-26T09:40:18+08:00 ] 192.168.47.1 /
SQL: SHOW COLUMNS FROM `la_config` [ RunTime:0.0034s ]
SQL: SELECT `config_sign`,`config_value` FROM `la_config`  [ RunTime:0.0013s ]

[ 2018-03-26T09:40:19+08:00 ] 192.168.47.1 /
SQL: SHOW COLUMNS FROM `la_config` [ RunTime:0.0021s ]
SQL: SELECT `config_sign`,`config_value` FROM `la_config`  [ RunTime:0.0012s ]
SQL: SHOW COLUMNS FROM `la_seo` [ RunTime:0.0018s ]
SQL: SELECT `tags`,`meta_description`,`meta_keyword` FROM `la_seo` WHERE `id_mark` = 'ch_index' LIMIT 1   [ RunTime:0.0021s ]
SQL: SHOW COLUMNS FROM `la_goods_category` [ RunTime:0.0024s ]
SQL: SELECT * FROM `la_goods_category` WHERE `pid` = 0 ORDER BY sort DESC  [ RunTime:0.0013s ]
SQL: SELECT * FROM `la_goods_category` WHERE `pid` = 1 ORDER BY sort DESC  [ RunTime:0.0014s ]
SQL: SELECT * FROM `la_goods_category` WHERE `pid` = 17 ORDER BY sort DESC  [ RunTime:0.0016s ]
SQL: SELECT * FROM `la_goods_category` WHERE `pid` = 19 ORDER BY sort DESC  [ RunTime:0.0017s ]
SQL: SHOW COLUMNS FROM `la_goods` [ RunTime:0.0028s ]
SQL: SELECT `id`,`category_id`,`category_path`,`goods_image`,`goods_name` FROM `la_goods` WHERE `goods_main_id` = 0 AND `is_delete` = 0 ORDER BY is_top DESC, add_time DESC  LIMIT 9   [ RunTime:0.0034s ]
SQL: SHOW COLUMNS FROM `la_ad` [ RunTime:0.0019s ]
SQL: SHOW COLUMNS FROM `la_goods_images` [ RunTime:0.0015s ]
SQL: SELECT `id`,`image`,`url` FROM `la_ad` WHERE `group_id` = 2 ORDER BY  add_time DESC   [ RunTime:0.0010s ]
SQL: SELECT COUNT(*) AS tp_count FROM `la_ad` WHERE `group_id` = 2 LIMIT 1   [ RunTime:0.0009s ]
SQL: SELECT `id`,`category_id`,`category_path`,`goods_image`,`goods_name` FROM `la_goods` WHERE `goods_main_id` = 0 AND `is_delete` = 0 ORDER BY is_top DESC, add_time DESC  LIMIT 9   [ RunTime:0.0032s ]
SQL: SHOW COLUMNS FROM `la_article` [ RunTime:0.0025s ]
SQL: SELECT `id`,`tree_id`,`cat_id`,`image`,`summary`,`title`,`hits`,`add_time` FROM `la_article` ORDER BY is_top DESC, add_time DESC  LIMIT 6   [ RunTime:0.0023s ]

[ 2018-03-26T09:40:26+08:00 ] 192.168.47.1 /
SQL: SHOW COLUMNS FROM `la_config` [ RunTime:0.0015s ]
SQL: SELECT `config_sign`,`config_value` FROM `la_config`  [ RunTime:0.0021s ]
SQL: SHOW COLUMNS FROM `la_seo` [ RunTime:0.0016s ]
SQL: SELECT `tags`,`meta_description`,`meta_keyword` FROM `la_seo` WHERE `id_mark` = 'ch_index' LIMIT 1   [ RunTime:0.0008s ]
SQL: SHOW COLUMNS FROM `la_goods_category` [ RunTime:0.0018s ]
SQL: SELECT * FROM `la_goods_category` WHERE `pid` = 0 ORDER BY sort DESC  [ RunTime:0.0017s ]
SQL: SELECT * FROM `la_goods_category` WHERE `pid` = 1 ORDER BY sort DESC  [ RunTime:0.0009s ]
SQL: SELECT * FROM `la_goods_category` WHERE `pid` = 17 ORDER BY sort DESC  [ RunTime:0.0008s ]
SQL: SELECT * FROM `la_goods_category` WHERE `pid` = 19 ORDER BY sort DESC  [ RunTime:0.0008s ]
SQL: SHOW COLUMNS FROM `la_goods` [ RunTime:0.0018s ]
SQL: SELECT `id`,`category_id`,`category_path`,`goods_image`,`goods_name` FROM `la_goods` WHERE `goods_main_id` = 0 AND `is_delete` = 0 ORDER BY is_top DESC, add_time DESC  LIMIT 9   [ RunTime:0.0033s ]
SQL: SHOW COLUMNS FROM `la_ad` [ RunTime:0.0013s ]
SQL: SHOW COLUMNS FROM `la_goods_images` [ RunTime:0.0010s ]
SQL: SELECT `id`,`image`,`url` FROM `la_ad` WHERE `group_id` = 2 ORDER BY  add_time DESC   [ RunTime:0.0006s ]
SQL: SELECT COUNT(*) AS tp_count FROM `la_ad` WHERE `group_id` = 2 LIMIT 1   [ RunTime:0.0006s ]
SQL: SELECT `id`,`category_id`,`category_path`,`goods_image`,`goods_name` FROM `la_goods` WHERE `goods_main_id` = 0 AND `is_delete` = 0 ORDER BY is_top DESC, add_time DESC  LIMIT 9   [ RunTime:0.0022s ]
SQL: SHOW COLUMNS FROM `la_article` [ RunTime:0.0016s ]
SQL: SELECT `id`,`tree_id`,`cat_id`,`image`,`summary`,`title`,`hits`,`add_time` FROM `la_article` ORDER BY is_top DESC, add_time DESC  LIMIT 6   [ RunTime:0.0010s ]

[ 2018-03-26T09:40:28+08:00 ] 192.168.47.1 /Product/product.html
SQL: SHOW COLUMNS FROM `la_config` [ RunTime:0.0017s ]
SQL: SELECT `config_sign`,`config_value` FROM `la_config`  [ RunTime:0.0008s ]
SQL: SHOW COLUMNS FROM `la_seo` [ RunTime:0.0013s ]
SQL: SELECT `tags`,`meta_description`,`meta_keyword` FROM `la_seo` WHERE `id_mark` = 'ch_product_index' LIMIT 1   [ RunTime:0.0007s ]
SQL: SHOW COLUMNS FROM `la_goods_category` [ RunTime:0.0016s ]
SQL: SELECT * FROM `la_goods_category` WHERE `pid` = 0 ORDER BY sort DESC  [ RunTime:0.0009s ]
SQL: SELECT * FROM `la_goods_category` WHERE `pid` = 1 ORDER BY sort DESC  [ RunTime:0.0009s ]
SQL: SELECT * FROM `la_goods_category` WHERE `pid` = 17 ORDER BY sort DESC  [ RunTime:0.0009s ]
SQL: SELECT * FROM `la_goods_category` WHERE `pid` = 19 ORDER BY sort DESC  [ RunTime:0.0007s ]
SQL: SHOW COLUMNS FROM `la_goods` [ RunTime:0.0019s ]
SQL: SELECT `id`,`category_id`,`category_path`,`goods_image`,`goods_name` FROM `la_goods` WHERE `goods_main_id` = 0 AND `is_delete` = 0 ORDER BY is_top DESC,add_time DESC LIMIT 0,10   [ RunTime:0.0027s ]

[ 2018-03-26T09:40:29+08:00 ] 192.168.47.1 /Article/article.html
SQL: SHOW COLUMNS FROM `la_config` [ RunTime:0.0013s ]
SQL: SELECT `config_sign`,`config_value` FROM `la_config`  [ RunTime:0.0011s ]
SQL: SHOW COLUMNS FROM `la_seo` [ RunTime:0.0028s ]
SQL: SELECT `tags`,`meta_description`,`meta_keyword` FROM `la_seo` WHERE `id_mark` = 'ch_article_index' LIMIT 1   [ RunTime:0.0008s ]
SQL: SHOW COLUMNS FROM `la_goods_category` [ RunTime:0.0028s ]
SQL: SELECT * FROM `la_goods_category` WHERE `pid` = 0 ORDER BY sort DESC  [ RunTime:0.0010s ]
SQL: SELECT * FROM `la_goods_category` WHERE `pid` = 1 ORDER BY sort DESC  [ RunTime:0.0009s ]
SQL: SELECT * FROM `la_goods_category` WHERE `pid` = 17 ORDER BY sort DESC  [ RunTime:0.0009s ]
SQL: SELECT * FROM `la_goods_category` WHERE `pid` = 19 ORDER BY sort DESC  [ RunTime:0.0007s ]

[ 2018-03-26T09:40:30+08:00 ] 192.168.47.1 /Article/loadArticleList.html
SQL: SHOW COLUMNS FROM `la_config` [ RunTime:0.0020s ]
SQL: SELECT `config_sign`,`config_value` FROM `la_config`  [ RunTime:0.0012s ]
SQL: SHOW COLUMNS FROM `la_article` [ RunTime:0.0027s ]
SQL: SELECT * FROM `la_article` WHERE `cat_id` = 2 LIMIT 0,10   [ RunTime:0.0283s ]
SQL: SHOW COLUMNS FROM `la_errcode` [ RunTime:0.0022s ]
SQL: SELECT `memo` FROM `la_errcode` WHERE `errCode` = 200000 LIMIT 1   [ RunTime:0.0006s ]

[ 2018-03-26T09:40:33+08:00 ] 192.168.47.1 /Article/loadArticleList.html
SQL: SHOW COLUMNS FROM `la_config` [ RunTime:0.0014s ]
SQL: SELECT `config_sign`,`config_value` FROM `la_config`  [ RunTime:0.0008s ]
SQL: SHOW COLUMNS FROM `la_article` [ RunTime:0.0021s ]
SQL: SELECT * FROM `la_article` WHERE `cat_id` = 74 LIMIT 0,10   [ RunTime:0.0012s ]
SQL: SHOW COLUMNS FROM `la_errcode` [ RunTime:0.0016s ]
SQL: SELECT `memo` FROM `la_errcode` WHERE `errCode` = 200000 LIMIT 1   [ RunTime:0.0007s ]

[ 2018-03-26T09:40:36+08:00 ] 192.168.47.1 /Article/loadArticleList.html
SQL: SHOW COLUMNS FROM `la_config` [ RunTime:0.0020s ]
SQL: SELECT `config_sign`,`config_value` FROM `la_config`  [ RunTime:0.0015s ]
SQL: SHOW COLUMNS FROM `la_article` [ RunTime:0.0022s ]
SQL: SELECT * FROM `la_article` WHERE `cat_id` = 2 LIMIT 10,10   [ RunTime:0.0194s ]
SQL: SHOW COLUMNS FROM `la_errcode` [ RunTime:0.0011s ]
SQL: SELECT `memo` FROM `la_errcode` WHERE `errCode` = 200000 LIMIT 1   [ RunTime:0.0006s ]

[ 2018-03-26T09:40:40+08:00 ] 192.168.47.1 /Article/loadArticleList.html
SQL: SHOW COLUMNS FROM `la_config` [ RunTime:0.0013s ]
SQL: SELECT `config_sign`,`config_value` FROM `la_config`  [ RunTime:0.0007s ]
SQL: SHOW COLUMNS FROM `la_article` [ RunTime:0.0020s ]
SQL: SELECT * FROM `la_article` WHERE `cat_id` = 75 LIMIT 0,10   [ RunTime:0.0010s ]
SQL: SHOW COLUMNS FROM `la_errcode` [ RunTime:0.0011s ]
SQL: SELECT `memo` FROM `la_errcode` WHERE `errCode` = 200000 LIMIT 1   [ RunTime:0.0005s ]

[ 2018-03-26T09:42:11+08:00 ] 192.168.47.1 /Article/article.html
SQL: SHOW COLUMNS FROM `la_config` [ RunTime:0.0015s ]
SQL: SELECT `config_sign`,`config_value` FROM `la_config`  [ RunTime:0.0008s ]
SQL: SHOW COLUMNS FROM `la_seo` [ RunTime:0.0014s ]
SQL: SELECT `tags`,`meta_description`,`meta_keyword` FROM `la_seo` WHERE `id_mark` = 'ch_article_index' LIMIT 1   [ RunTime:0.0007s ]
SQL: SHOW COLUMNS FROM `la_goods_category` [ RunTime:0.0015s ]
SQL: SELECT * FROM `la_goods_category` WHERE `pid` = 0 ORDER BY sort DESC  [ RunTime:0.0008s ]
SQL: SELECT * FROM `la_goods_category` WHERE `pid` = 1 ORDER BY sort DESC  [ RunTime:0.0010s ]
SQL: SELECT * FROM `la_goods_category` WHERE `pid` = 17 ORDER BY sort DESC  [ RunTime:0.0013s ]
SQL: SELECT * FROM `la_goods_category` WHERE `pid` = 19 ORDER BY sort DESC  [ RunTime:0.0014s ]

[ 2018-03-26T09:42:11+08:00 ] 192.168.47.1 /Article/loadArticleList.html
SQL: SHOW COLUMNS FROM `la_config` [ RunTime:0.0016s ]
SQL: SELECT `config_sign`,`config_value` FROM `la_config`  [ RunTime:0.0017s ]
SQL: SHOW COLUMNS FROM `la_article` [ RunTime:0.0023s ]
SQL: SELECT * FROM `la_article` WHERE `cat_id` = 2 LIMIT 0,10   [ RunTime:0.0283s ]
SQL: SHOW COLUMNS FROM `la_errcode` [ RunTime:0.0010s ]
SQL: SELECT `memo` FROM `la_errcode` WHERE `errCode` = 200000 LIMIT 1   [ RunTime:0.0005s ]

[ 2018-03-26T09:42:13+08:00 ] 192.168.47.1 /Article/loadArticleList.html
SQL: SHOW COLUMNS FROM `la_config` [ RunTime:0.0013s ]
SQL: SELECT `config_sign`,`config_value` FROM `la_config`  [ RunTime:0.0007s ]
SQL: SHOW COLUMNS FROM `la_article` [ RunTime:0.0021s ]
SQL: SELECT * FROM `la_article` WHERE `cat_id` = 74 LIMIT 0,10   [ RunTime:0.0010s ]
SQL: SHOW COLUMNS FROM `la_errcode` [ RunTime:0.0011s ]
SQL: SELECT `memo` FROM `la_errcode` WHERE `errCode` = 200000 LIMIT 1   [ RunTime:0.0006s ]

[ 2018-03-26T09:42:27+08:00 ] 192.168.47.1 /Article/loadArticleList.html
SQL: SHOW COLUMNS FROM `la_config` [ RunTime:0.0018s ]
SQL: SELECT `config_sign`,`config_value` FROM `la_config`  [ RunTime:0.0010s ]
SQL: SHOW COLUMNS FROM `la_article` [ RunTime:0.0027s ]
SQL: SELECT * FROM `la_article` WHERE `cat_id` = 2 LIMIT 10,10   [ RunTime:0.0215s ]
SQL: SHOW COLUMNS FROM `la_errcode` [ RunTime:0.0012s ]
SQL: SELECT `memo` FROM `la_errcode` WHERE `errCode` = 200000 LIMIT 1   [ RunTime:0.0014s ]

[ 2018-03-26T09:42:28+08:00 ] 192.168.47.1 /Article/loadArticleList.html
SQL: SHOW COLUMNS FROM `la_config` [ RunTime:0.0016s ]
SQL: SELECT `config_sign`,`config_value` FROM `la_config`  [ RunTime:0.0017s ]
SQL: SHOW COLUMNS FROM `la_article` [ RunTime:0.0045s ]
SQL: SELECT * FROM `la_article` WHERE `cat_id` = 2 LIMIT 20,10   [ RunTime:0.0251s ]
SQL: SHOW COLUMNS FROM `la_errcode` [ RunTime:0.0024s ]
SQL: SELECT `memo` FROM `la_errcode` WHERE `errCode` = 200000 LIMIT 1   [ RunTime:0.0010s ]

[ 2018-03-26T09:42:30+08:00 ] 192.168.47.1 /Article/loadArticleList.html
SQL: SHOW COLUMNS FROM `la_config` [ RunTime:0.0018s ]
SQL: SELECT `config_sign`,`config_value` FROM `la_config`  [ RunTime:0.0008s ]
SQL: SHOW COLUMNS FROM `la_article` [ RunTime:0.0037s ]
SQL: SELECT * FROM `la_article` WHERE `cat_id` = 2 LIMIT 30,10   [ RunTime:0.0199s ]
SQL: SHOW COLUMNS FROM `la_errcode` [ RunTime:0.0013s ]
SQL: SELECT `memo` FROM `la_errcode` WHERE `errCode` = 200000 LIMIT 1   [ RunTime:0.0005s ]

[ 2018-03-26T09:42:32+08:00 ] 192.168.47.1 /Article/loadArticleList.html
SQL: SHOW COLUMNS FROM `la_config` [ RunTime:0.0018s ]
SQL: SELECT `config_sign`,`config_value` FROM `la_config`  [ RunTime:0.0012s ]
SQL: SHOW COLUMNS FROM `la_article` [ RunTime:0.0023s ]
SQL: SELECT * FROM `la_article` WHERE `cat_id` = 2 LIMIT 40,10   [ RunTime:0.0176s ]
SQL: SHOW COLUMNS FROM `la_errcode` [ RunTime:0.0031s ]
SQL: SELECT `memo` FROM `la_errcode` WHERE `errCode` = 200000 LIMIT 1   [ RunTime:0.0012s ]

[ 2018-03-26T09:42:34+08:00 ] 192.168.47.1 /Article/loadArticleList.html
SQL: SHOW COLUMNS FROM `la_config` [ RunTime:0.0041s ]
SQL: SELECT `config_sign`,`config_value` FROM `la_config`  [ RunTime:0.0010s ]
SQL: SHOW COLUMNS FROM `la_article` [ RunTime:0.0024s ]
SQL: SELECT * FROM `la_article` WHERE `cat_id` = 2 LIMIT 50,10   [ RunTime:0.0055s ]
SQL: SHOW COLUMNS FROM `la_errcode` [ RunTime:0.0012s ]
SQL: SELECT `memo` FROM `la_errcode` WHERE `errCode` = 200000 LIMIT 1   [ RunTime:0.0005s ]

[ 2018-03-26T09:42:35+08:00 ] 192.168.47.1 /Article/loadArticleList.html
SQL: SHOW COLUMNS FROM `la_config` [ RunTime:0.0016s ]
SQL: SELECT `config_sign`,`config_value` FROM `la_config`  [ RunTime:0.0008s ]
SQL: SHOW COLUMNS FROM `la_article` [ RunTime:0.0038s ]
SQL: SELECT * FROM `la_article` WHERE `cat_id` = 2 LIMIT 60,10   [ RunTime:0.0051s ]
SQL: SHOW COLUMNS FROM `la_errcode` [ RunTime:0.0029s ]
SQL: SELECT `memo` FROM `la_errcode` WHERE `errCode` = 200000 LIMIT 1   [ RunTime:0.0009s ]

[ 2018-03-26T09:44:40+08:00 ] 192.168.47.1 /Article/loadArticleList.html
SQL: SHOW COLUMNS FROM `la_config` [ RunTime:0.0023s ]
SQL: SELECT `config_sign`,`config_value` FROM `la_config`  [ RunTime:0.0010s ]
SQL: SHOW COLUMNS FROM `la_article` [ RunTime:0.0022s ]
SQL: SELECT * FROM `la_article` WHERE `cat_id` = 75 LIMIT 0,10   [ RunTime:0.0026s ]
SQL: SHOW COLUMNS FROM `la_errcode` [ RunTime:0.0031s ]
SQL: SELECT `memo` FROM `la_errcode` WHERE `errCode` = 200000 LIMIT 1   [ RunTime:0.0027s ]

[ 2018-03-26T09:47:36+08:00 ] 192.168.47.1 /Article/article.html
SQL: SHOW COLUMNS FROM `la_config` [ RunTime:0.0022s ]
SQL: SELECT `config_sign`,`config_value` FROM `la_config`  [ RunTime:0.0023s ]
SQL: SHOW COLUMNS FROM `la_seo` [ RunTime:0.0078s ]
SQL: SELECT `tags`,`meta_description`,`meta_keyword` FROM `la_seo` WHERE `id_mark` = 'ch_article_index' LIMIT 1   [ RunTime:0.0055s ]
SQL: SHOW COLUMNS FROM `la_goods_category` [ RunTime:0.0035s ]
SQL: SELECT * FROM `la_goods_category` WHERE `pid` = 0 ORDER BY sort DESC  [ RunTime:0.0015s ]
SQL: SELECT * FROM `la_goods_category` WHERE `pid` = 1 ORDER BY sort DESC  [ RunTime:0.0011s ]
SQL: SELECT * FROM `la_goods_category` WHERE `pid` = 17 ORDER BY sort DESC  [ RunTime:0.0011s ]
SQL: SELECT * FROM `la_goods_category` WHERE `pid` = 19 ORDER BY sort DESC  [ RunTime:0.0009s ]

[ 2018-03-26T09:47:36+08:00 ] 192.168.47.1 /Article/loadArticleList.html
SQL: SHOW COLUMNS FROM `la_config` [ RunTime:0.0028s ]
SQL: SELECT `config_sign`,`config_value` FROM `la_config`  [ RunTime:0.0021s ]
SQL: SHOW COLUMNS FROM `la_article` [ RunTime:0.0024s ]
SQL: SELECT * FROM `la_article` WHERE `cat_id` = 2 LIMIT 0,10   [ RunTime:0.0320s ]
SQL: SHOW COLUMNS FROM `la_errcode` [ RunTime:0.0018s ]
SQL: SELECT `memo` FROM `la_errcode` WHERE `errCode` = 200000 LIMIT 1   [ RunTime:0.0017s ]

[ 2018-03-26T09:47:39+08:00 ] 192.168.47.1 /Article/loadArticleList.html
SQL: SHOW COLUMNS FROM `la_config` [ RunTime:0.0016s ]
SQL: SELECT `config_sign`,`config_value` FROM `la_config`  [ RunTime:0.0008s ]
SQL: SHOW COLUMNS FROM `la_article` [ RunTime:0.0025s ]
SQL: SELECT * FROM `la_article` WHERE `cat_id` = 74 LIMIT 0,10   [ RunTime:0.0014s ]
SQL: SHOW COLUMNS FROM `la_errcode` [ RunTime:0.0012s ]
SQL: SELECT `memo` FROM `la_errcode` WHERE `errCode` = 200000 LIMIT 1   [ RunTime:0.0005s ]

[ 2018-03-26T09:47:44+08:00 ] 192.168.47.1 /Article/loadArticleList.html
SQL: SHOW COLUMNS FROM `la_config` [ RunTime:0.0038s ]
SQL: SELECT `config_sign`,`config_value` FROM `la_config`  [ RunTime:0.0026s ]
SQL: SHOW COLUMNS FROM `la_article` [ RunTime:0.0021s ]
SQL: SELECT * FROM `la_article` WHERE `cat_id` = 2 LIMIT 10,10   [ RunTime:0.0244s ]
SQL: SHOW COLUMNS FROM `la_errcode` [ RunTime:0.0024s ]
SQL: SELECT `memo` FROM `la_errcode` WHERE `errCode` = 200000 LIMIT 1   [ RunTime:0.0015s ]

[ 2018-03-26T09:47:46+08:00 ] 192.168.47.1 /Article/loadArticleList.html
SQL: SHOW COLUMNS FROM `la_config` [ RunTime:0.0028s ]
SQL: SELECT `config_sign`,`config_value` FROM `la_config`  [ RunTime:0.0015s ]
SQL: SHOW COLUMNS FROM `la_article` [ RunTime:0.0031s ]
SQL: SELECT * FROM `la_article` WHERE `cat_id` = 2 LIMIT 20,10   [ RunTime:0.0257s ]
SQL: SHOW COLUMNS FROM `la_errcode` [ RunTime:0.0013s ]
SQL: SELECT `memo` FROM `la_errcode` WHERE `errCode` = 200000 LIMIT 1   [ RunTime:0.0006s ]

[ 2018-03-26T09:47:48+08:00 ] 192.168.47.1 /Article/loadArticleList.html
SQL: SHOW COLUMNS FROM `la_config` [ RunTime:0.0033s ]
SQL: SELECT `config_sign`,`config_value` FROM `la_config`  [ RunTime:0.0011s ]
SQL: SHOW COLUMNS FROM `la_article` [ RunTime:0.0022s ]
SQL: SELECT * FROM `la_article` WHERE `cat_id` = 2 LIMIT 30,10   [ RunTime:0.0192s ]
SQL: SHOW COLUMNS FROM `la_errcode` [ RunTime:0.0011s ]
SQL: SELECT `memo` FROM `la_errcode` WHERE `errCode` = 200000 LIMIT 1   [ RunTime:0.0005s ]

[ 2018-03-26T09:47:49+08:00 ] 192.168.47.1 /Article/loadArticleList.html
SQL: SHOW COLUMNS FROM `la_config` [ RunTime:0.0023s ]
SQL: SELECT `config_sign`,`config_value` FROM `la_config`  [ RunTime:0.0031s ]
SQL: SHOW COLUMNS FROM `la_article` [ RunTime:0.0034s ]
SQL: SELECT * FROM `la_article` WHERE `cat_id` = 2 LIMIT 40,10   [ RunTime:0.0155s ]
SQL: SHOW COLUMNS FROM `la_errcode` [ RunTime:0.0016s ]
SQL: SELECT `memo` FROM `la_errcode` WHERE `errCode` = 200000 LIMIT 1   [ RunTime:0.0006s ]

[ 2018-03-26T09:47:51+08:00 ] 192.168.47.1 /Article/loadArticleList.html
SQL: SHOW COLUMNS FROM `la_config` [ RunTime:0.0021s ]
SQL: SELECT `config_sign`,`config_value` FROM `la_config`  [ RunTime:0.0010s ]
SQL: SHOW COLUMNS FROM `la_article` [ RunTime:0.0040s ]
SQL: SELECT * FROM `la_article` WHERE `cat_id` = 2 LIMIT 50,10   [ RunTime:0.0060s ]
SQL: SHOW COLUMNS FROM `la_errcode` [ RunTime:0.0021s ]
SQL: SELECT `memo` FROM `la_errcode` WHERE `errCode` = 200000 LIMIT 1   [ RunTime:0.0020s ]

[ 2018-03-26T09:47:52+08:00 ] 192.168.47.1 /Article/loadArticleList.html
SQL: SHOW COLUMNS FROM `la_config` [ RunTime:0.0017s ]
SQL: SELECT `config_sign`,`config_value` FROM `la_config`  [ RunTime:0.0012s ]
SQL: SHOW COLUMNS FROM `la_article` [ RunTime:0.0024s ]
SQL: SELECT * FROM `la_article` WHERE `cat_id` = 2 LIMIT 60,10   [ RunTime:0.0027s ]
SQL: SHOW COLUMNS FROM `la_errcode` [ RunTime:0.0013s ]
SQL: SELECT `memo` FROM `la_errcode` WHERE `errCode` = 200000 LIMIT 1   [ RunTime:0.0006s ]

[ 2018-03-26T09:48:15+08:00 ] 192.168.47.1 /Article/article.html
SQL: SHOW COLUMNS FROM `la_config` [ RunTime:0.0014s ]
SQL: SELECT `config_sign`,`config_value` FROM `la_config`  [ RunTime:0.0008s ]
SQL: SHOW COLUMNS FROM `la_seo` [ RunTime:0.0013s ]
SQL: SELECT `tags`,`meta_description`,`meta_keyword` FROM `la_seo` WHERE `id_mark` = 'ch_article_index' LIMIT 1   [ RunTime:0.0007s ]
SQL: SHOW COLUMNS FROM `la_goods_category` [ RunTime:0.0016s ]
SQL: SELECT * FROM `la_goods_category` WHERE `pid` = 0 ORDER BY sort DESC  [ RunTime:0.0009s ]
SQL: SELECT * FROM `la_goods_category` WHERE `pid` = 1 ORDER BY sort DESC  [ RunTime:0.0010s ]
SQL: SELECT * FROM `la_goods_category` WHERE `pid` = 17 ORDER BY sort DESC  [ RunTime:0.0008s ]
SQL: SELECT * FROM `la_goods_category` WHERE `pid` = 19 ORDER BY sort DESC  [ RunTime:0.0008s ]

[ 2018-03-26T09:48:15+08:00 ] 192.168.47.1 /Article/loadArticleList.html
SQL: SHOW COLUMNS FROM `la_config` [ RunTime:0.0023s ]
SQL: SELECT `config_sign`,`config_value` FROM `la_config`  [ RunTime:0.0034s ]
SQL: SHOW COLUMNS FROM `la_article` [ RunTime:0.0024s ]
SQL: SELECT * FROM `la_article` WHERE `cat_id` = 2 LIMIT 0,10   [ RunTime:0.0273s ]
SQL: SHOW COLUMNS FROM `la_errcode` [ RunTime:0.0011s ]
SQL: SELECT `memo` FROM `la_errcode` WHERE `errCode` = 200000 LIMIT 1   [ RunTime:0.0004s ]

[ 2018-03-26T09:48:25+08:00 ] 192.168.47.1 /Article/loadArticleList.html
SQL: SHOW COLUMNS FROM `la_config` [ RunTime:0.0032s ]
SQL: SELECT `config_sign`,`config_value` FROM `la_config`  [ RunTime:0.0018s ]
SQL: SHOW COLUMNS FROM `la_article` [ RunTime:0.0023s ]
SQL: SELECT * FROM `la_article` WHERE `cat_id` = 2 LIMIT 10,10   [ RunTime:0.0207s ]
SQL: SHOW COLUMNS FROM `la_errcode` [ RunTime:0.0011s ]
SQL: SELECT `memo` FROM `la_errcode` WHERE `errCode` = 200000 LIMIT 1   [ RunTime:0.0004s ]

[ 2018-03-26T09:48:29+08:00 ] 192.168.47.1 /Article/loadArticleList.html
SQL: SHOW COLUMNS FROM `la_config` [ RunTime:0.0015s ]
SQL: SELECT `config_sign`,`config_value` FROM `la_config`  [ RunTime:0.0011s ]
SQL: SHOW COLUMNS FROM `la_article` [ RunTime:0.0022s ]
SQL: SELECT * FROM `la_article` WHERE `cat_id` = 2 LIMIT 20,10   [ RunTime:0.0268s ]
SQL: SHOW COLUMNS FROM `la_errcode` [ RunTime:0.0014s ]
SQL: SELECT `memo` FROM `la_errcode` WHERE `errCode` = 200000 LIMIT 1   [ RunTime:0.0010s ]

[ 2018-03-26T09:54:46+08:00 ] 192.168.47.1 /Article/article.html
SQL: SHOW COLUMNS FROM `la_config` [ RunTime:0.0024s ]
SQL: SELECT `config_sign`,`config_value` FROM `la_config`  [ RunTime:0.0007s ]
SQL: SHOW COLUMNS FROM `la_seo` [ RunTime:0.0013s ]
SQL: SELECT `tags`,`meta_description`,`meta_keyword` FROM `la_seo` WHERE `id_mark` = 'ch_article_index' LIMIT 1   [ RunTime:0.0010s ]
SQL: SHOW COLUMNS FROM `la_goods_category` [ RunTime:0.0017s ]
SQL: SELECT * FROM `la_goods_category` WHERE `pid` = 0 ORDER BY sort DESC  [ RunTime:0.0030s ]
SQL: SELECT * FROM `la_goods_category` WHERE `pid` = 1 ORDER BY sort DESC  [ RunTime:0.0013s ]
SQL: SELECT * FROM `la_goods_category` WHERE `pid` = 17 ORDER BY sort DESC  [ RunTime:0.0008s ]
SQL: SELECT * FROM `la_goods_category` WHERE `pid` = 19 ORDER BY sort DESC  [ RunTime:0.0008s ]

[ 2018-03-26T09:54:46+08:00 ] 192.168.47.1 /Article/loadArticleList.html
SQL: SHOW COLUMNS FROM `la_config` [ RunTime:0.0020s ]
SQL: SELECT `config_sign`,`config_value` FROM `la_config`  [ RunTime:0.0008s ]
SQL: SHOW COLUMNS FROM `la_article` [ RunTime:0.0028s ]
SQL: SELECT * FROM `la_article` WHERE `cat_id` = 2 LIMIT 0,10   [ RunTime:0.0287s ]
SQL: SHOW COLUMNS FROM `la_errcode` [ RunTime:0.0036s ]
SQL: SELECT `memo` FROM `la_errcode` WHERE `errCode` = 200000 LIMIT 1   [ RunTime:0.0014s ]

[ 2018-03-26T09:54:54+08:00 ] 192.168.47.1 /Article/loadArticleList.html
SQL: SHOW COLUMNS FROM `la_config` [ RunTime:0.0014s ]
SQL: SELECT `config_sign`,`config_value` FROM `la_config`  [ RunTime:0.0007s ]
SQL: SHOW COLUMNS FROM `la_article` [ RunTime:0.0020s ]
SQL: SELECT * FROM `la_article` WHERE `cat_id` = 74 LIMIT 0,10   [ RunTime:0.0010s ]
SQL: SHOW COLUMNS FROM `la_errcode` [ RunTime:0.0024s ]
SQL: SELECT `memo` FROM `la_errcode` WHERE `errCode` = 200000 LIMIT 1   [ RunTime:0.0009s ]

[ 2018-03-26T09:57:24+08:00 ] 192.168.47.1 /Article/article.html
SQL: SHOW COLUMNS FROM `la_config` [ RunTime:0.0016s ]
SQL: SELECT `config_sign`,`config_value` FROM `la_config`  [ RunTime:0.0009s ]
SQL: SHOW COLUMNS FROM `la_seo` [ RunTime:0.0014s ]
SQL: SELECT `tags`,`meta_description`,`meta_keyword` FROM `la_seo` WHERE `id_mark` = 'ch_article_index' LIMIT 1   [ RunTime:0.0008s ]
SQL: SHOW COLUMNS FROM `la_goods_category` [ RunTime:0.0017s ]
SQL: SELECT * FROM `la_goods_category` WHERE `pid` = 0 ORDER BY sort DESC  [ RunTime:0.0011s ]
SQL: SELECT * FROM `la_goods_category` WHERE `pid` = 1 ORDER BY sort DESC  [ RunTime:0.0018s ]
SQL: SELECT * FROM `la_goods_category` WHERE `pid` = 17 ORDER BY sort DESC  [ RunTime:0.0012s ]
SQL: SELECT * FROM `la_goods_category` WHERE `pid` = 19 ORDER BY sort DESC  [ RunTime:0.0010s ]

[ 2018-03-26T09:57:24+08:00 ] 192.168.47.1 /Article/loadArticleList.html
SQL: SHOW COLUMNS FROM `la_config` [ RunTime:0.0022s ]
SQL: SELECT `config_sign`,`config_value` FROM `la_config`  [ RunTime:0.0014s ]
SQL: SHOW COLUMNS FROM `la_article` [ RunTime:0.0031s ]
SQL: SELECT * FROM `la_article` WHERE `cat_id` = 2 LIMIT 0,10   [ RunTime:0.0300s ]
SQL: SHOW COLUMNS FROM `la_errcode` [ RunTime:0.0016s ]
SQL: SELECT `memo` FROM `la_errcode` WHERE `errCode` = 200000 LIMIT 1   [ RunTime:0.0007s ]

[ 2018-03-26T09:57:29+08:00 ] 192.168.47.1 /Article/loadArticleList.html
SQL: SHOW COLUMNS FROM `la_config` [ RunTime:0.0014s ]
SQL: SELECT `config_sign`,`config_value` FROM `la_config`  [ RunTime:0.0007s ]
SQL: SHOW COLUMNS FROM `la_article` [ RunTime:0.0020s ]
SQL: SELECT * FROM `la_article` WHERE `cat_id` = 74 LIMIT 0,10   [ RunTime:0.0010s ]
SQL: SHOW COLUMNS FROM `la_errcode` [ RunTime:0.0012s ]
SQL: SELECT `memo` FROM `la_errcode` WHERE `errCode` = 200000 LIMIT 1   [ RunTime:0.0006s ]

[ 2018-03-26T09:58:03+08:00 ] 192.168.47.1 /Article/article.html
SQL: SHOW COLUMNS FROM `la_config` [ RunTime:0.0017s ]
SQL: SELECT `config_sign`,`config_value` FROM `la_config`  [ RunTime:0.0014s ]
SQL: SHOW COLUMNS FROM `la_seo` [ RunTime:0.0028s ]
SQL: SELECT `tags`,`meta_description`,`meta_keyword` FROM `la_seo` WHERE `id_mark` = 'ch_article_index' LIMIT 1   [ RunTime:0.0019s ]
SQL: SHOW COLUMNS FROM `la_goods_category` [ RunTime:0.0017s ]
SQL: SELECT * FROM `la_goods_category` WHERE `pid` = 0 ORDER BY sort DESC  [ RunTime:0.0034s ]
SQL: SELECT * FROM `la_goods_category` WHERE `pid` = 1 ORDER BY sort DESC  [ RunTime:0.0020s ]
SQL: SELECT * FROM `la_goods_category` WHERE `pid` = 17 ORDER BY sort DESC  [ RunTime:0.0026s ]
SQL: SELECT * FROM `la_goods_category` WHERE `pid` = 19 ORDER BY sort DESC  [ RunTime:0.0009s ]

[ 2018-03-26T09:58:03+08:00 ] 192.168.47.1 /Article/loadArticleList.html
SQL: SHOW COLUMNS FROM `la_config` [ RunTime:0.0020s ]
SQL: SELECT `config_sign`,`config_value` FROM `la_config`  [ RunTime:0.0010s ]
SQL: SHOW COLUMNS FROM `la_article` [ RunTime:0.0028s ]
SQL: SELECT * FROM `la_article` WHERE `cat_id` = 2 LIMIT 0,10   [ RunTime:0.0290s ]
SQL: SHOW COLUMNS FROM `la_errcode` [ RunTime:0.0009s ]
SQL: SELECT `memo` FROM `la_errcode` WHERE `errCode` = 200000 LIMIT 1   [ RunTime:0.0010s ]

[ 2018-03-26T09:58:05+08:00 ] 192.168.47.1 /Article/article.html
SQL: SHOW COLUMNS FROM `la_config` [ RunTime:0.0036s ]
SQL: SELECT `config_sign`,`config_value` FROM `la_config`  [ RunTime:0.0011s ]
SQL: SHOW COLUMNS FROM `la_seo` [ RunTime:0.0021s ]
SQL: SELECT `tags`,`meta_description`,`meta_keyword` FROM `la_seo` WHERE `id_mark` = 'ch_article_index' LIMIT 1   [ RunTime:0.0009s ]
SQL: SHOW COLUMNS FROM `la_goods_category` [ RunTime:0.0018s ]
SQL: SELECT * FROM `la_goods_category` WHERE `pid` = 0 ORDER BY sort DESC  [ RunTime:0.0011s ]
SQL: SELECT * FROM `la_goods_category` WHERE `pid` = 1 ORDER BY sort DESC  [ RunTime:0.0013s ]
SQL: SELECT * FROM `la_goods_category` WHERE `pid` = 17 ORDER BY sort DESC  [ RunTime:0.0011s ]
SQL: SELECT * FROM `la_goods_category` WHERE `pid` = 19 ORDER BY sort DESC  [ RunTime:0.0010s ]

[ 2018-03-26T09:58:05+08:00 ] 192.168.47.1 /Article/loadArticleList.html
SQL: SHOW COLUMNS FROM `la_config` [ RunTime:0.0013s ]
SQL: SELECT `config_sign`,`config_value` FROM `la_config`  [ RunTime:0.0020s ]
SQL: SHOW COLUMNS FROM `la_article` [ RunTime:0.0021s ]
SQL: SELECT * FROM `la_article` WHERE `cat_id` = 2 LIMIT 0,10   [ RunTime:0.0281s ]
SQL: SHOW COLUMNS FROM `la_errcode` [ RunTime:0.0008s ]
SQL: SELECT `memo` FROM `la_errcode` WHERE `errCode` = 200000 LIMIT 1   [ RunTime:0.0005s ]

[ 2018-03-26T09:58:12+08:00 ] 192.168.47.1 /Article/loadArticleList.html
SQL: SHOW COLUMNS FROM `la_config` [ RunTime:0.0013s ]
SQL: SELECT `config_sign`,`config_value` FROM `la_config`  [ RunTime:0.0007s ]
SQL: SHOW COLUMNS FROM `la_article` [ RunTime:0.0020s ]
SQL: SELECT * FROM `la_article` WHERE `cat_id` = 74 LIMIT 0,10   [ RunTime:0.0010s ]
SQL: SHOW COLUMNS FROM `la_errcode` [ RunTime:0.0012s ]
SQL: SELECT `memo` FROM `la_errcode` WHERE `errCode` = 200000 LIMIT 1   [ RunTime:0.0006s ]

[ 2018-03-26T09:59:45+08:00 ] 192.168.47.1 /Article/article.html
SQL: SHOW COLUMNS FROM `la_config` [ RunTime:0.0020s ]
SQL: SELECT `config_sign`,`config_value` FROM `la_config`  [ RunTime:0.0009s ]
SQL: SHOW COLUMNS FROM `la_seo` [ RunTime:0.0017s ]
SQL: SELECT `tags`,`meta_description`,`meta_keyword` FROM `la_seo` WHERE `id_mark` = 'ch_article_index' LIMIT 1   [ RunTime:0.0020s ]
SQL: SHOW COLUMNS FROM `la_goods_category` [ RunTime:0.0015s ]
SQL: SELECT * FROM `la_goods_category` WHERE `pid` = 0 ORDER BY sort DESC  [ RunTime:0.0008s ]
SQL: SELECT * FROM `la_goods_category` WHERE `pid` = 1 ORDER BY sort DESC  [ RunTime:0.0009s ]
SQL: SELECT * FROM `la_goods_category` WHERE `pid` = 17 ORDER BY sort DESC  [ RunTime:0.0009s ]
SQL: SELECT * FROM `la_goods_category` WHERE `pid` = 19 ORDER BY sort DESC  [ RunTime:0.0007s ]

[ 2018-03-26T09:59:45+08:00 ] 192.168.47.1 /Article/loadArticleList.html
SQL: SHOW COLUMNS FROM `la_config` [ RunTime:0.0021s ]
SQL: SELECT `config_sign`,`config_value` FROM `la_config`  [ RunTime:0.0009s ]
SQL: SHOW COLUMNS FROM `la_article` [ RunTime:0.0023s ]
SQL: SELECT * FROM `la_article` WHERE `cat_id` = 2 LIMIT 0,10   [ RunTime:0.0284s ]
SQL: SHOW COLUMNS FROM `la_errcode` [ RunTime:0.0015s ]
SQL: SELECT `memo` FROM `la_errcode` WHERE `errCode` = 200000 LIMIT 1   [ RunTime:0.0008s ]

[ 2018-03-26T09:59:52+08:00 ] 192.168.47.1 /Article/loadArticleList.html
SQL: SHOW COLUMNS FROM `la_config` [ RunTime:0.0018s ]
SQL: SELECT `config_sign`,`config_value` FROM `la_config`  [ RunTime:0.0028s ]
SQL: SHOW COLUMNS FROM `la_article` [ RunTime:0.0023s ]
SQL: SELECT * FROM `la_article` WHERE `cat_id` = 74 LIMIT 0,10   [ RunTime:0.0020s ]
SQL: SHOW COLUMNS FROM `la_errcode` [ RunTime:0.0012s ]
SQL: SELECT `memo` FROM `la_errcode` WHERE `errCode` = 200000 LIMIT 1   [ RunTime:0.0006s ]

[ 2018-03-26T10:00:06+08:00 ] 192.168.47.1 /Article/article.html
SQL: SHOW COLUMNS FROM `la_config` [ RunTime:0.0017s ]
SQL: SELECT `config_sign`,`config_value` FROM `la_config`  [ RunTime:0.0013s ]
SQL: SHOW COLUMNS FROM `la_seo` [ RunTime:0.0024s ]
SQL: SELECT `tags`,`meta_description`,`meta_keyword` FROM `la_seo` WHERE `id_mark` = 'ch_article_index' LIMIT 1   [ RunTime:0.0007s ]
SQL: SHOW COLUMNS FROM `la_goods_category` [ RunTime:0.0015s ]
SQL: SELECT * FROM `la_goods_category` WHERE `pid` = 0 ORDER BY sort DESC  [ RunTime:0.0008s ]
SQL: SELECT * FROM `la_goods_category` WHERE `pid` = 1 ORDER BY sort DESC  [ RunTime:0.0008s ]
SQL: SELECT * FROM `la_goods_category` WHERE `pid` = 17 ORDER BY sort DESC  [ RunTime:0.0007s ]
SQL: SELECT * FROM `la_goods_category` WHERE `pid` = 19 ORDER BY sort DESC  [ RunTime:0.0007s ]

[ 2018-03-26T10:00:06+08:00 ] 192.168.47.1 /Article/loadArticleList.html
SQL: SHOW COLUMNS FROM `la_config` [ RunTime:0.0028s ]
SQL: SELECT `config_sign`,`config_value` FROM `la_config`  [ RunTime:0.0026s ]
SQL: SHOW COLUMNS FROM `la_article` [ RunTime:0.0038s ]
SQL: SELECT * FROM `la_article` WHERE `cat_id` = 2 LIMIT 0,10   [ RunTime:0.0289s ]
SQL: SHOW COLUMNS FROM `la_errcode` [ RunTime:0.0029s ]
SQL: SELECT `memo` FROM `la_errcode` WHERE `errCode` = 200000 LIMIT 1   [ RunTime:0.0006s ]

[ 2018-03-26T10:00:09+08:00 ] 192.168.47.1 /Article/loadArticleList.html
SQL: SHOW COLUMNS FROM `la_config` [ RunTime:0.0018s ]
SQL: SELECT `config_sign`,`config_value` FROM `la_config`  [ RunTime:0.0009s ]
SQL: SHOW COLUMNS FROM `la_article` [ RunTime:0.0022s ]
SQL: SELECT * FROM `la_article` WHERE `cat_id` = 74 LIMIT 0,10   [ RunTime:0.0012s ]
SQL: SHOW COLUMNS FROM `la_errcode` [ RunTime:0.0013s ]
SQL: SELECT `memo` FROM `la_errcode` WHERE `errCode` = 200000 LIMIT 1   [ RunTime:0.0007s ]

[ 2018-03-26T10:00:13+08:00 ] 192.168.47.1 /Article/loadArticleList.html
SQL: SHOW COLUMNS FROM `la_config` [ RunTime:0.0019s ]
SQL: SELECT `config_sign`,`config_value` FROM `la_config`  [ RunTime:0.0009s ]
SQL: SHOW COLUMNS FROM `la_article` [ RunTime:0.0026s ]
SQL: SELECT * FROM `la_article` WHERE `cat_id` = 75 LIMIT 0,10   [ RunTime:0.0028s ]
SQL: SHOW COLUMNS FROM `la_errcode` [ RunTime:0.0013s ]
SQL: SELECT `memo` FROM `la_errcode` WHERE `errCode` = 200000 LIMIT 1   [ RunTime:0.0006s ]

[ 2018-03-26T10:00:21+08:00 ] 192.168.47.1 /Article/loadArticleList.html
SQL: SHOW COLUMNS FROM `la_config` [ RunTime:0.0017s ]
SQL: SELECT `config_sign`,`config_value` FROM `la_config`  [ RunTime:0.0012s ]
SQL: SHOW COLUMNS FROM `la_article` [ RunTime:0.0026s ]
SQL: SELECT * FROM `la_article` WHERE `cat_id` = 2 LIMIT 10,10   [ RunTime:0.0226s ]
SQL: SHOW COLUMNS FROM `la_errcode` [ RunTime:0.0032s ]
SQL: SELECT `memo` FROM `la_errcode` WHERE `errCode` = 200000 LIMIT 1   [ RunTime:0.0011s ]

[ 2018-03-26T10:00:22+08:00 ] 192.168.47.1 /Article/loadArticleList.html
SQL: SHOW COLUMNS FROM `la_config` [ RunTime:0.0015s ]
SQL: SELECT `config_sign`,`config_value` FROM `la_config`  [ RunTime:0.0008s ]
SQL: SHOW COLUMNS FROM `la_article` [ RunTime:0.0021s ]
SQL: SELECT * FROM `la_article` WHERE `cat_id` = 2 LIMIT 20,10   [ RunTime:0.0262s ]
SQL: SHOW COLUMNS FROM `la_errcode` [ RunTime:0.0011s ]
SQL: SELECT `memo` FROM `la_errcode` WHERE `errCode` = 200000 LIMIT 1   [ RunTime:0.0005s ]

[ 2018-03-26T10:00:24+08:00 ] 192.168.47.1 /Article/loadArticleList.html
SQL: SHOW COLUMNS FROM `la_config` [ RunTime:0.0019s ]
SQL: SELECT `config_sign`,`config_value` FROM `la_config`  [ RunTime:0.0008s ]
SQL: SHOW COLUMNS FROM `la_article` [ RunTime:0.0029s ]
SQL: SELECT * FROM `la_article` WHERE `cat_id` = 2 LIMIT 30,10   [ RunTime:0.0196s ]
SQL: SHOW COLUMNS FROM `la_errcode` [ RunTime:0.0014s ]
SQL: SELECT `memo` FROM `la_errcode` WHERE `errCode` = 200000 LIMIT 1   [ RunTime:0.0006s ]

[ 2018-03-26T10:00:26+08:00 ] 192.168.47.1 /Article/loadArticleList.html
SQL: SHOW COLUMNS FROM `la_config` [ RunTime:0.0029s ]
SQL: SELECT `config_sign`,`config_value` FROM `la_config`  [ RunTime:0.0033s ]
SQL: SHOW COLUMNS FROM `la_article` [ RunTime:0.0024s ]
SQL: SELECT * FROM `la_article` WHERE `cat_id` = 2 LIMIT 40,10   [ RunTime:0.0153s ]
SQL: SHOW COLUMNS FROM `la_errcode` [ RunTime:0.0013s ]
SQL: SELECT `memo` FROM `la_errcode` WHERE `errCode` = 200000 LIMIT 1   [ RunTime:0.0009s ]

[ 2018-03-26T10:00:27+08:00 ] 192.168.47.1 /Article/loadArticleList.html
SQL: SHOW COLUMNS FROM `la_config` [ RunTime:0.0035s ]
SQL: SELECT `config_sign`,`config_value` FROM `la_config`  [ RunTime:0.0015s ]
SQL: SHOW COLUMNS FROM `la_article` [ RunTime:0.0035s ]
SQL: SELECT * FROM `la_article` WHERE `cat_id` = 2 LIMIT 50,10   [ RunTime:0.0068s ]
SQL: SHOW COLUMNS FROM `la_errcode` [ RunTime:0.0015s ]
SQL: SELECT `memo` FROM `la_errcode` WHERE `errCode` = 200000 LIMIT 1   [ RunTime:0.0006s ]

[ 2018-03-26T10:00:28+08:00 ] 192.168.47.1 /Article/loadArticleList.html
SQL: SHOW COLUMNS FROM `la_config` [ RunTime:0.0036s ]
SQL: SELECT `config_sign`,`config_value` FROM `la_config`  [ RunTime:0.0012s ]
SQL: SHOW COLUMNS FROM `la_article` [ RunTime:0.0027s ]
SQL: SELECT * FROM `la_article` WHERE `cat_id` = 2 LIMIT 60,10   [ RunTime:0.0030s ]
SQL: SHOW COLUMNS FROM `la_errcode` [ RunTime:0.0041s ]
SQL: SELECT `memo` FROM `la_errcode` WHERE `errCode` = 200000 LIMIT 1   [ RunTime:0.0023s ]

[ 2018-03-26T12:01:37+08:00 ] 192.168.47.1 /Index/index
SQL: SHOW COLUMNS FROM `la_config` [ RunTime:0.0015s ]
SQL: SELECT `config_sign`,`config_value` FROM `la_config`  [ RunTime:0.0009s ]
SQL: SHOW COLUMNS FROM `la_seo` [ RunTime:0.0015s ]
SQL: SELECT `tags`,`meta_description`,`meta_keyword` FROM `la_seo` WHERE `id_mark` = 'ch_index' LIMIT 1   [ RunTime:0.0009s ]
SQL: SHOW COLUMNS FROM `la_goods_category` [ RunTime:0.0017s ]
SQL: SELECT * FROM `la_goods_category` WHERE `pid` = 0 ORDER BY sort DESC  [ RunTime:0.0011s ]
SQL: SELECT * FROM `la_goods_category` WHERE `pid` = 1 ORDER BY sort DESC  [ RunTime:0.0013s ]
SQL: SELECT * FROM `la_goods_category` WHERE `pid` = 17 ORDER BY sort DESC  [ RunTime:0.0023s ]
SQL: SELECT * FROM `la_goods_category` WHERE `pid` = 19 ORDER BY sort DESC  [ RunTime:0.0009s ]
SQL: SHOW COLUMNS FROM `la_goods` [ RunTime:0.0022s ]
SQL: SELECT `id`,`category_id`,`category_path`,`goods_image`,`goods_name` FROM `la_goods` WHERE `goods_main_id` = 0 AND `is_delete` = 0 ORDER BY is_top DESC, add_time DESC  LIMIT 9   [ RunTime:0.0059s ]
SQL: SHOW COLUMNS FROM `la_ad` [ RunTime:0.0014s ]
SQL: SHOW COLUMNS FROM `la_goods_images` [ RunTime:0.0011s ]
SQL: SELECT `id`,`image`,`url` FROM `la_ad` WHERE `group_id` = 2 ORDER BY  add_time DESC   [ RunTime:0.0007s ]
SQL: SELECT COUNT(*) AS tp_count FROM `la_ad` WHERE `group_id` = 2 LIMIT 1   [ RunTime:0.0006s ]
SQL: SELECT `id`,`category_id`,`category_path`,`goods_image`,`goods_name` FROM `la_goods` WHERE `goods_main_id` = 0 AND `is_delete` = 0 ORDER BY is_top DESC, add_time DESC  LIMIT 9   [ RunTime:0.0025s ]
SQL: SHOW COLUMNS FROM `la_article` [ RunTime:0.0017s ]
SQL: SELECT `id`,`tree_id`,`cat_id`,`image`,`summary`,`title`,`hits`,`add_time` FROM `la_article` ORDER BY is_top DESC, add_time DESC  LIMIT 6   [ RunTime:0.0022s ]

[ 2018-03-26T12:10:53+08:00 ] 192.168.47.1 /Index/index
SQL: SHOW COLUMNS FROM `la_config` [ RunTime:0.0014s ]
SQL: SELECT `config_sign`,`config_value` FROM `la_config`  [ RunTime:0.0008s ]
SQL: SHOW COLUMNS FROM `la_seo` [ RunTime:0.0014s ]
SQL: SELECT `tags`,`meta_description`,`meta_keyword` FROM `la_seo` WHERE `id_mark` = 'ch_index' LIMIT 1   [ RunTime:0.0007s ]
SQL: SHOW COLUMNS FROM `la_goods_category` [ RunTime:0.0016s ]
SQL: SELECT * FROM `la_goods_category` WHERE `pid` = 0 ORDER BY sort DESC  [ RunTime:0.0016s ]
SQL: SELECT * FROM `la_goods_category` WHERE `pid` = 1 ORDER BY sort DESC  [ RunTime:0.0010s ]
SQL: SELECT * FROM `la_goods_category` WHERE `pid` = 17 ORDER BY sort DESC  [ RunTime:0.0009s ]
SQL: SELECT * FROM `la_goods_category` WHERE `pid` = 19 ORDER BY sort DESC  [ RunTime:0.0009s ]
SQL: SHOW COLUMNS FROM `la_goods` [ RunTime:0.0031s ]
SQL: SELECT `id`,`category_id`,`category_path`,`goods_image`,`goods_name` FROM `la_goods` WHERE `goods_main_id` = 0 AND `is_delete` = 0 ORDER BY is_top DESC, add_time DESC  LIMIT 9   [ RunTime:0.0027s ]
SQL: SHOW COLUMNS FROM `la_ad` [ RunTime:0.0025s ]
SQL: SHOW COLUMNS FROM `la_goods_images` [ RunTime:0.0015s ]
SQL: SELECT `id`,`image`,`url` FROM `la_ad` WHERE `group_id` = 2 ORDER BY  add_time DESC   [ RunTime:0.0012s ]
SQL: SELECT COUNT(*) AS tp_count FROM `la_ad` WHERE `group_id` = 2 LIMIT 1   [ RunTime:0.0013s ]
SQL: SELECT `id`,`category_id`,`category_path`,`goods_image`,`goods_name` FROM `la_goods` WHERE `goods_main_id` = 0 AND `is_delete` = 0 ORDER BY is_top DESC, add_time DESC  LIMIT 9   [ RunTime:0.0028s ]
SQL: SHOW COLUMNS FROM `la_article` [ RunTime:0.0018s ]
SQL: SELECT `id`,`tree_id`,`cat_id`,`image`,`summary`,`title`,`hits`,`add_time` FROM `la_article` ORDER BY is_top DESC, add_time DESC  LIMIT 6   [ RunTime:0.0011s ]

[ 2018-03-26T12:11:39+08:00 ] 192.168.47.1 /Index/index
SQL: SHOW COLUMNS FROM `la_config` [ RunTime:0.0015s ]
SQL: SELECT `config_sign`,`config_value` FROM `la_config`  [ RunTime:0.0008s ]
SQL: SHOW COLUMNS FROM `la_seo` [ RunTime:0.0015s ]
SQL: SELECT `tags`,`meta_description`,`meta_keyword` FROM `la_seo` WHERE `id_mark` = 'ch_index' LIMIT 1   [ RunTime:0.0008s ]
SQL: SHOW COLUMNS FROM `la_goods_category` [ RunTime:0.0016s ]
SQL: SELECT * FROM `la_goods_category` WHERE `pid` = 0 ORDER BY sort DESC  [ RunTime:0.0009s ]
SQL: SELECT * FROM `la_goods_category` WHERE `pid` = 1 ORDER BY sort DESC  [ RunTime:0.0010s ]
SQL: SELECT * FROM `la_goods_category` WHERE `pid` = 17 ORDER BY sort DESC  [ RunTime:0.0009s ]
SQL: SELECT * FROM `la_goods_category` WHERE `pid` = 19 ORDER BY sort DESC  [ RunTime:0.0009s ]
SQL: SHOW COLUMNS FROM `la_goods` [ RunTime:0.0023s ]
SQL: SELECT `id`,`category_id`,`category_path`,`goods_image`,`goods_name` FROM `la_goods` WHERE `goods_main_id` = 0 AND `is_delete` = 0 ORDER BY is_top DESC, add_time DESC  LIMIT 9   [ RunTime:0.0029s ]
SQL: SHOW COLUMNS FROM `la_ad` [ RunTime:0.0030s ]
SQL: SHOW COLUMNS FROM `la_goods_images` [ RunTime:0.0013s ]
SQL: SELECT `id`,`image`,`url` FROM `la_ad` WHERE `group_id` = 2 ORDER BY  add_time DESC   [ RunTime:0.0008s ]
SQL: SELECT COUNT(*) AS tp_count FROM `la_ad` WHERE `group_id` = 2 LIMIT 1   [ RunTime:0.0010s ]
SQL: SELECT `id`,`category_id`,`category_path`,`goods_image`,`goods_name` FROM `la_goods` WHERE `goods_main_id` = 0 AND `is_delete` = 0 ORDER BY is_top DESC, add_time DESC  LIMIT 9   [ RunTime:0.0037s ]
SQL: SHOW COLUMNS FROM `la_article` [ RunTime:0.0020s ]
SQL: SELECT `id`,`tree_id`,`cat_id`,`image`,`summary`,`title`,`hits`,`add_time` FROM `la_article` ORDER BY is_top DESC, add_time DESC  LIMIT 6   [ RunTime:0.0014s ]

[ 2018-03-26T12:11:47+08:00 ] 192.168.47.1 /Index/index
SQL: SHOW COLUMNS FROM `la_config` [ RunTime:0.0015s ]
SQL: SELECT `config_sign`,`config_value` FROM `la_config`  [ RunTime:0.0008s ]
SQL: SHOW COLUMNS FROM `la_seo` [ RunTime:0.0014s ]
SQL: SELECT `tags`,`meta_description`,`meta_keyword` FROM `la_seo` WHERE `id_mark` = 'ch_index' LIMIT 1   [ RunTime:0.0017s ]
SQL: SHOW COLUMNS FROM `la_goods_category` [ RunTime:0.0027s ]
SQL: SELECT * FROM `la_goods_category` WHERE `pid` = 0 ORDER BY sort DESC  [ RunTime:0.0011s ]
SQL: SELECT * FROM `la_goods_category` WHERE `pid` = 1 ORDER BY sort DESC  [ RunTime:0.0010s ]
SQL: SELECT * FROM `la_goods_category` WHERE `pid` = 17 ORDER BY sort DESC  [ RunTime:0.0011s ]
SQL: SELECT * FROM `la_goods_category` WHERE `pid` = 19 ORDER BY sort DESC  [ RunTime:0.0009s ]
SQL: SHOW COLUMNS FROM `la_goods` [ RunTime:0.0020s ]
SQL: SELECT `id`,`category_id`,`category_path`,`goods_image`,`goods_name` FROM `la_goods` WHERE `goods_main_id` = 0 AND `is_delete` = 0 ORDER BY is_top DESC, add_time DESC  LIMIT 9   [ RunTime:0.0026s ]
SQL: SHOW COLUMNS FROM `la_ad` [ RunTime:0.0015s ]
SQL: SHOW COLUMNS FROM `la_goods_images` [ RunTime:0.0021s ]
SQL: SELECT `id`,`image`,`url` FROM `la_ad` WHERE `group_id` = 2 ORDER BY  add_time DESC   [ RunTime:0.0008s ]
SQL: SELECT COUNT(*) AS tp_count FROM `la_ad` WHERE `group_id` = 2 LIMIT 1   [ RunTime:0.0006s ]
SQL: SELECT `id`,`category_id`,`category_path`,`goods_image`,`goods_name` FROM `la_goods` WHERE `goods_main_id` = 0 AND `is_delete` = 0 ORDER BY is_top DESC, add_time DESC  LIMIT 9   [ RunTime:0.0024s ]
SQL: SHOW COLUMNS FROM `la_article` [ RunTime:0.0019s ]
SQL: SELECT `id`,`tree_id`,`cat_id`,`image`,`summary`,`title`,`hits`,`add_time` FROM `la_article` ORDER BY is_top DESC, add_time DESC  LIMIT 6   [ RunTime:0.0011s ]

[ 2018-03-26T12:13:47+08:00 ] 192.168.47.1 /Index/index
SQL: SHOW COLUMNS FROM `la_config` [ RunTime:0.0024s ]
SQL: SELECT `config_sign`,`config_value` FROM `la_config`  [ RunTime:0.0010s ]
SQL: SHOW COLUMNS FROM `la_seo` [ RunTime:0.0015s ]
SQL: SELECT `tags`,`meta_description`,`meta_keyword` FROM `la_seo` WHERE `id_mark` = 'ch_index' LIMIT 1   [ RunTime:0.0008s ]
SQL: SHOW COLUMNS FROM `la_goods_category` [ RunTime:0.0019s ]
SQL: SELECT * FROM `la_goods_category` WHERE `pid` = 0 ORDER BY sort DESC  [ RunTime:0.0011s ]
SQL: SELECT * FROM `la_goods_category` WHERE `pid` = 1 ORDER BY sort DESC  [ RunTime:0.0010s ]
SQL: SELECT * FROM `la_goods_category` WHERE `pid` = 17 ORDER BY sort DESC  [ RunTime:0.0012s ]
SQL: SELECT * FROM `la_goods_category` WHERE `pid` = 19 ORDER BY sort DESC  [ RunTime:0.0015s ]
SQL: SHOW COLUMNS FROM `la_goods` [ RunTime:0.0044s ]
SQL: SELECT `id`,`category_id`,`category_path`,`goods_image`,`goods_name` FROM `la_goods` WHERE `goods_main_id` = 0 AND `is_delete` = 0 ORDER BY is_top DESC, add_time DESC  LIMIT 9   [ RunTime:0.0027s ]
SQL: SHOW COLUMNS FROM `la_ad` [ RunTime:0.0015s ]
SQL: SHOW COLUMNS FROM `la_goods_images` [ RunTime:0.0013s ]
SQL: SELECT `id`,`image`,`url` FROM `la_ad` WHERE `group_id` = 2 ORDER BY  add_time DESC   [ RunTime:0.0009s ]
SQL: SELECT COUNT(*) AS tp_count FROM `la_ad` WHERE `group_id` = 2 LIMIT 1   [ RunTime:0.0015s ]
SQL: SELECT `id`,`category_id`,`category_path`,`goods_image`,`goods_name` FROM `la_goods` WHERE `goods_main_id` = 0 AND `is_delete` = 0 ORDER BY is_top DESC, add_time DESC  LIMIT 9   [ RunTime:0.0026s ]
SQL: SHOW COLUMNS FROM `la_article` [ RunTime:0.0024s ]
SQL: SELECT `id`,`tree_id`,`cat_id`,`image`,`summary`,`title`,`hits`,`add_time` FROM `la_article` ORDER BY is_top DESC, add_time DESC  LIMIT 6   [ RunTime:0.0012s ]

[ 2018-03-26T12:16:00+08:00 ] 192.168.47.1 /Index/index
SQL: SHOW COLUMNS FROM `la_config` [ RunTime:0.0016s ]
SQL: SELECT `config_sign`,`config_value` FROM `la_config`  [ RunTime:0.0008s ]
SQL: SHOW COLUMNS FROM `la_seo` [ RunTime:0.0015s ]
SQL: SELECT `tags`,`meta_description`,`meta_keyword` FROM `la_seo` WHERE `id_mark` = 'ch_index' LIMIT 1   [ RunTime:0.0014s ]
SQL: SHOW COLUMNS FROM `la_goods_category` [ RunTime:0.0015s ]
SQL: SELECT * FROM `la_goods_category` WHERE `pid` = 0 ORDER BY sort DESC  [ RunTime:0.0008s ]
SQL: SELECT * FROM `la_goods_category` WHERE `pid` = 1 ORDER BY sort DESC  [ RunTime:0.0011s ]
SQL: SELECT * FROM `la_goods_category` WHERE `pid` = 17 ORDER BY sort DESC  [ RunTime:0.0011s ]
SQL: SELECT * FROM `la_goods_category` WHERE `pid` = 19 ORDER BY sort DESC  [ RunTime:0.0008s ]
SQL: SHOW COLUMNS FROM `la_goods` [ RunTime:0.0031s ]
SQL: SELECT `id`,`category_id`,`category_path`,`goods_image`,`goods_name` FROM `la_goods` WHERE `goods_main_id` = 0 AND `is_delete` = 0 ORDER BY is_top DESC, add_time DESC  LIMIT 9   [ RunTime:0.0027s ]
SQL: SHOW COLUMNS FROM `la_ad` [ RunTime:0.0014s ]
SQL: SHOW COLUMNS FROM `la_goods_images` [ RunTime:0.0010s ]
SQL: SELECT `id`,`image`,`url` FROM `la_ad` WHERE `group_id` = 2 ORDER BY  add_time DESC   [ RunTime:0.0006s ]
SQL: SELECT COUNT(*) AS tp_count FROM `la_ad` WHERE `group_id` = 2 LIMIT 1   [ RunTime:0.0005s ]
SQL: SELECT `id`,`category_id`,`category_path`,`goods_image`,`goods_name` FROM `la_goods` WHERE `goods_main_id` = 0 AND `is_delete` = 0 ORDER BY is_top DESC, add_time DESC  LIMIT 9   [ RunTime:0.0023s ]
SQL: SHOW COLUMNS FROM `la_article` [ RunTime:0.0030s ]
SQL: SELECT `id`,`tree_id`,`cat_id`,`image`,`summary`,`title`,`hits`,`add_time` FROM `la_article` ORDER BY is_top DESC, add_time DESC  LIMIT 6   [ RunTime:0.0022s ]

[ 2018-03-26T12:17:54+08:00 ] 192.168.47.1 /
SQL: SHOW COLUMNS FROM `la_config` [ RunTime:0.0017s ]
SQL: SELECT `config_sign`,`config_value` FROM `la_config`  [ RunTime:0.0013s ]

[ 2018-03-26T12:17:56+08:00 ] 192.168.47.1 /
SQL: SHOW COLUMNS FROM `la_config` [ RunTime:0.0026s ]
SQL: SELECT `config_sign`,`config_value` FROM `la_config`  [ RunTime:0.0015s ]
SQL: SHOW COLUMNS FROM `la_seo` [ RunTime:0.0018s ]
SQL: SELECT `tags`,`meta_description`,`meta_keyword` FROM `la_seo` WHERE `id_mark` = 'ch_index' LIMIT 1   [ RunTime:0.0010s ]
SQL: SHOW COLUMNS FROM `la_goods_category` [ RunTime:0.0015s ]
SQL: SELECT * FROM `la_goods_category` WHERE `pid` = 0 ORDER BY sort DESC  [ RunTime:0.0014s ]
SQL: SELECT * FROM `la_goods_category` WHERE `pid` = 1 ORDER BY sort DESC  [ RunTime:0.0012s ]
SQL: SELECT * FROM `la_goods_category` WHERE `pid` = 17 ORDER BY sort DESC  [ RunTime:0.0010s ]
SQL: SELECT * FROM `la_goods_category` WHERE `pid` = 19 ORDER BY sort DESC  [ RunTime:0.0010s ]
SQL: SHOW COLUMNS FROM `la_goods` [ RunTime:0.0024s ]
SQL: SELECT `id`,`category_id`,`category_path`,`goods_image`,`goods_name` FROM `la_goods` WHERE `goods_main_id` = 0 AND `is_delete` = 0 ORDER BY is_top DESC, add_time DESC  LIMIT 9   [ RunTime:0.0031s ]
SQL: SHOW COLUMNS FROM `la_ad` [ RunTime:0.0021s ]
SQL: SHOW COLUMNS FROM `la_goods_images` [ RunTime:0.0037s ]
SQL: SELECT `id`,`image`,`url` FROM `la_ad` WHERE `group_id` = 2 ORDER BY  add_time DESC   [ RunTime:0.0016s ]
SQL: SELECT COUNT(*) AS tp_count FROM `la_ad` WHERE `group_id` = 2 LIMIT 1   [ RunTime:0.0011s ]
SQL: SELECT `id`,`category_id`,`category_path`,`goods_image`,`goods_name` FROM `la_goods` WHERE `goods_main_id` = 0 AND `is_delete` = 0 ORDER BY is_top DESC, add_time DESC  LIMIT 9   [ RunTime:0.0024s ]
SQL: SHOW COLUMNS FROM `la_article` [ RunTime:0.0017s ]
SQL: SELECT `id`,`tree_id`,`cat_id`,`image`,`summary`,`title`,`hits`,`add_time` FROM `la_article` ORDER BY is_top DESC, add_time DESC  LIMIT 6   [ RunTime:0.0011s ]

[ 2018-03-26T12:19:36+08:00 ] 192.168.47.1 /Home/Goods/goods/catId/2.html
SQL: SHOW COLUMNS FROM `la_config` [ RunTime:0.0014s ]
SQL: SELECT `config_sign`,`config_value` FROM `la_config`  [ RunTime:0.0012s ]
SQL: SHOW COLUMNS FROM `la_seo` [ RunTime:0.0024s ]
SQL: SELECT `tags`,`meta_description`,`meta_keyword` FROM `la_seo` WHERE `id_mark` = 'ch_product_index' LIMIT 1   [ RunTime:0.0016s ]
SQL: SHOW COLUMNS FROM `la_goods_category` [ RunTime:0.0016s ]
SQL: SELECT * FROM `la_goods_category` WHERE `pid` = 0 ORDER BY sort DESC  [ RunTime:0.0021s ]
SQL: SELECT * FROM `la_goods_category` WHERE `pid` = 1 ORDER BY sort DESC  [ RunTime:0.0012s ]
SQL: SELECT * FROM `la_goods_category` WHERE `pid` = 17 ORDER BY sort DESC  [ RunTime:0.0009s ]
SQL: SELECT * FROM `la_goods_category` WHERE `pid` = 19 ORDER BY sort DESC  [ RunTime:0.0008s ]
SQL: SHOW COLUMNS FROM `la_goods` [ RunTime:0.0020s ]
SQL: SELECT `id`,`category_id`,`category_path`,`goods_image`,`goods_name` FROM `la_goods` WHERE `category_id` = 2 AND `goods_main_id` = 0 AND `is_delete` = 0 ORDER BY is_top DESC,add_time DESC LIMIT 0,10   [ RunTime:0.0037s ]

[ 2018-03-26T12:19:39+08:00 ] 192.168.47.1 /Home/Goods/goods/catId/2.html
SQL: SHOW COLUMNS FROM `la_config` [ RunTime:0.0025s ]
SQL: SELECT `config_sign`,`config_value` FROM `la_config`  [ RunTime:0.0015s ]
SQL: SHOW COLUMNS FROM `la_seo` [ RunTime:0.0016s ]
SQL: SELECT `tags`,`meta_description`,`meta_keyword` FROM `la_seo` WHERE `id_mark` = 'ch_product_index' LIMIT 1   [ RunTime:0.0014s ]
SQL: SHOW COLUMNS FROM `la_goods_category` [ RunTime:0.0015s ]
SQL: SELECT * FROM `la_goods_category` WHERE `pid` = 0 ORDER BY sort DESC  [ RunTime:0.0009s ]
SQL: SELECT * FROM `la_goods_category` WHERE `pid` = 1 ORDER BY sort DESC  [ RunTime:0.0013s ]
SQL: SELECT * FROM `la_goods_category` WHERE `pid` = 17 ORDER BY sort DESC  [ RunTime:0.0017s ]
SQL: SELECT * FROM `la_goods_category` WHERE `pid` = 19 ORDER BY sort DESC  [ RunTime:0.0009s ]
SQL: SHOW COLUMNS FROM `la_goods` [ RunTime:0.0025s ]
SQL: SELECT `id`,`category_id`,`category_path`,`goods_image`,`goods_name` FROM `la_goods` WHERE `category_id` = 2 AND `goods_main_id` = 0 AND `is_delete` = 0 ORDER BY is_top DESC,add_time DESC LIMIT 0,10   [ RunTime:0.0032s ]

[ 2018-03-26T12:19:40+08:00 ] 192.168.47.1 /Index/index
SQL: SHOW COLUMNS FROM `la_config` [ RunTime:0.0015s ]
SQL: SELECT `config_sign`,`config_value` FROM `la_config`  [ RunTime:0.0008s ]
SQL: SHOW COLUMNS FROM `la_seo` [ RunTime:0.0014s ]
SQL: SELECT `tags`,`meta_description`,`meta_keyword` FROM `la_seo` WHERE `id_mark` = 'ch_index' LIMIT 1   [ RunTime:0.0009s ]
SQL: SHOW COLUMNS FROM `la_goods_category` [ RunTime:0.0025s ]
SQL: SELECT * FROM `la_goods_category` WHERE `pid` = 0 ORDER BY sort DESC  [ RunTime:0.0008s ]
SQL: SELECT * FROM `la_goods_category` WHERE `pid` = 1 ORDER BY sort DESC  [ RunTime:0.0010s ]
SQL: SELECT * FROM `la_goods_category` WHERE `pid` = 17 ORDER BY sort DESC  [ RunTime:0.0009s ]
SQL: SELECT * FROM `la_goods_category` WHERE `pid` = 19 ORDER BY sort DESC  [ RunTime:0.0008s ]
SQL: SHOW COLUMNS FROM `la_goods` [ RunTime:0.0041s ]
SQL: SELECT `id`,`category_id`,`category_path`,`goods_image`,`goods_name` FROM `la_goods` WHERE `goods_main_id` = 0 AND `is_delete` = 0 ORDER BY is_top DESC, add_time DESC  LIMIT 9   [ RunTime:0.0031s ]
SQL: SHOW COLUMNS FROM `la_ad` [ RunTime:0.0014s ]
SQL: SHOW COLUMNS FROM `la_goods_images` [ RunTime:0.0011s ]
SQL: SELECT `id`,`image`,`url` FROM `la_ad` WHERE `group_id` = 2 ORDER BY  add_time DESC   [ RunTime:0.0007s ]
SQL: SELECT COUNT(*) AS tp_count FROM `la_ad` WHERE `group_id` = 2 LIMIT 1   [ RunTime:0.0006s ]
SQL: SELECT `id`,`category_id`,`category_path`,`goods_image`,`goods_name` FROM `la_goods` WHERE `goods_main_id` = 0 AND `is_delete` = 0 ORDER BY is_top DESC, add_time DESC  LIMIT 9   [ RunTime:0.0026s ]
SQL: SHOW COLUMNS FROM `la_article` [ RunTime:0.0017s ]
SQL: SELECT `id`,`tree_id`,`cat_id`,`image`,`summary`,`title`,`hits`,`add_time` FROM `la_article` ORDER BY is_top DESC, add_time DESC  LIMIT 6   [ RunTime:0.0023s ]

[ 2018-03-26T12:25:19+08:00 ] 192.168.47.1 /Index/index
SQL: SHOW COLUMNS FROM `la_config` [ RunTime:0.0015s ]
SQL: SELECT `config_sign`,`config_value` FROM `la_config`  [ RunTime:0.0007s ]
SQL: SHOW COLUMNS FROM `la_seo` [ RunTime:0.0013s ]
SQL: SELECT `tags`,`meta_description`,`meta_keyword` FROM `la_seo` WHERE `id_mark` = 'ch_index' LIMIT 1   [ RunTime:0.0006s ]
SQL: SHOW COLUMNS FROM `la_goods_category` [ RunTime:0.0014s ]
SQL: SELECT * FROM `la_goods_category` WHERE `pid` = 0 ORDER BY sort DESC  [ RunTime:0.0007s ]
SQL: SELECT * FROM `la_goods_category` WHERE `pid` = 1 ORDER BY sort DESC  [ RunTime:0.0008s ]
SQL: SELECT * FROM `la_goods_category` WHERE `pid` = 17 ORDER BY sort DESC  [ RunTime:0.0007s ]
SQL: SELECT * FROM `la_goods_category` WHERE `pid` = 19 ORDER BY sort DESC  [ RunTime:0.0007s ]
SQL: SHOW COLUMNS FROM `la_goods` [ RunTime:0.0020s ]
SQL: SELECT `id`,`category_id`,`category_path`,`goods_image`,`goods_name` FROM `la_goods` WHERE `goods_main_id` = 0 AND `is_delete` = 0 ORDER BY is_top DESC, add_time DESC  LIMIT 9   [ RunTime:0.0033s ]
SQL: SHOW COLUMNS FROM `la_ad` [ RunTime:0.0015s ]
SQL: SHOW COLUMNS FROM `la_goods_images` [ RunTime:0.0010s ]
SQL: SELECT `id`,`image`,`url` FROM `la_ad` WHERE `group_id` = 2 ORDER BY  add_time DESC   [ RunTime:0.0006s ]
SQL: SELECT COUNT(*) AS tp_count FROM `la_ad` WHERE `group_id` = 2 LIMIT 1   [ RunTime:0.0005s ]
SQL: SELECT `id`,`category_id`,`category_path`,`goods_image`,`goods_name` FROM `la_goods` WHERE `goods_main_id` = 0 AND `is_delete` = 0 ORDER BY is_top DESC, add_time DESC  LIMIT 9   [ RunTime:0.0040s ]
SQL: SHOW COLUMNS FROM `la_article` [ RunTime:0.0018s ]
SQL: SELECT `id`,`tree_id`,`cat_id`,`image`,`summary`,`title`,`hits`,`add_time` FROM `la_article` ORDER BY is_top DESC, add_time DESC  LIMIT 6   [ RunTime:0.0016s ]

[ 2018-03-26T12:25:25+08:00 ] 192.168.47.1 /Home/Goods/goods/catId/2.html
SQL: SHOW COLUMNS FROM `la_config` [ RunTime:0.0020s ]
SQL: SELECT `config_sign`,`config_value` FROM `la_config`  [ RunTime:0.0010s ]
SQL: SHOW COLUMNS FROM `la_seo` [ RunTime:0.0017s ]
SQL: SELECT `tags`,`meta_description`,`meta_keyword` FROM `la_seo` WHERE `id_mark` = 'ch_product_index' LIMIT 1   [ RunTime:0.0015s ]
SQL: SHOW COLUMNS FROM `la_goods_category` [ RunTime:0.0017s ]
SQL: SELECT * FROM `la_goods_category` WHERE `pid` = 0 ORDER BY sort DESC  [ RunTime:0.0009s ]
SQL: SELECT * FROM `la_goods_category` WHERE `pid` = 1 ORDER BY sort DESC  [ RunTime:0.0011s ]
SQL: SELECT * FROM `la_goods_category` WHERE `pid` = 17 ORDER BY sort DESC  [ RunTime:0.0010s ]
SQL: SELECT * FROM `la_goods_category` WHERE `pid` = 19 ORDER BY sort DESC  [ RunTime:0.0009s ]
SQL: SHOW COLUMNS FROM `la_goods` [ RunTime:0.0022s ]
SQL: SELECT `id`,`category_id`,`category_path`,`goods_image`,`goods_name` FROM `la_goods` WHERE `category_id` = 2 AND `goods_main_id` = 0 AND `is_delete` = 0 ORDER BY is_top DESC,add_time DESC LIMIT 0,10   [ RunTime:0.0035s ]

[ 2018-03-26T12:25:32+08:00 ] 192.168.47.1 /Goods/goods/catId/2.html
SQL: SHOW COLUMNS FROM `la_config` [ RunTime:0.0014s ]
SQL: SELECT `config_sign`,`config_value` FROM `la_config`  [ RunTime:0.0010s ]
SQL: SHOW COLUMNS FROM `la_seo` [ RunTime:0.0025s ]
SQL: SELECT `tags`,`meta_description`,`meta_keyword` FROM `la_seo` WHERE `id_mark` = 'ch_product_index' LIMIT 1   [ RunTime:0.0013s ]
SQL: SHOW COLUMNS FROM `la_goods_category` [ RunTime:0.0016s ]
SQL: SELECT * FROM `la_goods_category` WHERE `pid` = 0 ORDER BY sort DESC  [ RunTime:0.0008s ]
SQL: SELECT * FROM `la_goods_category` WHERE `pid` = 1 ORDER BY sort DESC  [ RunTime:0.0009s ]
SQL: SELECT * FROM `la_goods_category` WHERE `pid` = 17 ORDER BY sort DESC  [ RunTime:0.0009s ]
SQL: SELECT * FROM `la_goods_category` WHERE `pid` = 19 ORDER BY sort DESC  [ RunTime:0.0018s ]
SQL: SHOW COLUMNS FROM `la_goods` [ RunTime:0.0023s ]
SQL: SELECT `id`,`category_id`,`category_path`,`goods_image`,`goods_name` FROM `la_goods` WHERE `category_id` = 2 AND `goods_main_id` = 0 AND `is_delete` = 0 ORDER BY is_top DESC,add_time DESC LIMIT 0,10   [ RunTime:0.0039s ]

[ 2018-03-26T12:25:38+08:00 ] 192.168.47.1 /Home/Goods/goods/catId/2.html
SQL: SHOW COLUMNS FROM `la_config` [ RunTime:0.0013s ]
SQL: SELECT `config_sign`,`config_value` FROM `la_config`  [ RunTime:0.0007s ]
SQL: SHOW COLUMNS FROM `la_seo` [ RunTime:0.0013s ]
SQL: SELECT `tags`,`meta_description`,`meta_keyword` FROM `la_seo` WHERE `id_mark` = 'ch_product_index' LIMIT 1   [ RunTime:0.0013s ]
SQL: SHOW COLUMNS FROM `la_goods_category` [ RunTime:0.0031s ]
SQL: SELECT * FROM `la_goods_category` WHERE `pid` = 0 ORDER BY sort DESC  [ RunTime:0.0019s ]
SQL: SELECT * FROM `la_goods_category` WHERE `pid` = 1 ORDER BY sort DESC  [ RunTime:0.0011s ]
SQL: SELECT * FROM `la_goods_category` WHERE `pid` = 17 ORDER BY sort DESC  [ RunTime:0.0031s ]
SQL: SELECT * FROM `la_goods_category` WHERE `pid` = 19 ORDER BY sort DESC  [ RunTime:0.0009s ]
SQL: SHOW COLUMNS FROM `la_goods` [ RunTime:0.0022s ]
SQL: SELECT `id`,`category_id`,`category_path`,`goods_image`,`goods_name` FROM `la_goods` WHERE `category_id` = 2 AND `goods_main_id` = 0 AND `is_delete` = 0 ORDER BY is_top DESC,add_time DESC LIMIT 0,10   [ RunTime:0.0032s ]

[ 2018-03-26T12:25:48+08:00 ] 192.168.47.1 /Home/Goods/goods/catId/2.html
SQL: SHOW COLUMNS FROM `la_config` [ RunTime:0.0015s ]
SQL: SELECT `config_sign`,`config_value` FROM `la_config`  [ RunTime:0.0008s ]
SQL: SHOW COLUMNS FROM `la_seo` [ RunTime:0.0013s ]
SQL: SELECT `tags`,`meta_description`,`meta_keyword` FROM `la_seo` WHERE `id_mark` = 'ch_product_index' LIMIT 1   [ RunTime:0.0007s ]
SQL: SHOW COLUMNS FROM `la_goods_category` [ RunTime:0.0016s ]
SQL: SELECT * FROM `la_goods_category` WHERE `pid` = 0 ORDER BY sort DESC  [ RunTime:0.0009s ]
SQL: SELECT * FROM `la_goods_category` WHERE `pid` = 1 ORDER BY sort DESC  [ RunTime:0.0010s ]
SQL: SELECT * FROM `la_goods_category` WHERE `pid` = 17 ORDER BY sort DESC  [ RunTime:0.0013s ]
SQL: SELECT * FROM `la_goods_category` WHERE `pid` = 19 ORDER BY sort DESC  [ RunTime:0.0008s ]
SQL: SHOW COLUMNS FROM `la_goods` [ RunTime:0.0021s ]
SQL: SELECT `id`,`category_id`,`category_path`,`goods_image`,`goods_name` FROM `la_goods` WHERE `category_id` = 2 AND `goods_main_id` = 0 AND `is_delete` = 0 ORDER BY is_top DESC,add_time DESC LIMIT 0,10   [ RunTime:0.0042s ]

[ 2018-03-26T13:45:27+08:00 ] 192.168.47.1 /Index/index.html
SQL: SHOW COLUMNS FROM `la_config` [ RunTime:0.0014s ]
SQL: SELECT `config_sign`,`config_value` FROM `la_config`  [ RunTime:0.0008s ]
SQL: SHOW COLUMNS FROM `la_seo` [ RunTime:0.0014s ]
SQL: SELECT `tags`,`meta_description`,`meta_keyword` FROM `la_seo` WHERE `id_mark` = 'ch_index' LIMIT 1   [ RunTime:0.0008s ]
SQL: SHOW COLUMNS FROM `la_goods_category` [ RunTime:0.0016s ]
SQL: SELECT * FROM `la_goods_category` WHERE `pid` = 0 ORDER BY sort DESC  [ RunTime:0.0009s ]
SQL: SELECT * FROM `la_goods_category` WHERE `pid` = 1 ORDER BY sort DESC  [ RunTime:0.0009s ]
SQL: SELECT * FROM `la_goods_category` WHERE `pid` = 17 ORDER BY sort DESC  [ RunTime:0.0010s ]
SQL: SELECT * FROM `la_goods_category` WHERE `pid` = 19 ORDER BY sort DESC  [ RunTime:0.0008s ]
SQL: SHOW COLUMNS FROM `la_goods` [ RunTime:0.0024s ]
SQL: SELECT `id`,`category_id`,`category_path`,`goods_image`,`goods_name` FROM `la_goods` WHERE `goods_main_id` = 0 AND `is_delete` = 0 ORDER BY is_top DESC, add_time DESC  LIMIT 9   [ RunTime:0.0030s ]
SQL: SHOW COLUMNS FROM `la_ad` [ RunTime:0.0024s ]
SQL: SHOW COLUMNS FROM `la_goods_images` [ RunTime:0.0019s ]
SQL: SELECT `id`,`image`,`url` FROM `la_ad` WHERE `group_id` = 2 ORDER BY  add_time DESC   [ RunTime:0.0008s ]
SQL: SELECT COUNT(*) AS tp_count FROM `la_ad` WHERE `group_id` = 2 LIMIT 1   [ RunTime:0.0006s ]
SQL: SELECT `id`,`category_id`,`category_path`,`goods_image`,`goods_name` FROM `la_goods` WHERE `goods_main_id` = 0 AND `is_delete` = 0 ORDER BY is_top DESC, add_time DESC  LIMIT 9   [ RunTime:0.0040s ]
SQL: SHOW COLUMNS FROM `la_article` [ RunTime:0.0020s ]
SQL: SELECT `id`,`tree_id`,`cat_id`,`image`,`summary`,`title`,`hits`,`add_time` FROM `la_article` ORDER BY is_top DESC, add_time DESC  LIMIT 6   [ RunTime:0.0012s ]

[ 2018-03-26T13:46:54+08:00 ] 192.168.47.1 /Goods/goods/catId/2.html
SQL: SHOW COLUMNS FROM `la_config` [ RunTime:0.0015s ]
SQL: SELECT `config_sign`,`config_value` FROM `la_config`  [ RunTime:0.0012s ]
SQL: SHOW COLUMNS FROM `la_seo` [ RunTime:0.0015s ]
SQL: SELECT `tags`,`meta_description`,`meta_keyword` FROM `la_seo` WHERE `id_mark` = 'ch_product_index' LIMIT 1   [ RunTime:0.0011s ]
SQL: SHOW COLUMNS FROM `la_goods_category` [ RunTime:0.0016s ]
SQL: SELECT * FROM `la_goods_category` WHERE `pid` = 0 ORDER BY sort DESC  [ RunTime:0.0009s ]
SQL: SELECT * FROM `la_goods_category` WHERE `pid` = 1 ORDER BY sort DESC  [ RunTime:0.0009s ]
SQL: SELECT * FROM `la_goods_category` WHERE `pid` = 17 ORDER BY sort DESC  [ RunTime:0.0009s ]
SQL: SELECT * FROM `la_goods_category` WHERE `pid` = 19 ORDER BY sort DESC  [ RunTime:0.0008s ]
SQL: SHOW COLUMNS FROM `la_goods` [ RunTime:0.0023s ]
SQL: SELECT `id`,`category_id`,`category_path`,`goods_image`,`goods_name` FROM `la_goods` WHERE `category_id` = 2 AND `goods_main_id` = 0 AND `is_delete` = 0 ORDER BY is_top DESC,add_time DESC LIMIT 0,10   [ RunTime:0.0035s ]

[ 2018-03-26T13:48:36+08:00 ] 192.168.47.1 /Goods/goods/catId/2.html
SQL: SHOW COLUMNS FROM `la_config` [ RunTime:0.0016s ]
SQL: SELECT `config_sign`,`config_value` FROM `la_config`  [ RunTime:0.0008s ]
SQL: SHOW COLUMNS FROM `la_seo` [ RunTime:0.0013s ]
SQL: SELECT `tags`,`meta_description`,`meta_keyword` FROM `la_seo` WHERE `id_mark` = 'ch_product_index' LIMIT 1   [ RunTime:0.0007s ]
SQL: SHOW COLUMNS FROM `la_goods_category` [ RunTime:0.0017s ]
SQL: SELECT * FROM `la_goods_category` WHERE `pid` = 0 ORDER BY sort DESC  [ RunTime:0.0010s ]
SQL: SELECT * FROM `la_goods_category` WHERE `pid` = 1 ORDER BY sort DESC  [ RunTime:0.0015s ]
SQL: SELECT * FROM `la_goods_category` WHERE `pid` = 17 ORDER BY sort DESC  [ RunTime:0.0016s ]
SQL: SELECT * FROM `la_goods_category` WHERE `pid` = 19 ORDER BY sort DESC  [ RunTime:0.0009s ]
SQL: SHOW COLUMNS FROM `la_goods` [ RunTime:0.0038s ]
SQL: SELECT `id`,`category_id`,`category_path`,`goods_image`,`goods_name` FROM `la_goods` WHERE `category_id` = 2 AND `goods_main_id` = 0 AND `is_delete` = 0 ORDER BY is_top DESC,add_time DESC LIMIT 0,10   [ RunTime:0.0033s ]

[ 2018-03-26T13:49:24+08:00 ] 192.168.47.1 /Goods/goods/catId/2.html
SQL: SHOW COLUMNS FROM `la_config` [ RunTime:0.0014s ]
SQL: SELECT `config_sign`,`config_value` FROM `la_config`  [ RunTime:0.0007s ]
SQL: SHOW COLUMNS FROM `la_seo` [ RunTime:0.0014s ]
SQL: SELECT `tags`,`meta_description`,`meta_keyword` FROM `la_seo` WHERE `id_mark` = 'ch_product_index' LIMIT 1   [ RunTime:0.0007s ]
SQL: SHOW COLUMNS FROM `la_goods_category` [ RunTime:0.0015s ]
SQL: SELECT * FROM `la_goods_category` WHERE `pid` = 0 ORDER BY sort DESC  [ RunTime:0.0007s ]
SQL: SELECT * FROM `la_goods_category` WHERE `pid` = 1 ORDER BY sort DESC  [ RunTime:0.0011s ]
SQL: SELECT * FROM `la_goods_category` WHERE `pid` = 17 ORDER BY sort DESC  [ RunTime:0.0009s ]
SQL: SELECT * FROM `la_goods_category` WHERE `pid` = 19 ORDER BY sort DESC  [ RunTime:0.0007s ]
SQL: SHOW COLUMNS FROM `la_goods` [ RunTime:0.0024s ]
SQL: SELECT `id`,`category_id`,`category_path`,`goods_image`,`goods_name` FROM `la_goods` WHERE `category_id` = 2 AND `goods_main_id` = 0 AND `is_delete` = 0 ORDER BY is_top DESC,add_time DESC LIMIT 0,10   [ RunTime:0.0034s ]

[ 2018-03-26T13:50:41+08:00 ] 192.168.47.1 /Goods/goods/catId/2.html
SQL: SHOW COLUMNS FROM `la_config` [ RunTime:0.0016s ]
SQL: SELECT `config_sign`,`config_value` FROM `la_config`  [ RunTime:0.0010s ]
SQL: SHOW COLUMNS FROM `la_seo` [ RunTime:0.0019s ]
SQL: SELECT `tags`,`meta_description`,`meta_keyword` FROM `la_seo` WHERE `id_mark` = 'ch_product_index' LIMIT 1   [ RunTime:0.0008s ]
SQL: SHOW COLUMNS FROM `la_goods_category` [ RunTime:0.0019s ]
SQL: SELECT * FROM `la_goods_category` WHERE `pid` = 0 ORDER BY sort DESC  [ RunTime:0.0009s ]
SQL: SELECT * FROM `la_goods_category` WHERE `pid` = 1 ORDER BY sort DESC  [ RunTime:0.0009s ]
SQL: SELECT * FROM `la_goods_category` WHERE `pid` = 17 ORDER BY sort DESC  [ RunTime:0.0009s ]
SQL: SELECT * FROM `la_goods_category` WHERE `pid` = 19 ORDER BY sort DESC  [ RunTime:0.0008s ]
SQL: SHOW COLUMNS FROM `la_goods` [ RunTime:0.0028s ]
SQL: SELECT `id`,`category_id`,`category_path`,`goods_image`,`goods_name` FROM `la_goods` WHERE `category_id` = 2 AND `goods_main_id` = 0 AND `is_delete` = 0 ORDER BY is_top DESC,add_time DESC LIMIT 0,10   [ RunTime:0.0033s ]

[ 2018-03-26T13:52:20+08:00 ] 192.168.47.1 /Goods/goods/catId/2.html
SQL: SHOW COLUMNS FROM `la_config` [ RunTime:0.0016s ]
SQL: SELECT `config_sign`,`config_value` FROM `la_config`  [ RunTime:0.0013s ]
SQL: SHOW COLUMNS FROM `la_seo` [ RunTime:0.0019s ]
SQL: SELECT `tags`,`meta_description`,`meta_keyword` FROM `la_seo` WHERE `id_mark` = 'ch_product_index' LIMIT 1   [ RunTime:0.0013s ]
SQL: SHOW COLUMNS FROM `la_goods_category` [ RunTime:0.0015s ]
SQL: SELECT * FROM `la_goods_category` WHERE `pid` = 0 ORDER BY sort DESC  [ RunTime:0.0014s ]
SQL: SELECT * FROM `la_goods_category` WHERE `pid` = 1 ORDER BY sort DESC  [ RunTime:0.0010s ]
SQL: SELECT * FROM `la_goods_category` WHERE `pid` = 17 ORDER BY sort DESC  [ RunTime:0.0008s ]
SQL: SELECT * FROM `la_goods_category` WHERE `pid` = 19 ORDER BY sort DESC  [ RunTime:0.0007s ]
SQL: SHOW COLUMNS FROM `la_goods` [ RunTime:0.0022s ]
SQL: SELECT `id`,`category_id`,`category_path`,`goods_image`,`goods_name` FROM `la_goods` WHERE `category_id` = 2 AND `goods_main_id` = 0 AND `is_delete` = 0 ORDER BY is_top DESC,add_time DESC LIMIT 0,10   [ RunTime:0.0031s ]

[ 2018-03-26T13:53:03+08:00 ] 192.168.47.1 /Goods/goods/catId/2.html
SQL: SHOW COLUMNS FROM `la_config` [ RunTime:0.0014s ]
SQL: SELECT `config_sign`,`config_value` FROM `la_config`  [ RunTime:0.0007s ]
SQL: SHOW COLUMNS FROM `la_seo` [ RunTime:0.0020s ]
SQL: SELECT `tags`,`meta_description`,`meta_keyword` FROM `la_seo` WHERE `id_mark` = 'ch_product_index' LIMIT 1   [ RunTime:0.0009s ]
SQL: SHOW COLUMNS FROM `la_goods_category` [ RunTime:0.0015s ]
SQL: SELECT * FROM `la_goods_category` WHERE `pid` = 0 ORDER BY sort DESC  [ RunTime:0.0008s ]
SQL: SELECT * FROM `la_goods_category` WHERE `pid` = 1 ORDER BY sort DESC  [ RunTime:0.0009s ]
SQL: SELECT * FROM `la_goods_category` WHERE `pid` = 17 ORDER BY sort DESC  [ RunTime:0.0015s ]
SQL: SELECT * FROM `la_goods_category` WHERE `pid` = 19 ORDER BY sort DESC  [ RunTime:0.0033s ]
SQL: SHOW COLUMNS FROM `la_goods` [ RunTime:0.0023s ]
SQL: SELECT `id`,`category_id`,`category_path`,`goods_image`,`goods_name` FROM `la_goods` WHERE `category_id` = 2 AND `goods_main_id` = 0 AND `is_delete` = 0 ORDER BY is_top DESC,add_time DESC LIMIT 0,10   [ RunTime:0.0032s ]

[ 2018-03-26T13:53:27+08:00 ] 192.168.47.1 /Goods/goods/catId/2.html
SQL: SHOW COLUMNS FROM `la_config` [ RunTime:0.0018s ]
SQL: SELECT `config_sign`,`config_value` FROM `la_config`  [ RunTime:0.0012s ]
SQL: SHOW COLUMNS FROM `la_seo` [ RunTime:0.0015s ]
SQL: SELECT `tags`,`meta_description`,`meta_keyword` FROM `la_seo` WHERE `id_mark` = 'ch_product_index' LIMIT 1   [ RunTime:0.0013s ]
SQL: SHOW COLUMNS FROM `la_goods_category` [ RunTime:0.0023s ]
SQL: SELECT * FROM `la_goods_category` WHERE `pid` = 0 ORDER BY sort DESC  [ RunTime:0.0009s ]
SQL: SELECT * FROM `la_goods_category` WHERE `pid` = 1 ORDER BY sort DESC  [ RunTime:0.0010s ]
SQL: SELECT * FROM `la_goods_category` WHERE `pid` = 17 ORDER BY sort DESC  [ RunTime:0.0016s ]
SQL: SELECT * FROM `la_goods_category` WHERE `pid` = 19 ORDER BY sort DESC  [ RunTime:0.0009s ]
SQL: SHOW COLUMNS FROM `la_goods` [ RunTime:0.0022s ]
SQL: SELECT `id`,`category_id`,`category_path`,`goods_image`,`goods_name` FROM `la_goods` WHERE `category_id` = 2 AND `goods_main_id` = 0 AND `is_delete` = 0 ORDER BY is_top DESC,add_time DESC LIMIT 0,10   [ RunTime:0.0032s ]

[ 2018-03-26T13:53:57+08:00 ] 192.168.47.1 /Goods/goods/catId/2.html
SQL: SHOW COLUMNS FROM `la_config` [ RunTime:0.0030s ]
SQL: SELECT `config_sign`,`config_value` FROM `la_config`  [ RunTime:0.0011s ]
SQL: SHOW COLUMNS FROM `la_seo` [ RunTime:0.0015s ]
SQL: SELECT `tags`,`meta_description`,`meta_keyword` FROM `la_seo` WHERE `id_mark` = 'ch_product_index' LIMIT 1   [ RunTime:0.0008s ]
SQL: SHOW COLUMNS FROM `la_goods_category` [ RunTime:0.0016s ]
SQL: SELECT * FROM `la_goods_category` WHERE `pid` = 0 ORDER BY sort DESC  [ RunTime:0.0010s ]
SQL: SELECT * FROM `la_goods_category` WHERE `pid` = 1 ORDER BY sort DESC  [ RunTime:0.0013s ]
SQL: SELECT * FROM `la_goods_category` WHERE `pid` = 17 ORDER BY sort DESC  [ RunTime:0.0009s ]
SQL: SELECT * FROM `la_goods_category` WHERE `pid` = 19 ORDER BY sort DESC  [ RunTime:0.0008s ]
SQL: SHOW COLUMNS FROM `la_goods` [ RunTime:0.0022s ]
SQL: SELECT `id`,`category_id`,`category_path`,`goods_image`,`goods_name` FROM `la_goods` WHERE `category_id` = 2 AND `goods_main_id` = 0 AND `is_delete` = 0 ORDER BY is_top DESC,add_time DESC LIMIT 0,10   [ RunTime:0.0032s ]

[ 2018-03-26T14:10:18+08:00 ] 192.168.47.1 /Goods/goods/catId/2.html
SQL: SHOW COLUMNS FROM `la_config` [ RunTime:0.0014s ]
SQL: SELECT `config_sign`,`config_value` FROM `la_config`  [ RunTime:0.0008s ]
SQL: SHOW COLUMNS FROM `la_seo` [ RunTime:0.0014s ]
SQL: SELECT `tags`,`meta_description`,`meta_keyword` FROM `la_seo` WHERE `id_mark` = 'ch_product_index' LIMIT 1   [ RunTime:0.0007s ]
SQL: SHOW COLUMNS FROM `la_goods_category` [ RunTime:0.0025s ]
SQL: SELECT * FROM `la_goods_category` WHERE `pid` = 0 ORDER BY sort DESC  [ RunTime:0.0009s ]
SQL: SELECT * FROM `la_goods_category` WHERE `pid` = 1 ORDER BY sort DESC  [ RunTime:0.0009s ]
SQL: SELECT * FROM `la_goods_category` WHERE `pid` = 17 ORDER BY sort DESC  [ RunTime:0.0008s ]
SQL: SELECT * FROM `la_goods_category` WHERE `pid` = 19 ORDER BY sort DESC  [ RunTime:0.0010s ]
SQL: SHOW COLUMNS FROM `la_goods` [ RunTime:0.0038s ]
SQL: SELECT `id`,`category_id`,`category_path`,`goods_image`,`goods_name` FROM `la_goods` WHERE `category_id` = 2 AND `goods_main_id` = 0 AND `is_delete` = 0 ORDER BY is_top DESC,add_time DESC LIMIT 0,10   [ RunTime:0.0041s ]

[ 2018-03-26T14:10:30+08:00 ] 192.168.47.1 /Goods/goods/catId/2.html
SQL: SHOW COLUMNS FROM `la_config` [ RunTime:0.0021s ]
SQL: SELECT `config_sign`,`config_value` FROM `la_config`  [ RunTime:0.0040s ]
SQL: SHOW COLUMNS FROM `la_seo` [ RunTime:0.0028s ]
SQL: SELECT `tags`,`meta_description`,`meta_keyword` FROM `la_seo` WHERE `id_mark` = 'ch_product_index' LIMIT 1   [ RunTime:0.0009s ]
SQL: SHOW COLUMNS FROM `la_goods_category` [ RunTime:0.0017s ]
SQL: SELECT * FROM `la_goods_category` WHERE `pid` = 0 ORDER BY sort DESC  [ RunTime:0.0024s ]
SQL: SELECT * FROM `la_goods_category` WHERE `pid` = 1 ORDER BY sort DESC  [ RunTime:0.0010s ]
SQL: SELECT * FROM `la_goods_category` WHERE `pid` = 17 ORDER BY sort DESC  [ RunTime:0.0009s ]
SQL: SELECT * FROM `la_goods_category` WHERE `pid` = 19 ORDER BY sort DESC  [ RunTime:0.0009s ]
SQL: SHOW COLUMNS FROM `la_goods` [ RunTime:0.0020s ]
SQL: SELECT `id`,`category_id`,`category_path`,`goods_image`,`goods_name` FROM `la_goods` WHERE `category_id` = 2 AND `goods_main_id` = 0 AND `is_delete` = 0 ORDER BY is_top DESC,add_time DESC LIMIT 0,10   [ RunTime:0.0032s ]

