[ 2018-03-07T09:55:29+08:00 ] 192.168.47.1 /Home
SQL: SHOW COLUMNS FROM `la_config` [ RunTime:0.0033s ]
SQL: SELECT `config_sign`,`config_value` FROM `la_config`  [ RunTime:0.0014s ]
SQL: SHOW COLUMNS FROM `la_seo` [ RunTime:0.0025s ]
SQL: SELECT `tags`,`meta_description`,`meta_keyword` FROM `la_seo` WHERE `id_mark` = 'ch_index' LIMIT 1   [ RunTime:0.0012s ]
SQL: SHOW COLUMNS FROM `la_goods_category` [ RunTime:0.0022s ]
SQL: SELECT * FROM `la_goods_category` WHERE `pid` = 1  [ RunTime:0.0016s ]
SQL: SHOW COLUMNS FROM `la_goods` [ RunTime:0.0034s ]
SQL: SELECT `id`,`category_id`,`category_path`,`goods_image`,`goods_name` FROM `la_goods` WHERE `goods_main_id` = 0 AND `is_delete` = 0 ORDER BY  add_time DESC  LIMIT 9   [ RunTime:0.0078s ]
SQL: SHOW COLUMNS FROM `la_ad` [ RunTime:0.0025s ]
SQL: SHOW COLUMNS FROM `la_goods_images` [ RunTime:0.0017s ]
SQL: SELECT `id`,`image`,`url` FROM `la_ad` WHERE `group_id` = 2 ORDER BY  add_time DESC   [ RunTime:0.0012s ]
SQL: SELECT COUNT(*) AS tp_count FROM `la_ad` WHERE `group_id` = 2 LIMIT 1   [ RunTime:0.0010s ]
SQL: SELECT `id`,`category_id`,`category_path`,`goods_image`,`goods_name` FROM `la_goods` WHERE `goods_main_id` = 0 AND `is_delete` = 0 ORDER BY  add_time DESC  LIMIT 9   [ RunTime:0.0038s ]
SQL: SHOW COLUMNS FROM `la_category` [ RunTime:0.0041s ]
SQL: SHOW COLUMNS FROM `la_product` [ RunTime:0.0034s ]
SQL: SHOW COLUMNS FROM `la_product_attr` [ RunTime:0.0018s ]
SQL: SELECT `id`,`limit`,`sort`,`root_id` FROM `la_category` WHERE `module_id` = 2 LIMIT 1   [ RunTime:0.0018s ]
SQL: SELECT `id`,`tree_id`,`cat_id`,`product_sn`,`product_name`,`oprice`,`bprice`,`thumb_files`,`upload_files`,`add_time`,`update_time`,`hits` FROM `la_product` ORDER BY  add_time DESC  LIMIT 6   [ RunTime:0.0018s ]
SQL: SHOW COLUMNS FROM `la_article` [ RunTime:0.0026s ]
SQL: SELECT `id`,`tree_id`,`cat_id`,`image`,`summary`,`title`,`hits`,`add_time` FROM `la_article` ORDER BY  add_time DESC  LIMIT 6   [ RunTime:0.0041s ]

[ 2018-03-07T09:58:11+08:00 ] 192.168.47.1 /Home
SQL: SHOW COLUMNS FROM `la_config` [ RunTime:0.0015s ]
SQL: SELECT `config_sign`,`config_value` FROM `la_config`  [ RunTime:0.0007s ]
SQL: SHOW COLUMNS FROM `la_seo` [ RunTime:0.0016s ]
SQL: SELECT `tags`,`meta_description`,`meta_keyword` FROM `la_seo` WHERE `id_mark` = 'ch_index' LIMIT 1   [ RunTime:0.0008s ]
SQL: SHOW COLUMNS FROM `la_goods_category` [ RunTime:0.0020s ]
SQL: SELECT * FROM `la_goods_category` WHERE `pid` = 1  [ RunTime:0.0013s ]
SQL: SHOW COLUMNS FROM `la_goods` [ RunTime:0.0035s ]
SQL: SELECT `id`,`category_id`,`category_path`,`goods_image`,`goods_name` FROM `la_goods` WHERE `goods_main_id` = 0 AND `is_delete` = 0 ORDER BY  add_time DESC  LIMIT 9   [ RunTime:0.0033s ]
SQL: SHOW COLUMNS FROM `la_ad` [ RunTime:0.0018s ]
SQL: SHOW COLUMNS FROM `la_goods_images` [ RunTime:0.0013s ]
SQL: SELECT `id`,`image`,`url` FROM `la_ad` WHERE `group_id` = 2 ORDER BY  add_time DESC   [ RunTime:0.0008s ]
SQL: SELECT COUNT(*) AS tp_count FROM `la_ad` WHERE `group_id` = 2 LIMIT 1   [ RunTime:0.0016s ]
SQL: SELECT `id`,`category_id`,`category_path`,`goods_image`,`goods_name` FROM `la_goods` WHERE `goods_main_id` = 0 AND `is_delete` = 0 ORDER BY  add_time DESC  LIMIT 9   [ RunTime:0.0028s ]
SQL: SHOW COLUMNS FROM `la_category` [ RunTime:0.0018s ]
SQL: SHOW COLUMNS FROM `la_product` [ RunTime:0.0019s ]
SQL: SHOW COLUMNS FROM `la_product_attr` [ RunTime:0.0012s ]
SQL: SELECT `id`,`limit`,`sort`,`root_id` FROM `la_category` WHERE `module_id` = 2 LIMIT 1   [ RunTime:0.0006s ]
SQL: SELECT `id`,`tree_id`,`cat_id`,`product_sn`,`product_name`,`oprice`,`bprice`,`thumb_files`,`upload_files`,`add_time`,`update_time`,`hits` FROM `la_product` ORDER BY  add_time DESC  LIMIT 6   [ RunTime:0.0011s ]
SQL: SHOW COLUMNS FROM `la_article` [ RunTime:0.0017s ]
SQL: SELECT `id`,`tree_id`,`cat_id`,`image`,`summary`,`title`,`hits`,`add_time` FROM `la_article` ORDER BY  add_time DESC  LIMIT 6   [ RunTime:0.0008s ]

[ 2018-03-07T09:59:51+08:00 ] 192.168.47.1 /Home
SQL: SHOW COLUMNS FROM `la_config` [ RunTime:0.0036s ]
SQL: SELECT `config_sign`,`config_value` FROM `la_config`  [ RunTime:0.0011s ]
SQL: SHOW COLUMNS FROM `la_seo` [ RunTime:0.0017s ]
SQL: SELECT `tags`,`meta_description`,`meta_keyword` FROM `la_seo` WHERE `id_mark` = 'ch_index' LIMIT 1   [ RunTime:0.0025s ]
SQL: SHOW COLUMNS FROM `la_goods_category` [ RunTime:0.0014s ]
SQL: SELECT * FROM `la_goods_category` WHERE `pid` = 1  [ RunTime:0.0009s ]
SQL: SHOW COLUMNS FROM `la_goods` [ RunTime:0.0022s ]
SQL: SELECT `id`,`category_id`,`category_path`,`goods_image`,`goods_name` FROM `la_goods` WHERE `goods_main_id` = 0 AND `is_delete` = 0 ORDER BY  add_time DESC  LIMIT 9   [ RunTime:0.0033s ]
SQL: SHOW COLUMNS FROM `la_ad` [ RunTime:0.0017s ]
SQL: SHOW COLUMNS FROM `la_goods_images` [ RunTime:0.0013s ]
SQL: SELECT `id`,`image`,`url` FROM `la_ad` WHERE `group_id` = 2 ORDER BY  add_time DESC   [ RunTime:0.0007s ]
SQL: SELECT COUNT(*) AS tp_count FROM `la_ad` WHERE `group_id` = 2 LIMIT 1   [ RunTime:0.0006s ]
SQL: SELECT `id`,`category_id`,`category_path`,`goods_image`,`goods_name` FROM `la_goods` WHERE `goods_main_id` = 0 AND `is_delete` = 0 ORDER BY  add_time DESC  LIMIT 9   [ RunTime:0.0027s ]
SQL: SHOW COLUMNS FROM `la_category` [ RunTime:0.0019s ]
SQL: SHOW COLUMNS FROM `la_product` [ RunTime:0.0021s ]
SQL: SHOW COLUMNS FROM `la_product_attr` [ RunTime:0.0021s ]
SQL: SELECT `id`,`limit`,`sort`,`root_id` FROM `la_category` WHERE `module_id` = 2 LIMIT 1   [ RunTime:0.0014s ]
SQL: SELECT `id`,`tree_id`,`cat_id`,`product_sn`,`product_name`,`oprice`,`bprice`,`thumb_files`,`upload_files`,`add_time`,`update_time`,`hits` FROM `la_product` ORDER BY  add_time DESC  LIMIT 6   [ RunTime:0.0012s ]
SQL: SHOW COLUMNS FROM `la_article` [ RunTime:0.0020s ]
SQL: SELECT `id`,`tree_id`,`cat_id`,`image`,`summary`,`title`,`hits`,`add_time` FROM `la_article` ORDER BY  add_time DESC  LIMIT 6   [ RunTime:0.0008s ]

[ 2018-03-07T10:02:48+08:00 ] 192.168.47.1 /Home
SQL: SHOW COLUMNS FROM `la_config` [ RunTime:0.0020s ]
SQL: SELECT `config_sign`,`config_value` FROM `la_config`  [ RunTime:0.0017s ]

[ 2018-03-07T10:02:48+08:00 ] 192.168.47.1 /Home
SQL: SHOW COLUMNS FROM `la_config` [ RunTime:0.0023s ]
SQL: SELECT `config_sign`,`config_value` FROM `la_config`  [ RunTime:0.0009s ]
SQL: SHOW COLUMNS FROM `la_seo` [ RunTime:0.0018s ]
SQL: SELECT `tags`,`meta_description`,`meta_keyword` FROM `la_seo` WHERE `id_mark` = 'ch_index' LIMIT 1   [ RunTime:0.0024s ]
SQL: SHOW COLUMNS FROM `la_goods_category` [ RunTime:0.0019s ]
SQL: SELECT * FROM `la_goods_category` WHERE `pid` = 1  [ RunTime:0.0051s ]
SQL: SHOW COLUMNS FROM `la_goods` [ RunTime:0.0023s ]
SQL: SELECT `id`,`category_id`,`category_path`,`goods_image`,`goods_name` FROM `la_goods` WHERE `goods_main_id` = 0 AND `is_delete` = 0 ORDER BY  add_time DESC  LIMIT 9   [ RunTime:0.0026s ]
SQL: SHOW COLUMNS FROM `la_ad` [ RunTime:0.0017s ]
SQL: SHOW COLUMNS FROM `la_goods_images` [ RunTime:0.0020s ]
SQL: SELECT `id`,`image`,`url` FROM `la_ad` WHERE `group_id` = 2 ORDER BY  add_time DESC   [ RunTime:0.0009s ]
SQL: SELECT COUNT(*) AS tp_count FROM `la_ad` WHERE `group_id` = 2 LIMIT 1   [ RunTime:0.0007s ]
SQL: SELECT `id`,`category_id`,`category_path`,`goods_image`,`goods_name` FROM `la_goods` WHERE `goods_main_id` = 0 AND `is_delete` = 0 ORDER BY  add_time DESC  LIMIT 9   [ RunTime:0.0029s ]
SQL: SHOW COLUMNS FROM `la_category` [ RunTime:0.0020s ]
SQL: SHOW COLUMNS FROM `la_product` [ RunTime:0.0019s ]
SQL: SHOW COLUMNS FROM `la_product_attr` [ RunTime:0.0011s ]
SQL: SELECT `id`,`limit`,`sort`,`root_id` FROM `la_category` WHERE `module_id` = 2 LIMIT 1   [ RunTime:0.0005s ]
SQL: SELECT `id`,`tree_id`,`cat_id`,`product_sn`,`product_name`,`oprice`,`bprice`,`thumb_files`,`upload_files`,`add_time`,`update_time`,`hits` FROM `la_product` ORDER BY  add_time DESC  LIMIT 6   [ RunTime:0.0011s ]
SQL: SHOW COLUMNS FROM `la_article` [ RunTime:0.0028s ]
SQL: SELECT `id`,`tree_id`,`cat_id`,`image`,`summary`,`title`,`hits`,`add_time` FROM `la_article` ORDER BY  add_time DESC  LIMIT 6   [ RunTime:0.0016s ]

[ 2018-03-07T10:29:54+08:00 ] 192.168.47.1 /Home
SQL: SHOW COLUMNS FROM `la_config` [ RunTime:0.0016s ]
SQL: SELECT `config_sign`,`config_value` FROM `la_config`  [ RunTime:0.0009s ]
SQL: SHOW COLUMNS FROM `la_seo` [ RunTime:0.0024s ]
SQL: SELECT `tags`,`meta_description`,`meta_keyword` FROM `la_seo` WHERE `id_mark` = 'ch_index' LIMIT 1   [ RunTime:0.0022s ]
SQL: SHOW COLUMNS FROM `la_goods_category` [ RunTime:0.0021s ]
SQL: SELECT * FROM `la_goods_category` WHERE `pid` = 1  [ RunTime:0.0022s ]
SQL: SHOW COLUMNS FROM `la_goods` [ RunTime:0.0026s ]
SQL: SELECT `id`,`category_id`,`category_path`,`goods_image`,`goods_name` FROM `la_goods` WHERE `goods_main_id` = 0 AND `is_delete` = 0 ORDER BY  add_time DESC  LIMIT 9   [ RunTime:0.0034s ]
SQL: SHOW COLUMNS FROM `la_ad` [ RunTime:0.0019s ]
SQL: SHOW COLUMNS FROM `la_goods_images` [ RunTime:0.0016s ]
SQL: SELECT `id`,`image`,`url` FROM `la_ad` WHERE `group_id` = 2 ORDER BY  add_time DESC   [ RunTime:0.0011s ]
SQL: SELECT COUNT(*) AS tp_count FROM `la_ad` WHERE `group_id` = 2 LIMIT 1   [ RunTime:0.0027s ]
SQL: SELECT `id`,`category_id`,`category_path`,`goods_image`,`goods_name` FROM `la_goods` WHERE `goods_main_id` = 0 AND `is_delete` = 0 ORDER BY  add_time DESC  LIMIT 9   [ RunTime:0.0033s ]
SQL: SHOW COLUMNS FROM `la_category` [ RunTime:0.0024s ]
SQL: SHOW COLUMNS FROM `la_product` [ RunTime:0.0025s ]
SQL: SHOW COLUMNS FROM `la_product_attr` [ RunTime:0.0021s ]
SQL: SELECT `id`,`limit`,`sort`,`root_id` FROM `la_category` WHERE `module_id` = 2 LIMIT 1   [ RunTime:0.0009s ]
SQL: SELECT `id`,`tree_id`,`cat_id`,`product_sn`,`product_name`,`oprice`,`bprice`,`thumb_files`,`upload_files`,`add_time`,`update_time`,`hits` FROM `la_product` ORDER BY  add_time DESC  LIMIT 6   [ RunTime:0.0013s ]
SQL: SHOW COLUMNS FROM `la_article` [ RunTime:0.0020s ]
SQL: SELECT `id`,`tree_id`,`cat_id`,`image`,`summary`,`title`,`hits`,`add_time` FROM `la_article` ORDER BY  add_time DESC  LIMIT 6   [ RunTime:0.0010s ]

[ 2018-03-07T10:32:05+08:00 ] 192.168.47.1 /About/aboutUs
SQL: SHOW COLUMNS FROM `la_config` [ RunTime:0.0013s ]
SQL: SELECT `config_sign`,`config_value` FROM `la_config`  [ RunTime:0.0007s ]
SQL: SHOW COLUMNS FROM `la_goods_category` [ RunTime:0.0016s ]
SQL: SELECT * FROM `la_goods_category` WHERE `pid` = 1  [ RunTime:0.0010s ]
SQL: SHOW COLUMNS FROM `la_about` [ RunTime:0.0016s ]
SQL: SELECT * FROM `la_about` WHERE `tree_id` = 61 AND `cat_id` = 61 LIMIT 1   [ RunTime:0.0017s ]
SQL: SELECT * FROM `la_about` WHERE `tree_id` = 61 AND `cat_id` = 62 LIMIT 1   [ RunTime:0.0013s ]
SQL: SELECT * FROM `la_about` WHERE `tree_id` = 61 AND `cat_id` = 71 LIMIT 1   [ RunTime:0.0009s ]

[ 2018-03-07T10:37:28+08:00 ] 192.168.47.1 /About/aboutUs
SQL: SHOW COLUMNS FROM `la_config` [ RunTime:0.0017s ]
SQL: SELECT `config_sign`,`config_value` FROM `la_config`  [ RunTime:0.0007s ]
SQL: SHOW COLUMNS FROM `la_goods_category` [ RunTime:0.0016s ]
SQL: SELECT * FROM `la_goods_category` WHERE `pid` = 1  [ RunTime:0.0010s ]
SQL: SHOW COLUMNS FROM `la_about` [ RunTime:0.0016s ]
SQL: SELECT * FROM `la_about` WHERE `tree_id` = 61 AND `cat_id` = 61 LIMIT 1   [ RunTime:0.0009s ]
SQL: SELECT * FROM `la_about` WHERE `tree_id` = 61 AND `cat_id` = 62 LIMIT 1   [ RunTime:0.0012s ]
SQL: SELECT * FROM `la_about` WHERE `tree_id` = 61 AND `cat_id` = 71 LIMIT 1   [ RunTime:0.0008s ]

[ 2018-03-07T10:44:15+08:00 ] 192.168.47.1 /About/aboutUs
SQL: SHOW COLUMNS FROM `la_config` [ RunTime:0.0013s ]
SQL: SELECT `config_sign`,`config_value` FROM `la_config`  [ RunTime:0.0007s ]
SQL: SHOW COLUMNS FROM `la_goods_category` [ RunTime:0.0018s ]
SQL: SELECT * FROM `la_goods_category` WHERE `pid` = 1  [ RunTime:0.0010s ]
SQL: SHOW COLUMNS FROM `la_about` [ RunTime:0.0016s ]
SQL: SELECT * FROM `la_about` WHERE `tree_id` = 61 AND `cat_id` = 61 LIMIT 1   [ RunTime:0.0009s ]
SQL: SELECT * FROM `la_about` WHERE `tree_id` = 61 AND `cat_id` = 62 LIMIT 1   [ RunTime:0.0033s ]
SQL: SELECT * FROM `la_about` WHERE `tree_id` = 61 AND `cat_id` = 71 LIMIT 1   [ RunTime:0.0009s ]

[ 2018-03-07T14:16:41+08:00 ] 192.168.47.1 /Home
SQL: SHOW COLUMNS FROM `la_config` [ RunTime:0.0062s ]
SQL: SELECT `config_sign`,`config_value` FROM `la_config`  [ RunTime:0.0027s ]

[ 2018-03-07T14:16:41+08:00 ] 192.168.47.1 /Home
SQL: SHOW COLUMNS FROM `la_config` [ RunTime:0.0032s ]
SQL: SELECT `config_sign`,`config_value` FROM `la_config`  [ RunTime:0.0029s ]
SQL: SHOW COLUMNS FROM `la_seo` [ RunTime:0.0018s ]
SQL: SELECT `tags`,`meta_description`,`meta_keyword` FROM `la_seo` WHERE `id_mark` = 'ch_index' LIMIT 1   [ RunTime:0.0029s ]
SQL: SHOW COLUMNS FROM `la_goods_category` [ RunTime:0.0018s ]
SQL: SELECT * FROM `la_goods_category` WHERE `pid` = 1  [ RunTime:0.0014s ]
SQL: SHOW COLUMNS FROM `la_goods` [ RunTime:0.0021s ]
SQL: SELECT `id`,`category_id`,`category_path`,`goods_image`,`goods_name` FROM `la_goods` WHERE `goods_main_id` = 0 AND `is_delete` = 0 ORDER BY  add_time DESC  LIMIT 9   [ RunTime:0.0028s ]
SQL: SHOW COLUMNS FROM `la_ad` [ RunTime:0.0016s ]
SQL: SHOW COLUMNS FROM `la_goods_images` [ RunTime:0.0012s ]
SQL: SELECT `id`,`image`,`url` FROM `la_ad` WHERE `group_id` = 2 ORDER BY  add_time DESC   [ RunTime:0.0009s ]
SQL: SELECT COUNT(*) AS tp_count FROM `la_ad` WHERE `group_id` = 2 LIMIT 1   [ RunTime:0.0008s ]
SQL: SELECT `id`,`category_id`,`category_path`,`goods_image`,`goods_name` FROM `la_goods` WHERE `goods_main_id` = 0 AND `is_delete` = 0 ORDER BY  add_time DESC  LIMIT 9   [ RunTime:0.0025s ]
SQL: SHOW COLUMNS FROM `la_category` [ RunTime:0.0026s ]
SQL: SHOW COLUMNS FROM `la_product` [ RunTime:0.0019s ]
SQL: SHOW COLUMNS FROM `la_product_attr` [ RunTime:0.0011s ]
SQL: SELECT `id`,`limit`,`sort`,`root_id` FROM `la_category` WHERE `module_id` = 2 LIMIT 1   [ RunTime:0.0008s ]
SQL: SELECT `id`,`tree_id`,`cat_id`,`product_sn`,`product_name`,`oprice`,`bprice`,`thumb_files`,`upload_files`,`add_time`,`update_time`,`hits` FROM `la_product` ORDER BY  add_time DESC  LIMIT 6   [ RunTime:0.0015s ]
SQL: SHOW COLUMNS FROM `la_article` [ RunTime:0.0023s ]
SQL: SELECT `id`,`tree_id`,`cat_id`,`image`,`summary`,`title`,`hits`,`add_time` FROM `la_article` ORDER BY  add_time DESC  LIMIT 6   [ RunTime:0.0015s ]

[ 2018-03-07T14:16:51+08:00 ] 192.168.47.1 /Home
SQL: SHOW COLUMNS FROM `la_config` [ RunTime:0.0014s ]
SQL: SELECT `config_sign`,`config_value` FROM `la_config`  [ RunTime:0.0008s ]
SQL: SHOW COLUMNS FROM `la_seo` [ RunTime:0.0013s ]
SQL: SELECT `tags`,`meta_description`,`meta_keyword` FROM `la_seo` WHERE `id_mark` = 'ch_index' LIMIT 1   [ RunTime:0.0007s ]
SQL: SHOW COLUMNS FROM `la_goods_category` [ RunTime:0.0016s ]
SQL: SELECT * FROM `la_goods_category` WHERE `pid` = 1  [ RunTime:0.0009s ]
SQL: SHOW COLUMNS FROM `la_goods` [ RunTime:0.0020s ]
SQL: SELECT `id`,`category_id`,`category_path`,`goods_image`,`goods_name` FROM `la_goods` WHERE `goods_main_id` = 0 AND `is_delete` = 0 ORDER BY  add_time DESC  LIMIT 9   [ RunTime:0.0026s ]
SQL: SHOW COLUMNS FROM `la_ad` [ RunTime:0.0032s ]
SQL: SHOW COLUMNS FROM `la_goods_images` [ RunTime:0.0017s ]
SQL: SELECT `id`,`image`,`url` FROM `la_ad` WHERE `group_id` = 2 ORDER BY  add_time DESC   [ RunTime:0.0007s ]
SQL: SELECT COUNT(*) AS tp_count FROM `la_ad` WHERE `group_id` = 2 LIMIT 1   [ RunTime:0.0006s ]
SQL: SELECT `id`,`category_id`,`category_path`,`goods_image`,`goods_name` FROM `la_goods` WHERE `goods_main_id` = 0 AND `is_delete` = 0 ORDER BY  add_time DESC  LIMIT 9   [ RunTime:0.0024s ]
SQL: SHOW COLUMNS FROM `la_category` [ RunTime:0.0016s ]
SQL: SHOW COLUMNS FROM `la_product` [ RunTime:0.0017s ]
SQL: SHOW COLUMNS FROM `la_product_attr` [ RunTime:0.0010s ]
SQL: SELECT `id`,`limit`,`sort`,`root_id` FROM `la_category` WHERE `module_id` = 2 LIMIT 1   [ RunTime:0.0006s ]
SQL: SELECT `id`,`tree_id`,`cat_id`,`product_sn`,`product_name`,`oprice`,`bprice`,`thumb_files`,`upload_files`,`add_time`,`update_time`,`hits` FROM `la_product` ORDER BY  add_time DESC  LIMIT 6   [ RunTime:0.0013s ]
SQL: SHOW COLUMNS FROM `la_article` [ RunTime:0.0018s ]
SQL: SELECT `id`,`tree_id`,`cat_id`,`image`,`summary`,`title`,`hits`,`add_time` FROM `la_article` ORDER BY  add_time DESC  LIMIT 6   [ RunTime:0.0008s ]

[ 2018-03-07T14:58:50+08:00 ] 192.168.47.1 /About/aboutUs
SQL: SHOW COLUMNS FROM `la_config` [ RunTime:0.0015s ]
SQL: SELECT `config_sign`,`config_value` FROM `la_config`  [ RunTime:0.0009s ]
SQL: SHOW COLUMNS FROM `la_goods_category` [ RunTime:0.0016s ]
SQL: SELECT * FROM `la_goods_category` WHERE `pid` = 1  [ RunTime:0.0028s ]
SQL: SHOW COLUMNS FROM `la_about` [ RunTime:0.0017s ]
SQL: SELECT * FROM `la_about` WHERE `tree_id` = 61 AND `cat_id` = 61 LIMIT 1   [ RunTime:0.0008s ]
SQL: SELECT * FROM `la_about` WHERE `tree_id` = 61 AND `cat_id` = 62 LIMIT 1   [ RunTime:0.0019s ]
SQL: SELECT * FROM `la_about` WHERE `tree_id` = 61 AND `cat_id` = 71 LIMIT 1   [ RunTime:0.0009s ]

[ 2018-03-07T14:59:35+08:00 ] 192.168.47.1 /About/aboutUs
SQL: SHOW COLUMNS FROM `la_config` [ RunTime:0.0013s ]
SQL: SELECT `config_sign`,`config_value` FROM `la_config`  [ RunTime:0.0007s ]
SQL: SHOW COLUMNS FROM `la_goods_category` [ RunTime:0.0016s ]
SQL: SELECT * FROM `la_goods_category` WHERE `pid` = 1  [ RunTime:0.0010s ]
SQL: SHOW COLUMNS FROM `la_about` [ RunTime:0.0015s ]
SQL: SELECT * FROM `la_about` WHERE `tree_id` = 61 AND `cat_id` = 61 LIMIT 1   [ RunTime:0.0008s ]
SQL: SELECT * FROM `la_about` WHERE `tree_id` = 61 AND `cat_id` = 62 LIMIT 1   [ RunTime:0.0012s ]
SQL: SELECT * FROM `la_about` WHERE `tree_id` = 61 AND `cat_id` = 71 LIMIT 1   [ RunTime:0.0009s ]

[ 2018-03-07T15:00:07+08:00 ] 192.168.47.1 /About/aboutUs
SQL: SHOW COLUMNS FROM `la_config` [ RunTime:0.0014s ]
SQL: SELECT `config_sign`,`config_value` FROM `la_config`  [ RunTime:0.0007s ]
SQL: SHOW COLUMNS FROM `la_goods_category` [ RunTime:0.0017s ]
SQL: SELECT * FROM `la_goods_category` WHERE `pid` = 1  [ RunTime:0.0010s ]
SQL: SHOW COLUMNS FROM `la_about` [ RunTime:0.0015s ]
SQL: SELECT * FROM `la_about` WHERE `tree_id` = 61 AND `cat_id` = 61 LIMIT 1   [ RunTime:0.0008s ]
SQL: SELECT * FROM `la_about` WHERE `tree_id` = 61 AND `cat_id` = 62 LIMIT 1   [ RunTime:0.0012s ]
SQL: SELECT * FROM `la_about` WHERE `tree_id` = 61 AND `cat_id` = 71 LIMIT 1   [ RunTime:0.0008s ]

[ 2018-03-07T15:04:48+08:00 ] 192.168.47.1 /About/aboutUs
SQL: SHOW COLUMNS FROM `la_config` [ RunTime:0.0019s ]
SQL: SELECT `config_sign`,`config_value` FROM `la_config`  [ RunTime:0.0008s ]
SQL: SHOW COLUMNS FROM `la_goods_category` [ RunTime:0.0016s ]
SQL: SELECT * FROM `la_goods_category` WHERE `pid` = 1  [ RunTime:0.0010s ]
SQL: SHOW COLUMNS FROM `la_about` [ RunTime:0.0014s ]
SQL: SELECT * FROM `la_about` WHERE `tree_id` = 61 AND `cat_id` = 61 LIMIT 1   [ RunTime:0.0008s ]
SQL: SELECT * FROM `la_about` WHERE `tree_id` = 61 AND `cat_id` = 62 LIMIT 1   [ RunTime:0.0012s ]
SQL: SELECT * FROM `la_about` WHERE `tree_id` = 61 AND `cat_id` = 71 LIMIT 1   [ RunTime:0.0008s ]

[ 2018-03-07T15:08:15+08:00 ] 192.168.47.1 /About/aboutUs
SQL: SHOW COLUMNS FROM `la_config` [ RunTime:0.0027s ]
SQL: SELECT `config_sign`,`config_value` FROM `la_config`  [ RunTime:0.0013s ]
SQL: SHOW COLUMNS FROM `la_goods_category` [ RunTime:0.0012s ]
SQL: SELECT * FROM `la_goods_category` WHERE `pid` = 1  [ RunTime:0.0008s ]
SQL: SHOW COLUMNS FROM `la_about` [ RunTime:0.0011s ]
SQL: SELECT * FROM `la_about` WHERE `tree_id` = 61 AND `cat_id` = 61 LIMIT 1   [ RunTime:0.0010s ]
SQL: SELECT * FROM `la_about` WHERE `tree_id` = 61 AND `cat_id` = 62 LIMIT 1   [ RunTime:0.0013s ]
SQL: SELECT * FROM `la_about` WHERE `tree_id` = 61 AND `cat_id` = 71 LIMIT 1   [ RunTime:0.0008s ]

