[ 2018-02-02T15:41:51+08:00 ] 192.168.47.1 /Home
SQL: SHOW COLUMNS FROM `la_config` [ RunTime:0.0015s ]
SQL: SELECT `config_sign`,`config_value` FROM `la_config`  [ RunTime:0.0006s ]
SQL: SHOW COLUMNS FROM `la_seo` [ RunTime:0.0008s ]
SQL: SELECT `tags`,`meta_description`,`meta_keyword` FROM `la_seo` WHERE `id_mark` = 'ch_index' LIMIT 1   [ RunTime:0.0006s ]
SQL: SHOW COLUMNS FROM `la_category` [ RunTime:0.0026s ]
SQL: SHOW COLUMNS FROM `la_product` [ RunTime:0.0026s ]
SQL: SHOW COLUMNS FROM `la_product_attr` [ RunTime:0.0015s ]
SQL: SELECT * FROM `la_category` WHERE `tree_id` = 5 AND `depth` = 1  [ RunTime:0.0025s ]
SQL: SHOW COLUMNS FROM `la_ad` [ RunTime:0.0019s ]
SQL: SHOW COLUMNS FROM `la_goods_images` [ RunTime:0.0014s ]
SQL: SELECT `id`,`image`,`url` FROM `la_ad` WHERE `group_id` = 2 ORDER BY  add_time DESC   [ RunTime:0.0010s ]
SQL: SELECT COUNT(*) AS tp_count FROM `la_ad` WHERE `group_id` = 2 LIMIT 1   [ RunTime:0.0010s ]
SQL: SELECT `id`,`limit`,`sort`,`root_id` FROM `la_category` WHERE `module_id` = 2 LIMIT 1   [ RunTime:0.0009s ]
SQL: SELECT `id`,`tree_id`,`cat_id`,`product_sn`,`product_name`,`oprice`,`bprice`,`thumb_files`,`upload_files`,`add_time`,`update_time`,`hits` FROM `la_product` ORDER BY  add_time DESC  LIMIT 6   [ RunTime:0.0015s ]
SQL: SHOW COLUMNS FROM `la_article` [ RunTime:0.0021s ]
SQL: SELECT `id`,`tree_id`,`cat_id`,`image`,`summary`,`title`,`hits`,`add_time` FROM `la_article` ORDER BY  add_time DESC  LIMIT 6   [ RunTime:0.0012s ]

[ 2018-02-02T17:49:01+08:00 ] 192.168.47.1 /Home
SQL: SHOW COLUMNS FROM `la_config` [ RunTime:0.0018s ]
SQL: SELECT `config_sign`,`config_value` FROM `la_config`  [ RunTime:0.0011s ]
SQL: SHOW COLUMNS FROM `la_seo` [ RunTime:0.0018s ]
SQL: SELECT `tags`,`meta_description`,`meta_keyword` FROM `la_seo` WHERE `id_mark` = 'ch_index' LIMIT 1   [ RunTime:0.0028s ]
SQL: SHOW COLUMNS FROM `la_category` [ RunTime:0.0021s ]
SQL: SHOW COLUMNS FROM `la_product` [ RunTime:0.0021s ]
SQL: SHOW COLUMNS FROM `la_product_attr` [ RunTime:0.0012s ]
SQL: SELECT * FROM `la_category` WHERE `tree_id` = 5 AND `depth` = 1  [ RunTime:0.0013s ]
SQL: SHOW COLUMNS FROM `la_ad` [ RunTime:0.0015s ]
SQL: SHOW COLUMNS FROM `la_goods_images` [ RunTime:0.0013s ]
SQL: SELECT `id`,`image`,`url` FROM `la_ad` WHERE `group_id` = 2 ORDER BY  add_time DESC   [ RunTime:0.0007s ]
SQL: SELECT COUNT(*) AS tp_count FROM `la_ad` WHERE `group_id` = 2 LIMIT 1   [ RunTime:0.0006s ]
SQL: SELECT `id`,`limit`,`sort`,`root_id` FROM `la_category` WHERE `module_id` = 2 LIMIT 1   [ RunTime:0.0007s ]
SQL: SELECT `id`,`tree_id`,`cat_id`,`product_sn`,`product_name`,`oprice`,`bprice`,`thumb_files`,`upload_files`,`add_time`,`update_time`,`hits` FROM `la_product` ORDER BY  add_time DESC  LIMIT 6   [ RunTime:0.0015s ]
SQL: SHOW COLUMNS FROM `la_article` [ RunTime:0.0029s ]
SQL: SELECT `id`,`tree_id`,`cat_id`,`image`,`summary`,`title`,`hits`,`add_time` FROM `la_article` ORDER BY  add_time DESC  LIMIT 6   [ RunTime:0.0013s ]

