[ 2018-01-20T09:45:28+08:00 ] 192.168.47.1 /Home/
ERR: 无法加载控制器:Index.php

[ 2018-01-20T09:45:33+08:00 ] 192.168.47.1 /Home/
ERR: 无法加载控制器:Index.php

[ 2018-01-20T09:45:46+08:00 ] 192.168.47.1 /Home
SQL: SHOW COLUMNS FROM `la_config` [ RunTime:0.0018s ]
SQL: SELECT `config_sign`,`config_value` FROM `la_config`  [ RunTime:0.0017s ]
SQL: SHOW COLUMNS FROM `la_seo` [ RunTime:0.0017s ]
SQL: SELECT `tags`,`meta_description`,`meta_keyword` FROM `la_seo` WHERE `id_mark` = 'ch_index' LIMIT 1   [ RunTime:0.0016s ]
SQL: SHOW COLUMNS FROM `la_category` [ RunTime:0.0021s ]
SQL: SHOW COLUMNS FROM `la_product` [ RunTime:0.0022s ]
SQL: SHOW COLUMNS FROM `la_product_attr` [ RunTime:0.0011s ]
SQL: SELECT * FROM `la_category` WHERE `tree_id` = 5 AND `depth` = 1  [ RunTime:0.0019s ]
SQL: SHOW COLUMNS FROM `la_ad` [ RunTime:0.0028s ]
SQL: SHOW COLUMNS FROM `la_goods_images` [ RunTime:0.0024s ]
SQL: SELECT `id`,`image`,`url` FROM `la_ad` WHERE `group_id` = 2 ORDER BY  add_time DESC   [ RunTime:0.0012s ]
SQL: SELECT `id`,`limit`,`sort`,`root_id` FROM `la_category` WHERE `module_id` = 2 LIMIT 1   [ RunTime:0.0006s ]
SQL: SELECT `id`,`tree_id`,`cat_id`,`product_sn`,`product_name`,`oprice`,`bprice`,`thumb_files`,`upload_files`,`add_time`,`update_time`,`hits` FROM `la_product` ORDER BY  add_time DESC  LIMIT 6   [ RunTime:0.0012s ]
SQL: SHOW COLUMNS FROM `la_article` [ RunTime:0.0028s ]
SQL: SELECT `id`,`tree_id`,`cat_id`,`image`,`summary`,`title`,`hits`,`add_time` FROM `la_article` ORDER BY  add_time DESC  LIMIT 6   [ RunTime:0.0009s ]

[ 2018-01-20T09:53:09+08:00 ] 192.168.47.1 /Home
SQL: SHOW COLUMNS FROM `la_config` [ RunTime:0.0017s ]
SQL: SELECT `config_sign`,`config_value` FROM `la_config`  [ RunTime:0.0017s ]
SQL: SHOW COLUMNS FROM `la_seo` [ RunTime:0.0016s ]
SQL: SELECT `tags`,`meta_description`,`meta_keyword` FROM `la_seo` WHERE `id_mark` = 'ch_index' LIMIT 1   [ RunTime:0.0007s ]
SQL: SHOW COLUMNS FROM `la_category` [ RunTime:0.0021s ]
SQL: SHOW COLUMNS FROM `la_product` [ RunTime:0.0022s ]
SQL: SHOW COLUMNS FROM `la_product_attr` [ RunTime:0.0014s ]
SQL: SELECT * FROM `la_category` WHERE `tree_id` = 5 AND `depth` = 1  [ RunTime:0.0013s ]
SQL: SHOW COLUMNS FROM `la_ad` [ RunTime:0.0016s ]
SQL: SHOW COLUMNS FROM `la_goods_images` [ RunTime:0.0011s ]
SQL: SELECT `id`,`image`,`url` FROM `la_ad` WHERE `group_id` = 2 ORDER BY  add_time DESC   [ RunTime:0.0007s ]
SQL: SELECT `id`,`limit`,`sort`,`root_id` FROM `la_category` WHERE `module_id` = 2 LIMIT 1   [ RunTime:0.0011s ]
SQL: SELECT `id`,`tree_id`,`cat_id`,`product_sn`,`product_name`,`oprice`,`bprice`,`thumb_files`,`upload_files`,`add_time`,`update_time`,`hits` FROM `la_product` ORDER BY  add_time DESC  LIMIT 6   [ RunTime:0.0013s ]
SQL: SHOW COLUMNS FROM `la_article` [ RunTime:0.0029s ]
SQL: SELECT `id`,`tree_id`,`cat_id`,`image`,`summary`,`title`,`hits`,`add_time` FROM `la_article` ORDER BY  add_time DESC  LIMIT 6   [ RunTime:0.0012s ]

[ 2018-01-20T09:53:32+08:00 ] 192.168.47.1 /Home
SQL: SHOW COLUMNS FROM `la_config` [ RunTime:0.0014s ]
SQL: SELECT `config_sign`,`config_value` FROM `la_config`  [ RunTime:0.0007s ]
SQL: SHOW COLUMNS FROM `la_seo` [ RunTime:0.0031s ]
SQL: SELECT `tags`,`meta_description`,`meta_keyword` FROM `la_seo` WHERE `id_mark` = 'ch_index' LIMIT 1   [ RunTime:0.0014s ]
SQL: SHOW COLUMNS FROM `la_category` [ RunTime:0.0020s ]
SQL: SHOW COLUMNS FROM `la_product` [ RunTime:0.0026s ]
SQL: SHOW COLUMNS FROM `la_product_attr` [ RunTime:0.0012s ]
SQL: SELECT * FROM `la_category` WHERE `tree_id` = 5 AND `depth` = 1  [ RunTime:0.0013s ]
SQL: SHOW COLUMNS FROM `la_ad` [ RunTime:0.0014s ]
SQL: SHOW COLUMNS FROM `la_goods_images` [ RunTime:0.0011s ]
SQL: SELECT `id`,`image`,`url` FROM `la_ad` WHERE `group_id` = 2 ORDER BY  add_time DESC   [ RunTime:0.0008s ]
SQL: SELECT `id`,`limit`,`sort`,`root_id` FROM `la_category` WHERE `module_id` = 2 LIMIT 1   [ RunTime:0.0005s ]
SQL: SELECT `id`,`tree_id`,`cat_id`,`product_sn`,`product_name`,`oprice`,`bprice`,`thumb_files`,`upload_files`,`add_time`,`update_time`,`hits` FROM `la_product` ORDER BY  add_time DESC  LIMIT 6   [ RunTime:0.0009s ]
SQL: SHOW COLUMNS FROM `la_article` [ RunTime:0.0020s ]
SQL: SELECT `id`,`tree_id`,`cat_id`,`image`,`summary`,`title`,`hits`,`add_time` FROM `la_article` ORDER BY  add_time DESC  LIMIT 6   [ RunTime:0.0008s ]

[ 2018-01-20T10:01:29+08:00 ] 192.168.47.1 /Product/productDetail/id/82.html
SQL: SHOW COLUMNS FROM `la_config` [ RunTime:0.0014s ]
SQL: SELECT `config_sign`,`config_value` FROM `la_config`  [ RunTime:0.0007s ]
SQL: SHOW COLUMNS FROM `la_category` [ RunTime:0.0020s ]
SQL: SHOW COLUMNS FROM `la_product` [ RunTime:0.0025s ]
SQL: SHOW COLUMNS FROM `la_product_attr` [ RunTime:0.0018s ]
SQL: SELECT * FROM `la_product` WHERE `id` = 82 LIMIT 1   [ RunTime:0.0014s ]
SQL: SHOW COLUMNS FROM `la_goods_attr_name` [ RunTime:0.0012s ]
SQL: SHOW COLUMNS FROM `la_goods_attr_value` [ RunTime:0.0012s ]
SQL: SHOW COLUMNS FROM `la_module_attr` [ RunTime:0.0015s ]
SQL: SELECT `id`,`type_name` as `attr_name` FROM `la_module_attr` WHERE `module_id` = 2 AND `tree_id` IN ('0','5')  [ RunTime:0.0007s ]
SQL: SELECT * FROM `la_goods_attr_value` WHERE `id` = 1 LIMIT 1   [ RunTime:0.0005s ]
SQL: SELECT * FROM `la_goods_attr_value` WHERE `id` = 111 LIMIT 1   [ RunTime:0.0005s ]
SQL: SELECT * FROM `la_goods_attr_value` WHERE `id` = 112 LIMIT 1   [ RunTime:0.0005s ]
SQL: SELECT * FROM `la_goods_attr_value` WHERE `id` = 18 LIMIT 1   [ RunTime:0.0005s ]
SQL: SELECT `id`,`product_name` FROM `la_product` WHERE (  id < 82  ) ORDER BY  id DESC  LIMIT 1   [ RunTime:0.0006s ]
SQL: SELECT `id`,`product_name` FROM `la_product` WHERE (  id > 82  ) ORDER BY  id ASC  LIMIT 1   [ RunTime:0.0007s ]
SQL: SELECT `id`,`root_id`,`cat_path`,`tags`,`meta_description`,`meta_keyword` FROM `la_category` WHERE `id` = 0 LIMIT 1   [ RunTime:0.0006s ]
SQL: SHOW COLUMNS FROM `la_seo` [ RunTime:0.0012s ]
SQL: SELECT `tags`,`meta_keyword`,`meta_description` FROM `la_seo` WHERE `id_mark` = 'ch_product_index' LIMIT 1   [ RunTime:0.0006s ]
SQL: SELECT `cat_name` FROM `la_category` WHERE `id` = 0 LIMIT 1   [ RunTime:0.0006s ]
SQL: SHOW COLUMNS FROM `la_ad` [ RunTime:0.0014s ]
SQL: SHOW COLUMNS FROM `la_goods_images` [ RunTime:0.0011s ]
SQL: SELECT * FROM `la_goods_images` WHERE `goods_id` = 82  [ RunTime:0.0009s ]

[ 2018-01-20T10:01:30+08:00 ] 192.168.47.1 /Product/productDetail/id/%3C!----%3E
SQL: SHOW COLUMNS FROM `la_config` [ RunTime:0.0017s ]
SQL: SELECT `config_sign`,`config_value` FROM `la_config`  [ RunTime:0.0069s ]

[ 2018-01-20T10:01:41+08:00 ] 192.168.47.1 /Article/article.html
SQL: SHOW COLUMNS FROM `la_config` [ RunTime:0.0018s ]
SQL: SELECT `config_sign`,`config_value` FROM `la_config`  [ RunTime:0.0011s ]
SQL: SHOW COLUMNS FROM `la_seo` [ RunTime:0.0017s ]
SQL: SELECT `tags`,`meta_description`,`meta_keyword` FROM `la_seo` WHERE `id_mark` = 'ch_article_index' LIMIT 1   [ RunTime:0.0008s ]
SQL: SHOW COLUMNS FROM `la_category` [ RunTime:0.0020s ]
SQL: SHOW COLUMNS FROM `la_product` [ RunTime:0.0026s ]
SQL: SHOW COLUMNS FROM `la_product_attr` [ RunTime:0.0012s ]
SQL: SELECT * FROM `la_category` WHERE `tree_id` = 5 AND `depth` = 1  [ RunTime:0.0012s ]
SQL: SHOW COLUMNS FROM `la_article` [ RunTime:0.0019s ]
SQL: SELECT COUNT(*) AS tp_count FROM `la_article` LIMIT 1   [ RunTime:0.0006s ]
SQL: SELECT `id`,`tree_id`,`cat_id`,`image`,`title`,`summary`,`add_time` FROM `la_article` ORDER BY  add_time DESC  LIMIT 0,10   [ RunTime:0.0010s ]

[ 2018-01-20T10:01:44+08:00 ] 192.168.47.1 /Article/articleDetail/id/23.html
SQL: SHOW COLUMNS FROM `la_config` [ RunTime:0.0014s ]
SQL: SELECT `config_sign`,`config_value` FROM `la_config`  [ RunTime:0.0007s ]
SQL: SHOW COLUMNS FROM `la_article` [ RunTime:0.0020s ]
SQL: SELECT * FROM `la_article` WHERE `id` = 23 LIMIT 1   [ RunTime:0.0016s ]
SQL: SELECT `id`,`title` FROM `la_article` WHERE (  id < 23  ) ORDER BY  id DESC  LIMIT 1   [ RunTime:0.0006s ]
SQL: SELECT `id`,`title` FROM `la_article` WHERE (  id > 23  ) ORDER BY  id ASC  LIMIT 1   [ RunTime:0.0004s ]
SQL: SHOW COLUMNS FROM `la_category` [ RunTime:0.0020s ]
SQL: SELECT `id`,`root_id`,`cat_path`,`tags`,`meta_description`,`meta_keyword` FROM `la_category` WHERE `id` = 2 LIMIT 1   [ RunTime:0.0007s ]

[ 2018-01-20T10:01:47+08:00 ] 192.168.47.1 /Article/articleDetail/id/22.html
SQL: SHOW COLUMNS FROM `la_config` [ RunTime:0.0014s ]
SQL: SELECT `config_sign`,`config_value` FROM `la_config`  [ RunTime:0.0007s ]
SQL: SHOW COLUMNS FROM `la_article` [ RunTime:0.0021s ]
SQL: SELECT * FROM `la_article` WHERE `id` = 22 LIMIT 1   [ RunTime:0.0030s ]
SQL: SELECT `id`,`title` FROM `la_article` WHERE (  id < 22  ) ORDER BY  id DESC  LIMIT 1   [ RunTime:0.0011s ]
SQL: SELECT `id`,`title` FROM `la_article` WHERE (  id > 22  ) ORDER BY  id ASC  LIMIT 1   [ RunTime:0.0008s ]
SQL: SHOW COLUMNS FROM `la_category` [ RunTime:0.0020s ]
SQL: SELECT `id`,`root_id`,`cat_path`,`tags`,`meta_description`,`meta_keyword` FROM `la_category` WHERE `id` = 2 LIMIT 1   [ RunTime:0.0007s ]

[ 2018-01-20T10:01:53+08:00 ] 192.168.47.1 /Article/getArticleList.html
SQL: SHOW COLUMNS FROM `la_config` [ RunTime:0.0012s ]
SQL: SELECT `config_sign`,`config_value` FROM `la_config`  [ RunTime:0.0007s ]
SQL: SHOW COLUMNS FROM `la_article` [ RunTime:0.0020s ]
SQL: SELECT COUNT(*) AS tp_count FROM `la_article` WHERE `tree_id` = 1 LIMIT 1   [ RunTime:0.0007s ]
SQL: SELECT `id`,`tree_id`,`cat_id`,`image`,`title`,`summary`,`add_time` FROM `la_article` WHERE `tree_id` = 1 ORDER BY  add_time DESC  LIMIT 10,10   [ RunTime:0.0027s ]

[ 2018-01-20T10:01:55+08:00 ] 192.168.47.1 /Product/product.html
SQL: SHOW COLUMNS FROM `la_config` [ RunTime:0.0013s ]
SQL: SELECT `config_sign`,`config_value` FROM `la_config`  [ RunTime:0.0007s ]
SQL: SHOW COLUMNS FROM `la_seo` [ RunTime:0.0013s ]
SQL: SELECT `tags`,`meta_description`,`meta_keyword` FROM `la_seo` WHERE `id_mark` = 'ch_product_index' LIMIT 1   [ RunTime:0.0006s ]
SQL: SHOW COLUMNS FROM `la_category` [ RunTime:0.0021s ]
SQL: SHOW COLUMNS FROM `la_product` [ RunTime:0.0030s ]
SQL: SHOW COLUMNS FROM `la_product_attr` [ RunTime:0.0013s ]
SQL: SELECT * FROM `la_category` WHERE `tree_id` = 5 AND `depth` = 1  [ RunTime:0.0014s ]
SQL: SELECT `id`,`limit`,`sort`,`root_id` FROM `la_category` WHERE `module_id` = 2 LIMIT 1   [ RunTime:0.0008s ]
SQL: SELECT COUNT(*) AS tp_count FROM `la_product` LIMIT 1   [ RunTime:0.0006s ]
SQL: SELECT `id`,`tree_id`,`cat_id`,`product_sn`,`product_name`,`oprice`,`bprice`,`thumb_files`,`upload_files`,`add_time`,`update_time`,`hits` FROM `la_product` ORDER BY  add_time DESC  LIMIT 0,10   [ RunTime:0.0012s ]
SQL: SELECT `id`,`limit`,`sort`,`root_id` FROM `la_category` WHERE `module_id` = 2 LIMIT 1   [ RunTime:0.0005s ]
SQL: SELECT `id`,`tree_id`,`cat_id`,`product_sn`,`product_name`,`oprice`,`bprice`,`thumb_files`,`upload_files`,`add_time`,`update_time`,`hits` FROM `la_product` ORDER BY  add_time DESC  LIMIT 6   [ RunTime:0.0009s ]

[ 2018-01-20T10:01:56+08:00 ] 192.168.47.1 /Product/getProductList.html
SQL: SHOW COLUMNS FROM `la_config` [ RunTime:0.0021s ]
SQL: SELECT `config_sign`,`config_value` FROM `la_config`  [ RunTime:0.0009s ]
SQL: SHOW COLUMNS FROM `la_category` [ RunTime:0.0020s ]
SQL: SHOW COLUMNS FROM `la_product` [ RunTime:0.0023s ]
SQL: SHOW COLUMNS FROM `la_product_attr` [ RunTime:0.0013s ]
SQL: SELECT `id`,`limit`,`sort`,`root_id` FROM `la_category` WHERE `module_id` = 2 LIMIT 1   [ RunTime:0.0007s ]
SQL: SELECT COUNT(*) AS tp_count FROM `la_product` LIMIT 1   [ RunTime:0.0007s ]
SQL: SELECT `id`,`tree_id`,`cat_id`,`product_sn`,`product_name`,`oprice`,`bprice`,`thumb_files`,`upload_files`,`add_time`,`update_time`,`hits` FROM `la_product` ORDER BY  add_time DESC  LIMIT 10,10   [ RunTime:0.0014s ]

[ 2018-01-20T10:01:57+08:00 ] 192.168.47.1 /Product/getProductList.html
SQL: SHOW COLUMNS FROM `la_config` [ RunTime:0.0017s ]
SQL: SELECT `config_sign`,`config_value` FROM `la_config`  [ RunTime:0.0008s ]
SQL: SHOW COLUMNS FROM `la_category` [ RunTime:0.0019s ]
SQL: SHOW COLUMNS FROM `la_product` [ RunTime:0.0020s ]
SQL: SHOW COLUMNS FROM `la_product_attr` [ RunTime:0.0013s ]
SQL: SELECT `id`,`limit`,`sort`,`root_id` FROM `la_category` WHERE `module_id` = 2 LIMIT 1   [ RunTime:0.0018s ]
SQL: SELECT COUNT(*) AS tp_count FROM `la_product` LIMIT 1   [ RunTime:0.0022s ]
SQL: SELECT `id`,`tree_id`,`cat_id`,`product_sn`,`product_name`,`oprice`,`bprice`,`thumb_files`,`upload_files`,`add_time`,`update_time`,`hits` FROM `la_product` ORDER BY  add_time DESC  LIMIT 20,10   [ RunTime:0.0013s ]

[ 2018-01-20T10:01:59+08:00 ] 192.168.47.1 /Product/getProductList.html
SQL: SHOW COLUMNS FROM `la_config` [ RunTime:0.0015s ]
SQL: SELECT `config_sign`,`config_value` FROM `la_config`  [ RunTime:0.0007s ]
SQL: SHOW COLUMNS FROM `la_category` [ RunTime:0.0021s ]
SQL: SHOW COLUMNS FROM `la_product` [ RunTime:0.0022s ]
SQL: SHOW COLUMNS FROM `la_product_attr` [ RunTime:0.0013s ]
SQL: SELECT `id`,`limit`,`sort`,`root_id` FROM `la_category` WHERE `module_id` = 2 LIMIT 1   [ RunTime:0.0007s ]
SQL: SELECT COUNT(*) AS tp_count FROM `la_product` LIMIT 1   [ RunTime:0.0006s ]
SQL: SELECT `id`,`tree_id`,`cat_id`,`product_sn`,`product_name`,`oprice`,`bprice`,`thumb_files`,`upload_files`,`add_time`,`update_time`,`hits` FROM `la_product` ORDER BY  add_time DESC  LIMIT 30,10   [ RunTime:0.0032s ]

[ 2018-01-20T10:02:00+08:00 ] 192.168.47.1 /Product/getProductList.html
SQL: SHOW COLUMNS FROM `la_config` [ RunTime:0.0015s ]
SQL: SELECT `config_sign`,`config_value` FROM `la_config`  [ RunTime:0.0008s ]
SQL: SHOW COLUMNS FROM `la_category` [ RunTime:0.0021s ]
SQL: SHOW COLUMNS FROM `la_product` [ RunTime:0.0021s ]
SQL: SHOW COLUMNS FROM `la_product_attr` [ RunTime:0.0014s ]
SQL: SELECT `id`,`limit`,`sort`,`root_id` FROM `la_category` WHERE `module_id` = 2 LIMIT 1   [ RunTime:0.0017s ]
SQL: SELECT COUNT(*) AS tp_count FROM `la_product` LIMIT 1   [ RunTime:0.0010s ]
SQL: SELECT `id`,`tree_id`,`cat_id`,`product_sn`,`product_name`,`oprice`,`bprice`,`thumb_files`,`upload_files`,`add_time`,`update_time`,`hits` FROM `la_product` ORDER BY  add_time DESC  LIMIT 40,10   [ RunTime:0.0020s ]

[ 2018-01-20T10:02:01+08:00 ] 192.168.47.1 /Product/getProductList.html
SQL: SHOW COLUMNS FROM `la_config` [ RunTime:0.0013s ]
SQL: SELECT `config_sign`,`config_value` FROM `la_config`  [ RunTime:0.0007s ]
SQL: SHOW COLUMNS FROM `la_category` [ RunTime:0.0027s ]
SQL: SHOW COLUMNS FROM `la_product` [ RunTime:0.0023s ]
SQL: SHOW COLUMNS FROM `la_product_attr` [ RunTime:0.0013s ]
SQL: SELECT `id`,`limit`,`sort`,`root_id` FROM `la_category` WHERE `module_id` = 2 LIMIT 1   [ RunTime:0.0007s ]
SQL: SELECT COUNT(*) AS tp_count FROM `la_product` LIMIT 1   [ RunTime:0.0006s ]
SQL: SELECT `id`,`tree_id`,`cat_id`,`product_sn`,`product_name`,`oprice`,`bprice`,`thumb_files`,`upload_files`,`add_time`,`update_time`,`hits` FROM `la_product` ORDER BY  add_time DESC  LIMIT 50,10   [ RunTime:0.0018s ]

[ 2018-01-20T10:02:02+08:00 ] 192.168.47.1 /Product/getProductList.html
SQL: SHOW COLUMNS FROM `la_config` [ RunTime:0.0012s ]
SQL: SELECT `config_sign`,`config_value` FROM `la_config`  [ RunTime:0.0007s ]
SQL: SHOW COLUMNS FROM `la_category` [ RunTime:0.0020s ]
SQL: SHOW COLUMNS FROM `la_product` [ RunTime:0.0035s ]
SQL: SHOW COLUMNS FROM `la_product_attr` [ RunTime:0.0018s ]
SQL: SELECT `id`,`limit`,`sort`,`root_id` FROM `la_category` WHERE `module_id` = 2 LIMIT 1   [ RunTime:0.0008s ]
SQL: SELECT COUNT(*) AS tp_count FROM `la_product` LIMIT 1   [ RunTime:0.0008s ]
SQL: SELECT `id`,`tree_id`,`cat_id`,`product_sn`,`product_name`,`oprice`,`bprice`,`thumb_files`,`upload_files`,`add_time`,`update_time`,`hits` FROM `la_product` ORDER BY  add_time DESC  LIMIT 60,10   [ RunTime:0.0018s ]

[ 2018-01-20T10:02:03+08:00 ] 192.168.47.1 /Product/getProductList.html
SQL: SHOW COLUMNS FROM `la_config` [ RunTime:0.0014s ]
SQL: SELECT `config_sign`,`config_value` FROM `la_config`  [ RunTime:0.0008s ]
SQL: SHOW COLUMNS FROM `la_category` [ RunTime:0.0021s ]
SQL: SHOW COLUMNS FROM `la_product` [ RunTime:0.0036s ]
SQL: SHOW COLUMNS FROM `la_product_attr` [ RunTime:0.0019s ]
SQL: SELECT `id`,`limit`,`sort`,`root_id` FROM `la_category` WHERE `module_id` = 2 LIMIT 1   [ RunTime:0.0016s ]
SQL: SELECT COUNT(*) AS tp_count FROM `la_product` LIMIT 1   [ RunTime:0.0008s ]
SQL: SELECT `id`,`tree_id`,`cat_id`,`product_sn`,`product_name`,`oprice`,`bprice`,`thumb_files`,`upload_files`,`add_time`,`update_time`,`hits` FROM `la_product` ORDER BY  add_time DESC  LIMIT 70,10   [ RunTime:0.0018s ]

[ 2018-01-20T10:02:04+08:00 ] 192.168.47.1 /Product/getProductList.html
SQL: SHOW COLUMNS FROM `la_config` [ RunTime:0.0015s ]
SQL: SELECT `config_sign`,`config_value` FROM `la_config`  [ RunTime:0.0008s ]
SQL: SHOW COLUMNS FROM `la_category` [ RunTime:0.0025s ]
SQL: SHOW COLUMNS FROM `la_product` [ RunTime:0.0023s ]
SQL: SHOW COLUMNS FROM `la_product_attr` [ RunTime:0.0013s ]
SQL: SELECT `id`,`limit`,`sort`,`root_id` FROM `la_category` WHERE `module_id` = 2 LIMIT 1   [ RunTime:0.0008s ]
SQL: SELECT COUNT(*) AS tp_count FROM `la_product` LIMIT 1   [ RunTime:0.0007s ]
SQL: SELECT `id`,`tree_id`,`cat_id`,`product_sn`,`product_name`,`oprice`,`bprice`,`thumb_files`,`upload_files`,`add_time`,`update_time`,`hits` FROM `la_product` ORDER BY  add_time DESC  LIMIT 80,10   [ RunTime:0.0019s ]

[ 2018-01-20T10:02:05+08:00 ] 192.168.47.1 /Product/getProductList.html
SQL: SHOW COLUMNS FROM `la_config` [ RunTime:0.0016s ]
SQL: SELECT `config_sign`,`config_value` FROM `la_config`  [ RunTime:0.0009s ]
SQL: SHOW COLUMNS FROM `la_category` [ RunTime:0.0022s ]
SQL: SHOW COLUMNS FROM `la_product` [ RunTime:0.0045s ]
SQL: SHOW COLUMNS FROM `la_product_attr` [ RunTime:0.0018s ]
SQL: SELECT `id`,`limit`,`sort`,`root_id` FROM `la_category` WHERE `module_id` = 2 LIMIT 1   [ RunTime:0.0013s ]
SQL: SELECT COUNT(*) AS tp_count FROM `la_product` LIMIT 1   [ RunTime:0.0009s ]
SQL: SELECT `id`,`tree_id`,`cat_id`,`product_sn`,`product_name`,`oprice`,`bprice`,`thumb_files`,`upload_files`,`add_time`,`update_time`,`hits` FROM `la_product` ORDER BY  add_time DESC  LIMIT 90,10   [ RunTime:0.0017s ]

[ 2018-01-20T10:02:05+08:00 ] 192.168.47.1 /Product/getProductList.html
SQL: SHOW COLUMNS FROM `la_config` [ RunTime:0.0011s ]
SQL: SELECT `config_sign`,`config_value` FROM `la_config`  [ RunTime:0.0006s ]
SQL: SHOW COLUMNS FROM `la_category` [ RunTime:0.0057s ]
SQL: SHOW COLUMNS FROM `la_product` [ RunTime:0.0030s ]
SQL: SHOW COLUMNS FROM `la_product_attr` [ RunTime:0.0014s ]
SQL: SELECT `id`,`limit`,`sort`,`root_id` FROM `la_category` WHERE `module_id` = 2 LIMIT 1   [ RunTime:0.0007s ]
SQL: SELECT COUNT(*) AS tp_count FROM `la_product` LIMIT 1   [ RunTime:0.0006s ]
SQL: SELECT `id`,`tree_id`,`cat_id`,`product_sn`,`product_name`,`oprice`,`bprice`,`thumb_files`,`upload_files`,`add_time`,`update_time`,`hits` FROM `la_product` ORDER BY  add_time DESC  LIMIT 100,10   [ RunTime:0.0014s ]

[ 2018-01-20T10:02:07+08:00 ] 192.168.47.1 /Index/index.html
SQL: SHOW COLUMNS FROM `la_config` [ RunTime:0.0015s ]
SQL: SELECT `config_sign`,`config_value` FROM `la_config`  [ RunTime:0.0006s ]
SQL: SHOW COLUMNS FROM `la_seo` [ RunTime:0.0013s ]
SQL: SELECT `tags`,`meta_description`,`meta_keyword` FROM `la_seo` WHERE `id_mark` = 'ch_index' LIMIT 1   [ RunTime:0.0006s ]
SQL: SHOW COLUMNS FROM `la_category` [ RunTime:0.0019s ]
SQL: SHOW COLUMNS FROM `la_product` [ RunTime:0.0019s ]
SQL: SHOW COLUMNS FROM `la_product_attr` [ RunTime:0.0013s ]
SQL: SELECT * FROM `la_category` WHERE `tree_id` = 5 AND `depth` = 1  [ RunTime:0.0013s ]
SQL: SHOW COLUMNS FROM `la_ad` [ RunTime:0.0013s ]
SQL: SHOW COLUMNS FROM `la_goods_images` [ RunTime:0.0010s ]
SQL: SELECT `id`,`image`,`url` FROM `la_ad` WHERE `group_id` = 2 ORDER BY  add_time DESC   [ RunTime:0.0007s ]
SQL: SELECT `id`,`limit`,`sort`,`root_id` FROM `la_category` WHERE `module_id` = 2 LIMIT 1   [ RunTime:0.0006s ]
SQL: SELECT `id`,`tree_id`,`cat_id`,`product_sn`,`product_name`,`oprice`,`bprice`,`thumb_files`,`upload_files`,`add_time`,`update_time`,`hits` FROM `la_product` ORDER BY  add_time DESC  LIMIT 6   [ RunTime:0.0012s ]
SQL: SHOW COLUMNS FROM `la_article` [ RunTime:0.0016s ]
SQL: SELECT `id`,`tree_id`,`cat_id`,`image`,`summary`,`title`,`hits`,`add_time` FROM `la_article` ORDER BY  add_time DESC  LIMIT 6   [ RunTime:0.0008s ]

[ 2018-01-20T10:02:13+08:00 ] 192.168.47.1 /Product/productDetail/id/87.html
SQL: SHOW COLUMNS FROM `la_config` [ RunTime:0.0014s ]
SQL: SELECT `config_sign`,`config_value` FROM `la_config`  [ RunTime:0.0006s ]
SQL: SHOW COLUMNS FROM `la_category` [ RunTime:0.0020s ]
SQL: SHOW COLUMNS FROM `la_product` [ RunTime:0.0021s ]
SQL: SHOW COLUMNS FROM `la_product_attr` [ RunTime:0.0025s ]
SQL: SELECT * FROM `la_product` WHERE `id` = 87 LIMIT 1   [ RunTime:0.0023s ]
SQL: SHOW COLUMNS FROM `la_goods_attr_name` [ RunTime:0.0014s ]
SQL: SHOW COLUMNS FROM `la_goods_attr_value` [ RunTime:0.0014s ]
SQL: SHOW COLUMNS FROM `la_module_attr` [ RunTime:0.0015s ]
SQL: SELECT `id`,`type_name` as `attr_name` FROM `la_module_attr` WHERE `module_id` = 2 AND `tree_id` IN ('0','5')  [ RunTime:0.0007s ]
SQL: SELECT * FROM `la_goods_attr_value` WHERE `id` = 1 LIMIT 1   [ RunTime:0.0006s ]
SQL: SELECT * FROM `la_goods_attr_value` WHERE `id` = 115 LIMIT 1   [ RunTime:0.0006s ]
SQL: SELECT * FROM `la_goods_attr_value` WHERE `id` = 116 LIMIT 1   [ RunTime:0.0005s ]
SQL: SELECT * FROM `la_goods_attr_value` WHERE `id` = 117 LIMIT 1   [ RunTime:0.0005s ]
SQL: SELECT * FROM `la_goods_attr_value` WHERE `id` = 118 LIMIT 1   [ RunTime:0.0005s ]
SQL: SELECT `id`,`product_name` FROM `la_product` WHERE (  id < 87  ) ORDER BY  id DESC  LIMIT 1   [ RunTime:0.0006s ]
SQL: SELECT `id`,`product_name` FROM `la_product` WHERE (  id > 87  ) ORDER BY  id ASC  LIMIT 1   [ RunTime:0.0005s ]
SQL: SELECT `id`,`root_id`,`cat_path`,`tags`,`meta_description`,`meta_keyword` FROM `la_category` WHERE `id` = 0 LIMIT 1   [ RunTime:0.0005s ]
SQL: SHOW COLUMNS FROM `la_seo` [ RunTime:0.0012s ]
SQL: SELECT `tags`,`meta_keyword`,`meta_description` FROM `la_seo` WHERE `id_mark` = 'ch_product_index' LIMIT 1   [ RunTime:0.0012s ]
SQL: SELECT `cat_name` FROM `la_category` WHERE `id` = 0 LIMIT 1   [ RunTime:0.0010s ]
SQL: SHOW COLUMNS FROM `la_ad` [ RunTime:0.0014s ]
SQL: SHOW COLUMNS FROM `la_goods_images` [ RunTime:0.0011s ]
SQL: SELECT * FROM `la_goods_images` WHERE `goods_id` = 87  [ RunTime:0.0008s ]

[ 2018-01-20T10:02:13+08:00 ] 192.168.47.1 /Product/productDetail/id/%3C!----%3E
SQL: SHOW COLUMNS FROM `la_config` [ RunTime:0.0015s ]
SQL: SELECT `config_sign`,`config_value` FROM `la_config`  [ RunTime:0.0008s ]

[ 2018-01-20T10:02:55+08:00 ] 192.168.47.1 /Product/productDetail/id/87.html
SQL: SHOW COLUMNS FROM `la_config` [ RunTime:0.0014s ]
SQL: SELECT `config_sign`,`config_value` FROM `la_config`  [ RunTime:0.0007s ]
SQL: SHOW COLUMNS FROM `la_category` [ RunTime:0.0021s ]
SQL: SHOW COLUMNS FROM `la_product` [ RunTime:0.0022s ]
SQL: SHOW COLUMNS FROM `la_product_attr` [ RunTime:0.0013s ]
SQL: SELECT * FROM `la_product` WHERE `id` = 87 LIMIT 1   [ RunTime:0.0015s ]
SQL: SHOW COLUMNS FROM `la_goods_attr_name` [ RunTime:0.0012s ]
SQL: SHOW COLUMNS FROM `la_goods_attr_value` [ RunTime:0.0010s ]
SQL: SHOW COLUMNS FROM `la_module_attr` [ RunTime:0.0039s ]
SQL: SELECT `id`,`type_name` as `attr_name` FROM `la_module_attr` WHERE `module_id` = 2 AND `tree_id` IN ('0','5')  [ RunTime:0.0011s ]
SQL: SELECT * FROM `la_goods_attr_value` WHERE `id` = 1 LIMIT 1   [ RunTime:0.0008s ]
SQL: SELECT * FROM `la_goods_attr_value` WHERE `id` = 115 LIMIT 1   [ RunTime:0.0015s ]
SQL: SELECT * FROM `la_goods_attr_value` WHERE `id` = 116 LIMIT 1   [ RunTime:0.0007s ]
SQL: SELECT * FROM `la_goods_attr_value` WHERE `id` = 117 LIMIT 1   [ RunTime:0.0006s ]
SQL: SELECT * FROM `la_goods_attr_value` WHERE `id` = 118 LIMIT 1   [ RunTime:0.0006s ]
SQL: SELECT `id`,`product_name` FROM `la_product` WHERE (  id < 87  ) ORDER BY  id DESC  LIMIT 1   [ RunTime:0.0006s ]
SQL: SELECT `id`,`product_name` FROM `la_product` WHERE (  id > 87  ) ORDER BY  id ASC  LIMIT 1   [ RunTime:0.0005s ]
SQL: SELECT `id`,`root_id`,`cat_path`,`tags`,`meta_description`,`meta_keyword` FROM `la_category` WHERE `id` = 0 LIMIT 1   [ RunTime:0.0006s ]
SQL: SHOW COLUMNS FROM `la_seo` [ RunTime:0.0011s ]
SQL: SELECT `tags`,`meta_keyword`,`meta_description` FROM `la_seo` WHERE `id_mark` = 'ch_product_index' LIMIT 1   [ RunTime:0.0006s ]
SQL: SELECT `cat_name` FROM `la_category` WHERE `id` = 0 LIMIT 1   [ RunTime:0.0006s ]
SQL: SHOW COLUMNS FROM `la_ad` [ RunTime:0.0013s ]
SQL: SHOW COLUMNS FROM `la_goods_images` [ RunTime:0.0009s ]
SQL: SELECT * FROM `la_goods_images` WHERE `goods_id` = 87  [ RunTime:0.0008s ]

[ 2018-01-20T10:02:55+08:00 ] 192.168.47.1 /Product/productDetail/id/%3C!----%3E
SQL: SHOW COLUMNS FROM `la_config` [ RunTime:0.0018s ]
SQL: SELECT `config_sign`,`config_value` FROM `la_config`  [ RunTime:0.0049s ]

[ 2018-01-20T10:03:00+08:00 ] 192.168.47.1 /Product/product.html
SQL: SHOW COLUMNS FROM `la_config` [ RunTime:0.0013s ]
SQL: SELECT `config_sign`,`config_value` FROM `la_config`  [ RunTime:0.0007s ]
SQL: SHOW COLUMNS FROM `la_seo` [ RunTime:0.0013s ]
SQL: SELECT `tags`,`meta_description`,`meta_keyword` FROM `la_seo` WHERE `id_mark` = 'ch_product_index' LIMIT 1   [ RunTime:0.0006s ]
SQL: SHOW COLUMNS FROM `la_category` [ RunTime:0.0019s ]
SQL: SHOW COLUMNS FROM `la_product` [ RunTime:0.0019s ]
SQL: SHOW COLUMNS FROM `la_product_attr` [ RunTime:0.0024s ]
SQL: SELECT * FROM `la_category` WHERE `tree_id` = 5 AND `depth` = 1  [ RunTime:0.0017s ]
SQL: SELECT `id`,`limit`,`sort`,`root_id` FROM `la_category` WHERE `module_id` = 2 LIMIT 1   [ RunTime:0.0009s ]
SQL: SELECT COUNT(*) AS tp_count FROM `la_product` LIMIT 1   [ RunTime:0.0005s ]
SQL: SELECT `id`,`tree_id`,`cat_id`,`product_sn`,`product_name`,`oprice`,`bprice`,`thumb_files`,`upload_files`,`add_time`,`update_time`,`hits` FROM `la_product` ORDER BY  add_time DESC  LIMIT 0,10   [ RunTime:0.0011s ]
SQL: SELECT `id`,`limit`,`sort`,`root_id` FROM `la_category` WHERE `module_id` = 2 LIMIT 1   [ RunTime:0.0005s ]
SQL: SELECT `id`,`tree_id`,`cat_id`,`product_sn`,`product_name`,`oprice`,`bprice`,`thumb_files`,`upload_files`,`add_time`,`update_time`,`hits` FROM `la_product` ORDER BY  add_time DESC  LIMIT 6   [ RunTime:0.0008s ]

[ 2018-01-20T10:03:04+08:00 ] 192.168.47.1 /Index/index.html
SQL: SHOW COLUMNS FROM `la_config` [ RunTime:0.0014s ]
SQL: SELECT `config_sign`,`config_value` FROM `la_config`  [ RunTime:0.0006s ]
SQL: SHOW COLUMNS FROM `la_seo` [ RunTime:0.0031s ]
SQL: SELECT `tags`,`meta_description`,`meta_keyword` FROM `la_seo` WHERE `id_mark` = 'ch_index' LIMIT 1   [ RunTime:0.0019s ]
SQL: SHOW COLUMNS FROM `la_category` [ RunTime:0.0019s ]
SQL: SHOW COLUMNS FROM `la_product` [ RunTime:0.0024s ]
SQL: SHOW COLUMNS FROM `la_product_attr` [ RunTime:0.0012s ]
SQL: SELECT * FROM `la_category` WHERE `tree_id` = 5 AND `depth` = 1  [ RunTime:0.0012s ]
SQL: SHOW COLUMNS FROM `la_ad` [ RunTime:0.0013s ]
SQL: SHOW COLUMNS FROM `la_goods_images` [ RunTime:0.0010s ]
SQL: SELECT `id`,`image`,`url` FROM `la_ad` WHERE `group_id` = 2 ORDER BY  add_time DESC   [ RunTime:0.0007s ]
SQL: SELECT `id`,`limit`,`sort`,`root_id` FROM `la_category` WHERE `module_id` = 2 LIMIT 1   [ RunTime:0.0005s ]
SQL: SELECT `id`,`tree_id`,`cat_id`,`product_sn`,`product_name`,`oprice`,`bprice`,`thumb_files`,`upload_files`,`add_time`,`update_time`,`hits` FROM `la_product` ORDER BY  add_time DESC  LIMIT 6   [ RunTime:0.0009s ]
SQL: SHOW COLUMNS FROM `la_article` [ RunTime:0.0018s ]
SQL: SELECT `id`,`tree_id`,`cat_id`,`image`,`summary`,`title`,`hits`,`add_time` FROM `la_article` ORDER BY  add_time DESC  LIMIT 6   [ RunTime:0.0008s ]

[ 2018-01-20T10:03:06+08:00 ] 192.168.47.1 /Article/article.html
SQL: SHOW COLUMNS FROM `la_config` [ RunTime:0.0015s ]
SQL: SELECT `config_sign`,`config_value` FROM `la_config`  [ RunTime:0.0007s ]
SQL: SHOW COLUMNS FROM `la_seo` [ RunTime:0.0013s ]
SQL: SELECT `tags`,`meta_description`,`meta_keyword` FROM `la_seo` WHERE `id_mark` = 'ch_article_index' LIMIT 1   [ RunTime:0.0007s ]
SQL: SHOW COLUMNS FROM `la_category` [ RunTime:0.0021s ]
SQL: SHOW COLUMNS FROM `la_product` [ RunTime:0.0020s ]
SQL: SHOW COLUMNS FROM `la_product_attr` [ RunTime:0.0012s ]
SQL: SELECT * FROM `la_category` WHERE `tree_id` = 5 AND `depth` = 1  [ RunTime:0.0124s ]
SQL: SHOW COLUMNS FROM `la_article` [ RunTime:0.0021s ]
SQL: SELECT COUNT(*) AS tp_count FROM `la_article` LIMIT 1   [ RunTime:0.0005s ]
SQL: SELECT `id`,`tree_id`,`cat_id`,`image`,`title`,`summary`,`add_time` FROM `la_article` ORDER BY  add_time DESC  LIMIT 0,10   [ RunTime:0.0009s ]

[ 2018-01-20T10:03:08+08:00 ] 192.168.47.1 /Index/index.html
SQL: SHOW COLUMNS FROM `la_config` [ RunTime:0.0014s ]
SQL: SELECT `config_sign`,`config_value` FROM `la_config`  [ RunTime:0.0014s ]
SQL: SHOW COLUMNS FROM `la_seo` [ RunTime:0.0014s ]
SQL: SELECT `tags`,`meta_description`,`meta_keyword` FROM `la_seo` WHERE `id_mark` = 'ch_index' LIMIT 1   [ RunTime:0.0007s ]
SQL: SHOW COLUMNS FROM `la_category` [ RunTime:0.0021s ]
SQL: SHOW COLUMNS FROM `la_product` [ RunTime:0.0022s ]
SQL: SHOW COLUMNS FROM `la_product_attr` [ RunTime:0.0012s ]
SQL: SELECT * FROM `la_category` WHERE `tree_id` = 5 AND `depth` = 1  [ RunTime:0.0020s ]
SQL: SHOW COLUMNS FROM `la_ad` [ RunTime:0.0016s ]
SQL: SHOW COLUMNS FROM `la_goods_images` [ RunTime:0.0012s ]
SQL: SELECT `id`,`image`,`url` FROM `la_ad` WHERE `group_id` = 2 ORDER BY  add_time DESC   [ RunTime:0.0014s ]
SQL: SELECT `id`,`limit`,`sort`,`root_id` FROM `la_category` WHERE `module_id` = 2 LIMIT 1   [ RunTime:0.0007s ]
SQL: SELECT `id`,`tree_id`,`cat_id`,`product_sn`,`product_name`,`oprice`,`bprice`,`thumb_files`,`upload_files`,`add_time`,`update_time`,`hits` FROM `la_product` ORDER BY  add_time DESC  LIMIT 6   [ RunTime:0.0011s ]
SQL: SHOW COLUMNS FROM `la_article` [ RunTime:0.0017s ]
SQL: SELECT `id`,`tree_id`,`cat_id`,`image`,`summary`,`title`,`hits`,`add_time` FROM `la_article` ORDER BY  add_time DESC  LIMIT 6   [ RunTime:0.0007s ]

[ 2018-01-20T10:03:13+08:00 ] 192.168.47.1 /Product/product.html
SQL: SHOW COLUMNS FROM `la_config` [ RunTime:0.0013s ]
SQL: SELECT `config_sign`,`config_value` FROM `la_config`  [ RunTime:0.0008s ]
SQL: SHOW COLUMNS FROM `la_seo` [ RunTime:0.0015s ]
SQL: SELECT `tags`,`meta_description`,`meta_keyword` FROM `la_seo` WHERE `id_mark` = 'ch_product_index' LIMIT 1   [ RunTime:0.0006s ]
SQL: SHOW COLUMNS FROM `la_category` [ RunTime:0.0021s ]
SQL: SHOW COLUMNS FROM `la_product` [ RunTime:0.0021s ]
SQL: SHOW COLUMNS FROM `la_product_attr` [ RunTime:0.0016s ]
SQL: SELECT * FROM `la_category` WHERE `tree_id` = 5 AND `depth` = 1  [ RunTime:0.0013s ]
SQL: SELECT `id`,`limit`,`sort`,`root_id` FROM `la_category` WHERE `module_id` = 2 LIMIT 1   [ RunTime:0.0008s ]
SQL: SELECT COUNT(*) AS tp_count FROM `la_product` LIMIT 1   [ RunTime:0.0006s ]
SQL: SELECT `id`,`tree_id`,`cat_id`,`product_sn`,`product_name`,`oprice`,`bprice`,`thumb_files`,`upload_files`,`add_time`,`update_time`,`hits` FROM `la_product` ORDER BY  add_time DESC  LIMIT 0,10   [ RunTime:0.0012s ]
SQL: SELECT `id`,`limit`,`sort`,`root_id` FROM `la_category` WHERE `module_id` = 2 LIMIT 1   [ RunTime:0.0006s ]
SQL: SELECT `id`,`tree_id`,`cat_id`,`product_sn`,`product_name`,`oprice`,`bprice`,`thumb_files`,`upload_files`,`add_time`,`update_time`,`hits` FROM `la_product` ORDER BY  add_time DESC  LIMIT 6   [ RunTime:0.0009s ]

[ 2018-01-20T10:03:14+08:00 ] 192.168.47.1 /Index/index.html
SQL: SHOW COLUMNS FROM `la_config` [ RunTime:0.0013s ]
SQL: SELECT `config_sign`,`config_value` FROM `la_config`  [ RunTime:0.0007s ]
SQL: SHOW COLUMNS FROM `la_seo` [ RunTime:0.0013s ]
SQL: SELECT `tags`,`meta_description`,`meta_keyword` FROM `la_seo` WHERE `id_mark` = 'ch_index' LIMIT 1   [ RunTime:0.0006s ]
SQL: SHOW COLUMNS FROM `la_category` [ RunTime:0.0025s ]
SQL: SHOW COLUMNS FROM `la_product` [ RunTime:0.0023s ]
SQL: SHOW COLUMNS FROM `la_product_attr` [ RunTime:0.0015s ]
SQL: SELECT * FROM `la_category` WHERE `tree_id` = 5 AND `depth` = 1  [ RunTime:0.0013s ]
SQL: SHOW COLUMNS FROM `la_ad` [ RunTime:0.0014s ]
SQL: SHOW COLUMNS FROM `la_goods_images` [ RunTime:0.0011s ]
SQL: SELECT `id`,`image`,`url` FROM `la_ad` WHERE `group_id` = 2 ORDER BY  add_time DESC   [ RunTime:0.0007s ]
SQL: SELECT `id`,`limit`,`sort`,`root_id` FROM `la_category` WHERE `module_id` = 2 LIMIT 1   [ RunTime:0.0005s ]
SQL: SELECT `id`,`tree_id`,`cat_id`,`product_sn`,`product_name`,`oprice`,`bprice`,`thumb_files`,`upload_files`,`add_time`,`update_time`,`hits` FROM `la_product` ORDER BY  add_time DESC  LIMIT 6   [ RunTime:0.0009s ]
SQL: SHOW COLUMNS FROM `la_article` [ RunTime:0.0016s ]
SQL: SELECT `id`,`tree_id`,`cat_id`,`image`,`summary`,`title`,`hits`,`add_time` FROM `la_article` ORDER BY  add_time DESC  LIMIT 6   [ RunTime:0.0007s ]

[ 2018-01-20T10:03:50+08:00 ] 192.168.47.1 /Product/product.html
SQL: SHOW COLUMNS FROM `la_config` [ RunTime:0.0013s ]
SQL: SELECT `config_sign`,`config_value` FROM `la_config`  [ RunTime:0.0006s ]
SQL: SHOW COLUMNS FROM `la_seo` [ RunTime:0.0014s ]
SQL: SELECT `tags`,`meta_description`,`meta_keyword` FROM `la_seo` WHERE `id_mark` = 'ch_product_index' LIMIT 1   [ RunTime:0.0011s ]
SQL: SHOW COLUMNS FROM `la_category` [ RunTime:0.0021s ]
SQL: SHOW COLUMNS FROM `la_product` [ RunTime:0.0020s ]
SQL: SHOW COLUMNS FROM `la_product_attr` [ RunTime:0.0011s ]
SQL: SELECT * FROM `la_category` WHERE `tree_id` = 5 AND `depth` = 1  [ RunTime:0.0012s ]
SQL: SELECT `id`,`limit`,`sort`,`root_id` FROM `la_category` WHERE `module_id` = 2 LIMIT 1   [ RunTime:0.0005s ]
SQL: SELECT COUNT(*) AS tp_count FROM `la_product` LIMIT 1   [ RunTime:0.0005s ]
SQL: SELECT `id`,`tree_id`,`cat_id`,`product_sn`,`product_name`,`oprice`,`bprice`,`thumb_files`,`upload_files`,`add_time`,`update_time`,`hits` FROM `la_product` ORDER BY  add_time DESC  LIMIT 0,10   [ RunTime:0.0011s ]
SQL: SELECT `id`,`limit`,`sort`,`root_id` FROM `la_category` WHERE `module_id` = 2 LIMIT 1   [ RunTime:0.0005s ]
SQL: SELECT `id`,`tree_id`,`cat_id`,`product_sn`,`product_name`,`oprice`,`bprice`,`thumb_files`,`upload_files`,`add_time`,`update_time`,`hits` FROM `la_product` ORDER BY  add_time DESC  LIMIT 6   [ RunTime:0.0009s ]

[ 2018-01-20T10:03:58+08:00 ] 192.168.47.1 /Index/index.html
SQL: SHOW COLUMNS FROM `la_config` [ RunTime:0.0013s ]
SQL: SELECT `config_sign`,`config_value` FROM `la_config`  [ RunTime:0.0006s ]
SQL: SHOW COLUMNS FROM `la_seo` [ RunTime:0.0013s ]
SQL: SELECT `tags`,`meta_description`,`meta_keyword` FROM `la_seo` WHERE `id_mark` = 'ch_index' LIMIT 1   [ RunTime:0.0007s ]
SQL: SHOW COLUMNS FROM `la_category` [ RunTime:0.0021s ]
SQL: SHOW COLUMNS FROM `la_product` [ RunTime:0.0021s ]
SQL: SHOW COLUMNS FROM `la_product_attr` [ RunTime:0.0013s ]
SQL: SELECT * FROM `la_category` WHERE `tree_id` = 5 AND `depth` = 1  [ RunTime:0.0013s ]
SQL: SHOW COLUMNS FROM `la_ad` [ RunTime:0.0015s ]
SQL: SHOW COLUMNS FROM `la_goods_images` [ RunTime:0.0011s ]
SQL: SELECT `id`,`image`,`url` FROM `la_ad` WHERE `group_id` = 2 ORDER BY  add_time DESC   [ RunTime:0.0007s ]
SQL: SELECT `id`,`limit`,`sort`,`root_id` FROM `la_category` WHERE `module_id` = 2 LIMIT 1   [ RunTime:0.0006s ]
SQL: SELECT `id`,`tree_id`,`cat_id`,`product_sn`,`product_name`,`oprice`,`bprice`,`thumb_files`,`upload_files`,`add_time`,`update_time`,`hits` FROM `la_product` ORDER BY  add_time DESC  LIMIT 6   [ RunTime:0.0012s ]
SQL: SHOW COLUMNS FROM `la_article` [ RunTime:0.0019s ]
SQL: SELECT `id`,`tree_id`,`cat_id`,`image`,`summary`,`title`,`hits`,`add_time` FROM `la_article` ORDER BY  add_time DESC  LIMIT 6   [ RunTime:0.0012s ]

[ 2018-01-20T10:04:06+08:00 ] 192.168.47.1 /Product/product.html
SQL: SHOW COLUMNS FROM `la_config` [ RunTime:0.0013s ]
SQL: SELECT `config_sign`,`config_value` FROM `la_config`  [ RunTime:0.0007s ]
SQL: SHOW COLUMNS FROM `la_seo` [ RunTime:0.0013s ]
SQL: SELECT `tags`,`meta_description`,`meta_keyword` FROM `la_seo` WHERE `id_mark` = 'ch_product_index' LIMIT 1   [ RunTime:0.0006s ]
SQL: SHOW COLUMNS FROM `la_category` [ RunTime:0.0047s ]
SQL: SHOW COLUMNS FROM `la_product` [ RunTime:0.0023s ]
SQL: SHOW COLUMNS FROM `la_product_attr` [ RunTime:0.0021s ]
SQL: SELECT * FROM `la_category` WHERE `tree_id` = 5 AND `depth` = 1  [ RunTime:0.0013s ]
SQL: SELECT `id`,`limit`,`sort`,`root_id` FROM `la_category` WHERE `module_id` = 2 LIMIT 1   [ RunTime:0.0005s ]
SQL: SELECT COUNT(*) AS tp_count FROM `la_product` LIMIT 1   [ RunTime:0.0004s ]
SQL: SELECT `id`,`tree_id`,`cat_id`,`product_sn`,`product_name`,`oprice`,`bprice`,`thumb_files`,`upload_files`,`add_time`,`update_time`,`hits` FROM `la_product` ORDER BY  add_time DESC  LIMIT 0,10   [ RunTime:0.0011s ]
SQL: SELECT `id`,`limit`,`sort`,`root_id` FROM `la_category` WHERE `module_id` = 2 LIMIT 1   [ RunTime:0.0005s ]
SQL: SELECT `id`,`tree_id`,`cat_id`,`product_sn`,`product_name`,`oprice`,`bprice`,`thumb_files`,`upload_files`,`add_time`,`update_time`,`hits` FROM `la_product` ORDER BY  add_time DESC  LIMIT 6   [ RunTime:0.0010s ]

[ 2018-01-20T10:04:09+08:00 ] 192.168.47.1 /Index/index.html
SQL: SHOW COLUMNS FROM `la_config` [ RunTime:0.0012s ]
SQL: SELECT `config_sign`,`config_value` FROM `la_config`  [ RunTime:0.0006s ]
SQL: SHOW COLUMNS FROM `la_seo` [ RunTime:0.0012s ]
SQL: SELECT `tags`,`meta_description`,`meta_keyword` FROM `la_seo` WHERE `id_mark` = 'ch_index' LIMIT 1   [ RunTime:0.0006s ]
SQL: SHOW COLUMNS FROM `la_category` [ RunTime:0.0028s ]
SQL: SHOW COLUMNS FROM `la_product` [ RunTime:0.0027s ]
SQL: SHOW COLUMNS FROM `la_product_attr` [ RunTime:0.0015s ]
SQL: SELECT * FROM `la_category` WHERE `tree_id` = 5 AND `depth` = 1  [ RunTime:0.0013s ]
SQL: SHOW COLUMNS FROM `la_ad` [ RunTime:0.0013s ]
SQL: SHOW COLUMNS FROM `la_goods_images` [ RunTime:0.0010s ]
SQL: SELECT `id`,`image`,`url` FROM `la_ad` WHERE `group_id` = 2 ORDER BY  add_time DESC   [ RunTime:0.0007s ]
SQL: SELECT `id`,`limit`,`sort`,`root_id` FROM `la_category` WHERE `module_id` = 2 LIMIT 1   [ RunTime:0.0006s ]
SQL: SELECT `id`,`tree_id`,`cat_id`,`product_sn`,`product_name`,`oprice`,`bprice`,`thumb_files`,`upload_files`,`add_time`,`update_time`,`hits` FROM `la_product` ORDER BY  add_time DESC  LIMIT 6   [ RunTime:0.0009s ]
SQL: SHOW COLUMNS FROM `la_article` [ RunTime:0.0016s ]
SQL: SELECT `id`,`tree_id`,`cat_id`,`image`,`summary`,`title`,`hits`,`add_time` FROM `la_article` ORDER BY  add_time DESC  LIMIT 6   [ RunTime:0.0007s ]

[ 2018-01-20T10:04:10+08:00 ] 192.168.47.1 /Article/article.html
SQL: SHOW COLUMNS FROM `la_config` [ RunTime:0.0013s ]
SQL: SELECT `config_sign`,`config_value` FROM `la_config`  [ RunTime:0.0007s ]
SQL: SHOW COLUMNS FROM `la_seo` [ RunTime:0.0013s ]
SQL: SELECT `tags`,`meta_description`,`meta_keyword` FROM `la_seo` WHERE `id_mark` = 'ch_article_index' LIMIT 1   [ RunTime:0.0006s ]
SQL: SHOW COLUMNS FROM `la_category` [ RunTime:0.0020s ]
SQL: SHOW COLUMNS FROM `la_product` [ RunTime:0.0020s ]
SQL: SHOW COLUMNS FROM `la_product_attr` [ RunTime:0.0011s ]
SQL: SELECT * FROM `la_category` WHERE `tree_id` = 5 AND `depth` = 1  [ RunTime:0.0012s ]
SQL: SHOW COLUMNS FROM `la_article` [ RunTime:0.0027s ]
SQL: SELECT COUNT(*) AS tp_count FROM `la_article` LIMIT 1   [ RunTime:0.0006s ]
SQL: SELECT `id`,`tree_id`,`cat_id`,`image`,`title`,`summary`,`add_time` FROM `la_article` ORDER BY  add_time DESC  LIMIT 0,10   [ RunTime:0.0010s ]

[ 2018-01-20T10:04:12+08:00 ] 192.168.47.1 /Index/index.html
SQL: SHOW COLUMNS FROM `la_config` [ RunTime:0.0012s ]
SQL: SELECT `config_sign`,`config_value` FROM `la_config`  [ RunTime:0.0006s ]
SQL: SHOW COLUMNS FROM `la_seo` [ RunTime:0.0013s ]
SQL: SELECT `tags`,`meta_description`,`meta_keyword` FROM `la_seo` WHERE `id_mark` = 'ch_index' LIMIT 1   [ RunTime:0.0006s ]
SQL: SHOW COLUMNS FROM `la_category` [ RunTime:0.0024s ]
SQL: SHOW COLUMNS FROM `la_product` [ RunTime:0.0022s ]
SQL: SHOW COLUMNS FROM `la_product_attr` [ RunTime:0.0011s ]
SQL: SELECT * FROM `la_category` WHERE `tree_id` = 5 AND `depth` = 1  [ RunTime:0.0011s ]
SQL: SHOW COLUMNS FROM `la_ad` [ RunTime:0.0012s ]
SQL: SHOW COLUMNS FROM `la_goods_images` [ RunTime:0.0009s ]
SQL: SELECT `id`,`image`,`url` FROM `la_ad` WHERE `group_id` = 2 ORDER BY  add_time DESC   [ RunTime:0.0006s ]
SQL: SELECT `id`,`limit`,`sort`,`root_id` FROM `la_category` WHERE `module_id` = 2 LIMIT 1   [ RunTime:0.0005s ]
SQL: SELECT `id`,`tree_id`,`cat_id`,`product_sn`,`product_name`,`oprice`,`bprice`,`thumb_files`,`upload_files`,`add_time`,`update_time`,`hits` FROM `la_product` ORDER BY  add_time DESC  LIMIT 6   [ RunTime:0.0008s ]
SQL: SHOW COLUMNS FROM `la_article` [ RunTime:0.0015s ]
SQL: SELECT `id`,`tree_id`,`cat_id`,`image`,`summary`,`title`,`hits`,`add_time` FROM `la_article` ORDER BY  add_time DESC  LIMIT 6   [ RunTime:0.0007s ]

[ 2018-01-20T10:09:27+08:00 ] 192.168.47.1 /Index/index.html
SQL: SHOW COLUMNS FROM `la_config` [ RunTime:0.0016s ]
SQL: SELECT `config_sign`,`config_value` FROM `la_config`  [ RunTime:0.0009s ]
SQL: SHOW COLUMNS FROM `la_seo` [ RunTime:0.0014s ]
SQL: SELECT `tags`,`meta_description`,`meta_keyword` FROM `la_seo` WHERE `id_mark` = 'ch_index' LIMIT 1   [ RunTime:0.0006s ]
SQL: SHOW COLUMNS FROM `la_category` [ RunTime:0.0021s ]
SQL: SHOW COLUMNS FROM `la_product` [ RunTime:0.0021s ]
SQL: SHOW COLUMNS FROM `la_product_attr` [ RunTime:0.0021s ]
SQL: SELECT * FROM `la_category` WHERE `tree_id` = 5 AND `depth` = 1  [ RunTime:0.0014s ]
SQL: SHOW COLUMNS FROM `la_ad` [ RunTime:0.0015s ]
SQL: SHOW COLUMNS FROM `la_goods_images` [ RunTime:0.0011s ]
SQL: SELECT `id`,`image`,`url` FROM `la_ad` WHERE `group_id` = 2 ORDER BY  add_time DESC   [ RunTime:0.0009s ]
SQL: SELECT `id`,`limit`,`sort`,`root_id` FROM `la_category` WHERE `module_id` = 2 LIMIT 1   [ RunTime:0.0006s ]
SQL: SELECT `id`,`tree_id`,`cat_id`,`product_sn`,`product_name`,`oprice`,`bprice`,`thumb_files`,`upload_files`,`add_time`,`update_time`,`hits` FROM `la_product` ORDER BY  add_time DESC  LIMIT 6   [ RunTime:0.0011s ]
SQL: SHOW COLUMNS FROM `la_article` [ RunTime:0.0016s ]
SQL: SELECT `id`,`tree_id`,`cat_id`,`image`,`summary`,`title`,`hits`,`add_time` FROM `la_article` ORDER BY  add_time DESC  LIMIT 6   [ RunTime:0.0007s ]

[ 2018-01-20T10:09:28+08:00 ] 192.168.47.1 /Product/product.html
SQL: SHOW COLUMNS FROM `la_config` [ RunTime:0.0014s ]
SQL: SELECT `config_sign`,`config_value` FROM `la_config`  [ RunTime:0.0007s ]
SQL: SHOW COLUMNS FROM `la_seo` [ RunTime:0.0013s ]
SQL: SELECT `tags`,`meta_description`,`meta_keyword` FROM `la_seo` WHERE `id_mark` = 'ch_product_index' LIMIT 1   [ RunTime:0.0007s ]
SQL: SHOW COLUMNS FROM `la_category` [ RunTime:0.0022s ]
SQL: SHOW COLUMNS FROM `la_product` [ RunTime:0.0022s ]
SQL: SHOW COLUMNS FROM `la_product_attr` [ RunTime:0.0012s ]
SQL: SELECT * FROM `la_category` WHERE `tree_id` = 5 AND `depth` = 1  [ RunTime:0.0013s ]
SQL: SELECT `id`,`limit`,`sort`,`root_id` FROM `la_category` WHERE `module_id` = 2 LIMIT 1   [ RunTime:0.0006s ]
SQL: SELECT COUNT(*) AS tp_count FROM `la_product` LIMIT 1   [ RunTime:0.0006s ]
SQL: SELECT `id`,`tree_id`,`cat_id`,`product_sn`,`product_name`,`oprice`,`bprice`,`thumb_files`,`upload_files`,`add_time`,`update_time`,`hits` FROM `la_product` ORDER BY  add_time DESC  LIMIT 0,10   [ RunTime:0.0012s ]
SQL: SELECT `id`,`limit`,`sort`,`root_id` FROM `la_category` WHERE `module_id` = 2 LIMIT 1   [ RunTime:0.0007s ]
SQL: SELECT `id`,`tree_id`,`cat_id`,`product_sn`,`product_name`,`oprice`,`bprice`,`thumb_files`,`upload_files`,`add_time`,`update_time`,`hits` FROM `la_product` ORDER BY  add_time DESC  LIMIT 6   [ RunTime:0.0011s ]

[ 2018-01-20T10:09:29+08:00 ] 192.168.47.1 /Index/index.html
SQL: SHOW COLUMNS FROM `la_config` [ RunTime:0.0013s ]
SQL: SELECT `config_sign`,`config_value` FROM `la_config`  [ RunTime:0.0007s ]
SQL: SHOW COLUMNS FROM `la_seo` [ RunTime:0.0014s ]
SQL: SELECT `tags`,`meta_description`,`meta_keyword` FROM `la_seo` WHERE `id_mark` = 'ch_index' LIMIT 1   [ RunTime:0.0007s ]
SQL: SHOW COLUMNS FROM `la_category` [ RunTime:0.0021s ]
SQL: SHOW COLUMNS FROM `la_product` [ RunTime:0.0035s ]
SQL: SHOW COLUMNS FROM `la_product_attr` [ RunTime:0.0016s ]
SQL: SELECT * FROM `la_category` WHERE `tree_id` = 5 AND `depth` = 1  [ RunTime:0.0017s ]
SQL: SHOW COLUMNS FROM `la_ad` [ RunTime:0.0015s ]
SQL: SHOW COLUMNS FROM `la_goods_images` [ RunTime:0.0011s ]
SQL: SELECT `id`,`image`,`url` FROM `la_ad` WHERE `group_id` = 2 ORDER BY  add_time DESC   [ RunTime:0.0007s ]
SQL: SELECT `id`,`limit`,`sort`,`root_id` FROM `la_category` WHERE `module_id` = 2 LIMIT 1   [ RunTime:0.0006s ]
SQL: SELECT `id`,`tree_id`,`cat_id`,`product_sn`,`product_name`,`oprice`,`bprice`,`thumb_files`,`upload_files`,`add_time`,`update_time`,`hits` FROM `la_product` ORDER BY  add_time DESC  LIMIT 6   [ RunTime:0.0009s ]
SQL: SHOW COLUMNS FROM `la_article` [ RunTime:0.0017s ]
SQL: SELECT `id`,`tree_id`,`cat_id`,`image`,`summary`,`title`,`hits`,`add_time` FROM `la_article` ORDER BY  add_time DESC  LIMIT 6   [ RunTime:0.0007s ]

[ 2018-01-20T10:12:58+08:00 ] 192.168.47.1 /Product/product.html
SQL: SHOW COLUMNS FROM `la_config` [ RunTime:0.0014s ]
SQL: SELECT `config_sign`,`config_value` FROM `la_config`  [ RunTime:0.0007s ]
SQL: SHOW COLUMNS FROM `la_seo` [ RunTime:0.0013s ]
SQL: SELECT `tags`,`meta_description`,`meta_keyword` FROM `la_seo` WHERE `id_mark` = 'ch_product_index' LIMIT 1   [ RunTime:0.0006s ]
SQL: SHOW COLUMNS FROM `la_category` [ RunTime:0.0026s ]
SQL: SHOW COLUMNS FROM `la_product` [ RunTime:0.0025s ]
SQL: SHOW COLUMNS FROM `la_product_attr` [ RunTime:0.0020s ]
SQL: SELECT * FROM `la_category` WHERE `tree_id` = 5 AND `depth` = 1  [ RunTime:0.0013s ]
SQL: SELECT `id`,`limit`,`sort`,`root_id` FROM `la_category` WHERE `module_id` = 2 LIMIT 1   [ RunTime:0.0006s ]
SQL: SELECT COUNT(*) AS tp_count FROM `la_product` LIMIT 1   [ RunTime:0.0005s ]
SQL: SELECT `id`,`tree_id`,`cat_id`,`product_sn`,`product_name`,`oprice`,`bprice`,`thumb_files`,`upload_files`,`add_time`,`update_time`,`hits` FROM `la_product` ORDER BY  add_time DESC  LIMIT 0,10   [ RunTime:0.0011s ]
SQL: SELECT `id`,`limit`,`sort`,`root_id` FROM `la_category` WHERE `module_id` = 2 LIMIT 1   [ RunTime:0.0006s ]
SQL: SELECT `id`,`tree_id`,`cat_id`,`product_sn`,`product_name`,`oprice`,`bprice`,`thumb_files`,`upload_files`,`add_time`,`update_time`,`hits` FROM `la_product` ORDER BY  add_time DESC  LIMIT 6   [ RunTime:0.0010s ]

[ 2018-01-20T10:13:00+08:00 ] 192.168.47.1 /Article/article.html
SQL: SHOW COLUMNS FROM `la_config` [ RunTime:0.0014s ]
SQL: SELECT `config_sign`,`config_value` FROM `la_config`  [ RunTime:0.0007s ]
SQL: SHOW COLUMNS FROM `la_seo` [ RunTime:0.0013s ]
SQL: SELECT `tags`,`meta_description`,`meta_keyword` FROM `la_seo` WHERE `id_mark` = 'ch_article_index' LIMIT 1   [ RunTime:0.0007s ]
SQL: SHOW COLUMNS FROM `la_category` [ RunTime:0.0021s ]
SQL: SHOW COLUMNS FROM `la_product` [ RunTime:0.0020s ]
SQL: SHOW COLUMNS FROM `la_product_attr` [ RunTime:0.0012s ]
SQL: SELECT * FROM `la_category` WHERE `tree_id` = 5 AND `depth` = 1  [ RunTime:0.0012s ]
SQL: SHOW COLUMNS FROM `la_article` [ RunTime:0.0019s ]
SQL: SELECT COUNT(*) AS tp_count FROM `la_article` LIMIT 1   [ RunTime:0.0006s ]
SQL: SELECT `id`,`tree_id`,`cat_id`,`image`,`title`,`summary`,`add_time` FROM `la_article` ORDER BY  add_time DESC  LIMIT 0,10   [ RunTime:0.0016s ]

[ 2018-01-20T10:13:01+08:00 ] 192.168.47.1 /Index/index.html
SQL: SHOW COLUMNS FROM `la_config` [ RunTime:0.0013s ]
SQL: SELECT `config_sign`,`config_value` FROM `la_config`  [ RunTime:0.0007s ]
SQL: SHOW COLUMNS FROM `la_seo` [ RunTime:0.0013s ]
SQL: SELECT `tags`,`meta_description`,`meta_keyword` FROM `la_seo` WHERE `id_mark` = 'ch_index' LIMIT 1   [ RunTime:0.0007s ]
SQL: SHOW COLUMNS FROM `la_category` [ RunTime:0.0026s ]
SQL: SHOW COLUMNS FROM `la_product` [ RunTime:0.0023s ]
SQL: SHOW COLUMNS FROM `la_product_attr` [ RunTime:0.0012s ]
SQL: SELECT * FROM `la_category` WHERE `tree_id` = 5 AND `depth` = 1  [ RunTime:0.0012s ]
SQL: SHOW COLUMNS FROM `la_ad` [ RunTime:0.0014s ]
SQL: SHOW COLUMNS FROM `la_goods_images` [ RunTime:0.0011s ]
SQL: SELECT `id`,`image`,`url` FROM `la_ad` WHERE `group_id` = 2 ORDER BY  add_time DESC   [ RunTime:0.0007s ]
SQL: SELECT `id`,`limit`,`sort`,`root_id` FROM `la_category` WHERE `module_id` = 2 LIMIT 1   [ RunTime:0.0006s ]
SQL: SELECT `id`,`tree_id`,`cat_id`,`product_sn`,`product_name`,`oprice`,`bprice`,`thumb_files`,`upload_files`,`add_time`,`update_time`,`hits` FROM `la_product` ORDER BY  add_time DESC  LIMIT 6   [ RunTime:0.0009s ]
SQL: SHOW COLUMNS FROM `la_article` [ RunTime:0.0021s ]
SQL: SELECT `id`,`tree_id`,`cat_id`,`image`,`summary`,`title`,`hits`,`add_time` FROM `la_article` ORDER BY  add_time DESC  LIMIT 6   [ RunTime:0.0007s ]

[ 2018-01-20T10:13:02+08:00 ] 192.168.47.1 /Product/productDetail/id/86.html
SQL: SHOW COLUMNS FROM `la_config` [ RunTime:0.0015s ]
SQL: SELECT `config_sign`,`config_value` FROM `la_config`  [ RunTime:0.0007s ]
SQL: SHOW COLUMNS FROM `la_category` [ RunTime:0.0020s ]
SQL: SHOW COLUMNS FROM `la_product` [ RunTime:0.0021s ]
SQL: SHOW COLUMNS FROM `la_product_attr` [ RunTime:0.0012s ]
SQL: SELECT * FROM `la_product` WHERE `id` = 86 LIMIT 1   [ RunTime:0.0015s ]
SQL: SHOW COLUMNS FROM `la_goods_attr_name` [ RunTime:0.0013s ]
SQL: SHOW COLUMNS FROM `la_goods_attr_value` [ RunTime:0.0012s ]
SQL: SHOW COLUMNS FROM `la_module_attr` [ RunTime:0.0015s ]
SQL: SELECT `id`,`type_name` as `attr_name` FROM `la_module_attr` WHERE `module_id` = 2 AND `tree_id` IN ('0','5')  [ RunTime:0.0007s ]
SQL: SELECT * FROM `la_goods_attr_value` WHERE `id` = 1 LIMIT 1   [ RunTime:0.0006s ]
SQL: SELECT * FROM `la_goods_attr_value` WHERE `id` = 2 LIMIT 1   [ RunTime:0.0006s ]
SQL: SELECT * FROM `la_goods_attr_value` WHERE `id` = 114 LIMIT 1   [ RunTime:0.0006s ]
SQL: SELECT * FROM `la_goods_attr_value` WHERE `id` = 18 LIMIT 1   [ RunTime:0.0006s ]
SQL: SELECT `id`,`product_name` FROM `la_product` WHERE (  id < 86  ) ORDER BY  id DESC  LIMIT 1   [ RunTime:0.0005s ]
SQL: SELECT `id`,`product_name` FROM `la_product` WHERE (  id > 86  ) ORDER BY  id ASC  LIMIT 1   [ RunTime:0.0005s ]
SQL: SELECT `id`,`root_id`,`cat_path`,`tags`,`meta_description`,`meta_keyword` FROM `la_category` WHERE `id` = 0 LIMIT 1   [ RunTime:0.0005s ]
SQL: SHOW COLUMNS FROM `la_seo` [ RunTime:0.0015s ]
SQL: SELECT `tags`,`meta_keyword`,`meta_description` FROM `la_seo` WHERE `id_mark` = 'ch_product_index' LIMIT 1   [ RunTime:0.0011s ]
SQL: SELECT `cat_name` FROM `la_category` WHERE `id` = 0 LIMIT 1   [ RunTime:0.0006s ]
SQL: SHOW COLUMNS FROM `la_ad` [ RunTime:0.0014s ]
SQL: SHOW COLUMNS FROM `la_goods_images` [ RunTime:0.0011s ]
SQL: SELECT * FROM `la_goods_images` WHERE `goods_id` = 86  [ RunTime:0.0008s ]

[ 2018-01-20T10:13:02+08:00 ] 192.168.47.1 /Product/productDetail/id/%3C!----%3E
SQL: SHOW COLUMNS FROM `la_config` [ RunTime:0.0015s ]
SQL: SELECT `config_sign`,`config_value` FROM `la_config`  [ RunTime:0.0009s ]

[ 2018-01-20T10:13:05+08:00 ] 192.168.47.1 /Product/productDetail/id/87.html
SQL: SHOW COLUMNS FROM `la_config` [ RunTime:0.0013s ]
SQL: SELECT `config_sign`,`config_value` FROM `la_config`  [ RunTime:0.0007s ]
SQL: SHOW COLUMNS FROM `la_category` [ RunTime:0.0029s ]
SQL: SHOW COLUMNS FROM `la_product` [ RunTime:0.0027s ]
SQL: SHOW COLUMNS FROM `la_product_attr` [ RunTime:0.0012s ]
SQL: SELECT * FROM `la_product` WHERE `id` = 87 LIMIT 1   [ RunTime:0.0013s ]
SQL: SHOW COLUMNS FROM `la_goods_attr_name` [ RunTime:0.0014s ]
SQL: SHOW COLUMNS FROM `la_goods_attr_value` [ RunTime:0.0011s ]
SQL: SHOW COLUMNS FROM `la_module_attr` [ RunTime:0.0015s ]
SQL: SELECT `id`,`type_name` as `attr_name` FROM `la_module_attr` WHERE `module_id` = 2 AND `tree_id` IN ('0','5')  [ RunTime:0.0007s ]
SQL: SELECT * FROM `la_goods_attr_value` WHERE `id` = 1 LIMIT 1   [ RunTime:0.0006s ]
SQL: SELECT * FROM `la_goods_attr_value` WHERE `id` = 115 LIMIT 1   [ RunTime:0.0011s ]
SQL: SELECT * FROM `la_goods_attr_value` WHERE `id` = 116 LIMIT 1   [ RunTime:0.0005s ]
SQL: SELECT * FROM `la_goods_attr_value` WHERE `id` = 117 LIMIT 1   [ RunTime:0.0006s ]
SQL: SELECT * FROM `la_goods_attr_value` WHERE `id` = 118 LIMIT 1   [ RunTime:0.0006s ]
SQL: SELECT `id`,`product_name` FROM `la_product` WHERE (  id < 87  ) ORDER BY  id DESC  LIMIT 1   [ RunTime:0.0006s ]
SQL: SELECT `id`,`product_name` FROM `la_product` WHERE (  id > 87  ) ORDER BY  id ASC  LIMIT 1   [ RunTime:0.0006s ]
SQL: SELECT `id`,`root_id`,`cat_path`,`tags`,`meta_description`,`meta_keyword` FROM `la_category` WHERE `id` = 0 LIMIT 1   [ RunTime:0.0006s ]
SQL: SHOW COLUMNS FROM `la_seo` [ RunTime:0.0012s ]
SQL: SELECT `tags`,`meta_keyword`,`meta_description` FROM `la_seo` WHERE `id_mark` = 'ch_product_index' LIMIT 1   [ RunTime:0.0006s ]
SQL: SELECT `cat_name` FROM `la_category` WHERE `id` = 0 LIMIT 1   [ RunTime:0.0006s ]
SQL: SHOW COLUMNS FROM `la_ad` [ RunTime:0.0018s ]
SQL: SHOW COLUMNS FROM `la_goods_images` [ RunTime:0.0018s ]
SQL: SELECT * FROM `la_goods_images` WHERE `goods_id` = 87  [ RunTime:0.0011s ]

[ 2018-01-20T10:13:05+08:00 ] 192.168.47.1 /Product/productDetail/id/%3C!----%3E
SQL: SHOW COLUMNS FROM `la_config` [ RunTime:0.0023s ]
SQL: SELECT `config_sign`,`config_value` FROM `la_config`  [ RunTime:0.0026s ]

[ 2018-01-20T10:13:08+08:00 ] 192.168.47.1 /Product/productDetail/id/86.html
SQL: SHOW COLUMNS FROM `la_config` [ RunTime:0.0013s ]
SQL: SELECT `config_sign`,`config_value` FROM `la_config`  [ RunTime:0.0024s ]
SQL: SHOW COLUMNS FROM `la_category` [ RunTime:0.0025s ]
SQL: SHOW COLUMNS FROM `la_product` [ RunTime:0.0023s ]
SQL: SHOW COLUMNS FROM `la_product_attr` [ RunTime:0.0013s ]
SQL: SELECT * FROM `la_product` WHERE `id` = 86 LIMIT 1   [ RunTime:0.0016s ]
SQL: SHOW COLUMNS FROM `la_goods_attr_name` [ RunTime:0.0012s ]
SQL: SHOW COLUMNS FROM `la_goods_attr_value` [ RunTime:0.0011s ]
SQL: SHOW COLUMNS FROM `la_module_attr` [ RunTime:0.0015s ]
SQL: SELECT `id`,`type_name` as `attr_name` FROM `la_module_attr` WHERE `module_id` = 2 AND `tree_id` IN ('0','5')  [ RunTime:0.0011s ]
SQL: SELECT * FROM `la_goods_attr_value` WHERE `id` = 1 LIMIT 1   [ RunTime:0.0007s ]
SQL: SELECT * FROM `la_goods_attr_value` WHERE `id` = 2 LIMIT 1   [ RunTime:0.0006s ]
SQL: SELECT * FROM `la_goods_attr_value` WHERE `id` = 114 LIMIT 1   [ RunTime:0.0006s ]
SQL: SELECT * FROM `la_goods_attr_value` WHERE `id` = 18 LIMIT 1   [ RunTime:0.0006s ]
SQL: SELECT `id`,`product_name` FROM `la_product` WHERE (  id < 86  ) ORDER BY  id DESC  LIMIT 1   [ RunTime:0.0006s ]
SQL: SELECT `id`,`product_name` FROM `la_product` WHERE (  id > 86  ) ORDER BY  id ASC  LIMIT 1   [ RunTime:0.0006s ]
SQL: SELECT `id`,`root_id`,`cat_path`,`tags`,`meta_description`,`meta_keyword` FROM `la_category` WHERE `id` = 0 LIMIT 1   [ RunTime:0.0006s ]
SQL: SHOW COLUMNS FROM `la_seo` [ RunTime:0.0012s ]
SQL: SELECT `tags`,`meta_keyword`,`meta_description` FROM `la_seo` WHERE `id_mark` = 'ch_product_index' LIMIT 1   [ RunTime:0.0006s ]
SQL: SELECT `cat_name` FROM `la_category` WHERE `id` = 0 LIMIT 1   [ RunTime:0.0006s ]
SQL: SHOW COLUMNS FROM `la_ad` [ RunTime:0.0023s ]
SQL: SHOW COLUMNS FROM `la_goods_images` [ RunTime:0.0011s ]
SQL: SELECT * FROM `la_goods_images` WHERE `goods_id` = 86  [ RunTime:0.0008s ]

[ 2018-01-20T10:13:08+08:00 ] 192.168.47.1 /Product/productDetail/id/%3C!----%3E
SQL: SHOW COLUMNS FROM `la_config` [ RunTime:0.0019s ]
SQL: SELECT `config_sign`,`config_value` FROM `la_config`  [ RunTime:0.0009s ]

[ 2018-01-20T10:13:11+08:00 ] 192.168.47.1 /Product/productDetail/id/87.html
SQL: SHOW COLUMNS FROM `la_config` [ RunTime:0.0014s ]
SQL: SELECT `config_sign`,`config_value` FROM `la_config`  [ RunTime:0.0007s ]
SQL: SHOW COLUMNS FROM `la_category` [ RunTime:0.0020s ]
SQL: SHOW COLUMNS FROM `la_product` [ RunTime:0.0029s ]
SQL: SHOW COLUMNS FROM `la_product_attr` [ RunTime:0.0016s ]
SQL: SELECT * FROM `la_product` WHERE `id` = 87 LIMIT 1   [ RunTime:0.0016s ]
SQL: SHOW COLUMNS FROM `la_goods_attr_name` [ RunTime:0.0016s ]
SQL: SHOW COLUMNS FROM `la_goods_attr_value` [ RunTime:0.0011s ]
SQL: SHOW COLUMNS FROM `la_module_attr` [ RunTime:0.0015s ]
SQL: SELECT `id`,`type_name` as `attr_name` FROM `la_module_attr` WHERE `module_id` = 2 AND `tree_id` IN ('0','5')  [ RunTime:0.0007s ]
SQL: SELECT * FROM `la_goods_attr_value` WHERE `id` = 1 LIMIT 1   [ RunTime:0.0007s ]
SQL: SELECT * FROM `la_goods_attr_value` WHERE `id` = 115 LIMIT 1   [ RunTime:0.0005s ]
SQL: SELECT * FROM `la_goods_attr_value` WHERE `id` = 116 LIMIT 1   [ RunTime:0.0005s ]
SQL: SELECT * FROM `la_goods_attr_value` WHERE `id` = 117 LIMIT 1   [ RunTime:0.0005s ]
SQL: SELECT * FROM `la_goods_attr_value` WHERE `id` = 118 LIMIT 1   [ RunTime:0.0005s ]
SQL: SELECT `id`,`product_name` FROM `la_product` WHERE (  id < 87  ) ORDER BY  id DESC  LIMIT 1   [ RunTime:0.0005s ]
SQL: SELECT `id`,`product_name` FROM `la_product` WHERE (  id > 87  ) ORDER BY  id ASC  LIMIT 1   [ RunTime:0.0005s ]
SQL: SELECT `id`,`root_id`,`cat_path`,`tags`,`meta_description`,`meta_keyword` FROM `la_category` WHERE `id` = 0 LIMIT 1   [ RunTime:0.0005s ]
SQL: SHOW COLUMNS FROM `la_seo` [ RunTime:0.0019s ]
SQL: SELECT `tags`,`meta_keyword`,`meta_description` FROM `la_seo` WHERE `id_mark` = 'ch_product_index' LIMIT 1   [ RunTime:0.0006s ]
SQL: SELECT `cat_name` FROM `la_category` WHERE `id` = 0 LIMIT 1   [ RunTime:0.0006s ]
SQL: SHOW COLUMNS FROM `la_ad` [ RunTime:0.0013s ]
SQL: SHOW COLUMNS FROM `la_goods_images` [ RunTime:0.0010s ]
SQL: SELECT * FROM `la_goods_images` WHERE `goods_id` = 87  [ RunTime:0.0008s ]

[ 2018-01-20T10:13:11+08:00 ] 192.168.47.1 /Product/productDetail/id/%3C!----%3E
SQL: SHOW COLUMNS FROM `la_config` [ RunTime:0.0023s ]
SQL: SELECT `config_sign`,`config_value` FROM `la_config`  [ RunTime:0.0024s ]

[ 2018-01-20T10:14:29+08:00 ] 192.168.47.1 /Search/search.html
SQL: SHOW COLUMNS FROM `la_config` [ RunTime:0.0013s ]
SQL: SELECT `config_sign`,`config_value` FROM `la_config`  [ RunTime:0.0007s ]

[ 2018-01-20T10:14:36+08:00 ] 192.168.47.1 /Search/search.html
SQL: SHOW COLUMNS FROM `la_config` [ RunTime:0.0014s ]
SQL: SELECT `config_sign`,`config_value` FROM `la_config`  [ RunTime:0.0007s ]
SQL: SHOW COLUMNS FROM `la_product` [ RunTime:0.0029s ]
SQL: SELECT COUNT(*) AS tp_count FROM `la_product` WHERE `product_name` LIKE '%666%' OR `product_sn` LIKE '%666%' LIMIT 1   [ RunTime:0.0008s ]
SQL: SELECT * FROM `la_product` WHERE `product_name` LIKE '%666%' OR `product_sn` LIKE '%666%' LIMIT 0,10   [ RunTime:0.0016s ]
SQL: SHOW COLUMNS FROM `la_seo` [ RunTime:0.0021s ]
SQL: SELECT `tags`,`meta_description`,`meta_keyword` FROM `la_seo` WHERE `id_mark` = 'ch_product_search' LIMIT 1   [ RunTime:0.0007s ]
SQL: SHOW COLUMNS FROM `la_category` [ RunTime:0.0019s ]
SQL: SHOW COLUMNS FROM `la_product` [ RunTime:0.0020s ]
SQL: SHOW COLUMNS FROM `la_product_attr` [ RunTime:0.0012s ]
SQL: SELECT * FROM `la_category` WHERE `tree_id` = 5 AND `depth` = 1  [ RunTime:0.0034s ]

[ 2018-01-20T10:15:08+08:00 ] 192.168.47.1 /About/aboutUs.html
SQL: SHOW COLUMNS FROM `la_config` [ RunTime:0.0013s ]
SQL: SELECT `config_sign`,`config_value` FROM `la_config`  [ RunTime:0.0007s ]
SQL: SHOW COLUMNS FROM `la_category` [ RunTime:0.0025s ]
SQL: SHOW COLUMNS FROM `la_product` [ RunTime:0.0022s ]
SQL: SHOW COLUMNS FROM `la_product_attr` [ RunTime:0.0012s ]
SQL: SELECT * FROM `la_category` WHERE `tree_id` = 5 AND `depth` = 1  [ RunTime:0.0013s ]
SQL: SHOW COLUMNS FROM `la_about` [ RunTime:0.0014s ]
SQL: SELECT * FROM `la_about` WHERE `tree_id` = 61 AND `cat_id` = 61 LIMIT 1   [ RunTime:0.0008s ]
SQL: SELECT * FROM `la_about` WHERE `tree_id` = 61 AND `cat_id` = 62 LIMIT 1   [ RunTime:0.0011s ]
SQL: SELECT * FROM `la_about` WHERE `tree_id` = 61 AND `cat_id` = 71 LIMIT 1   [ RunTime:0.0013s ]

[ 2018-01-20T10:15:10+08:00 ] 192.168.47.1 /Index/index.html
SQL: SHOW COLUMNS FROM `la_config` [ RunTime:0.0015s ]
SQL: SELECT `config_sign`,`config_value` FROM `la_config`  [ RunTime:0.0007s ]
SQL: SHOW COLUMNS FROM `la_seo` [ RunTime:0.0013s ]
SQL: SELECT `tags`,`meta_description`,`meta_keyword` FROM `la_seo` WHERE `id_mark` = 'ch_index' LIMIT 1   [ RunTime:0.0006s ]
SQL: SHOW COLUMNS FROM `la_category` [ RunTime:0.0021s ]
SQL: SHOW COLUMNS FROM `la_product` [ RunTime:0.0019s ]
SQL: SHOW COLUMNS FROM `la_product_attr` [ RunTime:0.0012s ]
SQL: SELECT * FROM `la_category` WHERE `tree_id` = 5 AND `depth` = 1  [ RunTime:0.0013s ]
SQL: SHOW COLUMNS FROM `la_ad` [ RunTime:0.0014s ]
SQL: SHOW COLUMNS FROM `la_goods_images` [ RunTime:0.0010s ]
SQL: SELECT `id`,`image`,`url` FROM `la_ad` WHERE `group_id` = 2 ORDER BY  add_time DESC   [ RunTime:0.0009s ]
SQL: SELECT `id`,`limit`,`sort`,`root_id` FROM `la_category` WHERE `module_id` = 2 LIMIT 1   [ RunTime:0.0006s ]
SQL: SELECT `id`,`tree_id`,`cat_id`,`product_sn`,`product_name`,`oprice`,`bprice`,`thumb_files`,`upload_files`,`add_time`,`update_time`,`hits` FROM `la_product` ORDER BY  add_time DESC  LIMIT 6   [ RunTime:0.0009s ]
SQL: SHOW COLUMNS FROM `la_article` [ RunTime:0.0018s ]
SQL: SELECT `id`,`tree_id`,`cat_id`,`image`,`summary`,`title`,`hits`,`add_time` FROM `la_article` ORDER BY  add_time DESC  LIMIT 6   [ RunTime:0.0007s ]

[ 2018-01-20T10:15:11+08:00 ] 192.168.47.1 /Article/article.html
SQL: SHOW COLUMNS FROM `la_config` [ RunTime:0.0013s ]
SQL: SELECT `config_sign`,`config_value` FROM `la_config`  [ RunTime:0.0006s ]
SQL: SHOW COLUMNS FROM `la_seo` [ RunTime:0.0013s ]
SQL: SELECT `tags`,`meta_description`,`meta_keyword` FROM `la_seo` WHERE `id_mark` = 'ch_article_index' LIMIT 1   [ RunTime:0.0006s ]
SQL: SHOW COLUMNS FROM `la_category` [ RunTime:0.0021s ]
SQL: SHOW COLUMNS FROM `la_product` [ RunTime:0.0021s ]
SQL: SHOW COLUMNS FROM `la_product_attr` [ RunTime:0.0011s ]
SQL: SELECT * FROM `la_category` WHERE `tree_id` = 5 AND `depth` = 1  [ RunTime:0.0012s ]
SQL: SHOW COLUMNS FROM `la_article` [ RunTime:0.0021s ]
SQL: SELECT COUNT(*) AS tp_count FROM `la_article` LIMIT 1   [ RunTime:0.0005s ]
SQL: SELECT `id`,`tree_id`,`cat_id`,`image`,`title`,`summary`,`add_time` FROM `la_article` ORDER BY  add_time DESC  LIMIT 0,10   [ RunTime:0.0008s ]

[ 2018-01-20T10:15:11+08:00 ] 192.168.47.1 /About/aboutUs.html
SQL: SHOW COLUMNS FROM `la_config` [ RunTime:0.0013s ]
SQL: SELECT `config_sign`,`config_value` FROM `la_config`  [ RunTime:0.0007s ]
SQL: SHOW COLUMNS FROM `la_category` [ RunTime:0.0021s ]
SQL: SHOW COLUMNS FROM `la_product` [ RunTime:0.0042s ]
SQL: SHOW COLUMNS FROM `la_product_attr` [ RunTime:0.0018s ]
SQL: SELECT * FROM `la_category` WHERE `tree_id` = 5 AND `depth` = 1  [ RunTime:0.0017s ]
SQL: SHOW COLUMNS FROM `la_about` [ RunTime:0.0014s ]
SQL: SELECT * FROM `la_about` WHERE `tree_id` = 61 AND `cat_id` = 61 LIMIT 1   [ RunTime:0.0008s ]
SQL: SELECT * FROM `la_about` WHERE `tree_id` = 61 AND `cat_id` = 62 LIMIT 1   [ RunTime:0.0011s ]
SQL: SELECT * FROM `la_about` WHERE `tree_id` = 61 AND `cat_id` = 71 LIMIT 1   [ RunTime:0.0008s ]

[ 2018-01-20T10:15:22+08:00 ] 192.168.47.1 /Index/index.html
SQL: SHOW COLUMNS FROM `la_config` [ RunTime:0.0016s ]
SQL: SELECT `config_sign`,`config_value` FROM `la_config`  [ RunTime:0.0009s ]
SQL: SHOW COLUMNS FROM `la_seo` [ RunTime:0.0016s ]
SQL: SELECT `tags`,`meta_description`,`meta_keyword` FROM `la_seo` WHERE `id_mark` = 'ch_index' LIMIT 1   [ RunTime:0.0008s ]
SQL: SHOW COLUMNS FROM `la_category` [ RunTime:0.0023s ]
SQL: SHOW COLUMNS FROM `la_product` [ RunTime:0.0023s ]
SQL: SHOW COLUMNS FROM `la_product_attr` [ RunTime:0.0015s ]
SQL: SELECT * FROM `la_category` WHERE `tree_id` = 5 AND `depth` = 1  [ RunTime:0.0013s ]
SQL: SHOW COLUMNS FROM `la_ad` [ RunTime:0.0015s ]
SQL: SHOW COLUMNS FROM `la_goods_images` [ RunTime:0.0010s ]
SQL: SELECT `id`,`image`,`url` FROM `la_ad` WHERE `group_id` = 2 ORDER BY  add_time DESC   [ RunTime:0.0007s ]
SQL: SELECT `id`,`limit`,`sort`,`root_id` FROM `la_category` WHERE `module_id` = 2 LIMIT 1   [ RunTime:0.0006s ]
SQL: SELECT `id`,`tree_id`,`cat_id`,`product_sn`,`product_name`,`oprice`,`bprice`,`thumb_files`,`upload_files`,`add_time`,`update_time`,`hits` FROM `la_product` ORDER BY  add_time DESC  LIMIT 6   [ RunTime:0.0011s ]
SQL: SHOW COLUMNS FROM `la_article` [ RunTime:0.0018s ]
SQL: SELECT `id`,`tree_id`,`cat_id`,`image`,`summary`,`title`,`hits`,`add_time` FROM `la_article` ORDER BY  add_time DESC  LIMIT 6   [ RunTime:0.0008s ]

[ 2018-01-20T10:15:48+08:00 ] 192.168.47.1 /Product/product.html
SQL: SHOW COLUMNS FROM `la_config` [ RunTime:0.0014s ]
SQL: SELECT `config_sign`,`config_value` FROM `la_config`  [ RunTime:0.0007s ]
SQL: SHOW COLUMNS FROM `la_seo` [ RunTime:0.0014s ]
SQL: SELECT `tags`,`meta_description`,`meta_keyword` FROM `la_seo` WHERE `id_mark` = 'ch_product_index' LIMIT 1   [ RunTime:0.0006s ]
SQL: SHOW COLUMNS FROM `la_category` [ RunTime:0.0022s ]
SQL: SHOW COLUMNS FROM `la_product` [ RunTime:0.0022s ]
SQL: SHOW COLUMNS FROM `la_product_attr` [ RunTime:0.0012s ]
SQL: SELECT * FROM `la_category` WHERE `tree_id` = 5 AND `depth` = 1  [ RunTime:0.0013s ]
SQL: SELECT `id`,`limit`,`sort`,`root_id` FROM `la_category` WHERE `module_id` = 2 LIMIT 1   [ RunTime:0.0006s ]
SQL: SELECT COUNT(*) AS tp_count FROM `la_product` LIMIT 1   [ RunTime:0.0005s ]
SQL: SELECT `id`,`tree_id`,`cat_id`,`product_sn`,`product_name`,`oprice`,`bprice`,`thumb_files`,`upload_files`,`add_time`,`update_time`,`hits` FROM `la_product` ORDER BY  add_time DESC  LIMIT 0,10   [ RunTime:0.0014s ]
SQL: SELECT `id`,`limit`,`sort`,`root_id` FROM `la_category` WHERE `module_id` = 2 LIMIT 1   [ RunTime:0.0007s ]
SQL: SELECT `id`,`tree_id`,`cat_id`,`product_sn`,`product_name`,`oprice`,`bprice`,`thumb_files`,`upload_files`,`add_time`,`update_time`,`hits` FROM `la_product` ORDER BY  add_time DESC  LIMIT 6   [ RunTime:0.0010s ]

[ 2018-01-20T10:15:49+08:00 ] 192.168.47.1 /Product/getProductList.html
SQL: SHOW COLUMNS FROM `la_config` [ RunTime:0.0027s ]
SQL: SELECT `config_sign`,`config_value` FROM `la_config`  [ RunTime:0.0013s ]
SQL: SHOW COLUMNS FROM `la_category` [ RunTime:0.0033s ]
SQL: SHOW COLUMNS FROM `la_product` [ RunTime:0.0028s ]
SQL: SHOW COLUMNS FROM `la_product_attr` [ RunTime:0.0011s ]
SQL: SELECT `id`,`limit`,`sort`,`root_id` FROM `la_category` WHERE `module_id` = 2 LIMIT 1   [ RunTime:0.0005s ]
SQL: SELECT COUNT(*) AS tp_count FROM `la_product` LIMIT 1   [ RunTime:0.0005s ]
SQL: SELECT `id`,`tree_id`,`cat_id`,`product_sn`,`product_name`,`oprice`,`bprice`,`thumb_files`,`upload_files`,`add_time`,`update_time`,`hits` FROM `la_product` ORDER BY  add_time DESC  LIMIT 10,10   [ RunTime:0.0011s ]

[ 2018-01-20T10:15:51+08:00 ] 192.168.47.1 /Product/product.html
SQL: SHOW COLUMNS FROM `la_config` [ RunTime:0.0013s ]
SQL: SELECT `config_sign`,`config_value` FROM `la_config`  [ RunTime:0.0006s ]
SQL: SHOW COLUMNS FROM `la_seo` [ RunTime:0.0012s ]
SQL: SELECT `tags`,`meta_description`,`meta_keyword` FROM `la_seo` WHERE `id_mark` = 'ch_product_index' LIMIT 1   [ RunTime:0.0007s ]
SQL: SHOW COLUMNS FROM `la_category` [ RunTime:0.0021s ]
SQL: SHOW COLUMNS FROM `la_product` [ RunTime:0.0024s ]
SQL: SHOW COLUMNS FROM `la_product_attr` [ RunTime:0.0009s ]
SQL: SELECT * FROM `la_category` WHERE `tree_id` = 5 AND `depth` = 1  [ RunTime:0.0011s ]
SQL: SELECT `id`,`limit`,`sort`,`root_id` FROM `la_category` WHERE `module_id` = 2 LIMIT 1   [ RunTime:0.0005s ]
SQL: SELECT COUNT(*) AS tp_count FROM `la_product` LIMIT 1   [ RunTime:0.0004s ]
SQL: SELECT `id`,`tree_id`,`cat_id`,`product_sn`,`product_name`,`oprice`,`bprice`,`thumb_files`,`upload_files`,`add_time`,`update_time`,`hits` FROM `la_product` ORDER BY  add_time DESC  LIMIT 0,10   [ RunTime:0.0010s ]
SQL: SELECT `id`,`limit`,`sort`,`root_id` FROM `la_category` WHERE `module_id` = 2 LIMIT 1   [ RunTime:0.0005s ]
SQL: SELECT `id`,`tree_id`,`cat_id`,`product_sn`,`product_name`,`oprice`,`bprice`,`thumb_files`,`upload_files`,`add_time`,`update_time`,`hits` FROM `la_product` ORDER BY  add_time DESC  LIMIT 6   [ RunTime:0.0008s ]

[ 2018-01-20T10:15:51+08:00 ] 192.168.47.1 /Product/productDetail/id/87.html
SQL: SHOW COLUMNS FROM `la_config` [ RunTime:0.0014s ]
SQL: SELECT `config_sign`,`config_value` FROM `la_config`  [ RunTime:0.0006s ]
SQL: SHOW COLUMNS FROM `la_category` [ RunTime:0.0014s ]
SQL: SHOW COLUMNS FROM `la_product` [ RunTime:0.0014s ]
SQL: SHOW COLUMNS FROM `la_product_attr` [ RunTime:0.0009s ]
SQL: SELECT * FROM `la_product` WHERE `id` = 87 LIMIT 1   [ RunTime:0.0013s ]
SQL: SHOW COLUMNS FROM `la_goods_attr_name` [ RunTime:0.0008s ]
SQL: SHOW COLUMNS FROM `la_goods_attr_value` [ RunTime:0.0008s ]
SQL: SHOW COLUMNS FROM `la_module_attr` [ RunTime:0.0026s ]
SQL: SELECT `id`,`type_name` as `attr_name` FROM `la_module_attr` WHERE `module_id` = 2 AND `tree_id` IN ('0','5')  [ RunTime:0.0014s ]
SQL: SELECT * FROM `la_goods_attr_value` WHERE `id` = 1 LIMIT 1   [ RunTime:0.0006s ]
SQL: SELECT * FROM `la_goods_attr_value` WHERE `id` = 115 LIMIT 1   [ RunTime:0.0006s ]
SQL: SELECT * FROM `la_goods_attr_value` WHERE `id` = 116 LIMIT 1   [ RunTime:0.0007s ]
SQL: SELECT * FROM `la_goods_attr_value` WHERE `id` = 117 LIMIT 1   [ RunTime:0.0004s ]
SQL: SELECT * FROM `la_goods_attr_value` WHERE `id` = 118 LIMIT 1   [ RunTime:0.0004s ]
SQL: SELECT `id`,`product_name` FROM `la_product` WHERE (  id < 87  ) ORDER BY  id DESC  LIMIT 1   [ RunTime:0.0005s ]
SQL: SELECT `id`,`product_name` FROM `la_product` WHERE (  id > 87  ) ORDER BY  id ASC  LIMIT 1   [ RunTime:0.0004s ]
SQL: SELECT `id`,`root_id`,`cat_path`,`tags`,`meta_description`,`meta_keyword` FROM `la_category` WHERE `id` = 0 LIMIT 1   [ RunTime:0.0004s ]
SQL: SHOW COLUMNS FROM `la_seo` [ RunTime:0.0008s ]
SQL: SELECT `tags`,`meta_keyword`,`meta_description` FROM `la_seo` WHERE `id_mark` = 'ch_product_index' LIMIT 1   [ RunTime:0.0005s ]
SQL: SELECT `cat_name` FROM `la_category` WHERE `id` = 0 LIMIT 1   [ RunTime:0.0006s ]
SQL: SHOW COLUMNS FROM `la_ad` [ RunTime:0.0010s ]
SQL: SHOW COLUMNS FROM `la_goods_images` [ RunTime:0.0008s ]
SQL: SELECT * FROM `la_goods_images` WHERE `goods_id` = 87  [ RunTime:0.0007s ]

[ 2018-01-20T10:15:52+08:00 ] 192.168.47.1 /Product/productDetail/id/%3C!----%3E
SQL: SHOW COLUMNS FROM `la_config` [ RunTime:0.0027s ]
SQL: SELECT `config_sign`,`config_value` FROM `la_config`  [ RunTime:0.0016s ]

[ 2018-01-20T10:15:55+08:00 ] 192.168.47.1 /Product/product.html
SQL: SHOW COLUMNS FROM `la_config` [ RunTime:0.0014s ]
SQL: SELECT `config_sign`,`config_value` FROM `la_config`  [ RunTime:0.0009s ]
SQL: SHOW COLUMNS FROM `la_seo` [ RunTime:0.0015s ]
SQL: SELECT `tags`,`meta_description`,`meta_keyword` FROM `la_seo` WHERE `id_mark` = 'ch_product_index' LIMIT 1   [ RunTime:0.0006s ]
SQL: SHOW COLUMNS FROM `la_category` [ RunTime:0.0020s ]
SQL: SHOW COLUMNS FROM `la_product` [ RunTime:0.0020s ]
SQL: SHOW COLUMNS FROM `la_product_attr` [ RunTime:0.0012s ]
SQL: SELECT * FROM `la_category` WHERE `tree_id` = 5 AND `depth` = 1  [ RunTime:0.0013s ]
SQL: SELECT `id`,`limit`,`sort`,`root_id` FROM `la_category` WHERE `module_id` = 2 LIMIT 1   [ RunTime:0.0006s ]
SQL: SELECT COUNT(*) AS tp_count FROM `la_product` LIMIT 1   [ RunTime:0.0006s ]
SQL: SELECT `id`,`tree_id`,`cat_id`,`product_sn`,`product_name`,`oprice`,`bprice`,`thumb_files`,`upload_files`,`add_time`,`update_time`,`hits` FROM `la_product` ORDER BY  add_time DESC  LIMIT 0,10   [ RunTime:0.0012s ]
SQL: SELECT `id`,`limit`,`sort`,`root_id` FROM `la_category` WHERE `module_id` = 2 LIMIT 1   [ RunTime:0.0005s ]
SQL: SELECT `id`,`tree_id`,`cat_id`,`product_sn`,`product_name`,`oprice`,`bprice`,`thumb_files`,`upload_files`,`add_time`,`update_time`,`hits` FROM `la_product` ORDER BY  add_time DESC  LIMIT 6   [ RunTime:0.0011s ]

[ 2018-01-20T10:15:57+08:00 ] 192.168.47.1 /Article/article.html
SQL: SHOW COLUMNS FROM `la_config` [ RunTime:0.0026s ]
SQL: SELECT `config_sign`,`config_value` FROM `la_config`  [ RunTime:0.0008s ]
SQL: SHOW COLUMNS FROM `la_seo` [ RunTime:0.0014s ]
SQL: SELECT `tags`,`meta_description`,`meta_keyword` FROM `la_seo` WHERE `id_mark` = 'ch_article_index' LIMIT 1   [ RunTime:0.0008s ]
SQL: SHOW COLUMNS FROM `la_category` [ RunTime:0.0020s ]
SQL: SHOW COLUMNS FROM `la_product` [ RunTime:0.0020s ]
SQL: SHOW COLUMNS FROM `la_product_attr` [ RunTime:0.0016s ]
SQL: SELECT * FROM `la_category` WHERE `tree_id` = 5 AND `depth` = 1  [ RunTime:0.0012s ]
SQL: SHOW COLUMNS FROM `la_article` [ RunTime:0.0018s ]
SQL: SELECT COUNT(*) AS tp_count FROM `la_article` LIMIT 1   [ RunTime:0.0006s ]
SQL: SELECT `id`,`tree_id`,`cat_id`,`image`,`title`,`summary`,`add_time` FROM `la_article` ORDER BY  add_time DESC  LIMIT 0,10   [ RunTime:0.0009s ]

[ 2018-01-20T10:15:58+08:00 ] 192.168.47.1 /About/aboutUs.html
SQL: SHOW COLUMNS FROM `la_config` [ RunTime:0.0013s ]
SQL: SELECT `config_sign`,`config_value` FROM `la_config`  [ RunTime:0.0017s ]
SQL: SHOW COLUMNS FROM `la_category` [ RunTime:0.0023s ]
SQL: SHOW COLUMNS FROM `la_product` [ RunTime:0.0024s ]
SQL: SHOW COLUMNS FROM `la_product_attr` [ RunTime:0.0012s ]
SQL: SELECT * FROM `la_category` WHERE `tree_id` = 5 AND `depth` = 1  [ RunTime:0.0013s ]
SQL: SHOW COLUMNS FROM `la_about` [ RunTime:0.0014s ]
SQL: SELECT * FROM `la_about` WHERE `tree_id` = 61 AND `cat_id` = 61 LIMIT 1   [ RunTime:0.0019s ]
SQL: SELECT * FROM `la_about` WHERE `tree_id` = 61 AND `cat_id` = 62 LIMIT 1   [ RunTime:0.0014s ]
SQL: SELECT * FROM `la_about` WHERE `tree_id` = 61 AND `cat_id` = 71 LIMIT 1   [ RunTime:0.0009s ]

[ 2018-01-20T10:15:59+08:00 ] 192.168.47.1 /Index/index.html
SQL: SHOW COLUMNS FROM `la_config` [ RunTime:0.0018s ]
SQL: SELECT `config_sign`,`config_value` FROM `la_config`  [ RunTime:0.0011s ]
SQL: SHOW COLUMNS FROM `la_seo` [ RunTime:0.0017s ]
SQL: SELECT `tags`,`meta_description`,`meta_keyword` FROM `la_seo` WHERE `id_mark` = 'ch_index' LIMIT 1   [ RunTime:0.0007s ]
SQL: SHOW COLUMNS FROM `la_category` [ RunTime:0.0022s ]
SQL: SHOW COLUMNS FROM `la_product` [ RunTime:0.0022s ]
SQL: SHOW COLUMNS FROM `la_product_attr` [ RunTime:0.0013s ]
SQL: SELECT * FROM `la_category` WHERE `tree_id` = 5 AND `depth` = 1  [ RunTime:0.0012s ]
SQL: SHOW COLUMNS FROM `la_ad` [ RunTime:0.0014s ]
SQL: SHOW COLUMNS FROM `la_goods_images` [ RunTime:0.0011s ]
SQL: SELECT `id`,`image`,`url` FROM `la_ad` WHERE `group_id` = 2 ORDER BY  add_time DESC   [ RunTime:0.0007s ]
SQL: SELECT `id`,`limit`,`sort`,`root_id` FROM `la_category` WHERE `module_id` = 2 LIMIT 1   [ RunTime:0.0006s ]
SQL: SELECT `id`,`tree_id`,`cat_id`,`product_sn`,`product_name`,`oprice`,`bprice`,`thumb_files`,`upload_files`,`add_time`,`update_time`,`hits` FROM `la_product` ORDER BY  add_time DESC  LIMIT 6   [ RunTime:0.0012s ]
SQL: SHOW COLUMNS FROM `la_article` [ RunTime:0.0018s ]
SQL: SELECT `id`,`tree_id`,`cat_id`,`image`,`summary`,`title`,`hits`,`add_time` FROM `la_article` ORDER BY  add_time DESC  LIMIT 6   [ RunTime:0.0008s ]

[ 2018-01-20T10:17:37+08:00 ] 192.168.47.1 /Index/index.html
SQL: SHOW COLUMNS FROM `la_config` [ RunTime:0.0024s ]
SQL: SELECT `config_sign`,`config_value` FROM `la_config`  [ RunTime:0.0008s ]
SQL: SHOW COLUMNS FROM `la_seo` [ RunTime:0.0014s ]
SQL: SELECT `tags`,`meta_description`,`meta_keyword` FROM `la_seo` WHERE `id_mark` = 'ch_index' LIMIT 1   [ RunTime:0.0007s ]
SQL: SHOW COLUMNS FROM `la_category` [ RunTime:0.0019s ]
SQL: SHOW COLUMNS FROM `la_product` [ RunTime:0.0020s ]
SQL: SHOW COLUMNS FROM `la_product_attr` [ RunTime:0.0027s ]
SQL: SELECT * FROM `la_category` WHERE `tree_id` = 5 AND `depth` = 1  [ RunTime:0.0023s ]
SQL: SHOW COLUMNS FROM `la_ad` [ RunTime:0.0019s ]
SQL: SHOW COLUMNS FROM `la_goods_images` [ RunTime:0.0010s ]
SQL: SELECT `id`,`image`,`url` FROM `la_ad` WHERE `group_id` = 2 ORDER BY  add_time DESC   [ RunTime:0.0007s ]
SQL: SELECT `id`,`limit`,`sort`,`root_id` FROM `la_category` WHERE `module_id` = 2 LIMIT 1   [ RunTime:0.0006s ]
SQL: SELECT `id`,`tree_id`,`cat_id`,`product_sn`,`product_name`,`oprice`,`bprice`,`thumb_files`,`upload_files`,`add_time`,`update_time`,`hits` FROM `la_product` ORDER BY  add_time DESC  LIMIT 6   [ RunTime:0.0011s ]
SQL: SHOW COLUMNS FROM `la_article` [ RunTime:0.0017s ]
SQL: SELECT `id`,`tree_id`,`cat_id`,`image`,`summary`,`title`,`hits`,`add_time` FROM `la_article` ORDER BY  add_time DESC  LIMIT 6   [ RunTime:0.0008s ]

[ 2018-01-20T10:20:49+08:00 ] 192.168.47.1 /Product/product.html
SQL: SHOW COLUMNS FROM `la_config` [ RunTime:0.0013s ]
SQL: SELECT `config_sign`,`config_value` FROM `la_config`  [ RunTime:0.0007s ]
SQL: SHOW COLUMNS FROM `la_seo` [ RunTime:0.0023s ]
SQL: SELECT `tags`,`meta_description`,`meta_keyword` FROM `la_seo` WHERE `id_mark` = 'ch_product_index' LIMIT 1   [ RunTime:0.0017s ]
SQL: SHOW COLUMNS FROM `la_category` [ RunTime:0.0021s ]
SQL: SHOW COLUMNS FROM `la_product` [ RunTime:0.0021s ]
SQL: SHOW COLUMNS FROM `la_product_attr` [ RunTime:0.0016s ]
SQL: SELECT * FROM `la_category` WHERE `tree_id` = 5 AND `depth` = 1  [ RunTime:0.0014s ]
SQL: SELECT `id`,`limit`,`sort`,`root_id` FROM `la_category` WHERE `module_id` = 2 LIMIT 1   [ RunTime:0.0005s ]
SQL: SELECT COUNT(*) AS tp_count FROM `la_product` LIMIT 1   [ RunTime:0.0005s ]
SQL: SELECT `id`,`tree_id`,`cat_id`,`product_sn`,`product_name`,`oprice`,`bprice`,`thumb_files`,`upload_files`,`add_time`,`update_time`,`hits` FROM `la_product` ORDER BY  add_time DESC  LIMIT 0,10   [ RunTime:0.0011s ]
SQL: SELECT `id`,`limit`,`sort`,`root_id` FROM `la_category` WHERE `module_id` = 2 LIMIT 1   [ RunTime:0.0005s ]
SQL: SELECT `id`,`tree_id`,`cat_id`,`product_sn`,`product_name`,`oprice`,`bprice`,`thumb_files`,`upload_files`,`add_time`,`update_time`,`hits` FROM `la_product` ORDER BY  add_time DESC  LIMIT 6   [ RunTime:0.0010s ]

[ 2018-01-20T10:27:46+08:00 ] 192.168.47.1 /Product/product.html
SQL: SHOW COLUMNS FROM `la_config` [ RunTime:0.0026s ]
SQL: SELECT `config_sign`,`config_value` FROM `la_config`  [ RunTime:0.0013s ]
SQL: SHOW COLUMNS FROM `la_seo` [ RunTime:0.0015s ]
SQL: SELECT `tags`,`meta_description`,`meta_keyword` FROM `la_seo` WHERE `id_mark` = 'ch_product_index' LIMIT 1   [ RunTime:0.0008s ]
SQL: SHOW COLUMNS FROM `la_category` [ RunTime:0.0021s ]
SQL: SHOW COLUMNS FROM `la_product` [ RunTime:0.0023s ]
SQL: SHOW COLUMNS FROM `la_product_attr` [ RunTime:0.0012s ]
SQL: SELECT * FROM `la_category` WHERE `tree_id` = 5 AND `depth` = 1  [ RunTime:0.0014s ]
SQL: SELECT `id`,`limit`,`sort`,`root_id` FROM `la_category` WHERE `module_id` = 2 LIMIT 1   [ RunTime:0.0006s ]
SQL: SELECT COUNT(*) AS tp_count FROM `la_product` LIMIT 1   [ RunTime:0.0006s ]
SQL: SELECT `id`,`tree_id`,`cat_id`,`product_sn`,`product_name`,`oprice`,`bprice`,`thumb_files`,`upload_files`,`add_time`,`update_time`,`hits` FROM `la_product` ORDER BY  add_time DESC  LIMIT 0,10   [ RunTime:0.0013s ]
SQL: SELECT `id`,`limit`,`sort`,`root_id` FROM `la_category` WHERE `module_id` = 2 LIMIT 1   [ RunTime:0.0007s ]
SQL: SELECT `id`,`tree_id`,`cat_id`,`product_sn`,`product_name`,`oprice`,`bprice`,`thumb_files`,`upload_files`,`add_time`,`update_time`,`hits` FROM `la_product` ORDER BY  add_time DESC  LIMIT 6   [ RunTime:0.0039s ]

[ 2018-01-20T10:27:47+08:00 ] 192.168.47.1 /Index/index.html
SQL: SHOW COLUMNS FROM `la_config` [ RunTime:0.0013s ]
SQL: SELECT `config_sign`,`config_value` FROM `la_config`  [ RunTime:0.0011s ]
SQL: SHOW COLUMNS FROM `la_seo` [ RunTime:0.0014s ]
SQL: SELECT `tags`,`meta_description`,`meta_keyword` FROM `la_seo` WHERE `id_mark` = 'ch_index' LIMIT 1   [ RunTime:0.0010s ]
SQL: SHOW COLUMNS FROM `la_category` [ RunTime:0.0021s ]
SQL: SHOW COLUMNS FROM `la_product` [ RunTime:0.0020s ]
SQL: SHOW COLUMNS FROM `la_product_attr` [ RunTime:0.0011s ]
SQL: SELECT * FROM `la_category` WHERE `tree_id` = 5 AND `depth` = 1  [ RunTime:0.0017s ]
SQL: SHOW COLUMNS FROM `la_ad` [ RunTime:0.0014s ]
SQL: SHOW COLUMNS FROM `la_goods_images` [ RunTime:0.0010s ]
SQL: SELECT `id`,`image`,`url` FROM `la_ad` WHERE `group_id` = 2 ORDER BY  add_time DESC   [ RunTime:0.0007s ]
SQL: SELECT `id`,`limit`,`sort`,`root_id` FROM `la_category` WHERE `module_id` = 2 LIMIT 1   [ RunTime:0.0005s ]
SQL: SELECT `id`,`tree_id`,`cat_id`,`product_sn`,`product_name`,`oprice`,`bprice`,`thumb_files`,`upload_files`,`add_time`,`update_time`,`hits` FROM `la_product` ORDER BY  add_time DESC  LIMIT 6   [ RunTime:0.0009s ]
SQL: SHOW COLUMNS FROM `la_article` [ RunTime:0.0016s ]
SQL: SELECT `id`,`tree_id`,`cat_id`,`image`,`summary`,`title`,`hits`,`add_time` FROM `la_article` ORDER BY  add_time DESC  LIMIT 6   [ RunTime:0.0007s ]

[ 2018-01-20T10:27:57+08:00 ] 192.168.47.1 /Index/index.html
SQL: SHOW COLUMNS FROM `la_config` [ RunTime:0.0016s ]
SQL: SELECT `config_sign`,`config_value` FROM `la_config`  [ RunTime:0.0007s ]
SQL: SHOW COLUMNS FROM `la_seo` [ RunTime:0.0014s ]
SQL: SELECT `tags`,`meta_description`,`meta_keyword` FROM `la_seo` WHERE `id_mark` = 'ch_index' LIMIT 1   [ RunTime:0.0009s ]
SQL: SHOW COLUMNS FROM `la_category` [ RunTime:0.0028s ]
SQL: SHOW COLUMNS FROM `la_product` [ RunTime:0.0021s ]
SQL: SHOW COLUMNS FROM `la_product_attr` [ RunTime:0.0012s ]
SQL: SELECT * FROM `la_category` WHERE `tree_id` = 5 AND `depth` = 1  [ RunTime:0.0012s ]
SQL: SHOW COLUMNS FROM `la_ad` [ RunTime:0.0014s ]
SQL: SHOW COLUMNS FROM `la_goods_images` [ RunTime:0.0011s ]
SQL: SELECT `id`,`image`,`url` FROM `la_ad` WHERE `group_id` = 2 ORDER BY  add_time DESC   [ RunTime:0.0007s ]
SQL: SELECT `id`,`limit`,`sort`,`root_id` FROM `la_category` WHERE `module_id` = 2 LIMIT 1   [ RunTime:0.0006s ]
SQL: SELECT `id`,`tree_id`,`cat_id`,`product_sn`,`product_name`,`oprice`,`bprice`,`thumb_files`,`upload_files`,`add_time`,`update_time`,`hits` FROM `la_product` ORDER BY  add_time DESC  LIMIT 6   [ RunTime:0.0011s ]
SQL: SHOW COLUMNS FROM `la_article` [ RunTime:0.0020s ]
SQL: SELECT `id`,`tree_id`,`cat_id`,`image`,`summary`,`title`,`hits`,`add_time` FROM `la_article` ORDER BY  add_time DESC  LIMIT 6   [ RunTime:0.0008s ]

[ 2018-01-20T10:28:21+08:00 ] 192.168.47.1 /Index/index.html
SQL: SHOW COLUMNS FROM `la_config` [ RunTime:0.0044s ]
SQL: SELECT `config_sign`,`config_value` FROM `la_config`  [ RunTime:0.0010s ]
SQL: SHOW COLUMNS FROM `la_seo` [ RunTime:0.0020s ]
SQL: SELECT `tags`,`meta_description`,`meta_keyword` FROM `la_seo` WHERE `id_mark` = 'ch_index' LIMIT 1   [ RunTime:0.0008s ]
SQL: SHOW COLUMNS FROM `la_category` [ RunTime:0.0032s ]
SQL: SHOW COLUMNS FROM `la_product` [ RunTime:0.0023s ]
SQL: SHOW COLUMNS FROM `la_product_attr` [ RunTime:0.0014s ]
SQL: SELECT * FROM `la_category` WHERE `tree_id` = 5 AND `depth` = 1  [ RunTime:0.0022s ]
SQL: SHOW COLUMNS FROM `la_ad` [ RunTime:0.0016s ]
SQL: SHOW COLUMNS FROM `la_goods_images` [ RunTime:0.0029s ]
SQL: SELECT `id`,`image`,`url` FROM `la_ad` WHERE `group_id` = 2 ORDER BY  add_time DESC   [ RunTime:0.0007s ]
SQL: SELECT `id`,`limit`,`sort`,`root_id` FROM `la_category` WHERE `module_id` = 2 LIMIT 1   [ RunTime:0.0006s ]
SQL: SELECT `id`,`tree_id`,`cat_id`,`product_sn`,`product_name`,`oprice`,`bprice`,`thumb_files`,`upload_files`,`add_time`,`update_time`,`hits` FROM `la_product` ORDER BY  add_time DESC  LIMIT 6   [ RunTime:0.0024s ]
SQL: SHOW COLUMNS FROM `la_article` [ RunTime:0.0021s ]
SQL: SELECT `id`,`tree_id`,`cat_id`,`image`,`summary`,`title`,`hits`,`add_time` FROM `la_article` ORDER BY  add_time DESC  LIMIT 6   [ RunTime:0.0009s ]

[ 2018-01-20T10:29:12+08:00 ] 192.168.47.1 /Index/index.html
SQL: SHOW COLUMNS FROM `la_config` [ RunTime:0.0013s ]
SQL: SELECT `config_sign`,`config_value` FROM `la_config`  [ RunTime:0.0019s ]
SQL: SHOW COLUMNS FROM `la_seo` [ RunTime:0.0016s ]
SQL: SELECT `tags`,`meta_description`,`meta_keyword` FROM `la_seo` WHERE `id_mark` = 'ch_index' LIMIT 1   [ RunTime:0.0007s ]
SQL: SHOW COLUMNS FROM `la_category` [ RunTime:0.0021s ]
SQL: SHOW COLUMNS FROM `la_product` [ RunTime:0.0020s ]
SQL: SHOW COLUMNS FROM `la_product_attr` [ RunTime:0.0011s ]
SQL: SELECT * FROM `la_category` WHERE `tree_id` = 5 AND `depth` = 1  [ RunTime:0.0021s ]
SQL: SHOW COLUMNS FROM `la_ad` [ RunTime:0.0016s ]
SQL: SHOW COLUMNS FROM `la_goods_images` [ RunTime:0.0010s ]
SQL: SELECT `id`,`image`,`url` FROM `la_ad` WHERE `group_id` = 2 ORDER BY  add_time DESC   [ RunTime:0.0007s ]
SQL: SELECT `id`,`limit`,`sort`,`root_id` FROM `la_category` WHERE `module_id` = 2 LIMIT 1   [ RunTime:0.0007s ]
SQL: SELECT `id`,`tree_id`,`cat_id`,`product_sn`,`product_name`,`oprice`,`bprice`,`thumb_files`,`upload_files`,`add_time`,`update_time`,`hits` FROM `la_product` ORDER BY  add_time DESC  LIMIT 6   [ RunTime:0.0011s ]
SQL: SHOW COLUMNS FROM `la_article` [ RunTime:0.0016s ]
SQL: SELECT `id`,`tree_id`,`cat_id`,`image`,`summary`,`title`,`hits`,`add_time` FROM `la_article` ORDER BY  add_time DESC  LIMIT 6   [ RunTime:0.0007s ]

[ 2018-01-20T10:29:53+08:00 ] 192.168.47.1 /Index/index.html
SQL: SHOW COLUMNS FROM `la_config` [ RunTime:0.0014s ]
SQL: SELECT `config_sign`,`config_value` FROM `la_config`  [ RunTime:0.0007s ]
SQL: SHOW COLUMNS FROM `la_seo` [ RunTime:0.0014s ]
SQL: SELECT `tags`,`meta_description`,`meta_keyword` FROM `la_seo` WHERE `id_mark` = 'ch_index' LIMIT 1   [ RunTime:0.0007s ]
SQL: SHOW COLUMNS FROM `la_category` [ RunTime:0.0022s ]
SQL: SHOW COLUMNS FROM `la_product` [ RunTime:0.0020s ]
SQL: SHOW COLUMNS FROM `la_product_attr` [ RunTime:0.0012s ]
SQL: SELECT * FROM `la_category` WHERE `tree_id` = 5 AND `depth` = 1  [ RunTime:0.0012s ]
SQL: SHOW COLUMNS FROM `la_ad` [ RunTime:0.0014s ]
SQL: SHOW COLUMNS FROM `la_goods_images` [ RunTime:0.0011s ]
SQL: SELECT `id`,`image`,`url` FROM `la_ad` WHERE `group_id` = 2 ORDER BY  add_time DESC   [ RunTime:0.0007s ]
SQL: SELECT `id`,`limit`,`sort`,`root_id` FROM `la_category` WHERE `module_id` = 2 LIMIT 1   [ RunTime:0.0006s ]
SQL: SELECT `id`,`tree_id`,`cat_id`,`product_sn`,`product_name`,`oprice`,`bprice`,`thumb_files`,`upload_files`,`add_time`,`update_time`,`hits` FROM `la_product` ORDER BY  add_time DESC  LIMIT 6   [ RunTime:0.0013s ]
SQL: SHOW COLUMNS FROM `la_article` [ RunTime:0.0017s ]
SQL: SELECT `id`,`tree_id`,`cat_id`,`image`,`summary`,`title`,`hits`,`add_time` FROM `la_article` ORDER BY  add_time DESC  LIMIT 6   [ RunTime:0.0007s ]

[ 2018-01-20T10:30:11+08:00 ] 192.168.47.1 /Index/index.html
SQL: SHOW COLUMNS FROM `la_config` [ RunTime:0.0013s ]
SQL: SELECT `config_sign`,`config_value` FROM `la_config`  [ RunTime:0.0007s ]
SQL: SHOW COLUMNS FROM `la_seo` [ RunTime:0.0014s ]
SQL: SELECT `tags`,`meta_description`,`meta_keyword` FROM `la_seo` WHERE `id_mark` = 'ch_index' LIMIT 1   [ RunTime:0.0007s ]
SQL: SHOW COLUMNS FROM `la_category` [ RunTime:0.0022s ]
SQL: SHOW COLUMNS FROM `la_product` [ RunTime:0.0021s ]
SQL: SHOW COLUMNS FROM `la_product_attr` [ RunTime:0.0013s ]
SQL: SELECT * FROM `la_category` WHERE `tree_id` = 5 AND `depth` = 1  [ RunTime:0.0014s ]
SQL: SHOW COLUMNS FROM `la_ad` [ RunTime:0.0027s ]
SQL: SHOW COLUMNS FROM `la_goods_images` [ RunTime:0.0013s ]
SQL: SELECT `id`,`image`,`url` FROM `la_ad` WHERE `group_id` = 2 ORDER BY  add_time DESC   [ RunTime:0.0009s ]
SQL: SELECT `id`,`limit`,`sort`,`root_id` FROM `la_category` WHERE `module_id` = 2 LIMIT 1   [ RunTime:0.0006s ]
SQL: SELECT `id`,`tree_id`,`cat_id`,`product_sn`,`product_name`,`oprice`,`bprice`,`thumb_files`,`upload_files`,`add_time`,`update_time`,`hits` FROM `la_product` ORDER BY  add_time DESC  LIMIT 6   [ RunTime:0.0011s ]
SQL: SHOW COLUMNS FROM `la_article` [ RunTime:0.0021s ]
SQL: SELECT `id`,`tree_id`,`cat_id`,`image`,`summary`,`title`,`hits`,`add_time` FROM `la_article` ORDER BY  add_time DESC  LIMIT 6   [ RunTime:0.0009s ]

[ 2018-01-20T10:34:20+08:00 ] 192.168.47.1 /Index/index.html
SQL: SHOW COLUMNS FROM `la_config` [ RunTime:0.0014s ]
SQL: SELECT `config_sign`,`config_value` FROM `la_config`  [ RunTime:0.0007s ]
SQL: SHOW COLUMNS FROM `la_seo` [ RunTime:0.0013s ]
SQL: SELECT `tags`,`meta_description`,`meta_keyword` FROM `la_seo` WHERE `id_mark` = 'ch_index' LIMIT 1   [ RunTime:0.0016s ]
SQL: SHOW COLUMNS FROM `la_category` [ RunTime:0.0021s ]
SQL: SHOW COLUMNS FROM `la_product` [ RunTime:0.0023s ]
SQL: SHOW COLUMNS FROM `la_product_attr` [ RunTime:0.0011s ]
SQL: SELECT * FROM `la_category` WHERE `tree_id` = 5 AND `depth` = 1  [ RunTime:0.0012s ]
SQL: SHOW COLUMNS FROM `la_ad` [ RunTime:0.0034s ]
SQL: SHOW COLUMNS FROM `la_goods_images` [ RunTime:0.0016s ]
SQL: SELECT `id`,`image`,`url` FROM `la_ad` WHERE `group_id` = 2 ORDER BY  add_time DESC   [ RunTime:0.0009s ]
SQL: SELECT `id`,`limit`,`sort`,`root_id` FROM `la_category` WHERE `module_id` = 2 LIMIT 1   [ RunTime:0.0007s ]
SQL: SELECT `id`,`tree_id`,`cat_id`,`product_sn`,`product_name`,`oprice`,`bprice`,`thumb_files`,`upload_files`,`add_time`,`update_time`,`hits` FROM `la_product` ORDER BY  add_time DESC  LIMIT 6   [ RunTime:0.0014s ]
SQL: SHOW COLUMNS FROM `la_article` [ RunTime:0.0019s ]
SQL: SELECT `id`,`tree_id`,`cat_id`,`image`,`summary`,`title`,`hits`,`add_time` FROM `la_article` ORDER BY  add_time DESC  LIMIT 6   [ RunTime:0.0008s ]

[ 2018-01-20T10:43:51+08:00 ] 192.168.47.1 /Index/index.html
SQL: SHOW COLUMNS FROM `la_config` [ RunTime:0.0014s ]
SQL: SELECT `config_sign`,`config_value` FROM `la_config`  [ RunTime:0.0007s ]
SQL: SHOW COLUMNS FROM `la_seo` [ RunTime:0.0013s ]
SQL: SELECT `tags`,`meta_description`,`meta_keyword` FROM `la_seo` WHERE `id_mark` = 'ch_index' LIMIT 1   [ RunTime:0.0009s ]
SQL: SHOW COLUMNS FROM `la_ad` [ RunTime:0.0017s ]
SQL: SHOW COLUMNS FROM `la_goods_images` [ RunTime:0.0011s ]
SQL: SELECT `id`,`image`,`url` FROM `la_ad` WHERE `group_id` = 2 ORDER BY  add_time DESC   [ RunTime:0.0008s ]
SQL: SHOW COLUMNS FROM `la_category` [ RunTime:0.0021s ]
SQL: SHOW COLUMNS FROM `la_product` [ RunTime:0.0030s ]
SQL: SHOW COLUMNS FROM `la_product_attr` [ RunTime:0.0014s ]
SQL: SELECT `id`,`limit`,`sort`,`root_id` FROM `la_category` WHERE `module_id` = 2 LIMIT 1   [ RunTime:0.0008s ]
SQL: SELECT `id`,`tree_id`,`cat_id`,`product_sn`,`product_name`,`oprice`,`bprice`,`thumb_files`,`upload_files`,`add_time`,`update_time`,`hits` FROM `la_product` ORDER BY  add_time DESC  LIMIT 6   [ RunTime:0.0016s ]
SQL: SHOW COLUMNS FROM `la_article` [ RunTime:0.0018s ]
SQL: SELECT `id`,`tree_id`,`cat_id`,`image`,`summary`,`title`,`hits`,`add_time` FROM `la_article` ORDER BY  add_time DESC  LIMIT 6   [ RunTime:0.0008s ]

[ 2018-01-20T10:48:55+08:00 ] 192.168.47.1 /Index/index.html
SQL: SHOW COLUMNS FROM `la_config` [ RunTime:0.0016s ]
SQL: SELECT `config_sign`,`config_value` FROM `la_config`  [ RunTime:0.0007s ]
SQL: SHOW COLUMNS FROM `la_seo` [ RunTime:0.0013s ]
SQL: SELECT `tags`,`meta_description`,`meta_keyword` FROM `la_seo` WHERE `id_mark` = 'ch_index' LIMIT 1   [ RunTime:0.0007s ]
SQL: SHOW COLUMNS FROM `la_category` [ RunTime:0.0020s ]
SQL: SHOW COLUMNS FROM `la_product` [ RunTime:0.0021s ]
SQL: SHOW COLUMNS FROM `la_product_attr` [ RunTime:0.0011s ]
SQL: SELECT * FROM `la_category` WHERE `tree_id` = 5 AND `depth` = 1  [ RunTime:0.0012s ]
SQL: SHOW COLUMNS FROM `la_ad` [ RunTime:0.0023s ]
SQL: SHOW COLUMNS FROM `la_goods_images` [ RunTime:0.0011s ]
SQL: SELECT `id`,`image`,`url` FROM `la_ad` WHERE `group_id` = 2 ORDER BY  add_time DESC   [ RunTime:0.0007s ]
SQL: SELECT `id`,`limit`,`sort`,`root_id` FROM `la_category` WHERE `module_id` = 2 LIMIT 1   [ RunTime:0.0006s ]
SQL: SELECT `id`,`tree_id`,`cat_id`,`product_sn`,`product_name`,`oprice`,`bprice`,`thumb_files`,`upload_files`,`add_time`,`update_time`,`hits` FROM `la_product` ORDER BY  add_time DESC  LIMIT 6   [ RunTime:0.0009s ]
SQL: SHOW COLUMNS FROM `la_article` [ RunTime:0.0018s ]
SQL: SELECT `id`,`tree_id`,`cat_id`,`image`,`summary`,`title`,`hits`,`add_time` FROM `la_article` ORDER BY  add_time DESC  LIMIT 6   [ RunTime:0.0007s ]

