[ 2018-01-18T17:14:37+08:00 ] 192.168.47.1 /
SQL: SHOW COLUMNS FROM `la_config` [ RunTime:0.0023s ]
SQL: SELECT `config_sign`,`config_value` FROM `la_config`  [ RunTime:0.0024s ]
SQL: SHOW COLUMNS FROM `la_seo` [ RunTime:0.0018s ]
SQL: SELECT `tags`,`meta_description`,`meta_keyword` FROM `la_seo` WHERE `id_mark` = 'ch_index' LIMIT 1   [ RunTime:0.0010s ]
SQL: SHOW COLUMNS FROM `la_category` [ RunTime:0.0021s ]
SQL: SELECT `id`,`cat_name`,`images`,`root_id` FROM `la_category` WHERE `module_id` < 6 AND `root_id` = 0  [ RunTime:0.0008s ]
SQL: SHOW COLUMNS FROM `la_ad` [ RunTime:0.0017s ]
SQL: SHOW COLUMNS FROM `la_goods_images` [ RunTime:0.0012s ]
SQL: SELECT `id`,`image`,`url` FROM `la_ad` WHERE `group_id` = 2 ORDER BY  add_time DESC   [ RunTime:0.0008s ]
SQL: SHOW COLUMNS FROM `la_product` [ RunTime:0.0026s ]
SQL: SHOW COLUMNS FROM `la_product_attr` [ RunTime:0.0011s ]
SQL: SELECT `id`,`limit`,`sort`,`root_id` FROM `la_category` WHERE `module_id` = 2 LIMIT 1   [ RunTime:0.0005s ]
SQL: SELECT `id`,`tree_id`,`cat_id`,`product_sn`,`product_name`,`oprice`,`bprice`,`thumb_files`,`upload_files`,`add_time`,`update_time`,`hits` FROM `la_product` ORDER BY  add_time DESC  LIMIT 6   [ RunTime:0.0009s ]
SQL: SHOW COLUMNS FROM `la_article` [ RunTime:0.0018s ]
SQL: SELECT `id`,`tree_id`,`cat_id`,`image`,`summary`,`title`,`hits`,`add_time` FROM `la_article` ORDER BY  add_time DESC  LIMIT 6   [ RunTime:0.0008s ]
SQL: SELECT `cat_name` FROM `la_category` WHERE `id` = 2 LIMIT 1   [ RunTime:0.0005s ]
SQL: SELECT `cat_name` FROM `la_category` WHERE `id` = 2 LIMIT 1   [ RunTime:0.0005s ]
SQL: SELECT `cat_name` FROM `la_category` WHERE `id` = 44 LIMIT 1   [ RunTime:0.0005s ]
SQL: SELECT `cat_name` FROM `la_category` WHERE `id` = 44 LIMIT 1   [ RunTime:0.0005s ]
SQL: SELECT `cat_name` FROM `la_category` WHERE `id` = 2 LIMIT 1   [ RunTime:0.0005s ]
SQL: SELECT `cat_name` FROM `la_category` WHERE `id` = 35 LIMIT 1   [ RunTime:0.0010s ]

[ 2018-01-18T17:37:54+08:00 ] 192.168.47.1 /Home
SQL: SHOW COLUMNS FROM `la_config` [ RunTime:0.0019s ]
SQL: SELECT `config_sign`,`config_value` FROM `la_config`  [ RunTime:0.0009s ]
SQL: SHOW COLUMNS FROM `la_seo` [ RunTime:0.0013s ]
SQL: SELECT `tags`,`meta_description`,`meta_keyword` FROM `la_seo` WHERE `id_mark` = 'ch_index' LIMIT 1   [ RunTime:0.0006s ]
SQL: SHOW COLUMNS FROM `la_category` [ RunTime:0.0019s ]
SQL: SELECT `id`,`cat_name`,`images`,`root_id` FROM `la_category` WHERE `module_id` < 6 AND `root_id` = 0  [ RunTime:0.0007s ]
SQL: SHOW COLUMNS FROM `la_ad` [ RunTime:0.0032s ]
SQL: SHOW COLUMNS FROM `la_goods_images` [ RunTime:0.0017s ]
SQL: SELECT `id`,`image`,`url` FROM `la_ad` WHERE `group_id` = 2 ORDER BY  add_time DESC   [ RunTime:0.0027s ]
SQL: SHOW COLUMNS FROM `la_product` [ RunTime:0.0031s ]
SQL: SHOW COLUMNS FROM `la_product_attr` [ RunTime:0.0015s ]
SQL: SELECT `id`,`limit`,`sort`,`root_id` FROM `la_category` WHERE `module_id` = 2 LIMIT 1   [ RunTime:0.0008s ]
SQL: SELECT `id`,`tree_id`,`cat_id`,`product_sn`,`product_name`,`oprice`,`bprice`,`thumb_files`,`upload_files`,`add_time`,`update_time`,`hits` FROM `la_product` ORDER BY  add_time DESC  LIMIT 6   [ RunTime:0.0012s ]
SQL: SHOW COLUMNS FROM `la_article` [ RunTime:0.0020s ]
SQL: SELECT `id`,`tree_id`,`cat_id`,`image`,`summary`,`title`,`hits`,`add_time` FROM `la_article` ORDER BY  add_time DESC  LIMIT 6   [ RunTime:0.0009s ]
SQL: SELECT `cat_name` FROM `la_category` WHERE `id` = 2 LIMIT 1   [ RunTime:0.0008s ]
SQL: SELECT `cat_name` FROM `la_category` WHERE `id` = 2 LIMIT 1   [ RunTime:0.0006s ]
SQL: SELECT `cat_name` FROM `la_category` WHERE `id` = 44 LIMIT 1   [ RunTime:0.0005s ]
SQL: SELECT `cat_name` FROM `la_category` WHERE `id` = 44 LIMIT 1   [ RunTime:0.0004s ]
SQL: SELECT `cat_name` FROM `la_category` WHERE `id` = 2 LIMIT 1   [ RunTime:0.0005s ]
SQL: SELECT `cat_name` FROM `la_category` WHERE `id` = 35 LIMIT 1   [ RunTime:0.0005s ]

[ 2018-01-18T17:38:30+08:00 ] 192.168.47.1 /Home
SQL: SHOW COLUMNS FROM `la_config` [ RunTime:0.0013s ]
SQL: SELECT `config_sign`,`config_value` FROM `la_config`  [ RunTime:0.0006s ]
SQL: SHOW COLUMNS FROM `la_seo` [ RunTime:0.0011s ]
SQL: SELECT `tags`,`meta_description`,`meta_keyword` FROM `la_seo` WHERE `id_mark` = 'ch_index' LIMIT 1   [ RunTime:0.0006s ]
SQL: SHOW COLUMNS FROM `la_category` [ RunTime:0.0022s ]
SQL: SELECT `id`,`cat_name`,`images`,`root_id` FROM `la_category` WHERE `module_id` < 6 AND `root_id` = 0  [ RunTime:0.0019s ]
SQL: SHOW COLUMNS FROM `la_ad` [ RunTime:0.0013s ]
SQL: SHOW COLUMNS FROM `la_goods_images` [ RunTime:0.0014s ]
SQL: SELECT `id`,`image`,`url` FROM `la_ad` WHERE `group_id` = 2 ORDER BY  add_time DESC   [ RunTime:0.0006s ]
SQL: SHOW COLUMNS FROM `la_product` [ RunTime:0.0012s ]
SQL: SHOW COLUMNS FROM `la_product_attr` [ RunTime:0.0006s ]
SQL: SELECT `id`,`limit`,`sort`,`root_id` FROM `la_category` WHERE `module_id` = 2 LIMIT 1   [ RunTime:0.0023s ]
SQL: SELECT `id`,`tree_id`,`cat_id`,`product_sn`,`product_name`,`oprice`,`bprice`,`thumb_files`,`upload_files`,`add_time`,`update_time`,`hits` FROM `la_product` ORDER BY  add_time DESC  LIMIT 6   [ RunTime:0.0019s ]
SQL: SHOW COLUMNS FROM `la_article` [ RunTime:0.0029s ]
SQL: SELECT `id`,`tree_id`,`cat_id`,`image`,`summary`,`title`,`hits`,`add_time` FROM `la_article` ORDER BY  add_time DESC  LIMIT 6   [ RunTime:0.0021s ]
SQL: SELECT `cat_name` FROM `la_category` WHERE `id` = 2 LIMIT 1   [ RunTime:0.0024s ]
SQL: SELECT `cat_name` FROM `la_category` WHERE `id` = 2 LIMIT 1   [ RunTime:0.0024s ]
SQL: SELECT `cat_name` FROM `la_category` WHERE `id` = 44 LIMIT 1   [ RunTime:0.0015s ]
SQL: SELECT `cat_name` FROM `la_category` WHERE `id` = 44 LIMIT 1   [ RunTime:0.0004s ]
SQL: SELECT `cat_name` FROM `la_category` WHERE `id` = 2 LIMIT 1   [ RunTime:0.0015s ]
SQL: SELECT `cat_name` FROM `la_category` WHERE `id` = 35 LIMIT 1   [ RunTime:0.0016s ]

[ 2018-01-18T17:38:36+08:00 ] 192.168.47.1 /Product/productDetail/id/93.html
SQL: SHOW COLUMNS FROM `la_config` [ RunTime:0.0014s ]
SQL: SELECT `config_sign`,`config_value` FROM `la_config`  [ RunTime:0.0007s ]
SQL: SHOW COLUMNS FROM `la_category` [ RunTime:0.0022s ]
SQL: SHOW COLUMNS FROM `la_product` [ RunTime:0.0022s ]
SQL: SHOW COLUMNS FROM `la_product_attr` [ RunTime:0.0013s ]
SQL: SELECT * FROM `la_product` WHERE `id` = 93 LIMIT 1   [ RunTime:0.0011s ]
SQL: SHOW COLUMNS FROM `la_goods_attr_name` [ RunTime:0.0012s ]
SQL: SHOW COLUMNS FROM `la_goods_attr_value` [ RunTime:0.0012s ]
SQL: SHOW COLUMNS FROM `la_module_attr` [ RunTime:0.0015s ]
SQL: SELECT `id`,`type_name` as `attr_name` FROM `la_module_attr` WHERE `module_id` = 2 AND `tree_id` IN ('0','5')  [ RunTime:0.0007s ]
SQL: SELECT * FROM `la_goods_attr_value` WHERE `id` = 1 LIMIT 1   [ RunTime:0.0006s ]
SQL: SELECT * FROM `la_goods_attr_value` WHERE `id` = 9 LIMIT 1   [ RunTime:0.0006s ]
SQL: SELECT `id`,`product_name` FROM `la_product` WHERE (  id < 93  ) ORDER BY  id DESC  LIMIT 1   [ RunTime:0.0011s ]
SQL: SELECT `id`,`product_name` FROM `la_product` WHERE (  id > 93  ) ORDER BY  id ASC  LIMIT 1   [ RunTime:0.0006s ]
SQL: SELECT `id`,`root_id`,`cat_path`,`tags`,`meta_description`,`meta_keyword` FROM `la_category` WHERE `id` = 56 LIMIT 1   [ RunTime:0.0006s ]
SQL: SELECT `id`,`root_id`,`cat_path`,`tags`,`meta_description`,`meta_keyword` FROM `la_category` WHERE `id` = 5 LIMIT 1   [ RunTime:0.0016s ]
SQL: SELECT `cat_name` FROM `la_category` WHERE `id` = 56 LIMIT 1   [ RunTime:0.0013s ]
SQL: SHOW COLUMNS FROM `la_ad` [ RunTime:0.0014s ]
SQL: SHOW COLUMNS FROM `la_goods_images` [ RunTime:0.0010s ]
SQL: SELECT * FROM `la_goods_images` WHERE `goods_id` = 93  [ RunTime:0.0279s ]

[ 2018-01-18T17:38:36+08:00 ] 192.168.47.1 /Product/productDetail/id/%3C!----%3E
SQL: SHOW COLUMNS FROM `la_config` [ RunTime:0.0013s ]
SQL: SELECT `config_sign`,`config_value` FROM `la_config`  [ RunTime:0.0007s ]

[ 2018-01-18T17:42:14+08:00 ] 192.168.47.1 /Product/productDetail/id/93.html
SQL: SHOW COLUMNS FROM `la_config` [ RunTime:0.0013s ]
SQL: SELECT `config_sign`,`config_value` FROM `la_config`  [ RunTime:0.0044s ]
SQL: SHOW COLUMNS FROM `la_category` [ RunTime:0.0025s ]
SQL: SHOW COLUMNS FROM `la_product` [ RunTime:0.0021s ]
SQL: SHOW COLUMNS FROM `la_product_attr` [ RunTime:0.0012s ]
SQL: SELECT * FROM `la_product` WHERE `id` = 93 LIMIT 1   [ RunTime:0.0011s ]
SQL: SHOW COLUMNS FROM `la_goods_attr_name` [ RunTime:0.0011s ]
SQL: SHOW COLUMNS FROM `la_goods_attr_value` [ RunTime:0.0011s ]
SQL: SHOW COLUMNS FROM `la_module_attr` [ RunTime:0.0017s ]
SQL: SELECT `id`,`type_name` as `attr_name` FROM `la_module_attr` WHERE `module_id` = 2 AND `tree_id` IN ('0','5')  [ RunTime:0.0008s ]
SQL: SELECT * FROM `la_goods_attr_value` WHERE `id` = 1 LIMIT 1   [ RunTime:0.0005s ]
SQL: SELECT * FROM `la_goods_attr_value` WHERE `id` = 9 LIMIT 1   [ RunTime:0.0005s ]
SQL: SELECT `id`,`product_name` FROM `la_product` WHERE (  id < 93  ) ORDER BY  id DESC  LIMIT 1   [ RunTime:0.0006s ]
SQL: SELECT `id`,`product_name` FROM `la_product` WHERE (  id > 93  ) ORDER BY  id ASC  LIMIT 1   [ RunTime:0.0005s ]
SQL: SELECT `id`,`root_id`,`cat_path`,`tags`,`meta_description`,`meta_keyword` FROM `la_category` WHERE `id` = 56 LIMIT 1   [ RunTime:0.0005s ]
SQL: SELECT `id`,`root_id`,`cat_path`,`tags`,`meta_description`,`meta_keyword` FROM `la_category` WHERE `id` = 5 LIMIT 1   [ RunTime:0.0006s ]
SQL: SELECT `cat_name` FROM `la_category` WHERE `id` = 56 LIMIT 1   [ RunTime:0.0006s ]
SQL: SHOW COLUMNS FROM `la_ad` [ RunTime:0.0014s ]
SQL: SHOW COLUMNS FROM `la_goods_images` [ RunTime:0.0026s ]
SQL: SELECT * FROM `la_goods_images` WHERE `goods_id` = 93  [ RunTime:0.0012s ]

[ 2018-01-18T17:42:14+08:00 ] 192.168.47.1 /Product/productDetail/id/%3C!----%3E
SQL: SHOW COLUMNS FROM `la_config` [ RunTime:0.0019s ]
SQL: SELECT `config_sign`,`config_value` FROM `la_config`  [ RunTime:0.0019s ]

[ 2018-01-18T18:22:38+08:00 ] 192.168.47.1 /Home/Wap/fms/index
ERR: 无法加载控制器:Wap

[ 2018-01-18T18:22:46+08:00 ] 192.168.47.1 /Home/fms/index
ERR: 无法加载控制器:Fms

[ 2018-01-18T18:22:57+08:00 ] 192.168.47.1 /Home
SQL: SHOW COLUMNS FROM `la_config` [ RunTime:0.0013s ]
SQL: SELECT `config_sign`,`config_value` FROM `la_config`  [ RunTime:0.0008s ]
SQL: SHOW COLUMNS FROM `la_seo` [ RunTime:0.0014s ]
SQL: SELECT `tags`,`meta_description`,`meta_keyword` FROM `la_seo` WHERE `id_mark` = 'ch_index' LIMIT 1   [ RunTime:0.0007s ]
SQL: SHOW COLUMNS FROM `la_category` [ RunTime:0.0022s ]
SQL: SELECT `id`,`cat_name`,`images`,`root_id` FROM `la_category` WHERE `module_id` < 6 AND `root_id` = 0  [ RunTime:0.0008s ]
SQL: SHOW COLUMNS FROM `la_ad` [ RunTime:0.0016s ]
SQL: SHOW COLUMNS FROM `la_goods_images` [ RunTime:0.0012s ]
SQL: SELECT `id`,`image`,`url` FROM `la_ad` WHERE `group_id` = 2 ORDER BY  add_time DESC   [ RunTime:0.0008s ]
SQL: SHOW COLUMNS FROM `la_product` [ RunTime:0.0022s ]
SQL: SHOW COLUMNS FROM `la_product_attr` [ RunTime:0.0025s ]
SQL: SELECT `id`,`limit`,`sort`,`root_id` FROM `la_category` WHERE `module_id` = 2 LIMIT 1   [ RunTime:0.0012s ]
SQL: SELECT `id`,`tree_id`,`cat_id`,`product_sn`,`product_name`,`oprice`,`bprice`,`thumb_files`,`upload_files`,`add_time`,`update_time`,`hits` FROM `la_product` ORDER BY  add_time DESC  LIMIT 6   [ RunTime:0.0011s ]
SQL: SHOW COLUMNS FROM `la_article` [ RunTime:0.0021s ]
SQL: SELECT `id`,`tree_id`,`cat_id`,`image`,`summary`,`title`,`hits`,`add_time` FROM `la_article` ORDER BY  add_time DESC  LIMIT 6   [ RunTime:0.0008s ]
SQL: SELECT `cat_name` FROM `la_category` WHERE `id` = 2 LIMIT 1   [ RunTime:0.0007s ]
SQL: SELECT `cat_name` FROM `la_category` WHERE `id` = 2 LIMIT 1   [ RunTime:0.0005s ]
SQL: SELECT `cat_name` FROM `la_category` WHERE `id` = 44 LIMIT 1   [ RunTime:0.0004s ]
SQL: SELECT `cat_name` FROM `la_category` WHERE `id` = 44 LIMIT 1   [ RunTime:0.0005s ]
SQL: SELECT `cat_name` FROM `la_category` WHERE `id` = 2 LIMIT 1   [ RunTime:0.0004s ]
SQL: SELECT `cat_name` FROM `la_category` WHERE `id` = 35 LIMIT 1   [ RunTime:0.0004s ]

