[ 2018-03-29T10:14:32+08:00 ] 192.168.47.1 /
SQL: SHOW COLUMNS FROM `la_config` [ RunTime:0.0022s ]
SQL: SELECT `config_sign`,`config_value` FROM `la_config`  [ RunTime:0.0010s ]

[ 2018-03-29T10:14:32+08:00 ] 192.168.47.1 /
SQL: SHOW COLUMNS FROM `la_config` [ RunTime:0.0014s ]
SQL: SELECT `config_sign`,`config_value` FROM `la_config`  [ RunTime:0.0010s ]

[ 2018-03-29T10:14:35+08:00 ] 192.168.47.1 /
SQL: SHOW COLUMNS FROM `la_config` [ RunTime:0.0014s ]
SQL: SELECT `config_sign`,`config_value` FROM `la_config`  [ RunTime:0.0007s ]
SQL: SHOW COLUMNS FROM `la_seo` [ RunTime:0.0015s ]
SQL: SELECT `tags`,`meta_description`,`meta_keyword` FROM `la_seo` WHERE `id_mark` = 'ch_index' LIMIT 1   [ RunTime:0.0011s ]
SQL: SHOW COLUMNS FROM `la_goods_category` [ RunTime:0.0020s ]
SQL: SELECT * FROM `la_goods_category` WHERE `pid` = 0 ORDER BY sort DESC  [ RunTime:0.0011s ]
SQL: SELECT * FROM `la_goods_category` WHERE `pid` = 1 ORDER BY sort DESC  [ RunTime:0.0013s ]
SQL: SELECT * FROM `la_goods_category` WHERE `pid` = 17 ORDER BY sort DESC  [ RunTime:0.0011s ]
SQL: SELECT * FROM `la_goods_category` WHERE `pid` = 19 ORDER BY sort DESC  [ RunTime:0.0010s ]
SQL: SHOW COLUMNS FROM `la_goods` [ RunTime:0.0034s ]
SQL: SELECT `id`,`category_id`,`category_path`,`goods_image`,`goods_name` FROM `la_goods` WHERE `goods_main_id` = 0 AND `is_delete` = 0 ORDER BY is_top DESC, add_time DESC  LIMIT 9   [ RunTime:0.0031s ]
SQL: SHOW COLUMNS FROM `la_ad` [ RunTime:0.0018s ]
SQL: SHOW COLUMNS FROM `la_goods_images` [ RunTime:0.0014s ]
SQL: SELECT `id`,`image`,`url` FROM `la_ad` WHERE `group_id` = 2 ORDER BY  add_time DESC   [ RunTime:0.0010s ]
SQL: SELECT COUNT(*) AS tp_count FROM `la_ad` WHERE `group_id` = 2 LIMIT 1   [ RunTime:0.0015s ]
SQL: SELECT `id`,`category_id`,`category_path`,`goods_image`,`goods_name` FROM `la_goods` WHERE `goods_main_id` = 0 AND `is_delete` = 0 ORDER BY is_top DESC, add_time DESC  LIMIT 9   [ RunTime:0.0036s ]
SQL: SHOW COLUMNS FROM `la_article` [ RunTime:0.0022s ]
SQL: SELECT `id`,`tree_id`,`cat_id`,`image`,`summary`,`title`,`hits`,`add_time` FROM `la_article` ORDER BY is_top DESC, add_time DESC  LIMIT 6   [ RunTime:0.0014s ]

[ 2018-03-29T10:14:43+08:00 ] 192.168.47.1 /Goods/goodsDetail/id/1818.html
SQL: SHOW COLUMNS FROM `la_config` [ RunTime:0.0014s ]
SQL: SELECT `config_sign`,`config_value` FROM `la_config`  [ RunTime:0.0007s ]
SQL: SHOW COLUMNS FROM `la_goods` [ RunTime:0.0043s ]
SQL: SELECT * FROM `la_goods` WHERE `id` = '1818' LIMIT 1   [ RunTime:0.0020s ]
SQL: SHOW COLUMNS FROM `la_goods_images` [ RunTime:0.0019s ]
SQL: SELECT `goods_image` FROM `la_goods_images` WHERE `id` IN ('1346','1347','1348','1349','1350')  [ RunTime:0.0024s ]
SQL: SHOW COLUMNS FROM `la_goods_extension` [ RunTime:0.0016s ]
SQL: SELECT `goods_desc` FROM `la_goods_extension` WHERE `id` = '289' LIMIT 1   [ RunTime:0.0011s ]
SQL: SHOW COLUMNS FROM `la_goods_relevance` [ RunTime:0.0013s ]
SQL: SELECT * FROM `la_goods_relevance` WHERE `id` = '206' LIMIT 1   [ RunTime:0.0010s ]
SQL: SHOW COLUMNS FROM `la_goods_attr_name` [ RunTime:0.0012s ]
SQL: SHOW COLUMNS FROM `la_goods_attr_value` [ RunTime:0.0012s ]
SQL: SELECT * FROM `la_goods_attr_name` WHERE `category_id` = 2  [ RunTime:0.0008s ]
SQL: SELECT * FROM `la_goods_attr_value` WHERE `name_id` IN ('1','2')  [ RunTime:0.0035s ]
SQL: SHOW COLUMNS FROM `la_category` [ RunTime:0.0027s ]
SQL: SELECT `id`,`root_id`,`cat_path`,`tags`,`meta_description`,`meta_keyword` FROM `la_category` WHERE `id` = null LIMIT 1   [ RunTime:0.0010s ]
SQL: SHOW COLUMNS FROM `la_seo` [ RunTime:0.0015s ]
SQL: SELECT `tags`,`meta_keyword`,`meta_description` FROM `la_seo` WHERE `id_mark` = 'ch_product_index' LIMIT 1   [ RunTime:0.0008s ]
SQL: SHOW COLUMNS FROM `la_goods_category` [ RunTime:0.0014s ]
SQL: SELECT * FROM `la_goods_category` WHERE `pid` = 0 ORDER BY sort DESC  [ RunTime:0.0008s ]
SQL: SELECT * FROM `la_goods_category` WHERE `pid` = 1 ORDER BY sort DESC  [ RunTime:0.0008s ]
SQL: SELECT * FROM `la_goods_category` WHERE `pid` = 17 ORDER BY sort DESC  [ RunTime:0.0008s ]
SQL: SELECT * FROM `la_goods_category` WHERE `pid` = 19 ORDER BY sort DESC  [ RunTime:0.0007s ]

