[ 2018-01-17T16:26:04+08:00 ] 192.168.47.1 /Home/Wap/default/index.tpl
ERR: 无法加载控制器:Wap

[ 2018-01-17T16:26:14+08:00 ] 192.168.47.1 /Home/Wap
ERR: 无法加载控制器:Wap

[ 2018-01-17T16:26:18+08:00 ] 192.168.47.1 /Home
SQL: SHOW COLUMNS FROM `la_config` [ RunTime:0.0017s ]
SQL: SELECT `config_sign`,`config_value` FROM `la_config`  [ RunTime:0.0016s ]
SQL: SHOW COLUMNS FROM `la_seo` [ RunTime:0.0018s ]
SQL: SELECT `tags`,`meta_description`,`meta_keyword` FROM `la_seo` WHERE `id_mark` = 'ch_index' LIMIT 1   [ RunTime:0.0012s ]
SQL: SHOW COLUMNS FROM `la_category` [ RunTime:0.0025s ]
SQL: SELECT `id`,`cat_name`,`images`,`root_id` FROM `la_category` WHERE `module_id` < 6 AND `root_id` = 0  [ RunTime:0.0011s ]
SQL: SHOW COLUMNS FROM `la_ad` [ RunTime:0.0018s ]
SQL: SELECT `id`,`image`,`url` FROM `la_ad` WHERE `group_id` = 2 ORDER BY  add_time DESC   [ RunTime:0.0011s ]
SQL: SHOW COLUMNS FROM `la_product` [ RunTime:0.0031s ]
SQL: SHOW COLUMNS FROM `la_product_attr` [ RunTime:0.0017s ]
SQL: SELECT `id`,`limit`,`sort`,`root_id` FROM `la_category` WHERE `module_id` = 2 LIMIT 1   [ RunTime:0.0010s ]
SQL: SELECT `id`,`tree_id`,`cat_id`,`product_sn`,`product_name`,`oprice`,`bprice`,`thumb_files`,`upload_files`,`add_time`,`update_time`,`hits` FROM `la_product` ORDER BY  add_time DESC  LIMIT 6   [ RunTime:0.0015s ]
SQL: SHOW COLUMNS FROM `la_article` [ RunTime:0.0022s ]
SQL: SELECT `id`,`tree_id`,`cat_id`,`title`,`hits`,`add_time` FROM `la_article` ORDER BY  add_time DESC  LIMIT 6   [ RunTime:0.0010s ]
SQL: SELECT `cat_name` FROM `la_category` WHERE `id` = 2 LIMIT 1   [ RunTime:0.0008s ]
SQL: SELECT `cat_name` FROM `la_category` WHERE `id` = 2 LIMIT 1   [ RunTime:0.0008s ]
SQL: SELECT `cat_name` FROM `la_category` WHERE `id` = 44 LIMIT 1   [ RunTime:0.0008s ]
SQL: SELECT `cat_name` FROM `la_category` WHERE `id` = 44 LIMIT 1   [ RunTime:0.0035s ]
SQL: SELECT `cat_name` FROM `la_category` WHERE `id` = 2 LIMIT 1   [ RunTime:0.0013s ]
SQL: SELECT `cat_name` FROM `la_category` WHERE `id` = 35 LIMIT 1   [ RunTime:0.0010s ]

[ 2018-01-17T16:28:10+08:00 ] 192.168.47.1 /Home
SQL: SHOW COLUMNS FROM `la_config` [ RunTime:0.0031s ]
SQL: SELECT `config_sign`,`config_value` FROM `la_config`  [ RunTime:0.0014s ]
SQL: SHOW COLUMNS FROM `la_seo` [ RunTime:0.0023s ]
SQL: SELECT `tags`,`meta_description`,`meta_keyword` FROM `la_seo` WHERE `id_mark` = 'ch_index' LIMIT 1   [ RunTime:0.0016s ]
SQL: SHOW COLUMNS FROM `la_category` [ RunTime:0.0024s ]
SQL: SELECT `id`,`cat_name`,`images`,`root_id` FROM `la_category` WHERE `module_id` < 6 AND `root_id` = 0  [ RunTime:0.0008s ]
SQL: SHOW COLUMNS FROM `la_ad` [ RunTime:0.0015s ]
SQL: SELECT `id`,`image`,`url` FROM `la_ad` WHERE `group_id` = 2 ORDER BY  add_time DESC   [ RunTime:0.0017s ]
SQL: SHOW COLUMNS FROM `la_product` [ RunTime:0.0027s ]
SQL: SHOW COLUMNS FROM `la_product_attr` [ RunTime:0.0014s ]
SQL: SELECT `id`,`limit`,`sort`,`root_id` FROM `la_category` WHERE `module_id` = 2 LIMIT 1   [ RunTime:0.0008s ]
SQL: SELECT `id`,`tree_id`,`cat_id`,`product_sn`,`product_name`,`oprice`,`bprice`,`thumb_files`,`upload_files`,`add_time`,`update_time`,`hits` FROM `la_product` ORDER BY  add_time DESC  LIMIT 6   [ RunTime:0.0013s ]
SQL: SHOW COLUMNS FROM `la_article` [ RunTime:0.0020s ]
SQL: SELECT `id`,`tree_id`,`cat_id`,`title`,`hits`,`add_time` FROM `la_article` ORDER BY  add_time DESC  LIMIT 6   [ RunTime:0.0008s ]
SQL: SELECT `cat_name` FROM `la_category` WHERE `id` = 2 LIMIT 1   [ RunTime:0.0007s ]
SQL: SELECT `cat_name` FROM `la_category` WHERE `id` = 2 LIMIT 1   [ RunTime:0.0006s ]
SQL: SELECT `cat_name` FROM `la_category` WHERE `id` = 44 LIMIT 1   [ RunTime:0.0024s ]
SQL: SELECT `cat_name` FROM `la_category` WHERE `id` = 44 LIMIT 1   [ RunTime:0.0048s ]
SQL: SELECT `cat_name` FROM `la_category` WHERE `id` = 2 LIMIT 1   [ RunTime:0.0008s ]
SQL: SELECT `cat_name` FROM `la_category` WHERE `id` = 35 LIMIT 1   [ RunTime:0.0008s ]

[ 2018-01-17T16:39:13+08:00 ] 192.168.47.1 /Article/articleDetail/id/22.html
SQL: SHOW COLUMNS FROM `la_config` [ RunTime:0.0015s ]
SQL: SELECT `config_sign`,`config_value` FROM `la_config`  [ RunTime:0.0007s ]
SQL: SHOW COLUMNS FROM `la_article` [ RunTime:0.0024s ]
SQL: SELECT * FROM `la_article` WHERE `id` = 22 LIMIT 1   [ RunTime:0.0014s ]
SQL: SELECT `id`,`title` FROM `la_article` WHERE (  id < 22  ) ORDER BY  id DESC  LIMIT 1   [ RunTime:0.0007s ]
SQL: SELECT `id`,`title` FROM `la_article` WHERE (  id > 22  ) ORDER BY  id ASC  LIMIT 1   [ RunTime:0.0005s ]
SQL: SHOW COLUMNS FROM `la_category` [ RunTime:0.0018s ]
SQL: SELECT `id`,`root_id`,`cat_path`,`tags`,`meta_description`,`meta_keyword` FROM `la_category` WHERE `id` = 2 LIMIT 1   [ RunTime:0.0006s ]

[ 2018-01-17T16:39:13+08:00 ] 192.168.47.1 /Article/articleDetail/id/22.html
SQL: SHOW COLUMNS FROM `la_config` [ RunTime:0.0012s ]
SQL: SELECT `config_sign`,`config_value` FROM `la_config`  [ RunTime:0.0006s ]
SQL: SHOW COLUMNS FROM `la_article` [ RunTime:0.0019s ]
SQL: SELECT * FROM `la_article` WHERE `id` = 22 LIMIT 1   [ RunTime:0.0013s ]
SQL: SELECT `id`,`title` FROM `la_article` WHERE (  id < 22  ) ORDER BY  id DESC  LIMIT 1   [ RunTime:0.0006s ]
SQL: SELECT `id`,`title` FROM `la_article` WHERE (  id > 22  ) ORDER BY  id ASC  LIMIT 1   [ RunTime:0.0007s ]
SQL: SHOW COLUMNS FROM `la_category` [ RunTime:0.0017s ]
SQL: SELECT `id`,`root_id`,`cat_path`,`tags`,`meta_description`,`meta_keyword` FROM `la_category` WHERE `id` = 2 LIMIT 1   [ RunTime:0.0013s ]

[ 2018-01-17T16:39:31+08:00 ] 192.168.47.1 /Product/product.html
SQL: SHOW COLUMNS FROM `la_config` [ RunTime:0.0014s ]
SQL: SELECT `config_sign`,`config_value` FROM `la_config`  [ RunTime:0.0007s ]
SQL: SHOW COLUMNS FROM `la_seo` [ RunTime:0.0013s ]
SQL: SELECT `tags`,`meta_description`,`meta_keyword` FROM `la_seo` WHERE `id_mark` = 'ch_product_index' LIMIT 1   [ RunTime:0.0007s ]
SQL: SHOW COLUMNS FROM `la_category` [ RunTime:0.0022s ]
SQL: SELECT `id`,`cat_name`,`images`,`root_id` FROM `la_category` WHERE `root_id` = 0  [ RunTime:0.0010s ]
SQL: SHOW COLUMNS FROM `la_product` [ RunTime:0.0021s ]
SQL: SHOW COLUMNS FROM `la_product_attr` [ RunTime:0.0012s ]
SQL: SELECT `id`,`limit`,`sort`,`root_id` FROM `la_category` WHERE `module_id` = 2 LIMIT 1   [ RunTime:0.0007s ]
SQL: SELECT COUNT(*) AS tp_count FROM `la_product` LIMIT 1   [ RunTime:0.0006s ]
SQL: SELECT `id`,`tree_id`,`cat_id`,`product_sn`,`product_name`,`oprice`,`bprice`,`thumb_files`,`upload_files`,`add_time`,`update_time`,`hits` FROM `la_product` ORDER BY  add_time DESC  LIMIT 0,10   [ RunTime:0.0013s ]

[ 2018-01-17T16:40:47+08:00 ] 192.168.47.1 /Article/article.html
SQL: SHOW COLUMNS FROM `la_config` [ RunTime:0.0014s ]
SQL: SELECT `config_sign`,`config_value` FROM `la_config`  [ RunTime:0.0007s ]
SQL: SHOW COLUMNS FROM `la_seo` [ RunTime:0.0013s ]
SQL: SELECT `tags`,`meta_description`,`meta_keyword` FROM `la_seo` WHERE `id_mark` = 'ch_article_index' LIMIT 1   [ RunTime:0.0007s ]
SQL: SHOW COLUMNS FROM `la_category` [ RunTime:0.0023s ]
SQL: SELECT `id`,`cat_name`,`images`,`root_id` FROM `la_category` WHERE `module_id` IN ('1','3','4','5') AND `root_id` = 0  [ RunTime:0.0008s ]
SQL: SHOW COLUMNS FROM `la_article` [ RunTime:0.0019s ]
SQL: SELECT COUNT(*) AS tp_count FROM `la_article` LIMIT 1   [ RunTime:0.0006s ]
SQL: SELECT * FROM `la_article` ORDER BY  add_time DESC  LIMIT 0,10   [ RunTime:0.0039s ]
SQL: SELECT `cat_name` FROM `la_category` WHERE `id` = 2 LIMIT 1   [ RunTime:0.0006s ]
SQL: SELECT `cat_name` FROM `la_category` WHERE `id` = 2 LIMIT 1   [ RunTime:0.0007s ]
SQL: SELECT `cat_name` FROM `la_category` WHERE `id` = 44 LIMIT 1   [ RunTime:0.0006s ]
SQL: SELECT `cat_name` FROM `la_category` WHERE `id` = 44 LIMIT 1   [ RunTime:0.0005s ]
SQL: SELECT `cat_name` FROM `la_category` WHERE `id` = 2 LIMIT 1   [ RunTime:0.0005s ]
SQL: SELECT `cat_name` FROM `la_category` WHERE `id` = 35 LIMIT 1   [ RunTime:0.0005s ]
SQL: SELECT `cat_name` FROM `la_category` WHERE `id` = 35 LIMIT 1   [ RunTime:0.0005s ]
SQL: SELECT `cat_name` FROM `la_category` WHERE `id` = 2 LIMIT 1   [ RunTime:0.0005s ]
SQL: SELECT `cat_name` FROM `la_category` WHERE `id` = 2 LIMIT 1   [ RunTime:0.0005s ]
SQL: SELECT `cat_name` FROM `la_category` WHERE `id` = 2 LIMIT 1   [ RunTime:0.0005s ]

[ 2018-01-17T16:43:33+08:00 ] 192.168.47.1 /Home
SQL: SHOW COLUMNS FROM `la_config` [ RunTime:0.0025s ]
SQL: SELECT `config_sign`,`config_value` FROM `la_config`  [ RunTime:0.0022s ]
SQL: SHOW COLUMNS FROM `la_seo` [ RunTime:0.0036s ]
SQL: SELECT `tags`,`meta_description`,`meta_keyword` FROM `la_seo` WHERE `id_mark` = 'ch_index' LIMIT 1   [ RunTime:0.0011s ]
SQL: SHOW COLUMNS FROM `la_category` [ RunTime:0.0025s ]
SQL: SELECT `id`,`cat_name`,`images`,`root_id` FROM `la_category` WHERE `module_id` < 6 AND `root_id` = 0  [ RunTime:0.0010s ]
SQL: SHOW COLUMNS FROM `la_ad` [ RunTime:0.0040s ]
SQL: SELECT `id`,`image`,`url` FROM `la_ad` WHERE `group_id` = 2 ORDER BY  add_time DESC   [ RunTime:0.0025s ]
SQL: SHOW COLUMNS FROM `la_product` [ RunTime:0.0045s ]
SQL: SHOW COLUMNS FROM `la_product_attr` [ RunTime:0.0022s ]
SQL: SELECT `id`,`limit`,`sort`,`root_id` FROM `la_category` WHERE `module_id` = 2 LIMIT 1   [ RunTime:0.0029s ]
SQL: SELECT `id`,`tree_id`,`cat_id`,`product_sn`,`product_name`,`oprice`,`bprice`,`thumb_files`,`upload_files`,`add_time`,`update_time`,`hits` FROM `la_product` ORDER BY  add_time DESC  LIMIT 6   [ RunTime:0.0013s ]
SQL: SHOW COLUMNS FROM `la_article` [ RunTime:0.0020s ]
SQL: SELECT `id`,`tree_id`,`cat_id`,`title`,`hits`,`add_time` FROM `la_article` ORDER BY  add_time DESC  LIMIT 6   [ RunTime:0.0009s ]
SQL: SELECT `cat_name` FROM `la_category` WHERE `id` = 2 LIMIT 1   [ RunTime:0.0010s ]
SQL: SELECT `cat_name` FROM `la_category` WHERE `id` = 2 LIMIT 1   [ RunTime:0.0009s ]
SQL: SELECT `cat_name` FROM `la_category` WHERE `id` = 44 LIMIT 1   [ RunTime:0.0040s ]
SQL: SELECT `cat_name` FROM `la_category` WHERE `id` = 44 LIMIT 1   [ RunTime:0.0029s ]
SQL: SELECT `cat_name` FROM `la_category` WHERE `id` = 2 LIMIT 1   [ RunTime:0.0006s ]
SQL: SELECT `cat_name` FROM `la_category` WHERE `id` = 35 LIMIT 1   [ RunTime:0.0013s ]

[ 2018-01-17T16:44:16+08:00 ] 192.168.47.1 /Product/productDetail/id/88.html
SQL: SHOW COLUMNS FROM `la_config` [ RunTime:0.0017s ]
SQL: SELECT `config_sign`,`config_value` FROM `la_config`  [ RunTime:0.0007s ]
SQL: SHOW COLUMNS FROM `la_category` [ RunTime:0.0023s ]
SQL: SHOW COLUMNS FROM `la_product` [ RunTime:0.0023s ]
SQL: SHOW COLUMNS FROM `la_product_attr` [ RunTime:0.0012s ]
SQL: SELECT * FROM `la_product` WHERE `id` = 88 LIMIT 1   [ RunTime:0.0011s ]
SQL: SELECT `module_attr_id`,`ext_value` FROM `la_product_attr` WHERE `rel_id` = 88  [ RunTime:0.0006s ]
SQL: SHOW COLUMNS FROM `la_module_attr` [ RunTime:0.0016s ]
SQL: SELECT `id`,`product_name` FROM `la_product` WHERE (  id < 88  ) ORDER BY  id DESC  LIMIT 1   [ RunTime:0.0007s ]
SQL: SELECT `id`,`product_name` FROM `la_product` WHERE (  id > 88  ) ORDER BY  id ASC  LIMIT 1   [ RunTime:0.0006s ]
SQL: SELECT `id`,`root_id`,`cat_path`,`tags`,`meta_description`,`meta_keyword` FROM `la_category` WHERE `id` = 6 LIMIT 1   [ RunTime:0.0006s ]
SQL: SELECT `cat_name` FROM `la_category` WHERE `id` = 6 LIMIT 1   [ RunTime:0.0006s ]

[ 2018-01-17T16:44:16+08:00 ] 192.168.47.1 /Product/productDetail/id/%3C!----%3E
SQL: SHOW COLUMNS FROM `la_config` [ RunTime:0.0031s ]
SQL: SELECT `config_sign`,`config_value` FROM `la_config`  [ RunTime:0.0032s ]

[ 2018-01-17T16:44:25+08:00 ] 192.168.47.1 /Index/index.html
SQL: SHOW COLUMNS FROM `la_config` [ RunTime:0.0016s ]
SQL: SELECT `config_sign`,`config_value` FROM `la_config`  [ RunTime:0.0009s ]
SQL: SHOW COLUMNS FROM `la_seo` [ RunTime:0.0014s ]
SQL: SELECT `tags`,`meta_description`,`meta_keyword` FROM `la_seo` WHERE `id_mark` = 'ch_index' LIMIT 1   [ RunTime:0.0006s ]
SQL: SHOW COLUMNS FROM `la_category` [ RunTime:0.0032s ]
SQL: SELECT `id`,`cat_name`,`images`,`root_id` FROM `la_category` WHERE `module_id` < 6 AND `root_id` = 0  [ RunTime:0.0010s ]
SQL: SHOW COLUMNS FROM `la_ad` [ RunTime:0.0017s ]
SQL: SELECT `id`,`image`,`url` FROM `la_ad` WHERE `group_id` = 2 ORDER BY  add_time DESC   [ RunTime:0.0008s ]
SQL: SHOW COLUMNS FROM `la_product` [ RunTime:0.0021s ]
SQL: SHOW COLUMNS FROM `la_product_attr` [ RunTime:0.0011s ]
SQL: SELECT `id`,`limit`,`sort`,`root_id` FROM `la_category` WHERE `module_id` = 2 LIMIT 1   [ RunTime:0.0006s ]
SQL: SELECT `id`,`tree_id`,`cat_id`,`product_sn`,`product_name`,`oprice`,`bprice`,`thumb_files`,`upload_files`,`add_time`,`update_time`,`hits` FROM `la_product` ORDER BY  add_time DESC  LIMIT 6   [ RunTime:0.0011s ]
SQL: SHOW COLUMNS FROM `la_article` [ RunTime:0.0018s ]
SQL: SELECT `id`,`tree_id`,`cat_id`,`title`,`hits`,`add_time` FROM `la_article` ORDER BY  add_time DESC  LIMIT 6   [ RunTime:0.0007s ]
SQL: SELECT `cat_name` FROM `la_category` WHERE `id` = 2 LIMIT 1   [ RunTime:0.0015s ]
SQL: SELECT `cat_name` FROM `la_category` WHERE `id` = 2 LIMIT 1   [ RunTime:0.0008s ]
SQL: SELECT `cat_name` FROM `la_category` WHERE `id` = 44 LIMIT 1   [ RunTime:0.0008s ]
SQL: SELECT `cat_name` FROM `la_category` WHERE `id` = 44 LIMIT 1   [ RunTime:0.0006s ]
SQL: SELECT `cat_name` FROM `la_category` WHERE `id` = 2 LIMIT 1   [ RunTime:0.0006s ]
SQL: SELECT `cat_name` FROM `la_category` WHERE `id` = 35 LIMIT 1   [ RunTime:0.0006s ]

[ 2018-01-17T16:45:00+08:00 ] 192.168.47.1 /Article/articleDetail/id/20.html
SQL: SHOW COLUMNS FROM `la_config` [ RunTime:0.0015s ]
SQL: SELECT `config_sign`,`config_value` FROM `la_config`  [ RunTime:0.0008s ]
SQL: SHOW COLUMNS FROM `la_article` [ RunTime:0.0022s ]
SQL: SELECT * FROM `la_article` WHERE `id` = 20 LIMIT 1   [ RunTime:0.0015s ]
SQL: SELECT `id`,`title` FROM `la_article` WHERE (  id < 20  ) ORDER BY  id DESC  LIMIT 1   [ RunTime:0.0006s ]
SQL: SELECT `id`,`title` FROM `la_article` WHERE (  id > 20  ) ORDER BY  id ASC  LIMIT 1   [ RunTime:0.0005s ]
SQL: SHOW COLUMNS FROM `la_category` [ RunTime:0.0019s ]
SQL: SELECT `id`,`root_id`,`cat_path`,`tags`,`meta_description`,`meta_keyword` FROM `la_category` WHERE `id` = 2 LIMIT 1   [ RunTime:0.0005s ]

