[ 2018-04-02T14:15:18+08:00 ] 192.168.47.1 /
SQL: SHOW COLUMNS FROM `la_config` [ RunTime:0.0039s ]
SQL: SELECT `config_sign`,`config_value` FROM `la_config`  [ RunTime:0.0015s ]

[ 2018-04-02T14:15:19+08:00 ] 192.168.47.1 /
SQL: SHOW COLUMNS FROM `la_config` [ RunTime:0.0031s ]
SQL: SELECT `config_sign`,`config_value` FROM `la_config`  [ RunTime:0.0008s ]
SQL: SHOW COLUMNS FROM `la_seo` [ RunTime:0.0015s ]
SQL: SELECT `tags`,`meta_description`,`meta_keyword` FROM `la_seo` WHERE `id_mark` = 'ch_index' LIMIT 1   [ RunTime:0.0007s ]
SQL: SHOW COLUMNS FROM `la_goods_category` [ RunTime:0.0036s ]
SQL: SELECT * FROM `la_goods_category` WHERE `pid` = 0 ORDER BY sort DESC  [ RunTime:0.0015s ]
SQL: SELECT * FROM `la_goods_category` WHERE `pid` = 1 ORDER BY sort DESC  [ RunTime:0.0012s ]
SQL: SELECT * FROM `la_goods_category` WHERE `pid` = 17 ORDER BY sort DESC  [ RunTime:0.0011s ]
SQL: SELECT * FROM `la_goods_category` WHERE `pid` = 19 ORDER BY sort DESC  [ RunTime:0.0012s ]
SQL: SHOW COLUMNS FROM `la_goods` [ RunTime:0.0026s ]
SQL: SELECT `id`,`category_id`,`category_path`,`goods_image`,`goods_name` FROM `la_goods` WHERE `goods_main_id` = 0 AND `is_delete` = 0 ORDER BY is_top DESC, add_time DESC  LIMIT 9   [ RunTime:0.0038s ]
SQL: SHOW COLUMNS FROM `la_ad` [ RunTime:0.0017s ]
SQL: SHOW COLUMNS FROM `la_goods_images` [ RunTime:0.0013s ]
SQL: SELECT `id`,`image`,`url` FROM `la_ad` WHERE `group_id` = 2 ORDER BY  add_time DESC   [ RunTime:0.0009s ]
SQL: SELECT COUNT(*) AS tp_count FROM `la_ad` WHERE `group_id` = 2 LIMIT 1   [ RunTime:0.0007s ]
SQL: SELECT `id`,`category_id`,`category_path`,`goods_image`,`goods_name` FROM `la_goods` WHERE `goods_main_id` = 0 AND `is_delete` = 0 ORDER BY is_top DESC, add_time DESC  LIMIT 9   [ RunTime:0.0030s ]
SQL: SHOW COLUMNS FROM `la_article` [ RunTime:0.0020s ]
SQL: SELECT `id`,`tree_id`,`cat_id`,`image`,`summary`,`title`,`hits`,`add_time` FROM `la_article` ORDER BY is_top DESC, add_time DESC  LIMIT 6   [ RunTime:0.0012s ]

[ 2018-04-02T14:16:49+08:00 ] 192.168.47.1 /
SQL: SHOW COLUMNS FROM `la_config` [ RunTime:0.0015s ]
SQL: SELECT `config_sign`,`config_value` FROM `la_config`  [ RunTime:0.0008s ]
SQL: SHOW COLUMNS FROM `la_seo` [ RunTime:0.0014s ]
SQL: SELECT `tags`,`meta_description`,`meta_keyword` FROM `la_seo` WHERE `id_mark` = 'ch_index' LIMIT 1   [ RunTime:0.0007s ]
SQL: SHOW COLUMNS FROM `la_goods_category` [ RunTime:0.0017s ]
SQL: SELECT * FROM `la_goods_category` WHERE `pid` = 0 ORDER BY sort DESC  [ RunTime:0.0010s ]
SQL: SELECT * FROM `la_goods_category` WHERE `pid` = 1 ORDER BY sort DESC  [ RunTime:0.0010s ]
SQL: SELECT * FROM `la_goods_category` WHERE `pid` = 17 ORDER BY sort DESC  [ RunTime:0.0009s ]
SQL: SELECT * FROM `la_goods_category` WHERE `pid` = 19 ORDER BY sort DESC  [ RunTime:0.0008s ]
SQL: SHOW COLUMNS FROM `la_goods` [ RunTime:0.0022s ]
SQL: SELECT `id`,`category_id`,`category_path`,`goods_image`,`goods_name` FROM `la_goods` WHERE `goods_main_id` = 0 AND `is_delete` = 0 ORDER BY is_top DESC, add_time DESC  LIMIT 9   [ RunTime:0.0029s ]
SQL: SHOW COLUMNS FROM `la_ad` [ RunTime:0.0016s ]
SQL: SHOW COLUMNS FROM `la_goods_images` [ RunTime:0.0012s ]
SQL: SELECT `id`,`image`,`url` FROM `la_ad` WHERE `group_id` = 2 ORDER BY  add_time DESC   [ RunTime:0.0015s ]
SQL: SELECT COUNT(*) AS tp_count FROM `la_ad` WHERE `group_id` = 2 LIMIT 1   [ RunTime:0.0007s ]
SQL: SELECT `id`,`category_id`,`category_path`,`goods_image`,`goods_name` FROM `la_goods` WHERE `goods_main_id` = 0 AND `is_delete` = 0 ORDER BY is_top DESC, add_time DESC  LIMIT 9   [ RunTime:0.0024s ]
SQL: SHOW COLUMNS FROM `la_article` [ RunTime:0.0017s ]
SQL: SELECT `id`,`tree_id`,`cat_id`,`image`,`summary`,`title`,`hits`,`add_time` FROM `la_article` ORDER BY is_top DESC, add_time DESC  LIMIT 6   [ RunTime:0.0023s ]

[ 2018-04-02T14:17:14+08:00 ] 192.168.47.1 /
SQL: SHOW COLUMNS FROM `la_config` [ RunTime:0.0014s ]
SQL: SELECT `config_sign`,`config_value` FROM `la_config`  [ RunTime:0.0008s ]
SQL: SHOW COLUMNS FROM `la_seo` [ RunTime:0.0013s ]
SQL: SELECT `tags`,`meta_description`,`meta_keyword` FROM `la_seo` WHERE `id_mark` = 'ch_index' LIMIT 1   [ RunTime:0.0007s ]
SQL: SHOW COLUMNS FROM `la_goods_category` [ RunTime:0.0015s ]
SQL: SELECT * FROM `la_goods_category` WHERE `pid` = 0 ORDER BY sort DESC  [ RunTime:0.0009s ]
SQL: SELECT * FROM `la_goods_category` WHERE `pid` = 1 ORDER BY sort DESC  [ RunTime:0.0009s ]
SQL: SELECT * FROM `la_goods_category` WHERE `pid` = 17 ORDER BY sort DESC  [ RunTime:0.0008s ]
SQL: SELECT * FROM `la_goods_category` WHERE `pid` = 19 ORDER BY sort DESC  [ RunTime:0.0007s ]
SQL: SHOW COLUMNS FROM `la_goods` [ RunTime:0.0029s ]
SQL: SELECT `id`,`category_id`,`category_path`,`goods_image`,`goods_name` FROM `la_goods` WHERE `goods_main_id` = 0 AND `is_delete` = 0 ORDER BY is_top DESC, add_time DESC  LIMIT 9   [ RunTime:0.0034s ]
SQL: SHOW COLUMNS FROM `la_ad` [ RunTime:0.0019s ]
SQL: SHOW COLUMNS FROM `la_goods_images` [ RunTime:0.0011s ]
SQL: SELECT `id`,`image`,`url` FROM `la_ad` WHERE `group_id` = 2 ORDER BY  add_time DESC   [ RunTime:0.0007s ]
SQL: SELECT COUNT(*) AS tp_count FROM `la_ad` WHERE `group_id` = 2 LIMIT 1   [ RunTime:0.0006s ]
SQL: SELECT `id`,`category_id`,`category_path`,`goods_image`,`goods_name` FROM `la_goods` WHERE `goods_main_id` = 0 AND `is_delete` = 0 ORDER BY is_top DESC, add_time DESC  LIMIT 9   [ RunTime:0.0022s ]
SQL: SHOW COLUMNS FROM `la_article` [ RunTime:0.0019s ]
SQL: SELECT `id`,`tree_id`,`cat_id`,`image`,`summary`,`title`,`hits`,`add_time` FROM `la_article` ORDER BY is_top DESC, add_time DESC  LIMIT 6   [ RunTime:0.0012s ]

[ 2018-04-02T14:18:21+08:00 ] 192.168.47.1 /
SQL: SHOW COLUMNS FROM `la_config` [ RunTime:0.0220s ]
SQL: SELECT `config_sign`,`config_value` FROM `la_config`  [ RunTime:0.0014s ]
SQL: SHOW COLUMNS FROM `la_seo` [ RunTime:0.0013s ]
SQL: SELECT `tags`,`meta_description`,`meta_keyword` FROM `la_seo` WHERE `id_mark` = 'ch_index' LIMIT 1   [ RunTime:0.0005s ]
SQL: SHOW COLUMNS FROM `la_goods_category` [ RunTime:0.0014s ]
SQL: SELECT * FROM `la_goods_category` WHERE `pid` = 0 ORDER BY sort DESC  [ RunTime:0.0007s ]
SQL: SELECT * FROM `la_goods_category` WHERE `pid` = 1 ORDER BY sort DESC  [ RunTime:0.0012s ]
SQL: SELECT * FROM `la_goods_category` WHERE `pid` = 17 ORDER BY sort DESC  [ RunTime:0.0010s ]
SQL: SELECT * FROM `la_goods_category` WHERE `pid` = 19 ORDER BY sort DESC  [ RunTime:0.0015s ]
SQL: SHOW COLUMNS FROM `la_goods` [ RunTime:0.0021s ]
SQL: SELECT `id`,`category_id`,`category_path`,`goods_image`,`goods_name` FROM `la_goods` WHERE `goods_main_id` = 0 AND `is_delete` = 0 ORDER BY is_top DESC, add_time DESC  LIMIT 9   [ RunTime:0.0028s ]
SQL: SHOW COLUMNS FROM `la_ad` [ RunTime:0.0023s ]
SQL: SHOW COLUMNS FROM `la_goods_images` [ RunTime:0.0028s ]
SQL: SELECT `id`,`image`,`url` FROM `la_ad` WHERE `group_id` = 2 ORDER BY  add_time DESC   [ RunTime:0.0008s ]
SQL: SELECT COUNT(*) AS tp_count FROM `la_ad` WHERE `group_id` = 2 LIMIT 1   [ RunTime:0.0006s ]
SQL: SELECT `id`,`category_id`,`category_path`,`goods_image`,`goods_name` FROM `la_goods` WHERE `goods_main_id` = 0 AND `is_delete` = 0 ORDER BY is_top DESC, add_time DESC  LIMIT 9   [ RunTime:0.0041s ]
SQL: SHOW COLUMNS FROM `la_article` [ RunTime:0.0018s ]
SQL: SELECT `id`,`tree_id`,`cat_id`,`image`,`summary`,`title`,`hits`,`add_time` FROM `la_article` ORDER BY is_top DESC, add_time DESC  LIMIT 6   [ RunTime:0.0011s ]

[ 2018-04-02T14:18:39+08:00 ] 192.168.47.1 /
SQL: SHOW COLUMNS FROM `la_config` [ RunTime:0.0016s ]
SQL: SELECT `config_sign`,`config_value` FROM `la_config`  [ RunTime:0.0007s ]
SQL: SHOW COLUMNS FROM `la_seo` [ RunTime:0.0013s ]
SQL: SELECT `tags`,`meta_description`,`meta_keyword` FROM `la_seo` WHERE `id_mark` = 'ch_index' LIMIT 1   [ RunTime:0.0008s ]
SQL: SHOW COLUMNS FROM `la_goods_category` [ RunTime:0.0017s ]
SQL: SELECT * FROM `la_goods_category` WHERE `pid` = 0 ORDER BY sort DESC  [ RunTime:0.0021s ]
SQL: SELECT * FROM `la_goods_category` WHERE `pid` = 1 ORDER BY sort DESC  [ RunTime:0.0014s ]
SQL: SELECT * FROM `la_goods_category` WHERE `pid` = 17 ORDER BY sort DESC  [ RunTime:0.0014s ]
SQL: SELECT * FROM `la_goods_category` WHERE `pid` = 19 ORDER BY sort DESC  [ RunTime:0.0008s ]
SQL: SHOW COLUMNS FROM `la_goods` [ RunTime:0.0023s ]
SQL: SELECT `id`,`category_id`,`category_path`,`goods_image`,`goods_name` FROM `la_goods` WHERE `goods_main_id` = 0 AND `is_delete` = 0 ORDER BY is_top DESC, add_time DESC  LIMIT 9   [ RunTime:0.0034s ]
SQL: SHOW COLUMNS FROM `la_ad` [ RunTime:0.0014s ]
SQL: SHOW COLUMNS FROM `la_goods_images` [ RunTime:0.0023s ]
SQL: SELECT `id`,`image`,`url` FROM `la_ad` WHERE `group_id` = 2 ORDER BY  add_time DESC   [ RunTime:0.0016s ]
SQL: SELECT COUNT(*) AS tp_count FROM `la_ad` WHERE `group_id` = 2 LIMIT 1   [ RunTime:0.0011s ]
SQL: SELECT `id`,`category_id`,`category_path`,`goods_image`,`goods_name` FROM `la_goods` WHERE `goods_main_id` = 0 AND `is_delete` = 0 ORDER BY is_top DESC, add_time DESC  LIMIT 9   [ RunTime:0.0032s ]
SQL: SHOW COLUMNS FROM `la_article` [ RunTime:0.0020s ]
SQL: SELECT `id`,`tree_id`,`cat_id`,`image`,`summary`,`title`,`hits`,`add_time` FROM `la_article` ORDER BY is_top DESC, add_time DESC  LIMIT 6   [ RunTime:0.0012s ]

[ 2018-04-02T14:18:45+08:00 ] 192.168.47.1 /
SQL: SHOW COLUMNS FROM `la_config` [ RunTime:0.0024s ]
SQL: SELECT `config_sign`,`config_value` FROM `la_config`  [ RunTime:0.0021s ]
SQL: SHOW COLUMNS FROM `la_seo` [ RunTime:0.0016s ]
SQL: SELECT `tags`,`meta_description`,`meta_keyword` FROM `la_seo` WHERE `id_mark` = 'ch_index' LIMIT 1   [ RunTime:0.0008s ]
SQL: SHOW COLUMNS FROM `la_goods_category` [ RunTime:0.0017s ]
SQL: SELECT * FROM `la_goods_category` WHERE `pid` = 0 ORDER BY sort DESC  [ RunTime:0.0010s ]
SQL: SELECT * FROM `la_goods_category` WHERE `pid` = 1 ORDER BY sort DESC  [ RunTime:0.0011s ]
SQL: SELECT * FROM `la_goods_category` WHERE `pid` = 17 ORDER BY sort DESC  [ RunTime:0.0010s ]
SQL: SELECT * FROM `la_goods_category` WHERE `pid` = 19 ORDER BY sort DESC  [ RunTime:0.0009s ]
SQL: SHOW COLUMNS FROM `la_goods` [ RunTime:0.0024s ]
SQL: SELECT `id`,`category_id`,`category_path`,`goods_image`,`goods_name` FROM `la_goods` WHERE `goods_main_id` = 0 AND `is_delete` = 0 ORDER BY is_top DESC, add_time DESC  LIMIT 9   [ RunTime:0.0032s ]
SQL: SHOW COLUMNS FROM `la_ad` [ RunTime:0.0016s ]
SQL: SHOW COLUMNS FROM `la_goods_images` [ RunTime:0.0013s ]
SQL: SELECT `id`,`image`,`url` FROM `la_ad` WHERE `group_id` = 2 ORDER BY  add_time DESC   [ RunTime:0.0009s ]
SQL: SELECT COUNT(*) AS tp_count FROM `la_ad` WHERE `group_id` = 2 LIMIT 1   [ RunTime:0.0008s ]
SQL: SELECT `id`,`category_id`,`category_path`,`goods_image`,`goods_name` FROM `la_goods` WHERE `goods_main_id` = 0 AND `is_delete` = 0 ORDER BY is_top DESC, add_time DESC  LIMIT 9   [ RunTime:0.0030s ]
SQL: SHOW COLUMNS FROM `la_article` [ RunTime:0.0021s ]
SQL: SELECT `id`,`tree_id`,`cat_id`,`image`,`summary`,`title`,`hits`,`add_time` FROM `la_article` ORDER BY is_top DESC, add_time DESC  LIMIT 6   [ RunTime:0.0044s ]

[ 2018-04-02T14:37:55+08:00 ] 192.168.47.1 /
SQL: SHOW COLUMNS FROM `la_config` [ RunTime:0.0022s ]
SQL: SELECT `config_sign`,`config_value` FROM `la_config`  [ RunTime:0.0015s ]
SQL: SHOW COLUMNS FROM `la_seo` [ RunTime:0.0024s ]
SQL: SELECT `tags`,`meta_description`,`meta_keyword` FROM `la_seo` WHERE `id_mark` = 'ch_index' LIMIT 1   [ RunTime:0.0017s ]
SQL: SHOW COLUMNS FROM `la_goods_category` [ RunTime:0.0024s ]
SQL: SELECT * FROM `la_goods_category` WHERE `pid` = 0 ORDER BY sort DESC  [ RunTime:0.0013s ]
SQL: SELECT * FROM `la_goods_category` WHERE `pid` = 1 ORDER BY sort DESC  [ RunTime:0.0012s ]
SQL: SELECT * FROM `la_goods_category` WHERE `pid` = 17 ORDER BY sort DESC  [ RunTime:0.0016s ]
SQL: SELECT * FROM `la_goods_category` WHERE `pid` = 19 ORDER BY sort DESC  [ RunTime:0.0013s ]
SQL: SHOW COLUMNS FROM `la_goods` [ RunTime:0.0026s ]
SQL: SELECT `id`,`category_id`,`category_path`,`goods_image`,`goods_name` FROM `la_goods` WHERE `goods_main_id` = 0 AND `is_delete` = 0 ORDER BY is_top DESC, add_time DESC  LIMIT 9   [ RunTime:0.0038s ]
SQL: SHOW COLUMNS FROM `la_ad` [ RunTime:0.0017s ]
SQL: SHOW COLUMNS FROM `la_goods_images` [ RunTime:0.0013s ]
SQL: SELECT `id`,`image`,`url` FROM `la_ad` WHERE `group_id` = 2 ORDER BY  add_time DESC   [ RunTime:0.0008s ]
SQL: SELECT COUNT(*) AS tp_count FROM `la_ad` WHERE `group_id` = 2 LIMIT 1   [ RunTime:0.0006s ]
SQL: SELECT `id`,`category_id`,`category_path`,`goods_image`,`goods_name` FROM `la_goods` WHERE `goods_main_id` = 0 AND `is_delete` = 0 ORDER BY is_top DESC, add_time DESC  LIMIT 9   [ RunTime:0.0030s ]
SQL: SHOW COLUMNS FROM `la_article` [ RunTime:0.0021s ]
SQL: SELECT `id`,`tree_id`,`cat_id`,`image`,`summary`,`title`,`hits`,`add_time` FROM `la_article` ORDER BY is_top DESC, add_time DESC  LIMIT 6   [ RunTime:0.0011s ]

[ 2018-04-02T14:39:12+08:00 ] 192.168.47.1 /
SQL: SHOW COLUMNS FROM `la_config` [ RunTime:0.0014s ]
SQL: SELECT `config_sign`,`config_value` FROM `la_config`  [ RunTime:0.0007s ]
SQL: SHOW COLUMNS FROM `la_seo` [ RunTime:0.0018s ]
SQL: SELECT `tags`,`meta_description`,`meta_keyword` FROM `la_seo` WHERE `id_mark` = 'ch_index' LIMIT 1   [ RunTime:0.0007s ]
SQL: SHOW COLUMNS FROM `la_goods_category` [ RunTime:0.0015s ]
SQL: SELECT * FROM `la_goods_category` WHERE `pid` = 0 ORDER BY sort DESC  [ RunTime:0.0009s ]
SQL: SELECT * FROM `la_goods_category` WHERE `pid` = 1 ORDER BY sort DESC  [ RunTime:0.0008s ]
SQL: SELECT * FROM `la_goods_category` WHERE `pid` = 17 ORDER BY sort DESC  [ RunTime:0.0007s ]
SQL: SELECT * FROM `la_goods_category` WHERE `pid` = 19 ORDER BY sort DESC  [ RunTime:0.0007s ]
SQL: SHOW COLUMNS FROM `la_goods` [ RunTime:0.0017s ]
SQL: SELECT `id`,`category_id`,`category_path`,`goods_image`,`goods_name` FROM `la_goods` WHERE `goods_main_id` = 0 AND `is_delete` = 0 ORDER BY is_top DESC, add_time DESC  LIMIT 9   [ RunTime:0.0024s ]
SQL: SHOW COLUMNS FROM `la_ad` [ RunTime:0.0013s ]
SQL: SHOW COLUMNS FROM `la_goods_images` [ RunTime:0.0010s ]
SQL: SELECT `id`,`image`,`url` FROM `la_ad` WHERE `group_id` = 2 ORDER BY  add_time DESC   [ RunTime:0.0006s ]
SQL: SELECT COUNT(*) AS tp_count FROM `la_ad` WHERE `group_id` = 2 LIMIT 1   [ RunTime:0.0005s ]
SQL: SELECT `id`,`category_id`,`category_path`,`goods_image`,`goods_name` FROM `la_goods` WHERE `goods_main_id` = 0 AND `is_delete` = 0 ORDER BY is_top DESC, add_time DESC  LIMIT 9   [ RunTime:0.0024s ]
SQL: SHOW COLUMNS FROM `la_article` [ RunTime:0.0017s ]
SQL: SELECT `id`,`tree_id`,`cat_id`,`image`,`summary`,`title`,`hits`,`add_time` FROM `la_article` ORDER BY is_top DESC, add_time DESC  LIMIT 6   [ RunTime:0.0010s ]

[ 2018-04-02T15:08:11+08:00 ] 192.168.47.1 /
SQL: SHOW COLUMNS FROM `la_config` [ RunTime:0.0015s ]
SQL: SELECT `config_sign`,`config_value` FROM `la_config`  [ RunTime:0.0007s ]
SQL: SHOW COLUMNS FROM `la_seo` [ RunTime:0.0014s ]
SQL: SELECT `tags`,`meta_description`,`meta_keyword` FROM `la_seo` WHERE `id_mark` = 'ch_index' LIMIT 1   [ RunTime:0.0007s ]
SQL: SHOW COLUMNS FROM `la_goods_category` [ RunTime:0.0015s ]
SQL: SELECT * FROM `la_goods_category` WHERE `pid` = 0 ORDER BY sort DESC  [ RunTime:0.0009s ]
SQL: SELECT * FROM `la_goods_category` WHERE `pid` = 1 ORDER BY sort DESC  [ RunTime:0.0010s ]
SQL: SELECT * FROM `la_goods_category` WHERE `pid` = 17 ORDER BY sort DESC  [ RunTime:0.0009s ]
SQL: SELECT * FROM `la_goods_category` WHERE `pid` = 19 ORDER BY sort DESC  [ RunTime:0.0008s ]
SQL: SHOW COLUMNS FROM `la_goods` [ RunTime:0.0036s ]
SQL: SELECT `id`,`category_id`,`category_path`,`goods_image`,`goods_name` FROM `la_goods` WHERE `goods_main_id` = 0 AND `is_delete` = 0 ORDER BY is_top DESC, add_time DESC  LIMIT 9   [ RunTime:0.0042s ]
SQL: SHOW COLUMNS FROM `la_ad` [ RunTime:0.0019s ]
SQL: SHOW COLUMNS FROM `la_goods_images` [ RunTime:0.0011s ]
SQL: SELECT `id`,`image`,`url` FROM `la_ad` WHERE `group_id` = 2 ORDER BY  add_time DESC   [ RunTime:0.0008s ]
SQL: SELECT COUNT(*) AS tp_count FROM `la_ad` WHERE `group_id` = 2 LIMIT 1   [ RunTime:0.0006s ]
SQL: SELECT `id`,`category_id`,`category_path`,`goods_image`,`goods_name` FROM `la_goods` WHERE `goods_main_id` = 0 AND `is_delete` = 0 ORDER BY is_top DESC, add_time DESC  LIMIT 9   [ RunTime:0.0024s ]
SQL: SHOW COLUMNS FROM `la_article` [ RunTime:0.0031s ]
SQL: SELECT `id`,`tree_id`,`cat_id`,`image`,`summary`,`title`,`hits`,`add_time` FROM `la_article` ORDER BY is_top DESC, add_time DESC  LIMIT 6   [ RunTime:0.0013s ]

[ 2018-04-02T15:20:35+08:00 ] 192.168.47.1 /
SQL: SHOW COLUMNS FROM `la_config` [ RunTime:0.0015s ]
SQL: SELECT `config_sign`,`config_value` FROM `la_config`  [ RunTime:0.0008s ]
SQL: SHOW COLUMNS FROM `la_seo` [ RunTime:0.0016s ]
SQL: SELECT `tags`,`meta_description`,`meta_keyword` FROM `la_seo` WHERE `id_mark` = 'ch_index' LIMIT 1   [ RunTime:0.0015s ]
SQL: SHOW COLUMNS FROM `la_goods_category` [ RunTime:0.0016s ]
SQL: SELECT * FROM `la_goods_category` WHERE `pid` = 0 ORDER BY sort DESC  [ RunTime:0.0009s ]
SQL: SELECT * FROM `la_goods_category` WHERE `pid` = 1 ORDER BY sort DESC  [ RunTime:0.0009s ]
SQL: SELECT * FROM `la_goods_category` WHERE `pid` = 17 ORDER BY sort DESC  [ RunTime:0.0008s ]
SQL: SELECT * FROM `la_goods_category` WHERE `pid` = 19 ORDER BY sort DESC  [ RunTime:0.0007s ]
SQL: SHOW COLUMNS FROM `la_goods` [ RunTime:0.0023s ]
SQL: SELECT `id`,`category_id`,`category_path`,`goods_image`,`goods_name` FROM `la_goods` WHERE `goods_main_id` = 0 AND `is_delete` = 0 ORDER BY is_top DESC, add_time DESC  LIMIT 9   [ RunTime:0.0028s ]
SQL: SHOW COLUMNS FROM `la_ad` [ RunTime:0.0015s ]
SQL: SHOW COLUMNS FROM `la_goods_images` [ RunTime:0.0014s ]
SQL: SELECT `id`,`image`,`url` FROM `la_ad` WHERE `group_id` = 2 ORDER BY  add_time DESC   [ RunTime:0.0008s ]
SQL: SELECT COUNT(*) AS tp_count FROM `la_ad` WHERE `group_id` = 2 LIMIT 1   [ RunTime:0.0006s ]
SQL: SELECT `id`,`category_id`,`category_path`,`goods_image`,`goods_name` FROM `la_goods` WHERE `goods_main_id` = 0 AND `is_delete` = 0 ORDER BY is_top DESC, add_time DESC  LIMIT 9   [ RunTime:0.0023s ]
SQL: SHOW COLUMNS FROM `la_article` [ RunTime:0.0017s ]
SQL: SELECT `id`,`tree_id`,`cat_id`,`image`,`summary`,`title`,`hits`,`add_time` FROM `la_article` ORDER BY is_top DESC, add_time DESC  LIMIT 6   [ RunTime:0.0016s ]

[ 2018-04-02T15:42:00+08:00 ] 192.168.47.1 /
SQL: SHOW COLUMNS FROM `la_config` [ RunTime:0.0029s ]
SQL: SELECT `config_sign`,`config_value` FROM `la_config`  [ RunTime:0.0008s ]
SQL: SHOW COLUMNS FROM `la_seo` [ RunTime:0.0013s ]
SQL: SELECT `tags`,`meta_description`,`meta_keyword` FROM `la_seo` WHERE `id_mark` = 'ch_index' LIMIT 1   [ RunTime:0.0006s ]
SQL: SHOW COLUMNS FROM `la_goods_category` [ RunTime:0.0014s ]
SQL: SELECT * FROM `la_goods_category` WHERE `pid` = 0 ORDER BY sort DESC  [ RunTime:0.0008s ]
SQL: SELECT * FROM `la_goods_category` WHERE `pid` = 1 ORDER BY sort DESC  [ RunTime:0.0009s ]
SQL: SELECT * FROM `la_goods_category` WHERE `pid` = 17 ORDER BY sort DESC  [ RunTime:0.0009s ]
SQL: SELECT * FROM `la_goods_category` WHERE `pid` = 19 ORDER BY sort DESC  [ RunTime:0.0008s ]
SQL: SHOW COLUMNS FROM `la_goods` [ RunTime:0.0022s ]
SQL: SELECT `id`,`category_id`,`category_path`,`goods_image`,`goods_name` FROM `la_goods` WHERE `goods_main_id` = 0 AND `is_delete` = 0 ORDER BY is_top DESC, add_time DESC  LIMIT 9   [ RunTime:0.0053s ]
SQL: SHOW COLUMNS FROM `la_ad` [ RunTime:0.0027s ]
SQL: SHOW COLUMNS FROM `la_goods_images` [ RunTime:0.0028s ]
SQL: SELECT `id`,`image`,`url` FROM `la_ad` WHERE `group_id` = 2 ORDER BY  add_time DESC   [ RunTime:0.0008s ]
SQL: SELECT COUNT(*) AS tp_count FROM `la_ad` WHERE `group_id` = 2 LIMIT 1   [ RunTime:0.0006s ]
SQL: SELECT `id`,`category_id`,`category_path`,`goods_image`,`goods_name` FROM `la_goods` WHERE `goods_main_id` = 0 AND `is_delete` = 0 ORDER BY is_top DESC, add_time DESC  LIMIT 9   [ RunTime:0.0027s ]
SQL: SHOW COLUMNS FROM `la_article` [ RunTime:0.0018s ]
SQL: SELECT `id`,`tree_id`,`cat_id`,`image`,`summary`,`title`,`hits`,`add_time` FROM `la_article` ORDER BY is_top DESC, add_time DESC  LIMIT 6   [ RunTime:0.0023s ]

[ 2018-04-02T15:44:01+08:00 ] 192.168.47.1 /
SQL: SHOW COLUMNS FROM `la_config` [ RunTime:0.0013s ]
SQL: SELECT `config_sign`,`config_value` FROM `la_config`  [ RunTime:0.0016s ]
SQL: SHOW COLUMNS FROM `la_seo` [ RunTime:0.0021s ]
SQL: SELECT `tags`,`meta_description`,`meta_keyword` FROM `la_seo` WHERE `id_mark` = 'ch_index' LIMIT 1   [ RunTime:0.0009s ]
SQL: SHOW COLUMNS FROM `la_goods_category` [ RunTime:0.0017s ]
SQL: SELECT * FROM `la_goods_category` WHERE `pid` = 0 ORDER BY sort DESC  [ RunTime:0.0009s ]
SQL: SELECT * FROM `la_goods_category` WHERE `pid` = 1 ORDER BY sort DESC  [ RunTime:0.0010s ]
SQL: SELECT * FROM `la_goods_category` WHERE `pid` = 17 ORDER BY sort DESC  [ RunTime:0.0010s ]
SQL: SELECT * FROM `la_goods_category` WHERE `pid` = 19 ORDER BY sort DESC  [ RunTime:0.0009s ]
SQL: SHOW COLUMNS FROM `la_goods` [ RunTime:0.0024s ]
SQL: SELECT `id`,`category_id`,`category_path`,`goods_image`,`goods_name` FROM `la_goods` WHERE `goods_main_id` = 0 AND `is_delete` = 0 ORDER BY is_top DESC, add_time DESC  LIMIT 9   [ RunTime:0.0038s ]
SQL: SHOW COLUMNS FROM `la_ad` [ RunTime:0.0019s ]
SQL: SHOW COLUMNS FROM `la_goods_images` [ RunTime:0.0013s ]
SQL: SELECT `id`,`image`,`url` FROM `la_ad` WHERE `group_id` = 2 ORDER BY  add_time DESC   [ RunTime:0.0008s ]
SQL: SELECT COUNT(*) AS tp_count FROM `la_ad` WHERE `group_id` = 2 LIMIT 1   [ RunTime:0.0007s ]
SQL: SELECT `id`,`category_id`,`category_path`,`goods_image`,`goods_name` FROM `la_goods` WHERE `goods_main_id` = 0 AND `is_delete` = 0 ORDER BY is_top DESC, add_time DESC  LIMIT 9   [ RunTime:0.0029s ]
SQL: SHOW COLUMNS FROM `la_article` [ RunTime:0.0021s ]
SQL: SELECT `id`,`tree_id`,`cat_id`,`image`,`summary`,`title`,`hits`,`add_time` FROM `la_article` ORDER BY is_top DESC, add_time DESC  LIMIT 6   [ RunTime:0.0015s ]

[ 2018-04-02T15:46:05+08:00 ] 192.168.47.1 /
SQL: SHOW COLUMNS FROM `la_config` [ RunTime:0.0020s ]
SQL: SELECT `config_sign`,`config_value` FROM `la_config`  [ RunTime:0.0008s ]
SQL: SHOW COLUMNS FROM `la_seo` [ RunTime:0.0014s ]
SQL: SELECT `tags`,`meta_description`,`meta_keyword` FROM `la_seo` WHERE `id_mark` = 'ch_index' LIMIT 1   [ RunTime:0.0006s ]
SQL: SHOW COLUMNS FROM `la_goods_category` [ RunTime:0.0015s ]
SQL: SELECT * FROM `la_goods_category` WHERE `pid` = 0 ORDER BY sort DESC  [ RunTime:0.0008s ]
SQL: SELECT * FROM `la_goods_category` WHERE `pid` = 1 ORDER BY sort DESC  [ RunTime:0.0009s ]
SQL: SELECT * FROM `la_goods_category` WHERE `pid` = 17 ORDER BY sort DESC  [ RunTime:0.0009s ]
SQL: SELECT * FROM `la_goods_category` WHERE `pid` = 19 ORDER BY sort DESC  [ RunTime:0.0007s ]
SQL: SHOW COLUMNS FROM `la_goods` [ RunTime:0.0023s ]
SQL: SELECT `id`,`category_id`,`category_path`,`goods_image`,`goods_name` FROM `la_goods` WHERE `goods_main_id` = 0 AND `is_delete` = 0 ORDER BY is_top DESC, add_time DESC  LIMIT 9   [ RunTime:0.0033s ]
SQL: SHOW COLUMNS FROM `la_ad` [ RunTime:0.0034s ]
SQL: SHOW COLUMNS FROM `la_goods_images` [ RunTime:0.0011s ]
SQL: SELECT `id`,`image`,`url` FROM `la_ad` WHERE `group_id` = 2 ORDER BY  add_time DESC   [ RunTime:0.0010s ]
SQL: SELECT COUNT(*) AS tp_count FROM `la_ad` WHERE `group_id` = 2 LIMIT 1   [ RunTime:0.0008s ]
SQL: SELECT `id`,`category_id`,`category_path`,`goods_image`,`goods_name` FROM `la_goods` WHERE `goods_main_id` = 0 AND `is_delete` = 0 ORDER BY is_top DESC, add_time DESC  LIMIT 9   [ RunTime:0.0026s ]
SQL: SHOW COLUMNS FROM `la_article` [ RunTime:0.0017s ]
SQL: SELECT `id`,`tree_id`,`cat_id`,`image`,`summary`,`title`,`hits`,`add_time` FROM `la_article` ORDER BY is_top DESC, add_time DESC  LIMIT 6   [ RunTime:0.0010s ]

[ 2018-04-02T15:46:33+08:00 ] 192.168.47.1 /
SQL: SHOW COLUMNS FROM `la_config` [ RunTime:0.0015s ]
SQL: SELECT `config_sign`,`config_value` FROM `la_config`  [ RunTime:0.0010s ]
SQL: SHOW COLUMNS FROM `la_seo` [ RunTime:0.0034s ]
SQL: SELECT `tags`,`meta_description`,`meta_keyword` FROM `la_seo` WHERE `id_mark` = 'ch_index' LIMIT 1   [ RunTime:0.0009s ]
SQL: SHOW COLUMNS FROM `la_goods_category` [ RunTime:0.0016s ]
SQL: SELECT * FROM `la_goods_category` WHERE `pid` = 0 ORDER BY sort DESC  [ RunTime:0.0010s ]
SQL: SELECT * FROM `la_goods_category` WHERE `pid` = 1 ORDER BY sort DESC  [ RunTime:0.0010s ]
SQL: SELECT * FROM `la_goods_category` WHERE `pid` = 17 ORDER BY sort DESC  [ RunTime:0.0009s ]
SQL: SELECT * FROM `la_goods_category` WHERE `pid` = 19 ORDER BY sort DESC  [ RunTime:0.0009s ]
SQL: SHOW COLUMNS FROM `la_goods` [ RunTime:0.0023s ]
SQL: SELECT `id`,`category_id`,`category_path`,`goods_image`,`goods_name` FROM `la_goods` WHERE `goods_main_id` = 0 AND `is_delete` = 0 ORDER BY is_top DESC, add_time DESC  LIMIT 9   [ RunTime:0.0034s ]
SQL: SHOW COLUMNS FROM `la_ad` [ RunTime:0.0015s ]
SQL: SHOW COLUMNS FROM `la_goods_images` [ RunTime:0.0011s ]
SQL: SELECT `id`,`image`,`url` FROM `la_ad` WHERE `group_id` = 2 ORDER BY  add_time DESC   [ RunTime:0.0008s ]
SQL: SELECT COUNT(*) AS tp_count FROM `la_ad` WHERE `group_id` = 2 LIMIT 1   [ RunTime:0.0007s ]
SQL: SELECT `id`,`category_id`,`category_path`,`goods_image`,`goods_name` FROM `la_goods` WHERE `goods_main_id` = 0 AND `is_delete` = 0 ORDER BY is_top DESC, add_time DESC  LIMIT 9   [ RunTime:0.0036s ]
SQL: SHOW COLUMNS FROM `la_article` [ RunTime:0.0020s ]
SQL: SELECT `id`,`tree_id`,`cat_id`,`image`,`summary`,`title`,`hits`,`add_time` FROM `la_article` ORDER BY is_top DESC, add_time DESC  LIMIT 6   [ RunTime:0.0023s ]

[ 2018-04-02T16:52:39+08:00 ] 192.168.47.1 /
SQL: SHOW COLUMNS FROM `la_config` [ RunTime:0.0020s ]
SQL: SELECT `config_sign`,`config_value` FROM `la_config`  [ RunTime:0.0010s ]

[ 2018-04-02T16:52:41+08:00 ] 192.168.47.1 /
SQL: SHOW COLUMNS FROM `la_config` [ RunTime:0.0014s ]
SQL: SELECT `config_sign`,`config_value` FROM `la_config`  [ RunTime:0.0007s ]
SQL: SHOW COLUMNS FROM `la_seo` [ RunTime:0.0015s ]
SQL: SELECT `tags`,`meta_description`,`meta_keyword` FROM `la_seo` WHERE `id_mark` = 'ch_index' LIMIT 1   [ RunTime:0.0006s ]
SQL: SHOW COLUMNS FROM `la_goods_category` [ RunTime:0.0030s ]
SQL: SELECT * FROM `la_goods_category` WHERE `pid` = 0 ORDER BY sort DESC  [ RunTime:0.0013s ]
SQL: SELECT * FROM `la_goods_category` WHERE `pid` = 1 ORDER BY sort DESC  [ RunTime:0.0017s ]
SQL: SELECT * FROM `la_goods_category` WHERE `pid` = 17 ORDER BY sort DESC  [ RunTime:0.0028s ]
SQL: SELECT * FROM `la_goods_category` WHERE `pid` = 19 ORDER BY sort DESC  [ RunTime:0.0018s ]
SQL: SHOW COLUMNS FROM `la_goods` [ RunTime:0.0028s ]
SQL: SELECT `id`,`category_id`,`category_path`,`goods_image`,`goods_name` FROM `la_goods` WHERE `goods_main_id` = 0 AND `is_delete` = 0 ORDER BY is_top DESC, add_time DESC  LIMIT 9   [ RunTime:0.0051s ]
SQL: SHOW COLUMNS FROM `la_ad` [ RunTime:0.0026s ]
SQL: SHOW COLUMNS FROM `la_goods_images` [ RunTime:0.0028s ]
SQL: SELECT `id`,`image`,`url` FROM `la_ad` WHERE `group_id` = 2 ORDER BY  add_time DESC   [ RunTime:0.0016s ]
SQL: SELECT COUNT(*) AS tp_count FROM `la_ad` WHERE `group_id` = 2 LIMIT 1   [ RunTime:0.0008s ]
SQL: SELECT `id`,`category_id`,`category_path`,`goods_image`,`goods_name` FROM `la_goods` WHERE `goods_main_id` = 0 AND `is_delete` = 0 ORDER BY is_top DESC, add_time DESC  LIMIT 9   [ RunTime:0.0041s ]
SQL: SHOW COLUMNS FROM `la_article` [ RunTime:0.0020s ]
SQL: SELECT `id`,`tree_id`,`cat_id`,`image`,`summary`,`title`,`hits`,`add_time` FROM `la_article` ORDER BY is_top DESC, add_time DESC  LIMIT 6   [ RunTime:0.0012s ]

[ 2018-04-02T16:54:16+08:00 ] 192.168.47.1 /
SQL: SHOW COLUMNS FROM `la_config` [ RunTime:0.0016s ]
SQL: SELECT `config_sign`,`config_value` FROM `la_config`  [ RunTime:0.0021s ]
SQL: SHOW COLUMNS FROM `la_seo` [ RunTime:0.0016s ]
SQL: SELECT `tags`,`meta_description`,`meta_keyword` FROM `la_seo` WHERE `id_mark` = 'ch_index' LIMIT 1   [ RunTime:0.0008s ]
SQL: SHOW COLUMNS FROM `la_goods_category` [ RunTime:0.0015s ]
SQL: SELECT * FROM `la_goods_category` WHERE `pid` = 0 ORDER BY sort DESC  [ RunTime:0.0008s ]
SQL: SELECT * FROM `la_goods_category` WHERE `pid` = 1 ORDER BY sort DESC  [ RunTime:0.0008s ]
SQL: SELECT * FROM `la_goods_category` WHERE `pid` = 17 ORDER BY sort DESC  [ RunTime:0.0012s ]
SQL: SELECT * FROM `la_goods_category` WHERE `pid` = 19 ORDER BY sort DESC  [ RunTime:0.0009s ]
SQL: SHOW COLUMNS FROM `la_goods` [ RunTime:0.0022s ]
SQL: SELECT `id`,`category_id`,`category_path`,`goods_image`,`goods_name` FROM `la_goods` WHERE `goods_main_id` = 0 AND `is_delete` = 0 ORDER BY is_top DESC, add_time DESC  LIMIT 9   [ RunTime:0.0031s ]
SQL: SHOW COLUMNS FROM `la_ad` [ RunTime:0.0017s ]
SQL: SHOW COLUMNS FROM `la_goods_images` [ RunTime:0.0011s ]
SQL: SELECT `id`,`image`,`url` FROM `la_ad` WHERE `group_id` = 2 ORDER BY  add_time DESC   [ RunTime:0.0006s ]
SQL: SELECT COUNT(*) AS tp_count FROM `la_ad` WHERE `group_id` = 2 LIMIT 1   [ RunTime:0.0005s ]
SQL: SELECT `id`,`category_id`,`category_path`,`goods_image`,`goods_name` FROM `la_goods` WHERE `goods_main_id` = 0 AND `is_delete` = 0 ORDER BY is_top DESC, add_time DESC  LIMIT 9   [ RunTime:0.0043s ]
SQL: SHOW COLUMNS FROM `la_article` [ RunTime:0.0031s ]
SQL: SELECT `id`,`tree_id`,`cat_id`,`image`,`summary`,`title`,`hits`,`add_time` FROM `la_article` ORDER BY is_top DESC, add_time DESC  LIMIT 6   [ RunTime:0.0011s ]

[ 2018-04-02T16:54:22+08:00 ] 192.168.47.1 /
SQL: SHOW COLUMNS FROM `la_config` [ RunTime:0.0043s ]
SQL: SELECT `config_sign`,`config_value` FROM `la_config`  [ RunTime:0.0016s ]
SQL: SHOW COLUMNS FROM `la_seo` [ RunTime:0.0020s ]
SQL: SELECT `tags`,`meta_description`,`meta_keyword` FROM `la_seo` WHERE `id_mark` = 'ch_index' LIMIT 1   [ RunTime:0.0007s ]
SQL: SHOW COLUMNS FROM `la_goods_category` [ RunTime:0.0024s ]
SQL: SELECT * FROM `la_goods_category` WHERE `pid` = 0 ORDER BY sort DESC  [ RunTime:0.0010s ]
SQL: SELECT * FROM `la_goods_category` WHERE `pid` = 1 ORDER BY sort DESC  [ RunTime:0.0009s ]
SQL: SELECT * FROM `la_goods_category` WHERE `pid` = 17 ORDER BY sort DESC  [ RunTime:0.0009s ]
SQL: SELECT * FROM `la_goods_category` WHERE `pid` = 19 ORDER BY sort DESC  [ RunTime:0.0008s ]
SQL: SHOW COLUMNS FROM `la_goods` [ RunTime:0.0022s ]
SQL: SELECT `id`,`category_id`,`category_path`,`goods_image`,`goods_name` FROM `la_goods` WHERE `goods_main_id` = 0 AND `is_delete` = 0 ORDER BY is_top DESC, add_time DESC  LIMIT 9   [ RunTime:0.0030s ]
SQL: SHOW COLUMNS FROM `la_ad` [ RunTime:0.0017s ]
SQL: SHOW COLUMNS FROM `la_goods_images` [ RunTime:0.0048s ]
SQL: SELECT `id`,`image`,`url` FROM `la_ad` WHERE `group_id` = 2 ORDER BY  add_time DESC   [ RunTime:0.0030s ]
SQL: SELECT COUNT(*) AS tp_count FROM `la_ad` WHERE `group_id` = 2 LIMIT 1   [ RunTime:0.0016s ]
SQL: SELECT `id`,`category_id`,`category_path`,`goods_image`,`goods_name` FROM `la_goods` WHERE `goods_main_id` = 0 AND `is_delete` = 0 ORDER BY is_top DESC, add_time DESC  LIMIT 9   [ RunTime:0.0029s ]
SQL: SHOW COLUMNS FROM `la_article` [ RunTime:0.0020s ]
SQL: SELECT `id`,`tree_id`,`cat_id`,`image`,`summary`,`title`,`hits`,`add_time` FROM `la_article` ORDER BY is_top DESC, add_time DESC  LIMIT 6   [ RunTime:0.0025s ]

[ 2018-04-02T16:54:34+08:00 ] 192.168.47.1 /
SQL: SHOW COLUMNS FROM `la_config` [ RunTime:0.0014s ]
SQL: SELECT `config_sign`,`config_value` FROM `la_config`  [ RunTime:0.0007s ]
SQL: SHOW COLUMNS FROM `la_seo` [ RunTime:0.0013s ]
SQL: SELECT `tags`,`meta_description`,`meta_keyword` FROM `la_seo` WHERE `id_mark` = 'ch_index' LIMIT 1   [ RunTime:0.0007s ]
SQL: SHOW COLUMNS FROM `la_goods_category` [ RunTime:0.0019s ]
SQL: SELECT * FROM `la_goods_category` WHERE `pid` = 0 ORDER BY sort DESC  [ RunTime:0.0011s ]
SQL: SELECT * FROM `la_goods_category` WHERE `pid` = 1 ORDER BY sort DESC  [ RunTime:0.0011s ]
SQL: SELECT * FROM `la_goods_category` WHERE `pid` = 17 ORDER BY sort DESC  [ RunTime:0.0011s ]
SQL: SELECT * FROM `la_goods_category` WHERE `pid` = 19 ORDER BY sort DESC  [ RunTime:0.0020s ]
SQL: SHOW COLUMNS FROM `la_goods` [ RunTime:0.0026s ]
SQL: SELECT `id`,`category_id`,`category_path`,`goods_image`,`goods_name` FROM `la_goods` WHERE `goods_main_id` = 0 AND `is_delete` = 0 ORDER BY is_top DESC, add_time DESC  LIMIT 9   [ RunTime:0.0038s ]
SQL: SHOW COLUMNS FROM `la_ad` [ RunTime:0.0024s ]
SQL: SHOW COLUMNS FROM `la_goods_images` [ RunTime:0.0028s ]
SQL: SELECT `id`,`image`,`url` FROM `la_ad` WHERE `group_id` = 2 ORDER BY  add_time DESC   [ RunTime:0.0019s ]
SQL: SELECT COUNT(*) AS tp_count FROM `la_ad` WHERE `group_id` = 2 LIMIT 1   [ RunTime:0.0009s ]
SQL: SELECT `id`,`category_id`,`category_path`,`goods_image`,`goods_name` FROM `la_goods` WHERE `goods_main_id` = 0 AND `is_delete` = 0 ORDER BY is_top DESC, add_time DESC  LIMIT 9   [ RunTime:0.0027s ]
SQL: SHOW COLUMNS FROM `la_article` [ RunTime:0.0020s ]
SQL: SELECT `id`,`tree_id`,`cat_id`,`image`,`summary`,`title`,`hits`,`add_time` FROM `la_article` ORDER BY is_top DESC, add_time DESC  LIMIT 6   [ RunTime:0.0014s ]

[ 2018-04-02T16:55:34+08:00 ] 192.168.47.1 /
SQL: SHOW COLUMNS FROM `la_config` [ RunTime:0.0047s ]
SQL: SELECT `config_sign`,`config_value` FROM `la_config`  [ RunTime:0.0010s ]
SQL: SHOW COLUMNS FROM `la_seo` [ RunTime:0.0013s ]
SQL: SELECT `tags`,`meta_description`,`meta_keyword` FROM `la_seo` WHERE `id_mark` = 'ch_index' LIMIT 1   [ RunTime:0.0007s ]
SQL: SHOW COLUMNS FROM `la_goods_category` [ RunTime:0.0014s ]
SQL: SELECT * FROM `la_goods_category` WHERE `pid` = 0 ORDER BY sort DESC  [ RunTime:0.0007s ]
SQL: SELECT * FROM `la_goods_category` WHERE `pid` = 1 ORDER BY sort DESC  [ RunTime:0.0008s ]
SQL: SELECT * FROM `la_goods_category` WHERE `pid` = 17 ORDER BY sort DESC  [ RunTime:0.0008s ]
SQL: SELECT * FROM `la_goods_category` WHERE `pid` = 19 ORDER BY sort DESC  [ RunTime:0.0007s ]
SQL: SHOW COLUMNS FROM `la_goods` [ RunTime:0.0025s ]
SQL: SELECT `id`,`category_id`,`category_path`,`goods_image`,`goods_name` FROM `la_goods` WHERE `goods_main_id` = 0 AND `is_delete` = 0 ORDER BY is_top DESC, add_time DESC  LIMIT 9   [ RunTime:0.0025s ]
SQL: SHOW COLUMNS FROM `la_ad` [ RunTime:0.0013s ]
SQL: SHOW COLUMNS FROM `la_goods_images` [ RunTime:0.0010s ]
SQL: SELECT `id`,`image`,`url` FROM `la_ad` WHERE `group_id` = 2 ORDER BY  add_time DESC   [ RunTime:0.0016s ]
SQL: SELECT COUNT(*) AS tp_count FROM `la_ad` WHERE `group_id` = 2 LIMIT 1   [ RunTime:0.0024s ]
SQL: SELECT `id`,`category_id`,`category_path`,`goods_image`,`goods_name` FROM `la_goods` WHERE `goods_main_id` = 0 AND `is_delete` = 0 ORDER BY is_top DESC, add_time DESC  LIMIT 9   [ RunTime:0.0048s ]
SQL: SHOW COLUMNS FROM `la_article` [ RunTime:0.0019s ]
SQL: SELECT `id`,`tree_id`,`cat_id`,`image`,`summary`,`title`,`hits`,`add_time` FROM `la_article` ORDER BY is_top DESC, add_time DESC  LIMIT 6   [ RunTime:0.0010s ]

[ 2018-04-02T16:58:52+08:00 ] 192.168.47.1 /
SQL: SHOW COLUMNS FROM `la_config` [ RunTime:0.0038s ]
SQL: SELECT `config_sign`,`config_value` FROM `la_config`  [ RunTime:0.0014s ]
SQL: SHOW COLUMNS FROM `la_seo` [ RunTime:0.0015s ]
SQL: SELECT `tags`,`meta_description`,`meta_keyword` FROM `la_seo` WHERE `id_mark` = 'ch_index' LIMIT 1   [ RunTime:0.0010s ]
SQL: SHOW COLUMNS FROM `la_goods_category` [ RunTime:0.0016s ]
SQL: SELECT * FROM `la_goods_category` WHERE `pid` = 0 ORDER BY sort DESC  [ RunTime:0.0016s ]
SQL: SELECT * FROM `la_goods_category` WHERE `pid` = 1 ORDER BY sort DESC  [ RunTime:0.0013s ]
SQL: SELECT * FROM `la_goods_category` WHERE `pid` = 17 ORDER BY sort DESC  [ RunTime:0.0013s ]
SQL: SELECT * FROM `la_goods_category` WHERE `pid` = 19 ORDER BY sort DESC  [ RunTime:0.0012s ]
SQL: SHOW COLUMNS FROM `la_goods` [ RunTime:0.0022s ]
SQL: SELECT `id`,`category_id`,`category_path`,`goods_image`,`goods_name` FROM `la_goods` WHERE `goods_main_id` = 0 AND `is_delete` = 0 ORDER BY is_top DESC, add_time DESC  LIMIT 9   [ RunTime:0.0029s ]
SQL: SHOW COLUMNS FROM `la_ad` [ RunTime:0.0015s ]
SQL: SHOW COLUMNS FROM `la_goods_images` [ RunTime:0.0011s ]
SQL: SELECT `id`,`image`,`url` FROM `la_ad` WHERE `group_id` = 2 ORDER BY  add_time DESC   [ RunTime:0.0020s ]
SQL: SELECT COUNT(*) AS tp_count FROM `la_ad` WHERE `group_id` = 2 LIMIT 1   [ RunTime:0.0018s ]
SQL: SELECT `id`,`category_id`,`category_path`,`goods_image`,`goods_name` FROM `la_goods` WHERE `goods_main_id` = 0 AND `is_delete` = 0 ORDER BY is_top DESC, add_time DESC  LIMIT 9   [ RunTime:0.0034s ]
SQL: SHOW COLUMNS FROM `la_article` [ RunTime:0.0020s ]
SQL: SELECT `id`,`tree_id`,`cat_id`,`image`,`summary`,`title`,`hits`,`add_time` FROM `la_article` ORDER BY is_top DESC, add_time DESC  LIMIT 6   [ RunTime:0.0011s ]

[ 2018-04-02T16:59:39+08:00 ] 192.168.47.1 /
SQL: SHOW COLUMNS FROM `la_config` [ RunTime:0.0014s ]
SQL: SELECT `config_sign`,`config_value` FROM `la_config`  [ RunTime:0.0008s ]
SQL: SHOW COLUMNS FROM `la_seo` [ RunTime:0.0036s ]
SQL: SELECT `tags`,`meta_description`,`meta_keyword` FROM `la_seo` WHERE `id_mark` = 'ch_index' LIMIT 1   [ RunTime:0.0009s ]
SQL: SHOW COLUMNS FROM `la_goods_category` [ RunTime:0.0015s ]
SQL: SELECT * FROM `la_goods_category` WHERE `pid` = 0 ORDER BY sort DESC  [ RunTime:0.0008s ]
SQL: SELECT * FROM `la_goods_category` WHERE `pid` = 1 ORDER BY sort DESC  [ RunTime:0.0008s ]
SQL: SELECT * FROM `la_goods_category` WHERE `pid` = 17 ORDER BY sort DESC  [ RunTime:0.0008s ]
SQL: SELECT * FROM `la_goods_category` WHERE `pid` = 19 ORDER BY sort DESC  [ RunTime:0.0012s ]
SQL: SHOW COLUMNS FROM `la_goods` [ RunTime:0.0019s ]
SQL: SELECT `id`,`category_id`,`category_path`,`goods_image`,`goods_name` FROM `la_goods` WHERE `goods_main_id` = 0 AND `is_delete` = 0 ORDER BY is_top DESC, add_time DESC  LIMIT 9   [ RunTime:0.0025s ]
SQL: SHOW COLUMNS FROM `la_ad` [ RunTime:0.0013s ]
SQL: SHOW COLUMNS FROM `la_goods_images` [ RunTime:0.0010s ]
SQL: SELECT `id`,`image`,`url` FROM `la_ad` WHERE `group_id` = 2 ORDER BY  add_time DESC   [ RunTime:0.0006s ]
SQL: SELECT COUNT(*) AS tp_count FROM `la_ad` WHERE `group_id` = 2 LIMIT 1   [ RunTime:0.0007s ]
SQL: SELECT `id`,`category_id`,`category_path`,`goods_image`,`goods_name` FROM `la_goods` WHERE `goods_main_id` = 0 AND `is_delete` = 0 ORDER BY is_top DESC, add_time DESC  LIMIT 9   [ RunTime:0.0045s ]
SQL: SHOW COLUMNS FROM `la_article` [ RunTime:0.0039s ]
SQL: SELECT `id`,`tree_id`,`cat_id`,`image`,`summary`,`title`,`hits`,`add_time` FROM `la_article` ORDER BY is_top DESC, add_time DESC  LIMIT 6   [ RunTime:0.0010s ]

[ 2018-04-02T17:00:09+08:00 ] 192.168.47.1 /
SQL: SHOW COLUMNS FROM `la_config` [ RunTime:0.0016s ]
SQL: SELECT `config_sign`,`config_value` FROM `la_config`  [ RunTime:0.0008s ]
SQL: SHOW COLUMNS FROM `la_seo` [ RunTime:0.0014s ]
SQL: SELECT `tags`,`meta_description`,`meta_keyword` FROM `la_seo` WHERE `id_mark` = 'ch_index' LIMIT 1   [ RunTime:0.0015s ]
SQL: SHOW COLUMNS FROM `la_goods_category` [ RunTime:0.0015s ]
SQL: SELECT * FROM `la_goods_category` WHERE `pid` = 0 ORDER BY sort DESC  [ RunTime:0.0008s ]
SQL: SELECT * FROM `la_goods_category` WHERE `pid` = 1 ORDER BY sort DESC  [ RunTime:0.0023s ]
SQL: SELECT * FROM `la_goods_category` WHERE `pid` = 17 ORDER BY sort DESC  [ RunTime:0.0023s ]
SQL: SELECT * FROM `la_goods_category` WHERE `pid` = 19 ORDER BY sort DESC  [ RunTime:0.0013s ]
SQL: SHOW COLUMNS FROM `la_goods` [ RunTime:0.0020s ]
SQL: SELECT `id`,`category_id`,`category_path`,`goods_image`,`goods_name` FROM `la_goods` WHERE `goods_main_id` = 0 AND `is_delete` = 0 ORDER BY is_top DESC, add_time DESC  LIMIT 9   [ RunTime:0.0029s ]
SQL: SHOW COLUMNS FROM `la_ad` [ RunTime:0.0017s ]
SQL: SHOW COLUMNS FROM `la_goods_images` [ RunTime:0.0014s ]
SQL: SELECT `id`,`image`,`url` FROM `la_ad` WHERE `group_id` = 2 ORDER BY  add_time DESC   [ RunTime:0.0008s ]
SQL: SELECT COUNT(*) AS tp_count FROM `la_ad` WHERE `group_id` = 2 LIMIT 1   [ RunTime:0.0005s ]
SQL: SELECT `id`,`category_id`,`category_path`,`goods_image`,`goods_name` FROM `la_goods` WHERE `goods_main_id` = 0 AND `is_delete` = 0 ORDER BY is_top DESC, add_time DESC  LIMIT 9   [ RunTime:0.0028s ]
SQL: SHOW COLUMNS FROM `la_article` [ RunTime:0.0018s ]
SQL: SELECT `id`,`tree_id`,`cat_id`,`image`,`summary`,`title`,`hits`,`add_time` FROM `la_article` ORDER BY is_top DESC, add_time DESC  LIMIT 6   [ RunTime:0.0011s ]

[ 2018-04-02T17:01:04+08:00 ] 192.168.47.1 /
SQL: SHOW COLUMNS FROM `la_config` [ RunTime:0.0016s ]
SQL: SELECT `config_sign`,`config_value` FROM `la_config`  [ RunTime:0.0011s ]
SQL: SHOW COLUMNS FROM `la_seo` [ RunTime:0.0015s ]
SQL: SELECT `tags`,`meta_description`,`meta_keyword` FROM `la_seo` WHERE `id_mark` = 'ch_index' LIMIT 1   [ RunTime:0.0008s ]
SQL: SHOW COLUMNS FROM `la_goods_category` [ RunTime:0.0015s ]
SQL: SELECT * FROM `la_goods_category` WHERE `pid` = 0 ORDER BY sort DESC  [ RunTime:0.0008s ]
SQL: SELECT * FROM `la_goods_category` WHERE `pid` = 1 ORDER BY sort DESC  [ RunTime:0.0009s ]
SQL: SELECT * FROM `la_goods_category` WHERE `pid` = 17 ORDER BY sort DESC  [ RunTime:0.0009s ]
SQL: SELECT * FROM `la_goods_category` WHERE `pid` = 19 ORDER BY sort DESC  [ RunTime:0.0012s ]
SQL: SHOW COLUMNS FROM `la_goods` [ RunTime:0.0023s ]
SQL: SELECT `id`,`category_id`,`category_path`,`goods_image`,`goods_name` FROM `la_goods` WHERE `goods_main_id` = 0 AND `is_delete` = 0 ORDER BY is_top DESC, add_time DESC  LIMIT 9   [ RunTime:0.0043s ]
SQL: SHOW COLUMNS FROM `la_ad` [ RunTime:0.0015s ]
SQL: SHOW COLUMNS FROM `la_goods_images` [ RunTime:0.0012s ]
SQL: SELECT `id`,`image`,`url` FROM `la_ad` WHERE `group_id` = 2 ORDER BY  add_time DESC   [ RunTime:0.0008s ]
SQL: SELECT COUNT(*) AS tp_count FROM `la_ad` WHERE `group_id` = 2 LIMIT 1   [ RunTime:0.0006s ]
SQL: SELECT `id`,`category_id`,`category_path`,`goods_image`,`goods_name` FROM `la_goods` WHERE `goods_main_id` = 0 AND `is_delete` = 0 ORDER BY is_top DESC, add_time DESC  LIMIT 9   [ RunTime:0.0024s ]
SQL: SHOW COLUMNS FROM `la_article` [ RunTime:0.0017s ]
SQL: SELECT `id`,`tree_id`,`cat_id`,`image`,`summary`,`title`,`hits`,`add_time` FROM `la_article` ORDER BY is_top DESC, add_time DESC  LIMIT 6   [ RunTime:0.0010s ]

[ 2018-04-02T17:05:15+08:00 ] 192.168.47.1 /
SQL: SHOW COLUMNS FROM `la_config` [ RunTime:0.0014s ]
SQL: SELECT `config_sign`,`config_value` FROM `la_config`  [ RunTime:0.0008s ]
SQL: SHOW COLUMNS FROM `la_seo` [ RunTime:0.0013s ]
SQL: SELECT `tags`,`meta_description`,`meta_keyword` FROM `la_seo` WHERE `id_mark` = 'ch_index' LIMIT 1   [ RunTime:0.0011s ]
SQL: SHOW COLUMNS FROM `la_goods_category` [ RunTime:0.0020s ]
SQL: SELECT * FROM `la_goods_category` WHERE `pid` = 0 ORDER BY sort DESC  [ RunTime:0.0009s ]
SQL: SELECT * FROM `la_goods_category` WHERE `pid` = 1 ORDER BY sort DESC  [ RunTime:0.0009s ]
SQL: SELECT * FROM `la_goods_category` WHERE `pid` = 17 ORDER BY sort DESC  [ RunTime:0.0009s ]
SQL: SELECT * FROM `la_goods_category` WHERE `pid` = 19 ORDER BY sort DESC  [ RunTime:0.0008s ]
SQL: SHOW COLUMNS FROM `la_goods` [ RunTime:0.0020s ]
SQL: SELECT `id`,`category_id`,`category_path`,`goods_image`,`goods_name` FROM `la_goods` WHERE `goods_main_id` = 0 AND `is_delete` = 0 ORDER BY is_top DESC, add_time DESC  LIMIT 9   [ RunTime:0.0027s ]
SQL: SHOW COLUMNS FROM `la_ad` [ RunTime:0.0014s ]
SQL: SHOW COLUMNS FROM `la_goods_images` [ RunTime:0.0011s ]
SQL: SELECT `id`,`image`,`url` FROM `la_ad` WHERE `group_id` = 2 ORDER BY  add_time DESC   [ RunTime:0.0007s ]
SQL: SELECT COUNT(*) AS tp_count FROM `la_ad` WHERE `group_id` = 2 LIMIT 1   [ RunTime:0.0017s ]
SQL: SELECT `id`,`category_id`,`category_path`,`goods_image`,`goods_name` FROM `la_goods` WHERE `goods_main_id` = 0 AND `is_delete` = 0 ORDER BY is_top DESC, add_time DESC  LIMIT 9   [ RunTime:0.0026s ]
SQL: SHOW COLUMNS FROM `la_article` [ RunTime:0.0017s ]
SQL: SELECT `id`,`tree_id`,`cat_id`,`image`,`summary`,`title`,`hits`,`add_time` FROM `la_article` ORDER BY is_top DESC, add_time DESC  LIMIT 6   [ RunTime:0.0011s ]

[ 2018-04-02T17:05:48+08:00 ] 192.168.47.1 /
SQL: SHOW COLUMNS FROM `la_config` [ RunTime:0.0014s ]
SQL: SELECT `config_sign`,`config_value` FROM `la_config`  [ RunTime:0.0007s ]
SQL: SHOW COLUMNS FROM `la_seo` [ RunTime:0.0013s ]
SQL: SELECT `tags`,`meta_description`,`meta_keyword` FROM `la_seo` WHERE `id_mark` = 'ch_index' LIMIT 1   [ RunTime:0.0006s ]
SQL: SHOW COLUMNS FROM `la_goods_category` [ RunTime:0.0017s ]
SQL: SELECT * FROM `la_goods_category` WHERE `pid` = 0 ORDER BY sort DESC  [ RunTime:0.0013s ]
SQL: SELECT * FROM `la_goods_category` WHERE `pid` = 1 ORDER BY sort DESC  [ RunTime:0.0010s ]
SQL: SELECT * FROM `la_goods_category` WHERE `pid` = 17 ORDER BY sort DESC  [ RunTime:0.0008s ]
SQL: SELECT * FROM `la_goods_category` WHERE `pid` = 19 ORDER BY sort DESC  [ RunTime:0.0026s ]
SQL: SHOW COLUMNS FROM `la_goods` [ RunTime:0.0038s ]
SQL: SELECT `id`,`category_id`,`category_path`,`goods_image`,`goods_name` FROM `la_goods` WHERE `goods_main_id` = 0 AND `is_delete` = 0 ORDER BY is_top DESC, add_time DESC  LIMIT 9   [ RunTime:0.0029s ]
SQL: SHOW COLUMNS FROM `la_ad` [ RunTime:0.0015s ]
SQL: SHOW COLUMNS FROM `la_goods_images` [ RunTime:0.0011s ]
SQL: SELECT `id`,`image`,`url` FROM `la_ad` WHERE `group_id` = 2 ORDER BY  add_time DESC   [ RunTime:0.0007s ]
SQL: SELECT COUNT(*) AS tp_count FROM `la_ad` WHERE `group_id` = 2 LIMIT 1   [ RunTime:0.0005s ]
SQL: SELECT `id`,`category_id`,`category_path`,`goods_image`,`goods_name` FROM `la_goods` WHERE `goods_main_id` = 0 AND `is_delete` = 0 ORDER BY is_top DESC, add_time DESC  LIMIT 9   [ RunTime:0.0026s ]
SQL: SHOW COLUMNS FROM `la_article` [ RunTime:0.0018s ]
SQL: SELECT `id`,`tree_id`,`cat_id`,`image`,`summary`,`title`,`hits`,`add_time` FROM `la_article` ORDER BY is_top DESC, add_time DESC  LIMIT 6   [ RunTime:0.0016s ]

[ 2018-04-02T17:06:41+08:00 ] 192.168.47.1 /
SQL: SHOW COLUMNS FROM `la_config` [ RunTime:0.0012s ]
SQL: SELECT `config_sign`,`config_value` FROM `la_config`  [ RunTime:0.0007s ]
SQL: SHOW COLUMNS FROM `la_seo` [ RunTime:0.0013s ]
SQL: SELECT `tags`,`meta_description`,`meta_keyword` FROM `la_seo` WHERE `id_mark` = 'ch_index' LIMIT 1   [ RunTime:0.0007s ]
SQL: SHOW COLUMNS FROM `la_goods_category` [ RunTime:0.0020s ]
SQL: SELECT * FROM `la_goods_category` WHERE `pid` = 0 ORDER BY sort DESC  [ RunTime:0.0009s ]
SQL: SELECT * FROM `la_goods_category` WHERE `pid` = 1 ORDER BY sort DESC  [ RunTime:0.0009s ]
SQL: SELECT * FROM `la_goods_category` WHERE `pid` = 17 ORDER BY sort DESC  [ RunTime:0.0016s ]
SQL: SELECT * FROM `la_goods_category` WHERE `pid` = 19 ORDER BY sort DESC  [ RunTime:0.0009s ]
SQL: SHOW COLUMNS FROM `la_goods` [ RunTime:0.0021s ]
SQL: SELECT `id`,`category_id`,`category_path`,`goods_image`,`goods_name` FROM `la_goods` WHERE `goods_main_id` = 0 AND `is_delete` = 0 ORDER BY is_top DESC, add_time DESC  LIMIT 9   [ RunTime:0.0027s ]
SQL: SHOW COLUMNS FROM `la_ad` [ RunTime:0.0016s ]
SQL: SHOW COLUMNS FROM `la_goods_images` [ RunTime:0.0011s ]
SQL: SELECT `id`,`image`,`url` FROM `la_ad` WHERE `group_id` = 2 ORDER BY  add_time DESC   [ RunTime:0.0007s ]
SQL: SELECT COUNT(*) AS tp_count FROM `la_ad` WHERE `group_id` = 2 LIMIT 1   [ RunTime:0.0006s ]
SQL: SELECT `id`,`category_id`,`category_path`,`goods_image`,`goods_name` FROM `la_goods` WHERE `goods_main_id` = 0 AND `is_delete` = 0 ORDER BY is_top DESC, add_time DESC  LIMIT 9   [ RunTime:0.0025s ]
SQL: SHOW COLUMNS FROM `la_article` [ RunTime:0.0020s ]
SQL: SELECT `id`,`tree_id`,`cat_id`,`image`,`summary`,`title`,`hits`,`add_time` FROM `la_article` ORDER BY is_top DESC, add_time DESC  LIMIT 6   [ RunTime:0.0012s ]

[ 2018-04-02T17:07:48+08:00 ] 192.168.47.1 /
SQL: SHOW COLUMNS FROM `la_config` [ RunTime:0.0014s ]
SQL: SELECT `config_sign`,`config_value` FROM `la_config`  [ RunTime:0.0007s ]
SQL: SHOW COLUMNS FROM `la_seo` [ RunTime:0.0014s ]
SQL: SELECT `tags`,`meta_description`,`meta_keyword` FROM `la_seo` WHERE `id_mark` = 'ch_index' LIMIT 1   [ RunTime:0.0007s ]
SQL: SHOW COLUMNS FROM `la_goods_category` [ RunTime:0.0016s ]
SQL: SELECT * FROM `la_goods_category` WHERE `pid` = 0 ORDER BY sort DESC  [ RunTime:0.0008s ]
SQL: SELECT * FROM `la_goods_category` WHERE `pid` = 1 ORDER BY sort DESC  [ RunTime:0.0009s ]
SQL: SELECT * FROM `la_goods_category` WHERE `pid` = 17 ORDER BY sort DESC  [ RunTime:0.0015s ]
SQL: SELECT * FROM `la_goods_category` WHERE `pid` = 19 ORDER BY sort DESC  [ RunTime:0.0026s ]
SQL: SHOW COLUMNS FROM `la_goods` [ RunTime:0.0030s ]
SQL: SELECT `id`,`category_id`,`category_path`,`goods_image`,`goods_name` FROM `la_goods` WHERE `goods_main_id` = 0 AND `is_delete` = 0 ORDER BY is_top DESC, add_time DESC  LIMIT 9   [ RunTime:0.0027s ]
SQL: SHOW COLUMNS FROM `la_ad` [ RunTime:0.0014s ]
SQL: SHOW COLUMNS FROM `la_goods_images` [ RunTime:0.0010s ]
SQL: SELECT `id`,`image`,`url` FROM `la_ad` WHERE `group_id` = 2 ORDER BY  add_time DESC   [ RunTime:0.0007s ]
SQL: SELECT COUNT(*) AS tp_count FROM `la_ad` WHERE `group_id` = 2 LIMIT 1   [ RunTime:0.0005s ]
SQL: SELECT `id`,`category_id`,`category_path`,`goods_image`,`goods_name` FROM `la_goods` WHERE `goods_main_id` = 0 AND `is_delete` = 0 ORDER BY is_top DESC, add_time DESC  LIMIT 9   [ RunTime:0.0024s ]
SQL: SHOW COLUMNS FROM `la_article` [ RunTime:0.0017s ]
SQL: SELECT `id`,`tree_id`,`cat_id`,`image`,`summary`,`title`,`hits`,`add_time` FROM `la_article` ORDER BY is_top DESC, add_time DESC  LIMIT 6   [ RunTime:0.0010s ]

[ 2018-04-02T17:19:02+08:00 ] 192.168.47.1 /
SQL: SHOW COLUMNS FROM `la_config` [ RunTime:0.0016s ]
SQL: SELECT `config_sign`,`config_value` FROM `la_config`  [ RunTime:0.0021s ]
SQL: SHOW COLUMNS FROM `la_seo` [ RunTime:0.0014s ]
SQL: SELECT `tags`,`meta_description`,`meta_keyword` FROM `la_seo` WHERE `id_mark` = 'ch_index' LIMIT 1   [ RunTime:0.0012s ]
SQL: SHOW COLUMNS FROM `la_goods_category` [ RunTime:0.0016s ]
SQL: SELECT * FROM `la_goods_category` WHERE `pid` = 0 ORDER BY sort DESC  [ RunTime:0.0010s ]
SQL: SELECT * FROM `la_goods_category` WHERE `pid` = 1 ORDER BY sort DESC  [ RunTime:0.0011s ]
SQL: SELECT * FROM `la_goods_category` WHERE `pid` = 17 ORDER BY sort DESC  [ RunTime:0.0010s ]
SQL: SELECT * FROM `la_goods_category` WHERE `pid` = 19 ORDER BY sort DESC  [ RunTime:0.0030s ]
SQL: SHOW COLUMNS FROM `la_goods` [ RunTime:0.0025s ]
SQL: SELECT `id`,`category_id`,`category_path`,`goods_image`,`goods_name` FROM `la_goods` WHERE `goods_main_id` = 0 AND `is_delete` = 0 ORDER BY is_top DESC, add_time DESC  LIMIT 9   [ RunTime:0.0033s ]
SQL: SHOW COLUMNS FROM `la_ad` [ RunTime:0.0015s ]
SQL: SHOW COLUMNS FROM `la_goods_images` [ RunTime:0.0012s ]
SQL: SELECT `id`,`image`,`url` FROM `la_ad` WHERE `group_id` = 2 ORDER BY  add_time DESC   [ RunTime:0.0006s ]
SQL: SELECT COUNT(*) AS tp_count FROM `la_ad` WHERE `group_id` = 2 LIMIT 1   [ RunTime:0.0005s ]
SQL: SELECT `id`,`category_id`,`category_path`,`goods_image`,`goods_name` FROM `la_goods` WHERE `goods_main_id` = 0 AND `is_delete` = 0 ORDER BY is_top DESC, add_time DESC  LIMIT 9   [ RunTime:0.0024s ]
SQL: SHOW COLUMNS FROM `la_article` [ RunTime:0.0017s ]
SQL: SELECT `id`,`tree_id`,`cat_id`,`image`,`summary`,`title`,`hits`,`add_time` FROM `la_article` ORDER BY is_top DESC, add_time DESC  LIMIT 6   [ RunTime:0.0010s ]

[ 2018-04-02T17:22:14+08:00 ] 192.168.47.1 /
SQL: SHOW COLUMNS FROM `la_config` [ RunTime:0.0027s ]
SQL: SELECT `config_sign`,`config_value` FROM `la_config`  [ RunTime:0.0016s ]
SQL: SHOW COLUMNS FROM `la_seo` [ RunTime:0.0022s ]
SQL: SELECT `tags`,`meta_description`,`meta_keyword` FROM `la_seo` WHERE `id_mark` = 'ch_index' LIMIT 1   [ RunTime:0.0009s ]
SQL: SHOW COLUMNS FROM `la_goods_category` [ RunTime:0.0017s ]
SQL: SELECT * FROM `la_goods_category` WHERE `pid` = 0 ORDER BY sort DESC  [ RunTime:0.0009s ]
SQL: SELECT * FROM `la_goods_category` WHERE `pid` = 1 ORDER BY sort DESC  [ RunTime:0.0010s ]
SQL: SELECT * FROM `la_goods_category` WHERE `pid` = 17 ORDER BY sort DESC  [ RunTime:0.0009s ]
SQL: SELECT * FROM `la_goods_category` WHERE `pid` = 19 ORDER BY sort DESC  [ RunTime:0.0009s ]
SQL: SHOW COLUMNS FROM `la_goods` [ RunTime:0.0021s ]
SQL: SELECT `id`,`category_id`,`category_path`,`goods_image`,`goods_name` FROM `la_goods` WHERE `goods_main_id` = 0 AND `is_delete` = 0 ORDER BY is_top DESC, add_time DESC  LIMIT 9   [ RunTime:0.0028s ]
SQL: SHOW COLUMNS FROM `la_ad` [ RunTime:0.0015s ]
SQL: SHOW COLUMNS FROM `la_goods_images` [ RunTime:0.0012s ]
SQL: SELECT `id`,`image`,`url` FROM `la_ad` WHERE `group_id` = 2 ORDER BY  add_time DESC   [ RunTime:0.0008s ]
SQL: SELECT COUNT(*) AS tp_count FROM `la_ad` WHERE `group_id` = 2 LIMIT 1   [ RunTime:0.0019s ]
SQL: SELECT `id`,`category_id`,`category_path`,`goods_image`,`goods_name` FROM `la_goods` WHERE `goods_main_id` = 0 AND `is_delete` = 0 ORDER BY is_top DESC, add_time DESC  LIMIT 9   [ RunTime:0.0050s ]
SQL: SHOW COLUMNS FROM `la_article` [ RunTime:0.0023s ]
SQL: SELECT `id`,`tree_id`,`cat_id`,`image`,`summary`,`title`,`hits`,`add_time` FROM `la_article` ORDER BY is_top DESC, add_time DESC  LIMIT 6   [ RunTime:0.0012s ]

[ 2018-04-02T17:25:07+08:00 ] 192.168.47.1 /
SQL: SHOW COLUMNS FROM `la_config` [ RunTime:0.0017s ]
SQL: SELECT `config_sign`,`config_value` FROM `la_config`  [ RunTime:0.0010s ]
SQL: SHOW COLUMNS FROM `la_seo` [ RunTime:0.0014s ]
SQL: SELECT `tags`,`meta_description`,`meta_keyword` FROM `la_seo` WHERE `id_mark` = 'ch_index' LIMIT 1   [ RunTime:0.0007s ]
SQL: SHOW COLUMNS FROM `la_goods_category` [ RunTime:0.0012s ]
SQL: SELECT * FROM `la_goods_category` WHERE `pid` = 0 ORDER BY sort DESC  [ RunTime:0.0007s ]
SQL: SELECT * FROM `la_goods_category` WHERE `pid` = 1 ORDER BY sort DESC  [ RunTime:0.0008s ]
SQL: SELECT * FROM `la_goods_category` WHERE `pid` = 17 ORDER BY sort DESC  [ RunTime:0.0022s ]
SQL: SELECT * FROM `la_goods_category` WHERE `pid` = 19 ORDER BY sort DESC  [ RunTime:0.0013s ]
SQL: SHOW COLUMNS FROM `la_goods` [ RunTime:0.0021s ]
SQL: SELECT `id`,`category_id`,`category_path`,`goods_image`,`goods_name` FROM `la_goods` WHERE `goods_main_id` = 0 AND `is_delete` = 0 ORDER BY is_top DESC, add_time DESC  LIMIT 9   [ RunTime:0.0036s ]
SQL: SHOW COLUMNS FROM `la_ad` [ RunTime:0.0011s ]
SQL: SHOW COLUMNS FROM `la_goods_images` [ RunTime:0.0008s ]
SQL: SELECT `id`,`image`,`url` FROM `la_ad` WHERE `group_id` = 2 ORDER BY  add_time DESC   [ RunTime:0.0006s ]
SQL: SELECT COUNT(*) AS tp_count FROM `la_ad` WHERE `group_id` = 2 LIMIT 1   [ RunTime:0.0004s ]
SQL: SELECT `id`,`category_id`,`category_path`,`goods_image`,`goods_name` FROM `la_goods` WHERE `goods_main_id` = 0 AND `is_delete` = 0 ORDER BY is_top DESC, add_time DESC  LIMIT 9   [ RunTime:0.0019s ]
SQL: SHOW COLUMNS FROM `la_article` [ RunTime:0.0014s ]
SQL: SELECT `id`,`tree_id`,`cat_id`,`image`,`summary`,`title`,`hits`,`add_time` FROM `la_article` ORDER BY is_top DESC, add_time DESC  LIMIT 6   [ RunTime:0.0009s ]

[ 2018-04-02T17:28:04+08:00 ] 192.168.47.1 /
SQL: SHOW COLUMNS FROM `la_config` [ RunTime:0.0022s ]
SQL: SELECT `config_sign`,`config_value` FROM `la_config`  [ RunTime:0.0010s ]
SQL: SHOW COLUMNS FROM `la_seo` [ RunTime:0.0016s ]
SQL: SELECT `tags`,`meta_description`,`meta_keyword` FROM `la_seo` WHERE `id_mark` = 'ch_index' LIMIT 1   [ RunTime:0.0009s ]
SQL: SHOW COLUMNS FROM `la_goods_category` [ RunTime:0.0015s ]
SQL: SELECT * FROM `la_goods_category` WHERE `pid` = 0 ORDER BY sort DESC  [ RunTime:0.0009s ]
SQL: SELECT * FROM `la_goods_category` WHERE `pid` = 1 ORDER BY sort DESC  [ RunTime:0.0015s ]
SQL: SELECT * FROM `la_goods_category` WHERE `pid` = 17 ORDER BY sort DESC  [ RunTime:0.0021s ]
SQL: SELECT * FROM `la_goods_category` WHERE `pid` = 19 ORDER BY sort DESC  [ RunTime:0.0008s ]
SQL: SHOW COLUMNS FROM `la_goods` [ RunTime:0.0033s ]
SQL: SELECT `id`,`category_id`,`category_path`,`goods_image`,`goods_name` FROM `la_goods` WHERE `goods_main_id` = 0 AND `is_delete` = 0 ORDER BY is_top DESC, add_time DESC  LIMIT 9   [ RunTime:0.0023s ]
SQL: SHOW COLUMNS FROM `la_ad` [ RunTime:0.0013s ]
SQL: SHOW COLUMNS FROM `la_goods_images` [ RunTime:0.0009s ]
SQL: SELECT `id`,`image`,`url` FROM `la_ad` WHERE `group_id` = 2 ORDER BY  add_time DESC   [ RunTime:0.0006s ]
SQL: SELECT COUNT(*) AS tp_count FROM `la_ad` WHERE `group_id` = 2 LIMIT 1   [ RunTime:0.0005s ]
SQL: SELECT `id`,`category_id`,`category_path`,`goods_image`,`goods_name` FROM `la_goods` WHERE `goods_main_id` = 0 AND `is_delete` = 0 ORDER BY is_top DESC, add_time DESC  LIMIT 9   [ RunTime:0.0019s ]
SQL: SHOW COLUMNS FROM `la_article` [ RunTime:0.0013s ]
SQL: SELECT `id`,`tree_id`,`cat_id`,`image`,`summary`,`title`,`hits`,`add_time` FROM `la_article` ORDER BY is_top DESC, add_time DESC  LIMIT 6   [ RunTime:0.0008s ]

[ 2018-04-02T17:28:28+08:00 ] 192.168.47.1 /
SQL: SHOW COLUMNS FROM `la_config` [ RunTime:0.0014s ]
SQL: SELECT `config_sign`,`config_value` FROM `la_config`  [ RunTime:0.0007s ]
SQL: SHOW COLUMNS FROM `la_seo` [ RunTime:0.0015s ]
SQL: SELECT `tags`,`meta_description`,`meta_keyword` FROM `la_seo` WHERE `id_mark` = 'ch_index' LIMIT 1   [ RunTime:0.0008s ]
SQL: SHOW COLUMNS FROM `la_goods_category` [ RunTime:0.0025s ]
SQL: SELECT * FROM `la_goods_category` WHERE `pid` = 0 ORDER BY sort DESC  [ RunTime:0.0009s ]
SQL: SELECT * FROM `la_goods_category` WHERE `pid` = 1 ORDER BY sort DESC  [ RunTime:0.0009s ]
SQL: SELECT * FROM `la_goods_category` WHERE `pid` = 17 ORDER BY sort DESC  [ RunTime:0.0009s ]
SQL: SELECT * FROM `la_goods_category` WHERE `pid` = 19 ORDER BY sort DESC  [ RunTime:0.0008s ]
SQL: SHOW COLUMNS FROM `la_goods` [ RunTime:0.0020s ]
SQL: SELECT `id`,`category_id`,`category_path`,`goods_image`,`goods_name` FROM `la_goods` WHERE `goods_main_id` = 0 AND `is_delete` = 0 ORDER BY is_top DESC, add_time DESC  LIMIT 9   [ RunTime:0.0027s ]
SQL: SHOW COLUMNS FROM `la_ad` [ RunTime:0.0016s ]
SQL: SHOW COLUMNS FROM `la_goods_images` [ RunTime:0.0011s ]
SQL: SELECT `id`,`image`,`url` FROM `la_ad` WHERE `group_id` = 2 ORDER BY  add_time DESC   [ RunTime:0.0007s ]
SQL: SELECT COUNT(*) AS tp_count FROM `la_ad` WHERE `group_id` = 2 LIMIT 1   [ RunTime:0.0008s ]
SQL: SELECT `id`,`category_id`,`category_path`,`goods_image`,`goods_name` FROM `la_goods` WHERE `goods_main_id` = 0 AND `is_delete` = 0 ORDER BY is_top DESC, add_time DESC  LIMIT 9   [ RunTime:0.0026s ]
SQL: SHOW COLUMNS FROM `la_article` [ RunTime:0.0018s ]
SQL: SELECT `id`,`tree_id`,`cat_id`,`image`,`summary`,`title`,`hits`,`add_time` FROM `la_article` ORDER BY is_top DESC, add_time DESC  LIMIT 6   [ RunTime:0.0011s ]

[ 2018-04-02T17:30:44+08:00 ] 192.168.47.1 /
SQL: SHOW COLUMNS FROM `la_config` [ RunTime:0.0015s ]
SQL: SELECT `config_sign`,`config_value` FROM `la_config`  [ RunTime:0.0008s ]
SQL: SHOW COLUMNS FROM `la_seo` [ RunTime:0.0015s ]
SQL: SELECT `tags`,`meta_description`,`meta_keyword` FROM `la_seo` WHERE `id_mark` = 'ch_index' LIMIT 1   [ RunTime:0.0007s ]
SQL: SHOW COLUMNS FROM `la_goods_category` [ RunTime:0.0023s ]
SQL: SELECT * FROM `la_goods_category` WHERE `pid` = 0 ORDER BY sort DESC  [ RunTime:0.0012s ]
SQL: SELECT * FROM `la_goods_category` WHERE `pid` = 1 ORDER BY sort DESC  [ RunTime:0.0010s ]
SQL: SELECT * FROM `la_goods_category` WHERE `pid` = 17 ORDER BY sort DESC  [ RunTime:0.0009s ]
SQL: SELECT * FROM `la_goods_category` WHERE `pid` = 19 ORDER BY sort DESC  [ RunTime:0.0008s ]
SQL: SHOW COLUMNS FROM `la_goods` [ RunTime:0.0021s ]
SQL: SELECT `id`,`category_id`,`category_path`,`goods_image`,`goods_name` FROM `la_goods` WHERE `goods_main_id` = 0 AND `is_delete` = 0 ORDER BY is_top DESC, add_time DESC  LIMIT 9   [ RunTime:0.0034s ]
SQL: SHOW COLUMNS FROM `la_ad` [ RunTime:0.0015s ]
SQL: SHOW COLUMNS FROM `la_goods_images` [ RunTime:0.0011s ]
SQL: SELECT `id`,`image`,`url` FROM `la_ad` WHERE `group_id` = 2 ORDER BY  add_time DESC   [ RunTime:0.0007s ]
SQL: SELECT COUNT(*) AS tp_count FROM `la_ad` WHERE `group_id` = 2 LIMIT 1   [ RunTime:0.0005s ]
SQL: SELECT `id`,`category_id`,`category_path`,`goods_image`,`goods_name` FROM `la_goods` WHERE `goods_main_id` = 0 AND `is_delete` = 0 ORDER BY is_top DESC, add_time DESC  LIMIT 9   [ RunTime:0.0026s ]
SQL: SHOW COLUMNS FROM `la_article` [ RunTime:0.0019s ]
SQL: SELECT `id`,`tree_id`,`cat_id`,`image`,`summary`,`title`,`hits`,`add_time` FROM `la_article` ORDER BY is_top DESC, add_time DESC  LIMIT 6   [ RunTime:0.0011s ]

[ 2018-04-02T17:33:09+08:00 ] 192.168.47.1 /
SQL: SHOW COLUMNS FROM `la_config` [ RunTime:0.0030s ]
SQL: SELECT `config_sign`,`config_value` FROM `la_config`  [ RunTime:0.0009s ]
SQL: SHOW COLUMNS FROM `la_seo` [ RunTime:0.0015s ]
SQL: SELECT `tags`,`meta_description`,`meta_keyword` FROM `la_seo` WHERE `id_mark` = 'ch_index' LIMIT 1   [ RunTime:0.0008s ]
SQL: SHOW COLUMNS FROM `la_goods_category` [ RunTime:0.0016s ]
SQL: SELECT * FROM `la_goods_category` WHERE `pid` = 0 ORDER BY sort DESC  [ RunTime:0.0010s ]
SQL: SELECT * FROM `la_goods_category` WHERE `pid` = 1 ORDER BY sort DESC  [ RunTime:0.0009s ]
SQL: SELECT * FROM `la_goods_category` WHERE `pid` = 17 ORDER BY sort DESC  [ RunTime:0.0009s ]
SQL: SELECT * FROM `la_goods_category` WHERE `pid` = 19 ORDER BY sort DESC  [ RunTime:0.0008s ]
SQL: SHOW COLUMNS FROM `la_goods` [ RunTime:0.0020s ]
SQL: SELECT `id`,`category_id`,`category_path`,`goods_image`,`goods_name` FROM `la_goods` WHERE `goods_main_id` = 0 AND `is_delete` = 0 ORDER BY is_top DESC, add_time DESC  LIMIT 9   [ RunTime:0.0029s ]
SQL: SHOW COLUMNS FROM `la_ad` [ RunTime:0.0015s ]
SQL: SHOW COLUMNS FROM `la_goods_images` [ RunTime:0.0011s ]
SQL: SELECT `id`,`image`,`url` FROM `la_ad` WHERE `group_id` = 2 ORDER BY  add_time DESC   [ RunTime:0.0007s ]
SQL: SELECT COUNT(*) AS tp_count FROM `la_ad` WHERE `group_id` = 2 LIMIT 1   [ RunTime:0.0009s ]
SQL: SELECT `id`,`category_id`,`category_path`,`goods_image`,`goods_name` FROM `la_goods` WHERE `goods_main_id` = 0 AND `is_delete` = 0 ORDER BY is_top DESC, add_time DESC  LIMIT 9   [ RunTime:0.0036s ]
SQL: SHOW COLUMNS FROM `la_article` [ RunTime:0.0021s ]
SQL: SELECT `id`,`tree_id`,`cat_id`,`image`,`summary`,`title`,`hits`,`add_time` FROM `la_article` ORDER BY is_top DESC, add_time DESC  LIMIT 6   [ RunTime:0.0010s ]

[ 2018-04-02T17:34:41+08:00 ] 192.168.47.1 /
SQL: SHOW COLUMNS FROM `la_config` [ RunTime:0.0014s ]
SQL: SELECT `config_sign`,`config_value` FROM `la_config`  [ RunTime:0.0007s ]
SQL: SHOW COLUMNS FROM `la_seo` [ RunTime:0.0023s ]
SQL: SELECT `tags`,`meta_description`,`meta_keyword` FROM `la_seo` WHERE `id_mark` = 'ch_index' LIMIT 1   [ RunTime:0.0007s ]
SQL: SHOW COLUMNS FROM `la_goods_category` [ RunTime:0.0015s ]
SQL: SELECT * FROM `la_goods_category` WHERE `pid` = 0 ORDER BY sort DESC  [ RunTime:0.0009s ]
SQL: SELECT * FROM `la_goods_category` WHERE `pid` = 1 ORDER BY sort DESC  [ RunTime:0.0009s ]
SQL: SELECT * FROM `la_goods_category` WHERE `pid` = 17 ORDER BY sort DESC  [ RunTime:0.0008s ]
SQL: SELECT * FROM `la_goods_category` WHERE `pid` = 19 ORDER BY sort DESC  [ RunTime:0.0008s ]
SQL: SHOW COLUMNS FROM `la_goods` [ RunTime:0.0022s ]
SQL: SELECT `id`,`category_id`,`category_path`,`goods_image`,`goods_name` FROM `la_goods` WHERE `goods_main_id` = 0 AND `is_delete` = 0 ORDER BY is_top DESC, add_time DESC  LIMIT 9   [ RunTime:0.0028s ]
SQL: SHOW COLUMNS FROM `la_ad` [ RunTime:0.0015s ]
SQL: SHOW COLUMNS FROM `la_goods_images` [ RunTime:0.0012s ]
SQL: SELECT `id`,`image`,`url` FROM `la_ad` WHERE `group_id` = 2 ORDER BY  add_time DESC   [ RunTime:0.0009s ]
SQL: SELECT COUNT(*) AS tp_count FROM `la_ad` WHERE `group_id` = 2 LIMIT 1   [ RunTime:0.0007s ]
SQL: SELECT `id`,`category_id`,`category_path`,`goods_image`,`goods_name` FROM `la_goods` WHERE `goods_main_id` = 0 AND `is_delete` = 0 ORDER BY is_top DESC, add_time DESC  LIMIT 9   [ RunTime:0.0029s ]
SQL: SHOW COLUMNS FROM `la_article` [ RunTime:0.0020s ]
SQL: SELECT `id`,`tree_id`,`cat_id`,`image`,`summary`,`title`,`hits`,`add_time` FROM `la_article` ORDER BY is_top DESC, add_time DESC  LIMIT 6   [ RunTime:0.0010s ]

[ 2018-04-02T17:37:37+08:00 ] 192.168.47.1 /
SQL: SHOW COLUMNS FROM `la_config` [ RunTime:0.0016s ]
SQL: SELECT `config_sign`,`config_value` FROM `la_config`  [ RunTime:0.0008s ]
SQL: SHOW COLUMNS FROM `la_seo` [ RunTime:0.0014s ]
SQL: SELECT `tags`,`meta_description`,`meta_keyword` FROM `la_seo` WHERE `id_mark` = 'ch_index' LIMIT 1   [ RunTime:0.0007s ]
SQL: SHOW COLUMNS FROM `la_goods_category` [ RunTime:0.0014s ]
SQL: SELECT * FROM `la_goods_category` WHERE `pid` = 0 ORDER BY sort DESC  [ RunTime:0.0009s ]
SQL: SELECT * FROM `la_goods_category` WHERE `pid` = 1 ORDER BY sort DESC  [ RunTime:0.0011s ]
SQL: SELECT * FROM `la_goods_category` WHERE `pid` = 17 ORDER BY sort DESC  [ RunTime:0.0008s ]
SQL: SELECT * FROM `la_goods_category` WHERE `pid` = 19 ORDER BY sort DESC  [ RunTime:0.0007s ]
SQL: SHOW COLUMNS FROM `la_goods` [ RunTime:0.0019s ]
SQL: SELECT `id`,`category_id`,`category_path`,`goods_image`,`goods_name` FROM `la_goods` WHERE `goods_main_id` = 0 AND `is_delete` = 0 ORDER BY is_top DESC, add_time DESC  LIMIT 9   [ RunTime:0.0056s ]
SQL: SHOW COLUMNS FROM `la_ad` [ RunTime:0.0032s ]
SQL: SHOW COLUMNS FROM `la_goods_images` [ RunTime:0.0012s ]
SQL: SELECT `id`,`image`,`url` FROM `la_ad` WHERE `group_id` = 2 ORDER BY  add_time DESC   [ RunTime:0.0007s ]
SQL: SELECT COUNT(*) AS tp_count FROM `la_ad` WHERE `group_id` = 2 LIMIT 1   [ RunTime:0.0006s ]
SQL: SELECT `id`,`category_id`,`category_path`,`goods_image`,`goods_name` FROM `la_goods` WHERE `goods_main_id` = 0 AND `is_delete` = 0 ORDER BY is_top DESC, add_time DESC  LIMIT 9   [ RunTime:0.0025s ]
SQL: SHOW COLUMNS FROM `la_article` [ RunTime:0.0020s ]
SQL: SELECT `id`,`tree_id`,`cat_id`,`image`,`summary`,`title`,`hits`,`add_time` FROM `la_article` ORDER BY is_top DESC, add_time DESC  LIMIT 6   [ RunTime:0.0023s ]

[ 2018-04-02T17:39:34+08:00 ] 192.168.47.1 /
SQL: SHOW COLUMNS FROM `la_config` [ RunTime:0.0014s ]
SQL: SELECT `config_sign`,`config_value` FROM `la_config`  [ RunTime:0.0007s ]
SQL: SHOW COLUMNS FROM `la_seo` [ RunTime:0.0016s ]
SQL: SELECT `tags`,`meta_description`,`meta_keyword` FROM `la_seo` WHERE `id_mark` = 'ch_index' LIMIT 1   [ RunTime:0.0008s ]
SQL: SHOW COLUMNS FROM `la_goods_category` [ RunTime:0.0015s ]
SQL: SELECT * FROM `la_goods_category` WHERE `pid` = 0 ORDER BY sort DESC  [ RunTime:0.0008s ]
SQL: SELECT * FROM `la_goods_category` WHERE `pid` = 1 ORDER BY sort DESC  [ RunTime:0.0009s ]
SQL: SELECT * FROM `la_goods_category` WHERE `pid` = 17 ORDER BY sort DESC  [ RunTime:0.0009s ]
SQL: SELECT * FROM `la_goods_category` WHERE `pid` = 19 ORDER BY sort DESC  [ RunTime:0.0008s ]
SQL: SHOW COLUMNS FROM `la_goods` [ RunTime:0.0020s ]
SQL: SELECT `id`,`category_id`,`category_path`,`goods_image`,`goods_name` FROM `la_goods` WHERE `goods_main_id` = 0 AND `is_delete` = 0 ORDER BY is_top DESC, add_time DESC  LIMIT 9   [ RunTime:0.0023s ]
SQL: SHOW COLUMNS FROM `la_ad` [ RunTime:0.0013s ]
SQL: SHOW COLUMNS FROM `la_goods_images` [ RunTime:0.0010s ]
SQL: SELECT `id`,`image`,`url` FROM `la_ad` WHERE `group_id` = 2 ORDER BY  add_time DESC   [ RunTime:0.0006s ]
SQL: SELECT COUNT(*) AS tp_count FROM `la_ad` WHERE `group_id` = 2 LIMIT 1   [ RunTime:0.0013s ]
SQL: SELECT `id`,`category_id`,`category_path`,`goods_image`,`goods_name` FROM `la_goods` WHERE `goods_main_id` = 0 AND `is_delete` = 0 ORDER BY is_top DESC, add_time DESC  LIMIT 9   [ RunTime:0.0044s ]
SQL: SHOW COLUMNS FROM `la_article` [ RunTime:0.0017s ]
SQL: SELECT `id`,`tree_id`,`cat_id`,`image`,`summary`,`title`,`hits`,`add_time` FROM `la_article` ORDER BY is_top DESC, add_time DESC  LIMIT 6   [ RunTime:0.0010s ]

[ 2018-04-02T17:41:39+08:00 ] 192.168.47.1 /
SQL: SHOW COLUMNS FROM `la_config` [ RunTime:0.0015s ]
SQL: SELECT `config_sign`,`config_value` FROM `la_config`  [ RunTime:0.0009s ]
SQL: SHOW COLUMNS FROM `la_seo` [ RunTime:0.0041s ]
SQL: SELECT `tags`,`meta_description`,`meta_keyword` FROM `la_seo` WHERE `id_mark` = 'ch_index' LIMIT 1   [ RunTime:0.0020s ]
SQL: SHOW COLUMNS FROM `la_goods_category` [ RunTime:0.0026s ]
SQL: SELECT * FROM `la_goods_category` WHERE `pid` = 0 ORDER BY sort DESC  [ RunTime:0.0010s ]
SQL: SELECT * FROM `la_goods_category` WHERE `pid` = 1 ORDER BY sort DESC  [ RunTime:0.0009s ]
SQL: SELECT * FROM `la_goods_category` WHERE `pid` = 17 ORDER BY sort DESC  [ RunTime:0.0008s ]
SQL: SELECT * FROM `la_goods_category` WHERE `pid` = 19 ORDER BY sort DESC  [ RunTime:0.0007s ]
SQL: SHOW COLUMNS FROM `la_goods` [ RunTime:0.0020s ]
SQL: SELECT `id`,`category_id`,`category_path`,`goods_image`,`goods_name` FROM `la_goods` WHERE `goods_main_id` = 0 AND `is_delete` = 0 ORDER BY is_top DESC, add_time DESC  LIMIT 9   [ RunTime:0.0028s ]
SQL: SHOW COLUMNS FROM `la_ad` [ RunTime:0.0015s ]
SQL: SHOW COLUMNS FROM `la_goods_images` [ RunTime:0.0010s ]
SQL: SELECT `id`,`image`,`url` FROM `la_ad` WHERE `group_id` = 2 ORDER BY  add_time DESC   [ RunTime:0.0006s ]
SQL: SELECT COUNT(*) AS tp_count FROM `la_ad` WHERE `group_id` = 2 LIMIT 1   [ RunTime:0.0005s ]
SQL: SELECT `id`,`category_id`,`category_path`,`goods_image`,`goods_name` FROM `la_goods` WHERE `goods_main_id` = 0 AND `is_delete` = 0 ORDER BY is_top DESC, add_time DESC  LIMIT 9   [ RunTime:0.0025s ]
SQL: SHOW COLUMNS FROM `la_article` [ RunTime:0.0017s ]
SQL: SELECT `id`,`tree_id`,`cat_id`,`image`,`summary`,`title`,`hits`,`add_time` FROM `la_article` ORDER BY is_top DESC, add_time DESC  LIMIT 6   [ RunTime:0.0009s ]

[ 2018-04-02T17:43:41+08:00 ] 192.168.47.1 /
SQL: SHOW COLUMNS FROM `la_config` [ RunTime:0.0019s ]
SQL: SELECT `config_sign`,`config_value` FROM `la_config`  [ RunTime:0.0008s ]
SQL: SHOW COLUMNS FROM `la_seo` [ RunTime:0.0014s ]
SQL: SELECT `tags`,`meta_description`,`meta_keyword` FROM `la_seo` WHERE `id_mark` = 'ch_index' LIMIT 1   [ RunTime:0.0009s ]
SQL: SHOW COLUMNS FROM `la_goods_category` [ RunTime:0.0015s ]
SQL: SELECT * FROM `la_goods_category` WHERE `pid` = 0 ORDER BY sort DESC  [ RunTime:0.0008s ]
SQL: SELECT * FROM `la_goods_category` WHERE `pid` = 1 ORDER BY sort DESC  [ RunTime:0.0009s ]
SQL: SELECT * FROM `la_goods_category` WHERE `pid` = 17 ORDER BY sort DESC  [ RunTime:0.0009s ]
SQL: SELECT * FROM `la_goods_category` WHERE `pid` = 19 ORDER BY sort DESC  [ RunTime:0.0008s ]
SQL: SHOW COLUMNS FROM `la_goods` [ RunTime:0.0020s ]
SQL: SELECT `id`,`category_id`,`category_path`,`goods_image`,`goods_name` FROM `la_goods` WHERE `goods_main_id` = 0 AND `is_delete` = 0 ORDER BY is_top DESC, add_time DESC  LIMIT 9   [ RunTime:0.0027s ]
SQL: SHOW COLUMNS FROM `la_ad` [ RunTime:0.0016s ]
SQL: SHOW COLUMNS FROM `la_goods_images` [ RunTime:0.0016s ]
SQL: SELECT `id`,`image`,`url` FROM `la_ad` WHERE `group_id` = 2 ORDER BY  add_time DESC   [ RunTime:0.0007s ]
SQL: SELECT COUNT(*) AS tp_count FROM `la_ad` WHERE `group_id` = 2 LIMIT 1   [ RunTime:0.0005s ]
SQL: SELECT `id`,`category_id`,`category_path`,`goods_image`,`goods_name` FROM `la_goods` WHERE `goods_main_id` = 0 AND `is_delete` = 0 ORDER BY is_top DESC, add_time DESC  LIMIT 9   [ RunTime:0.0039s ]
SQL: SHOW COLUMNS FROM `la_article` [ RunTime:0.0040s ]
SQL: SELECT `id`,`tree_id`,`cat_id`,`image`,`summary`,`title`,`hits`,`add_time` FROM `la_article` ORDER BY is_top DESC, add_time DESC  LIMIT 6   [ RunTime:0.0017s ]

[ 2018-04-02T17:45:11+08:00 ] 192.168.47.1 /
SQL: SHOW COLUMNS FROM `la_config` [ RunTime:0.0014s ]
SQL: SELECT `config_sign`,`config_value` FROM `la_config`  [ RunTime:0.0007s ]
SQL: SHOW COLUMNS FROM `la_seo` [ RunTime:0.0013s ]
SQL: SELECT `tags`,`meta_description`,`meta_keyword` FROM `la_seo` WHERE `id_mark` = 'ch_index' LIMIT 1   [ RunTime:0.0006s ]
SQL: SHOW COLUMNS FROM `la_goods_category` [ RunTime:0.0014s ]
SQL: SELECT * FROM `la_goods_category` WHERE `pid` = 0 ORDER BY sort DESC  [ RunTime:0.0008s ]
SQL: SELECT * FROM `la_goods_category` WHERE `pid` = 1 ORDER BY sort DESC  [ RunTime:0.0009s ]
SQL: SELECT * FROM `la_goods_category` WHERE `pid` = 17 ORDER BY sort DESC  [ RunTime:0.0008s ]
SQL: SELECT * FROM `la_goods_category` WHERE `pid` = 19 ORDER BY sort DESC  [ RunTime:0.0007s ]
SQL: SHOW COLUMNS FROM `la_goods` [ RunTime:0.0019s ]
SQL: SELECT `id`,`category_id`,`category_path`,`goods_image`,`goods_name` FROM `la_goods` WHERE `goods_main_id` = 0 AND `is_delete` = 0 ORDER BY is_top DESC, add_time DESC  LIMIT 9   [ RunTime:0.0027s ]
SQL: SHOW COLUMNS FROM `la_ad` [ RunTime:0.0015s ]
SQL: SHOW COLUMNS FROM `la_goods_images` [ RunTime:0.0011s ]
SQL: SELECT `id`,`image`,`url` FROM `la_ad` WHERE `group_id` = 2 ORDER BY  add_time DESC   [ RunTime:0.0007s ]
SQL: SELECT COUNT(*) AS tp_count FROM `la_ad` WHERE `group_id` = 2 LIMIT 1   [ RunTime:0.0009s ]
SQL: SELECT `id`,`category_id`,`category_path`,`goods_image`,`goods_name` FROM `la_goods` WHERE `goods_main_id` = 0 AND `is_delete` = 0 ORDER BY is_top DESC, add_time DESC  LIMIT 9   [ RunTime:0.0034s ]
SQL: SHOW COLUMNS FROM `la_article` [ RunTime:0.0022s ]
SQL: SELECT `id`,`tree_id`,`cat_id`,`image`,`summary`,`title`,`hits`,`add_time` FROM `la_article` ORDER BY is_top DESC, add_time DESC  LIMIT 6   [ RunTime:0.0010s ]

[ 2018-04-02T17:46:46+08:00 ] 192.168.47.1 /
SQL: SHOW COLUMNS FROM `la_config` [ RunTime:0.0014s ]
SQL: SELECT `config_sign`,`config_value` FROM `la_config`  [ RunTime:0.0007s ]
SQL: SHOW COLUMNS FROM `la_seo` [ RunTime:0.0013s ]
SQL: SELECT `tags`,`meta_description`,`meta_keyword` FROM `la_seo` WHERE `id_mark` = 'ch_index' LIMIT 1   [ RunTime:0.0008s ]
SQL: SHOW COLUMNS FROM `la_goods_category` [ RunTime:0.0014s ]
SQL: SELECT * FROM `la_goods_category` WHERE `pid` = 0 ORDER BY sort DESC  [ RunTime:0.0008s ]
SQL: SELECT * FROM `la_goods_category` WHERE `pid` = 1 ORDER BY sort DESC  [ RunTime:0.0011s ]
SQL: SELECT * FROM `la_goods_category` WHERE `pid` = 17 ORDER BY sort DESC  [ RunTime:0.0009s ]
SQL: SELECT * FROM `la_goods_category` WHERE `pid` = 19 ORDER BY sort DESC  [ RunTime:0.0007s ]
SQL: SHOW COLUMNS FROM `la_goods` [ RunTime:0.0029s ]
SQL: SELECT `id`,`category_id`,`category_path`,`goods_image`,`goods_name` FROM `la_goods` WHERE `goods_main_id` = 0 AND `is_delete` = 0 ORDER BY is_top DESC, add_time DESC  LIMIT 9   [ RunTime:0.0025s ]
SQL: SHOW COLUMNS FROM `la_ad` [ RunTime:0.0013s ]
SQL: SHOW COLUMNS FROM `la_goods_images` [ RunTime:0.0010s ]
SQL: SELECT `id`,`image`,`url` FROM `la_ad` WHERE `group_id` = 2 ORDER BY  add_time DESC   [ RunTime:0.0006s ]
SQL: SELECT COUNT(*) AS tp_count FROM `la_ad` WHERE `group_id` = 2 LIMIT 1   [ RunTime:0.0005s ]
SQL: SELECT `id`,`category_id`,`category_path`,`goods_image`,`goods_name` FROM `la_goods` WHERE `goods_main_id` = 0 AND `is_delete` = 0 ORDER BY is_top DESC, add_time DESC  LIMIT 9   [ RunTime:0.0024s ]
SQL: SHOW COLUMNS FROM `la_article` [ RunTime:0.0019s ]
SQL: SELECT `id`,`tree_id`,`cat_id`,`image`,`summary`,`title`,`hits`,`add_time` FROM `la_article` ORDER BY is_top DESC, add_time DESC  LIMIT 6   [ RunTime:0.0011s ]

[ 2018-04-02T17:52:19+08:00 ] 192.168.47.1 /
SQL: SHOW COLUMNS FROM `la_config` [ RunTime:0.0015s ]
SQL: SELECT `config_sign`,`config_value` FROM `la_config`  [ RunTime:0.0013s ]
SQL: SHOW COLUMNS FROM `la_seo` [ RunTime:0.0017s ]
SQL: SELECT `tags`,`meta_description`,`meta_keyword` FROM `la_seo` WHERE `id_mark` = 'ch_index' LIMIT 1   [ RunTime:0.0007s ]
SQL: SHOW COLUMNS FROM `la_goods_category` [ RunTime:0.0022s ]
SQL: SELECT * FROM `la_goods_category` WHERE `pid` = 0 ORDER BY sort DESC  [ RunTime:0.0009s ]
SQL: SELECT * FROM `la_goods_category` WHERE `pid` = 1 ORDER BY sort DESC  [ RunTime:0.0009s ]
SQL: SELECT * FROM `la_goods_category` WHERE `pid` = 17 ORDER BY sort DESC  [ RunTime:0.0009s ]
SQL: SELECT * FROM `la_goods_category` WHERE `pid` = 19 ORDER BY sort DESC  [ RunTime:0.0008s ]
SQL: SHOW COLUMNS FROM `la_goods` [ RunTime:0.0020s ]
SQL: SELECT `id`,`category_id`,`category_path`,`goods_image`,`goods_name` FROM `la_goods` WHERE `goods_main_id` = 0 AND `is_delete` = 0 ORDER BY is_top DESC, add_time DESC  LIMIT 9   [ RunTime:0.0025s ]
SQL: SHOW COLUMNS FROM `la_ad` [ RunTime:0.0013s ]
SQL: SHOW COLUMNS FROM `la_goods_images` [ RunTime:0.0010s ]
SQL: SELECT `id`,`image`,`url` FROM `la_ad` WHERE `group_id` = 2 ORDER BY  add_time DESC   [ RunTime:0.0006s ]
SQL: SELECT COUNT(*) AS tp_count FROM `la_ad` WHERE `group_id` = 2 LIMIT 1   [ RunTime:0.0009s ]
SQL: SELECT `id`,`category_id`,`category_path`,`goods_image`,`goods_name` FROM `la_goods` WHERE `goods_main_id` = 0 AND `is_delete` = 0 ORDER BY is_top DESC, add_time DESC  LIMIT 9   [ RunTime:0.0026s ]
SQL: SHOW COLUMNS FROM `la_article` [ RunTime:0.0017s ]
SQL: SELECT `id`,`tree_id`,`cat_id`,`image`,`summary`,`title`,`hits`,`add_time` FROM `la_article` ORDER BY is_top DESC, add_time DESC  LIMIT 6   [ RunTime:0.0009s ]

[ 2018-04-02T17:54:46+08:00 ] 192.168.47.1 /
SQL: SHOW COLUMNS FROM `la_config` [ RunTime:0.0022s ]
SQL: SELECT `config_sign`,`config_value` FROM `la_config`  [ RunTime:0.0014s ]
SQL: SHOW COLUMNS FROM `la_seo` [ RunTime:0.0014s ]
SQL: SELECT `tags`,`meta_description`,`meta_keyword` FROM `la_seo` WHERE `id_mark` = 'ch_index' LIMIT 1   [ RunTime:0.0007s ]
SQL: SHOW COLUMNS FROM `la_goods_category` [ RunTime:0.0016s ]
SQL: SELECT * FROM `la_goods_category` WHERE `pid` = 0 ORDER BY sort DESC  [ RunTime:0.0008s ]
SQL: SELECT * FROM `la_goods_category` WHERE `pid` = 1 ORDER BY sort DESC  [ RunTime:0.0009s ]
SQL: SELECT * FROM `la_goods_category` WHERE `pid` = 17 ORDER BY sort DESC  [ RunTime:0.0009s ]
SQL: SELECT * FROM `la_goods_category` WHERE `pid` = 19 ORDER BY sort DESC  [ RunTime:0.0007s ]
SQL: SHOW COLUMNS FROM `la_goods` [ RunTime:0.0019s ]
SQL: SELECT `id`,`category_id`,`category_path`,`goods_image`,`goods_name` FROM `la_goods` WHERE `goods_main_id` = 0 AND `is_delete` = 0 ORDER BY is_top DESC, add_time DESC  LIMIT 9   [ RunTime:0.0024s ]
SQL: SHOW COLUMNS FROM `la_ad` [ RunTime:0.0021s ]
SQL: SHOW COLUMNS FROM `la_goods_images` [ RunTime:0.0010s ]
SQL: SELECT `id`,`image`,`url` FROM `la_ad` WHERE `group_id` = 2 ORDER BY  add_time DESC   [ RunTime:0.0007s ]
SQL: SELECT COUNT(*) AS tp_count FROM `la_ad` WHERE `group_id` = 2 LIMIT 1   [ RunTime:0.0005s ]
SQL: SELECT `id`,`category_id`,`category_path`,`goods_image`,`goods_name` FROM `la_goods` WHERE `goods_main_id` = 0 AND `is_delete` = 0 ORDER BY is_top DESC, add_time DESC  LIMIT 9   [ RunTime:0.0021s ]
SQL: SHOW COLUMNS FROM `la_article` [ RunTime:0.0016s ]
SQL: SELECT `id`,`tree_id`,`cat_id`,`image`,`summary`,`title`,`hits`,`add_time` FROM `la_article` ORDER BY is_top DESC, add_time DESC  LIMIT 6   [ RunTime:0.0011s ]

[ 2018-04-02T17:56:39+08:00 ] 192.168.47.1 /
SQL: SHOW COLUMNS FROM `la_config` [ RunTime:0.0015s ]
SQL: SELECT `config_sign`,`config_value` FROM `la_config`  [ RunTime:0.0007s ]
SQL: SHOW COLUMNS FROM `la_seo` [ RunTime:0.0014s ]
SQL: SELECT `tags`,`meta_description`,`meta_keyword` FROM `la_seo` WHERE `id_mark` = 'ch_index' LIMIT 1   [ RunTime:0.0008s ]
SQL: SHOW COLUMNS FROM `la_goods_category` [ RunTime:0.0037s ]
SQL: SELECT * FROM `la_goods_category` WHERE `pid` = 0 ORDER BY sort DESC  [ RunTime:0.0010s ]
SQL: SELECT * FROM `la_goods_category` WHERE `pid` = 1 ORDER BY sort DESC  [ RunTime:0.0015s ]
SQL: SELECT * FROM `la_goods_category` WHERE `pid` = 17 ORDER BY sort DESC  [ RunTime:0.0009s ]
SQL: SELECT * FROM `la_goods_category` WHERE `pid` = 19 ORDER BY sort DESC  [ RunTime:0.0008s ]
SQL: SHOW COLUMNS FROM `la_goods` [ RunTime:0.0031s ]
SQL: SELECT `id`,`category_id`,`category_path`,`goods_image`,`goods_name` FROM `la_goods` WHERE `goods_main_id` = 0 AND `is_delete` = 0 ORDER BY is_top DESC, add_time DESC  LIMIT 9   [ RunTime:0.0027s ]
SQL: SHOW COLUMNS FROM `la_ad` [ RunTime:0.0015s ]
SQL: SHOW COLUMNS FROM `la_goods_images` [ RunTime:0.0014s ]
SQL: SELECT `id`,`image`,`url` FROM `la_ad` WHERE `group_id` = 2 ORDER BY  add_time DESC   [ RunTime:0.0009s ]
SQL: SELECT COUNT(*) AS tp_count FROM `la_ad` WHERE `group_id` = 2 LIMIT 1   [ RunTime:0.0006s ]
SQL: SELECT `id`,`category_id`,`category_path`,`goods_image`,`goods_name` FROM `la_goods` WHERE `goods_main_id` = 0 AND `is_delete` = 0 ORDER BY is_top DESC, add_time DESC  LIMIT 9   [ RunTime:0.0026s ]
SQL: SHOW COLUMNS FROM `la_article` [ RunTime:0.0019s ]
SQL: SELECT `id`,`tree_id`,`cat_id`,`image`,`summary`,`title`,`hits`,`add_time` FROM `la_article` ORDER BY is_top DESC, add_time DESC  LIMIT 6   [ RunTime:0.0023s ]

[ 2018-04-02T17:58:18+08:00 ] 192.168.47.1 /
SQL: SHOW COLUMNS FROM `la_config` [ RunTime:0.0014s ]
SQL: SELECT `config_sign`,`config_value` FROM `la_config`  [ RunTime:0.0007s ]
SQL: SHOW COLUMNS FROM `la_seo` [ RunTime:0.0014s ]
SQL: SELECT `tags`,`meta_description`,`meta_keyword` FROM `la_seo` WHERE `id_mark` = 'ch_index' LIMIT 1   [ RunTime:0.0007s ]
SQL: SHOW COLUMNS FROM `la_goods_category` [ RunTime:0.0015s ]
SQL: SELECT * FROM `la_goods_category` WHERE `pid` = 0 ORDER BY sort DESC  [ RunTime:0.0008s ]
SQL: SELECT * FROM `la_goods_category` WHERE `pid` = 1 ORDER BY sort DESC  [ RunTime:0.0011s ]
SQL: SELECT * FROM `la_goods_category` WHERE `pid` = 17 ORDER BY sort DESC  [ RunTime:0.0009s ]
SQL: SELECT * FROM `la_goods_category` WHERE `pid` = 19 ORDER BY sort DESC  [ RunTime:0.0008s ]
SQL: SHOW COLUMNS FROM `la_goods` [ RunTime:0.0020s ]
SQL: SELECT `id`,`category_id`,`category_path`,`goods_image`,`goods_name` FROM `la_goods` WHERE `goods_main_id` = 0 AND `is_delete` = 0 ORDER BY is_top DESC, add_time DESC  LIMIT 9   [ RunTime:0.0048s ]
SQL: SHOW COLUMNS FROM `la_ad` [ RunTime:0.0027s ]
SQL: SHOW COLUMNS FROM `la_goods_images` [ RunTime:0.0012s ]
SQL: SELECT `id`,`image`,`url` FROM `la_ad` WHERE `group_id` = 2 ORDER BY  add_time DESC   [ RunTime:0.0007s ]
SQL: SELECT COUNT(*) AS tp_count FROM `la_ad` WHERE `group_id` = 2 LIMIT 1   [ RunTime:0.0005s ]
SQL: SELECT `id`,`category_id`,`category_path`,`goods_image`,`goods_name` FROM `la_goods` WHERE `goods_main_id` = 0 AND `is_delete` = 0 ORDER BY is_top DESC, add_time DESC  LIMIT 9   [ RunTime:0.0025s ]
SQL: SHOW COLUMNS FROM `la_article` [ RunTime:0.0016s ]
SQL: SELECT `id`,`tree_id`,`cat_id`,`image`,`summary`,`title`,`hits`,`add_time` FROM `la_article` ORDER BY is_top DESC, add_time DESC  LIMIT 6   [ RunTime:0.0010s ]

[ 2018-04-02T17:59:02+08:00 ] 192.168.47.1 /
SQL: SHOW COLUMNS FROM `la_config` [ RunTime:0.0015s ]
SQL: SELECT `config_sign`,`config_value` FROM `la_config`  [ RunTime:0.0008s ]
SQL: SHOW COLUMNS FROM `la_seo` [ RunTime:0.0021s ]
SQL: SELECT `tags`,`meta_description`,`meta_keyword` FROM `la_seo` WHERE `id_mark` = 'ch_index' LIMIT 1   [ RunTime:0.0008s ]
SQL: SHOW COLUMNS FROM `la_goods_category` [ RunTime:0.0015s ]
SQL: SELECT * FROM `la_goods_category` WHERE `pid` = 0 ORDER BY sort DESC  [ RunTime:0.0008s ]
SQL: SELECT * FROM `la_goods_category` WHERE `pid` = 1 ORDER BY sort DESC  [ RunTime:0.0009s ]
SQL: SELECT * FROM `la_goods_category` WHERE `pid` = 17 ORDER BY sort DESC  [ RunTime:0.0022s ]
SQL: SELECT * FROM `la_goods_category` WHERE `pid` = 19 ORDER BY sort DESC  [ RunTime:0.0009s ]
SQL: SHOW COLUMNS FROM `la_goods` [ RunTime:0.0021s ]
SQL: SELECT `id`,`category_id`,`category_path`,`goods_image`,`goods_name` FROM `la_goods` WHERE `goods_main_id` = 0 AND `is_delete` = 0 ORDER BY is_top DESC, add_time DESC  LIMIT 9   [ RunTime:0.0030s ]
SQL: SHOW COLUMNS FROM `la_ad` [ RunTime:0.0016s ]
SQL: SHOW COLUMNS FROM `la_goods_images` [ RunTime:0.0013s ]
SQL: SELECT `id`,`image`,`url` FROM `la_ad` WHERE `group_id` = 2 ORDER BY  add_time DESC   [ RunTime:0.0007s ]
SQL: SELECT COUNT(*) AS tp_count FROM `la_ad` WHERE `group_id` = 2 LIMIT 1   [ RunTime:0.0005s ]
SQL: SELECT `id`,`category_id`,`category_path`,`goods_image`,`goods_name` FROM `la_goods` WHERE `goods_main_id` = 0 AND `is_delete` = 0 ORDER BY is_top DESC, add_time DESC  LIMIT 9   [ RunTime:0.0033s ]
SQL: SHOW COLUMNS FROM `la_article` [ RunTime:0.0021s ]
SQL: SELECT `id`,`tree_id`,`cat_id`,`image`,`summary`,`title`,`hits`,`add_time` FROM `la_article` ORDER BY is_top DESC, add_time DESC  LIMIT 6   [ RunTime:0.0012s ]

[ 2018-04-02T17:59:28+08:00 ] 192.168.47.1 /
SQL: SHOW COLUMNS FROM `la_config` [ RunTime:0.0015s ]
SQL: SELECT `config_sign`,`config_value` FROM `la_config`  [ RunTime:0.0008s ]
SQL: SHOW COLUMNS FROM `la_seo` [ RunTime:0.0015s ]
SQL: SELECT `tags`,`meta_description`,`meta_keyword` FROM `la_seo` WHERE `id_mark` = 'ch_index' LIMIT 1   [ RunTime:0.0008s ]
SQL: SHOW COLUMNS FROM `la_goods_category` [ RunTime:0.0015s ]
SQL: SELECT * FROM `la_goods_category` WHERE `pid` = 0 ORDER BY sort DESC  [ RunTime:0.0009s ]
SQL: SELECT * FROM `la_goods_category` WHERE `pid` = 1 ORDER BY sort DESC  [ RunTime:0.0009s ]
SQL: SELECT * FROM `la_goods_category` WHERE `pid` = 17 ORDER BY sort DESC  [ RunTime:0.0009s ]
SQL: SELECT * FROM `la_goods_category` WHERE `pid` = 19 ORDER BY sort DESC  [ RunTime:0.0013s ]
SQL: SHOW COLUMNS FROM `la_goods` [ RunTime:0.0020s ]
SQL: SELECT `id`,`category_id`,`category_path`,`goods_image`,`goods_name` FROM `la_goods` WHERE `goods_main_id` = 0 AND `is_delete` = 0 ORDER BY is_top DESC, add_time DESC  LIMIT 9   [ RunTime:0.0044s ]
SQL: SHOW COLUMNS FROM `la_ad` [ RunTime:0.0041s ]
SQL: SHOW COLUMNS FROM `la_goods_images` [ RunTime:0.0016s ]
SQL: SELECT `id`,`image`,`url` FROM `la_ad` WHERE `group_id` = 2 ORDER BY  add_time DESC   [ RunTime:0.0008s ]
SQL: SELECT COUNT(*) AS tp_count FROM `la_ad` WHERE `group_id` = 2 LIMIT 1   [ RunTime:0.0006s ]
SQL: SELECT `id`,`category_id`,`category_path`,`goods_image`,`goods_name` FROM `la_goods` WHERE `goods_main_id` = 0 AND `is_delete` = 0 ORDER BY is_top DESC, add_time DESC  LIMIT 9   [ RunTime:0.0024s ]
SQL: SHOW COLUMNS FROM `la_article` [ RunTime:0.0028s ]
SQL: SELECT `id`,`tree_id`,`cat_id`,`image`,`summary`,`title`,`hits`,`add_time` FROM `la_article` ORDER BY is_top DESC, add_time DESC  LIMIT 6   [ RunTime:0.0012s ]

[ 2018-04-02T18:02:53+08:00 ] 192.168.47.1 /
SQL: SHOW COLUMNS FROM `la_config` [ RunTime:0.0017s ]
SQL: SELECT `config_sign`,`config_value` FROM `la_config`  [ RunTime:0.0016s ]

[ 2018-04-02T18:02:54+08:00 ] 192.168.47.1 /
SQL: SHOW COLUMNS FROM `la_config` [ RunTime:0.0029s ]
SQL: SELECT `config_sign`,`config_value` FROM `la_config`  [ RunTime:0.0016s ]
SQL: SHOW COLUMNS FROM `la_seo` [ RunTime:0.0029s ]
SQL: SELECT `tags`,`meta_description`,`meta_keyword` FROM `la_seo` WHERE `id_mark` = 'ch_index' LIMIT 1   [ RunTime:0.0018s ]
SQL: SHOW COLUMNS FROM `la_goods_category` [ RunTime:0.0016s ]
SQL: SELECT * FROM `la_goods_category` WHERE `pid` = 0 ORDER BY sort DESC  [ RunTime:0.0008s ]
SQL: SELECT * FROM `la_goods_category` WHERE `pid` = 1 ORDER BY sort DESC  [ RunTime:0.0009s ]
SQL: SELECT * FROM `la_goods_category` WHERE `pid` = 17 ORDER BY sort DESC  [ RunTime:0.0010s ]
SQL: SELECT * FROM `la_goods_category` WHERE `pid` = 19 ORDER BY sort DESC  [ RunTime:0.0010s ]
SQL: SHOW COLUMNS FROM `la_goods` [ RunTime:0.0023s ]
SQL: SELECT `id`,`category_id`,`category_path`,`goods_image`,`goods_name` FROM `la_goods` WHERE `goods_main_id` = 0 AND `is_delete` = 0 ORDER BY is_top DESC, add_time DESC  LIMIT 9   [ RunTime:0.0031s ]
SQL: SHOW COLUMNS FROM `la_ad` [ RunTime:0.0017s ]
SQL: SHOW COLUMNS FROM `la_goods_images` [ RunTime:0.0014s ]
SQL: SELECT `id`,`image`,`url`,`content` FROM `la_ad` WHERE `group_id` = 2 ORDER BY  add_time DESC   [ RunTime:0.0008s ]
SQL: SELECT COUNT(*) AS tp_count FROM `la_ad` WHERE `group_id` = 2 LIMIT 1   [ RunTime:0.0005s ]
SQL: SELECT `content` FROM `la_ad` WHERE `group_id` = 4 LIMIT 1   [ RunTime:0.0005s ]
SQL: SELECT `id`,`category_id`,`category_path`,`goods_image`,`goods_name` FROM `la_goods` WHERE `goods_main_id` = 0 AND `is_delete` = 0 ORDER BY is_top DESC, add_time DESC  LIMIT 9   [ RunTime:0.0026s ]
SQL: SHOW COLUMNS FROM `la_article` [ RunTime:0.0018s ]
SQL: SELECT `id`,`tree_id`,`cat_id`,`image`,`summary`,`title`,`hits`,`add_time` FROM `la_article` ORDER BY is_top DESC, add_time DESC  LIMIT 6   [ RunTime:0.0012s ]

[ 2018-04-02T18:03:43+08:00 ] 192.168.47.1 /
SQL: SHOW COLUMNS FROM `la_config` [ RunTime:0.0014s ]
SQL: SELECT `config_sign`,`config_value` FROM `la_config`  [ RunTime:0.0007s ]
SQL: SHOW COLUMNS FROM `la_seo` [ RunTime:0.0014s ]
SQL: SELECT `tags`,`meta_description`,`meta_keyword` FROM `la_seo` WHERE `id_mark` = 'ch_index' LIMIT 1   [ RunTime:0.0008s ]
SQL: SHOW COLUMNS FROM `la_goods_category` [ RunTime:0.0018s ]
SQL: SELECT * FROM `la_goods_category` WHERE `pid` = 0 ORDER BY sort DESC  [ RunTime:0.0010s ]
SQL: SELECT * FROM `la_goods_category` WHERE `pid` = 1 ORDER BY sort DESC  [ RunTime:0.0009s ]
SQL: SELECT * FROM `la_goods_category` WHERE `pid` = 17 ORDER BY sort DESC  [ RunTime:0.0027s ]
SQL: SELECT * FROM `la_goods_category` WHERE `pid` = 19 ORDER BY sort DESC  [ RunTime:0.0009s ]
SQL: SHOW COLUMNS FROM `la_goods` [ RunTime:0.0020s ]
SQL: SELECT `id`,`category_id`,`category_path`,`goods_image`,`goods_name` FROM `la_goods` WHERE `goods_main_id` = 0 AND `is_delete` = 0 ORDER BY is_top DESC, add_time DESC  LIMIT 9   [ RunTime:0.0027s ]
SQL: SHOW COLUMNS FROM `la_ad` [ RunTime:0.0014s ]
SQL: SHOW COLUMNS FROM `la_goods_images` [ RunTime:0.0017s ]
SQL: SELECT `id`,`image`,`url`,`content` FROM `la_ad` WHERE `group_id` = 2 ORDER BY  add_time DESC   [ RunTime:0.0007s ]
SQL: SELECT COUNT(*) AS tp_count FROM `la_ad` WHERE `group_id` = 2 LIMIT 1   [ RunTime:0.0004s ]
SQL: SELECT `content` FROM `la_ad` WHERE `group_id` = 4 LIMIT 1   [ RunTime:0.0005s ]
SQL: SELECT `id`,`category_id`,`category_path`,`goods_image`,`goods_name` FROM `la_goods` WHERE `goods_main_id` = 0 AND `is_delete` = 0 ORDER BY is_top DESC, add_time DESC  LIMIT 9   [ RunTime:0.0033s ]
SQL: SHOW COLUMNS FROM `la_article` [ RunTime:0.0016s ]
SQL: SELECT `id`,`tree_id`,`cat_id`,`image`,`summary`,`title`,`hits`,`add_time` FROM `la_article` ORDER BY is_top DESC, add_time DESC  LIMIT 6   [ RunTime:0.0010s ]

[ 2018-04-02T18:08:45+08:00 ] 192.168.47.1 /
SQL: SHOW COLUMNS FROM `la_config` [ RunTime:0.0014s ]
SQL: SELECT `config_sign`,`config_value` FROM `la_config`  [ RunTime:0.0023s ]

[ 2018-04-02T18:08:46+08:00 ] 192.168.47.1 /
SQL: SHOW COLUMNS FROM `la_config` [ RunTime:0.0017s ]
SQL: SELECT `config_sign`,`config_value` FROM `la_config`  [ RunTime:0.0008s ]
SQL: SHOW COLUMNS FROM `la_seo` [ RunTime:0.0019s ]
SQL: SELECT `tags`,`meta_description`,`meta_keyword` FROM `la_seo` WHERE `id_mark` = 'ch_index' LIMIT 1   [ RunTime:0.0021s ]
SQL: SHOW COLUMNS FROM `la_goods_category` [ RunTime:0.0020s ]
SQL: SELECT * FROM `la_goods_category` WHERE `pid` = 0 ORDER BY sort DESC  [ RunTime:0.0009s ]
SQL: SELECT * FROM `la_goods_category` WHERE `pid` = 1 ORDER BY sort DESC  [ RunTime:0.0027s ]
SQL: SELECT * FROM `la_goods_category` WHERE `pid` = 17 ORDER BY sort DESC  [ RunTime:0.0016s ]
SQL: SELECT * FROM `la_goods_category` WHERE `pid` = 19 ORDER BY sort DESC  [ RunTime:0.0014s ]
SQL: SHOW COLUMNS FROM `la_goods` [ RunTime:0.0023s ]
SQL: SELECT `id`,`category_id`,`category_path`,`goods_image`,`goods_name` FROM `la_goods` WHERE `goods_main_id` = 0 AND `is_delete` = 0 ORDER BY is_top DESC, add_time DESC  LIMIT 9   [ RunTime:0.0049s ]
SQL: SHOW COLUMNS FROM `la_ad` [ RunTime:0.0053s ]
SQL: SHOW COLUMNS FROM `la_goods_images` [ RunTime:0.0026s ]
SQL: SELECT `id`,`image`,`url`,`content` FROM `la_ad` WHERE `group_id` = 2 ORDER BY  add_time DESC   [ RunTime:0.0008s ]
SQL: SELECT COUNT(*) AS tp_count FROM `la_ad` WHERE `group_id` = 2 LIMIT 1   [ RunTime:0.0007s ]
SQL: SELECT `content` FROM `la_ad` WHERE `group_id` = 4 LIMIT 1   [ RunTime:0.0009s ]
SQL: SELECT `id`,`category_id`,`category_path`,`goods_image`,`goods_name` FROM `la_goods` WHERE `goods_main_id` = 0 AND `is_delete` = 0 ORDER BY is_top DESC, add_time DESC  LIMIT 9   [ RunTime:0.0031s ]
SQL: SHOW COLUMNS FROM `la_article` [ RunTime:0.0036s ]
SQL: SELECT `id`,`tree_id`,`cat_id`,`image`,`summary`,`title`,`hits`,`add_time` FROM `la_article` ORDER BY is_top DESC, add_time DESC  LIMIT 6   [ RunTime:0.0014s ]

[ 2018-04-02T18:44:55+08:00 ] 192.168.47.1 /
SQL: SHOW COLUMNS FROM `la_config` [ RunTime:0.0045s ]
SQL: SELECT `config_sign`,`config_value` FROM `la_config`  [ RunTime:0.0018s ]

[ 2018-04-02T18:44:56+08:00 ] 192.168.47.1 /
SQL: SHOW COLUMNS FROM `la_config` [ RunTime:0.0011s ]
SQL: SELECT `config_sign`,`config_value` FROM `la_config`  [ RunTime:0.0006s ]
SQL: SHOW COLUMNS FROM `la_seo` [ RunTime:0.0013s ]
SQL: SELECT `tags`,`meta_description`,`meta_keyword` FROM `la_seo` WHERE `id_mark` = 'ch_index' LIMIT 1   [ RunTime:0.0013s ]
SQL: SHOW COLUMNS FROM `la_goods_category` [ RunTime:0.0021s ]
SQL: SELECT * FROM `la_goods_category` WHERE `pid` = 0 ORDER BY sort DESC  [ RunTime:0.0012s ]
SQL: SELECT * FROM `la_goods_category` WHERE `pid` = 1 ORDER BY sort DESC  [ RunTime:0.0019s ]
SQL: SELECT * FROM `la_goods_category` WHERE `pid` = 17 ORDER BY sort DESC  [ RunTime:0.0015s ]
SQL: SELECT * FROM `la_goods_category` WHERE `pid` = 19 ORDER BY sort DESC  [ RunTime:0.0012s ]
SQL: SHOW COLUMNS FROM `la_goods` [ RunTime:0.0076s ]
SQL: SELECT `id`,`category_id`,`category_path`,`goods_image`,`goods_name` FROM `la_goods` WHERE `goods_main_id` = 0 AND `is_delete` = 0 ORDER BY is_top DESC, add_time DESC  LIMIT 9   [ RunTime:0.0038s ]
SQL: SHOW COLUMNS FROM `la_ad` [ RunTime:0.0033s ]
SQL: SHOW COLUMNS FROM `la_goods_images` [ RunTime:0.0030s ]
SQL: SELECT `id`,`image`,`url`,`content` FROM `la_ad` WHERE `group_id` = 2 ORDER BY  add_time DESC   [ RunTime:0.0014s ]
SQL: SELECT COUNT(*) AS tp_count FROM `la_ad` WHERE `group_id` = 2 LIMIT 1   [ RunTime:0.0010s ]
SQL: SELECT `content` FROM `la_ad` WHERE `group_id` = 4 LIMIT 1   [ RunTime:0.0010s ]
SQL: SELECT `id`,`category_id`,`category_path`,`goods_image`,`goods_name` FROM `la_goods` WHERE `goods_main_id` = 0 AND `is_delete` = 0 ORDER BY is_top DESC, add_time DESC  LIMIT 9   [ RunTime:0.0040s ]
SQL: SHOW COLUMNS FROM `la_article` [ RunTime:0.0034s ]
SQL: SELECT `id`,`tree_id`,`cat_id`,`image`,`summary`,`title`,`hits`,`add_time` FROM `la_article` ORDER BY is_top DESC, add_time DESC  LIMIT 6   [ RunTime:0.0047s ]

[ 2018-04-02T18:46:41+08:00 ] 192.168.47.1 /
SQL: SHOW COLUMNS FROM `la_config` [ RunTime:0.0014s ]
SQL: SELECT `config_sign`,`config_value` FROM `la_config`  [ RunTime:0.0007s ]
SQL: SHOW COLUMNS FROM `la_seo` [ RunTime:0.0015s ]
SQL: SELECT `tags`,`meta_description`,`meta_keyword` FROM `la_seo` WHERE `id_mark` = 'ch_index' LIMIT 1   [ RunTime:0.0007s ]
SQL: SHOW COLUMNS FROM `la_goods_category` [ RunTime:0.0015s ]
SQL: SELECT * FROM `la_goods_category` WHERE `pid` = 0 ORDER BY sort DESC  [ RunTime:0.0008s ]
SQL: SELECT * FROM `la_goods_category` WHERE `pid` = 1 ORDER BY sort DESC  [ RunTime:0.0015s ]
SQL: SELECT * FROM `la_goods_category` WHERE `pid` = 17 ORDER BY sort DESC  [ RunTime:0.0008s ]
SQL: SELECT * FROM `la_goods_category` WHERE `pid` = 19 ORDER BY sort DESC  [ RunTime:0.0007s ]
SQL: SHOW COLUMNS FROM `la_goods` [ RunTime:0.0021s ]
SQL: SELECT `id`,`category_id`,`category_path`,`goods_image`,`goods_name` FROM `la_goods` WHERE `goods_main_id` = 0 AND `is_delete` = 0 ORDER BY is_top DESC, add_time DESC  LIMIT 9   [ RunTime:0.0027s ]
SQL: SHOW COLUMNS FROM `la_ad` [ RunTime:0.0013s ]
SQL: SHOW COLUMNS FROM `la_goods_images` [ RunTime:0.0010s ]
SQL: SELECT `id`,`image`,`url`,`content` FROM `la_ad` WHERE `group_id` = 2 ORDER BY  add_time DESC   [ RunTime:0.0009s ]
SQL: SELECT COUNT(*) AS tp_count FROM `la_ad` WHERE `group_id` = 2 LIMIT 1   [ RunTime:0.0006s ]
SQL: SELECT `content` FROM `la_ad` WHERE `group_id` = 4 LIMIT 1   [ RunTime:0.0006s ]
SQL: SELECT `id`,`category_id`,`category_path`,`goods_image`,`goods_name` FROM `la_goods` WHERE `goods_main_id` = 0 AND `is_delete` = 0 ORDER BY is_top DESC, add_time DESC  LIMIT 9   [ RunTime:0.0030s ]
SQL: SHOW COLUMNS FROM `la_article` [ RunTime:0.0027s ]
SQL: SELECT `id`,`tree_id`,`cat_id`,`image`,`summary`,`title`,`hits`,`add_time` FROM `la_article` ORDER BY is_top DESC, add_time DESC  LIMIT 6   [ RunTime:0.0016s ]

