[ 2018-03-19T09:47:31+08:00 ] 192.168.47.1 /
SQL: SHOW COLUMNS FROM `la_config` [ RunTime:0.0381s ]
SQL: SELECT `config_sign`,`config_value` FROM `la_config`  [ RunTime:0.0008s ]
SQL: SHOW COLUMNS FROM `la_seo` [ RunTime:0.0174s ]
SQL: SELECT `tags`,`meta_description`,`meta_keyword` FROM `la_seo` WHERE `id_mark` = 'ch_index' LIMIT 1   [ RunTime:0.0008s ]
SQL: SHOW COLUMNS FROM `la_goods_category` [ RunTime:0.0380s ]
SQL: SELECT * FROM `la_goods_category` WHERE `pid` = 1  [ RunTime:0.0011s ]
SQL: SHOW COLUMNS FROM `la_goods` [ RunTime:0.0572s ]
SQL: SELECT `id`,`category_id`,`category_path`,`goods_image`,`goods_name` FROM `la_goods` WHERE `goods_main_id` = 0 AND `is_delete` = 0 ORDER BY  add_time DESC  LIMIT 9   [ RunTime:0.0211s ]
SQL: SHOW COLUMNS FROM `la_ad` [ RunTime:0.0465s ]
SQL: SHOW COLUMNS FROM `la_goods_images` [ RunTime:0.0312s ]
SQL: SELECT `id`,`image`,`url` FROM `la_ad` WHERE `group_id` = 2 ORDER BY  add_time DESC   [ RunTime:0.0012s ]
SQL: SELECT COUNT(*) AS tp_count FROM `la_ad` WHERE `group_id` = 2 LIMIT 1   [ RunTime:0.0016s ]
SQL: SELECT `id`,`category_id`,`category_path`,`goods_image`,`goods_name` FROM `la_goods` WHERE `goods_main_id` = 0 AND `is_delete` = 0 ORDER BY  add_time DESC  LIMIT 9   [ RunTime:0.0029s ]
SQL: SHOW COLUMNS FROM `la_category` [ RunTime:0.0123s ]
SQL: SHOW COLUMNS FROM `la_product` [ RunTime:0.0487s ]
SQL: SHOW COLUMNS FROM `la_product_attr` [ RunTime:0.0420s ]
SQL: SELECT `id`,`limit`,`sort`,`root_id` FROM `la_category` WHERE `module_id` = 2 LIMIT 1   [ RunTime:0.0007s ]
SQL: SELECT `id`,`tree_id`,`cat_id`,`product_sn`,`product_name`,`oprice`,`bprice`,`thumb_files`,`upload_files`,`add_time`,`update_time`,`hits` FROM `la_product` ORDER BY  add_time DESC  LIMIT 6   [ RunTime:0.0016s ]
SQL: SHOW COLUMNS FROM `la_article` [ RunTime:0.0365s ]
SQL: SELECT `id`,`tree_id`,`cat_id`,`image`,`summary`,`title`,`hits`,`add_time` FROM `la_article` ORDER BY  add_time DESC  LIMIT 6   [ RunTime:0.0012s ]

[ 2018-03-19T10:37:58+08:00 ] 192.168.47.1 /
SQL: SHOW COLUMNS FROM `la_config` [ RunTime:0.0013s ]
SQL: SELECT `config_sign`,`config_value` FROM `la_config`  [ RunTime:0.0008s ]
SQL: SHOW COLUMNS FROM `la_seo` [ RunTime:0.0013s ]
SQL: SELECT `tags`,`meta_description`,`meta_keyword` FROM `la_seo` WHERE `id_mark` = 'ch_index' LIMIT 1   [ RunTime:0.0008s ]
SQL: SHOW COLUMNS FROM `la_goods_category` [ RunTime:0.0016s ]
SQL: SELECT * FROM `la_goods_category` WHERE `pid` = 1  [ RunTime:0.0011s ]
SQL: SHOW COLUMNS FROM `la_goods` [ RunTime:0.0020s ]
SQL: SELECT `id`,`category_id`,`category_path`,`goods_image`,`goods_name` FROM `la_goods` WHERE `goods_main_id` = 0 AND `is_delete` = 0 ORDER BY  add_time DESC  LIMIT 9   [ RunTime:0.0060s ]
SQL: SHOW COLUMNS FROM `la_ad` [ RunTime:0.0024s ]
SQL: SHOW COLUMNS FROM `la_goods_images` [ RunTime:0.0011s ]
SQL: SELECT `id`,`image`,`url` FROM `la_ad` WHERE `group_id` = 2 ORDER BY  add_time DESC   [ RunTime:0.0015s ]
SQL: SELECT COUNT(*) AS tp_count FROM `la_ad` WHERE `group_id` = 2 LIMIT 1   [ RunTime:0.0007s ]
SQL: SELECT `id`,`category_id`,`category_path`,`goods_image`,`goods_name` FROM `la_goods` WHERE `goods_main_id` = 0 AND `is_delete` = 0 ORDER BY  add_time DESC  LIMIT 9   [ RunTime:0.0023s ]
SQL: SHOW COLUMNS FROM `la_article` [ RunTime:0.0017s ]
SQL: SELECT `id`,`tree_id`,`cat_id`,`image`,`summary`,`title`,`hits`,`add_time` FROM `la_article` ORDER BY  add_time DESC  LIMIT 6   [ RunTime:0.0011s ]

[ 2018-03-19T11:43:27+08:00 ] 192.168.47.1 /
SQL: SHOW COLUMNS FROM `la_config` [ RunTime:0.0018s ]
SQL: SELECT `config_sign`,`config_value` FROM `la_config`  [ RunTime:0.0009s ]
SQL: SHOW COLUMNS FROM `la_seo` [ RunTime:0.0014s ]
SQL: SELECT `tags`,`meta_description`,`meta_keyword` FROM `la_seo` WHERE `id_mark` = 'ch_index' LIMIT 1   [ RunTime:0.0009s ]
SQL: SHOW COLUMNS FROM `la_goods_category` [ RunTime:0.0014s ]
SQL: SELECT * FROM `la_goods_category` WHERE `pid` = 1  [ RunTime:0.0009s ]
SQL: SHOW COLUMNS FROM `la_goods` [ RunTime:0.0019s ]
SQL: SELECT `id`,`category_id`,`category_path`,`goods_image`,`goods_name` FROM `la_goods` WHERE `goods_main_id` = 0 AND `is_delete` = 0 ORDER BY  add_time DESC  LIMIT 9   [ RunTime:0.0067s ]
SQL: SHOW COLUMNS FROM `la_ad` [ RunTime:0.0015s ]
SQL: SHOW COLUMNS FROM `la_goods_images` [ RunTime:0.0011s ]
SQL: SELECT `id`,`image`,`url` FROM `la_ad` WHERE `group_id` = 2 ORDER BY  add_time DESC   [ RunTime:0.0009s ]
SQL: SELECT COUNT(*) AS tp_count FROM `la_ad` WHERE `group_id` = 2 LIMIT 1   [ RunTime:0.0006s ]
SQL: SELECT `id`,`category_id`,`category_path`,`goods_image`,`goods_name` FROM `la_goods` WHERE `goods_main_id` = 0 AND `is_delete` = 0 ORDER BY  add_time DESC  LIMIT 9   [ RunTime:0.0023s ]
SQL: SHOW COLUMNS FROM `la_article` [ RunTime:0.0015s ]
SQL: SELECT `id`,`tree_id`,`cat_id`,`image`,`summary`,`title`,`hits`,`add_time` FROM `la_article` ORDER BY  add_time DESC  LIMIT 6   [ RunTime:0.0280s ]

[ 2018-03-19T14:43:03+08:00 ] 192.168.47.1 /
SQL: SHOW COLUMNS FROM `la_config` [ RunTime:0.0028s ]
SQL: SELECT `config_sign`,`config_value` FROM `la_config`  [ RunTime:0.0016s ]
SQL: SHOW COLUMNS FROM `la_seo` [ RunTime:0.0040s ]
SQL: SELECT `tags`,`meta_description`,`meta_keyword` FROM `la_seo` WHERE `id_mark` = 'ch_index' LIMIT 1   [ RunTime:0.0017s ]
SQL: SHOW COLUMNS FROM `la_goods_category` [ RunTime:0.0023s ]
SQL: SELECT * FROM `la_goods_category` WHERE `pid` = 1  [ RunTime:0.0014s ]
SQL: SHOW COLUMNS FROM `la_goods` [ RunTime:0.0042s ]
SQL: SELECT `id`,`category_id`,`category_path`,`goods_image`,`goods_name` FROM `la_goods` WHERE `goods_main_id` = 0 AND `is_delete` = 0 ORDER BY  add_time DESC  LIMIT 9   [ RunTime:0.0057s ]
SQL: SHOW COLUMNS FROM `la_ad` [ RunTime:0.0014s ]
SQL: SHOW COLUMNS FROM `la_goods_images` [ RunTime:0.0009s ]
SQL: SELECT `id`,`image`,`url` FROM `la_ad` WHERE `group_id` = 2 ORDER BY  add_time DESC   [ RunTime:0.0007s ]
SQL: SELECT COUNT(*) AS tp_count FROM `la_ad` WHERE `group_id` = 2 LIMIT 1   [ RunTime:0.0005s ]
SQL: SELECT `id`,`category_id`,`category_path`,`goods_image`,`goods_name` FROM `la_goods` WHERE `goods_main_id` = 0 AND `is_delete` = 0 ORDER BY  add_time DESC  LIMIT 9   [ RunTime:0.0019s ]
SQL: SHOW COLUMNS FROM `la_article` [ RunTime:0.0018s ]
SQL: SELECT `id`,`tree_id`,`cat_id`,`image`,`summary`,`title`,`hits`,`add_time` FROM `la_article` ORDER BY  add_time DESC  LIMIT 6   [ RunTime:0.0014s ]

[ 2018-03-19T14:43:44+08:00 ] 192.168.47.1 /About/aboutUs
SQL: SHOW COLUMNS FROM `la_config` [ RunTime:0.0020s ]
SQL: SELECT `config_sign`,`config_value` FROM `la_config`  [ RunTime:0.0008s ]
SQL: SHOW COLUMNS FROM `la_goods_category` [ RunTime:0.0014s ]
SQL: SELECT * FROM `la_goods_category` WHERE `pid` = 1  [ RunTime:0.0008s ]
SQL: SHOW COLUMNS FROM `la_about` [ RunTime:0.0283s ]
SQL: SELECT * FROM `la_about` WHERE `tree_id` = 61 AND `cat_id` = 61 LIMIT 1   [ RunTime:0.0007s ]
SQL: SELECT * FROM `la_about` WHERE `tree_id` = 61 AND `cat_id` = 62 LIMIT 1   [ RunTime:0.0010s ]
SQL: SELECT * FROM `la_about` WHERE `tree_id` = 61 AND `cat_id` = 71 LIMIT 1   [ RunTime:0.0007s ]

[ 2018-03-19T14:44:35+08:00 ] 192.168.47.1 /About/aboutUs
SQL: SHOW COLUMNS FROM `la_config` [ RunTime:0.0014s ]
SQL: SELECT `config_sign`,`config_value` FROM `la_config`  [ RunTime:0.0006s ]
SQL: SHOW COLUMNS FROM `la_goods_category` [ RunTime:0.0019s ]
SQL: SELECT * FROM `la_goods_category` WHERE `pid` = 1  [ RunTime:0.0013s ]
SQL: SHOW COLUMNS FROM `la_about` [ RunTime:0.0014s ]
SQL: SELECT * FROM `la_about` WHERE `tree_id` = 61 AND `cat_id` = 61 LIMIT 1   [ RunTime:0.0008s ]
SQL: SELECT * FROM `la_about` WHERE `tree_id` = 61 AND `cat_id` = 62 LIMIT 1   [ RunTime:0.0011s ]
SQL: SELECT * FROM `la_about` WHERE `tree_id` = 61 AND `cat_id` = 71 LIMIT 1   [ RunTime:0.0008s ]

[ 2018-03-19T14:49:38+08:00 ] 192.168.47.1 /
SQL: SHOW COLUMNS FROM `la_config` [ RunTime:0.0019s ]
SQL: SELECT `config_sign`,`config_value` FROM `la_config`  [ RunTime:0.0012s ]

[ 2018-03-19T14:49:39+08:00 ] 192.168.47.1 /
SQL: SHOW COLUMNS FROM `la_config` [ RunTime:0.0015s ]
SQL: SELECT `config_sign`,`config_value` FROM `la_config`  [ RunTime:0.0009s ]
SQL: SHOW COLUMNS FROM `la_seo` [ RunTime:0.0019s ]
SQL: SELECT `tags`,`meta_description`,`meta_keyword` FROM `la_seo` WHERE `id_mark` = 'ch_index' LIMIT 1   [ RunTime:0.0012s ]
SQL: SHOW COLUMNS FROM `la_goods_category` [ RunTime:0.0015s ]
SQL: SELECT * FROM `la_goods_category` WHERE `pid` = 1  [ RunTime:0.0019s ]
SQL: SHOW COLUMNS FROM `la_goods` [ RunTime:0.0022s ]
SQL: SELECT `id`,`category_id`,`category_path`,`goods_image`,`goods_name` FROM `la_goods` WHERE `goods_main_id` = 0 AND `is_delete` = 0 ORDER BY  add_time DESC  LIMIT 9   [ RunTime:0.0057s ]
SQL: SHOW COLUMNS FROM `la_ad` [ RunTime:0.0014s ]
SQL: SHOW COLUMNS FROM `la_goods_images` [ RunTime:0.0012s ]
SQL: SELECT `id`,`image`,`url` FROM `la_ad` WHERE `group_id` = 2 ORDER BY  add_time DESC   [ RunTime:0.0008s ]
SQL: SELECT COUNT(*) AS tp_count FROM `la_ad` WHERE `group_id` = 2 LIMIT 1   [ RunTime:0.0005s ]
SQL: SELECT `id`,`category_id`,`category_path`,`goods_image`,`goods_name` FROM `la_goods` WHERE `goods_main_id` = 0 AND `is_delete` = 0 ORDER BY  add_time DESC  LIMIT 9   [ RunTime:0.0028s ]
SQL: SHOW COLUMNS FROM `la_article` [ RunTime:0.0033s ]
SQL: SELECT `id`,`tree_id`,`cat_id`,`image`,`summary`,`title`,`hits`,`add_time` FROM `la_article` ORDER BY  add_time DESC  LIMIT 6   [ RunTime:0.0018s ]

[ 2018-03-19T14:49:43+08:00 ] 192.168.47.1 /Article/articleDetail/id/23.html
SQL: SHOW COLUMNS FROM `la_config` [ RunTime:0.0014s ]
SQL: SELECT `config_sign`,`config_value` FROM `la_config`  [ RunTime:0.0007s ]
SQL: SHOW COLUMNS FROM `la_article` [ RunTime:0.0020s ]
SQL: UPDATE `la_article` SET `hits`=hits+1 WHERE `id` = 23 [ RunTime:0.1149s ]
SQL: SELECT * FROM `la_article` WHERE `id` = 23 LIMIT 1   [ RunTime:0.0014s ]
SQL: SELECT `id`,`title` FROM `la_article` WHERE (  id < 23  ) ORDER BY  id DESC  LIMIT 1   [ RunTime:0.0011s ]
SQL: SELECT `id`,`title` FROM `la_article` WHERE (  id > 23  ) ORDER BY  id ASC  LIMIT 1   [ RunTime:0.0006s ]
SQL: SHOW COLUMNS FROM `la_category` [ RunTime:0.0019s ]
SQL: SELECT `id`,`root_id`,`cat_path`,`tags`,`meta_description`,`meta_keyword` FROM `la_category` WHERE `id` = 2 LIMIT 1   [ RunTime:0.0010s ]
SQL: SHOW COLUMNS FROM `la_goods_category` [ RunTime:0.0014s ]
SQL: SELECT * FROM `la_goods_category` WHERE `pid` = 1  [ RunTime:0.0008s ]

[ 2018-03-19T15:08:23+08:00 ] 192.168.47.1 /
SQL: SHOW COLUMNS FROM `la_config` [ RunTime:0.0028s ]
SQL: SELECT `config_sign`,`config_value` FROM `la_config`  [ RunTime:0.0015s ]

[ 2018-03-19T15:08:28+08:00 ] 192.168.47.1 /
SQL: SHOW COLUMNS FROM `la_config` [ RunTime:0.0015s ]
SQL: SELECT `config_sign`,`config_value` FROM `la_config`  [ RunTime:0.0007s ]
SQL: SHOW COLUMNS FROM `la_seo` [ RunTime:0.0015s ]
SQL: SELECT `tags`,`meta_description`,`meta_keyword` FROM `la_seo` WHERE `id_mark` = 'ch_index' LIMIT 1   [ RunTime:0.0031s ]
SQL: SHOW COLUMNS FROM `la_goods_category` [ RunTime:0.0016s ]
SQL: SELECT * FROM `la_goods_category` WHERE `pid` = 1  [ RunTime:0.0029s ]
SQL: SHOW COLUMNS FROM `la_goods` [ RunTime:0.0023s ]
SQL: SELECT `id`,`category_id`,`category_path`,`goods_image`,`goods_name` FROM `la_goods` WHERE `goods_main_id` = 0 AND `is_delete` = 0 ORDER BY  add_time DESC  LIMIT 9   [ RunTime:0.0059s ]
SQL: SHOW COLUMNS FROM `la_ad` [ RunTime:0.0014s ]
SQL: SHOW COLUMNS FROM `la_goods_images` [ RunTime:0.0037s ]
SQL: SELECT `id`,`image`,`url` FROM `la_ad` WHERE `group_id` = 2 ORDER BY  add_time DESC   [ RunTime:0.0022s ]
SQL: SELECT COUNT(*) AS tp_count FROM `la_ad` WHERE `group_id` = 2 LIMIT 1   [ RunTime:0.0006s ]
SQL: SELECT `id`,`category_id`,`category_path`,`goods_image`,`goods_name` FROM `la_goods` WHERE `goods_main_id` = 0 AND `is_delete` = 0 ORDER BY  add_time DESC  LIMIT 9   [ RunTime:0.0029s ]
SQL: SHOW COLUMNS FROM `la_article` [ RunTime:0.0016s ]
SQL: SELECT `id`,`tree_id`,`cat_id`,`image`,`summary`,`title`,`hits`,`add_time` FROM `la_article` ORDER BY  add_time DESC  LIMIT 6   [ RunTime:0.0012s ]

[ 2018-03-19T15:13:02+08:00 ] 192.168.47.1 /Product/product
SQL: SHOW COLUMNS FROM `la_config` [ RunTime:0.0013s ]
SQL: SELECT `config_sign`,`config_value` FROM `la_config`  [ RunTime:0.0006s ]
SQL: SHOW COLUMNS FROM `la_seo` [ RunTime:0.0012s ]
SQL: SELECT `tags`,`meta_description`,`meta_keyword` FROM `la_seo` WHERE `id_mark` = 'ch_product_index' LIMIT 1   [ RunTime:0.0006s ]
SQL: SHOW COLUMNS FROM `la_goods_category` [ RunTime:0.0016s ]
SQL: SELECT * FROM `la_goods_category` WHERE `pid` = 1  [ RunTime:0.0009s ]
SQL: SHOW COLUMNS FROM `la_goods` [ RunTime:0.0019s ]
SQL: SELECT `id`,`category_id`,`category_path`,`goods_image`,`goods_name` FROM `la_goods` WHERE `goods_main_id` = 0 AND `is_delete` = 0 ORDER BY add_time DESC LIMIT 0,10   [ RunTime:0.0032s ]

[ 2018-03-19T15:16:47+08:00 ] 192.168.47.1 /About/aboutUs
SQL: SHOW COLUMNS FROM `la_config` [ RunTime:0.0013s ]
SQL: SELECT `config_sign`,`config_value` FROM `la_config`  [ RunTime:0.0006s ]
SQL: SHOW COLUMNS FROM `la_goods_category` [ RunTime:0.0015s ]
SQL: SELECT * FROM `la_goods_category` WHERE `pid` = 1  [ RunTime:0.0008s ]
SQL: SHOW COLUMNS FROM `la_about` [ RunTime:0.0016s ]
SQL: SELECT * FROM `la_about` WHERE `tree_id` = 61 AND `cat_id` = 61 LIMIT 1   [ RunTime:0.0011s ]
SQL: SELECT * FROM `la_about` WHERE `tree_id` = 61 AND `cat_id` = 62 LIMIT 1   [ RunTime:0.0010s ]
SQL: SELECT * FROM `la_about` WHERE `tree_id` = 61 AND `cat_id` = 71 LIMIT 1   [ RunTime:0.0007s ]

[ 2018-03-19T15:24:23+08:00 ] 192.168.47.1 /
SQL: SHOW COLUMNS FROM `la_config` [ RunTime:0.0014s ]
SQL: SELECT `config_sign`,`config_value` FROM `la_config`  [ RunTime:0.0008s ]
SQL: SHOW COLUMNS FROM `la_seo` [ RunTime:0.0013s ]
SQL: SELECT `tags`,`meta_description`,`meta_keyword` FROM `la_seo` WHERE `id_mark` = 'ch_index' LIMIT 1   [ RunTime:0.0008s ]
SQL: SHOW COLUMNS FROM `la_goods_category` [ RunTime:0.0014s ]
SQL: SELECT * FROM `la_goods_category` WHERE `pid` = 1  [ RunTime:0.0009s ]
SQL: SHOW COLUMNS FROM `la_goods` [ RunTime:0.0032s ]
SQL: SELECT `id`,`category_id`,`category_path`,`goods_image`,`goods_name` FROM `la_goods` WHERE `goods_main_id` = 0 AND `is_delete` = 0 ORDER BY  add_time DESC  LIMIT 9   [ RunTime:0.0058s ]
SQL: SHOW COLUMNS FROM `la_ad` [ RunTime:0.0013s ]
SQL: SHOW COLUMNS FROM `la_goods_images` [ RunTime:0.0010s ]
SQL: SELECT `id`,`image`,`url` FROM `la_ad` WHERE `group_id` = 2 ORDER BY  add_time DESC   [ RunTime:0.0007s ]
SQL: SELECT COUNT(*) AS tp_count FROM `la_ad` WHERE `group_id` = 2 LIMIT 1   [ RunTime:0.0004s ]
SQL: SELECT `id`,`category_id`,`category_path`,`goods_image`,`goods_name` FROM `la_goods` WHERE `goods_main_id` = 0 AND `is_delete` = 0 ORDER BY  add_time DESC  LIMIT 9   [ RunTime:0.0024s ]
SQL: SHOW COLUMNS FROM `la_article` [ RunTime:0.0017s ]
SQL: SELECT `id`,`tree_id`,`cat_id`,`image`,`summary`,`title`,`hits`,`add_time` FROM `la_article` ORDER BY  add_time DESC  LIMIT 6   [ RunTime:0.0031s ]

[ 2018-03-19T15:25:06+08:00 ] 192.168.47.1 /About/aboutUs
SQL: SHOW COLUMNS FROM `la_config` [ RunTime:0.0013s ]
SQL: SELECT `config_sign`,`config_value` FROM `la_config`  [ RunTime:0.0007s ]
SQL: SHOW COLUMNS FROM `la_goods_category` [ RunTime:0.0015s ]
SQL: SELECT * FROM `la_goods_category` WHERE `pid` = 1  [ RunTime:0.0014s ]
SQL: SHOW COLUMNS FROM `la_about` [ RunTime:0.0016s ]
SQL: SELECT * FROM `la_about` WHERE `tree_id` = 61 AND `cat_id` = 61 LIMIT 1   [ RunTime:0.0011s ]
SQL: SELECT * FROM `la_about` WHERE `tree_id` = 61 AND `cat_id` = 62 LIMIT 1   [ RunTime:0.0011s ]
SQL: SELECT * FROM `la_about` WHERE `tree_id` = 61 AND `cat_id` = 71 LIMIT 1   [ RunTime:0.0008s ]

[ 2018-03-19T15:25:10+08:00 ] 192.168.47.1 /About/aboutUs
SQL: SHOW COLUMNS FROM `la_config` [ RunTime:0.0013s ]
SQL: SELECT `config_sign`,`config_value` FROM `la_config`  [ RunTime:0.0007s ]
SQL: SHOW COLUMNS FROM `la_goods_category` [ RunTime:0.0016s ]
SQL: SELECT * FROM `la_goods_category` WHERE `pid` = 1  [ RunTime:0.0009s ]
SQL: SHOW COLUMNS FROM `la_about` [ RunTime:0.0025s ]
SQL: SELECT * FROM `la_about` WHERE `tree_id` = 61 AND `cat_id` = 61 LIMIT 1   [ RunTime:0.0012s ]
SQL: SELECT * FROM `la_about` WHERE `tree_id` = 61 AND `cat_id` = 62 LIMIT 1   [ RunTime:0.0014s ]
SQL: SELECT * FROM `la_about` WHERE `tree_id` = 61 AND `cat_id` = 71 LIMIT 1   [ RunTime:0.0012s ]

[ 2018-03-19T15:25:16+08:00 ] 192.168.47.1 /About/aboutUs
SQL: SHOW COLUMNS FROM `la_config` [ RunTime:0.0021s ]
SQL: SELECT `config_sign`,`config_value` FROM `la_config`  [ RunTime:0.0008s ]
SQL: SHOW COLUMNS FROM `la_goods_category` [ RunTime:0.0015s ]
SQL: SELECT * FROM `la_goods_category` WHERE `pid` = 1  [ RunTime:0.0008s ]
SQL: SHOW COLUMNS FROM `la_about` [ RunTime:0.0017s ]
SQL: SELECT * FROM `la_about` WHERE `tree_id` = 61 AND `cat_id` = 61 LIMIT 1   [ RunTime:0.0017s ]
SQL: SELECT * FROM `la_about` WHERE `tree_id` = 61 AND `cat_id` = 62 LIMIT 1   [ RunTime:0.0012s ]
SQL: SELECT * FROM `la_about` WHERE `tree_id` = 61 AND `cat_id` = 71 LIMIT 1   [ RunTime:0.0008s ]

[ 2018-03-19T15:25:17+08:00 ] 192.168.47.1 /Index/index.html
SQL: SHOW COLUMNS FROM `la_config` [ RunTime:0.0013s ]
SQL: SELECT `config_sign`,`config_value` FROM `la_config`  [ RunTime:0.0006s ]
SQL: SHOW COLUMNS FROM `la_seo` [ RunTime:0.0016s ]
SQL: SELECT `tags`,`meta_description`,`meta_keyword` FROM `la_seo` WHERE `id_mark` = 'ch_index' LIMIT 1   [ RunTime:0.0007s ]
SQL: SHOW COLUMNS FROM `la_goods_category` [ RunTime:0.0015s ]
SQL: SELECT * FROM `la_goods_category` WHERE `pid` = 1  [ RunTime:0.0008s ]
SQL: SHOW COLUMNS FROM `la_goods` [ RunTime:0.0019s ]
SQL: SELECT `id`,`category_id`,`category_path`,`goods_image`,`goods_name` FROM `la_goods` WHERE `goods_main_id` = 0 AND `is_delete` = 0 ORDER BY  add_time DESC  LIMIT 9   [ RunTime:0.0028s ]
SQL: SHOW COLUMNS FROM `la_ad` [ RunTime:0.0014s ]
SQL: SHOW COLUMNS FROM `la_goods_images` [ RunTime:0.0011s ]
SQL: SELECT `id`,`image`,`url` FROM `la_ad` WHERE `group_id` = 2 ORDER BY  add_time DESC   [ RunTime:0.0007s ]
SQL: SELECT COUNT(*) AS tp_count FROM `la_ad` WHERE `group_id` = 2 LIMIT 1   [ RunTime:0.0005s ]
SQL: SELECT `id`,`category_id`,`category_path`,`goods_image`,`goods_name` FROM `la_goods` WHERE `goods_main_id` = 0 AND `is_delete` = 0 ORDER BY  add_time DESC  LIMIT 9   [ RunTime:0.0025s ]
SQL: SHOW COLUMNS FROM `la_article` [ RunTime:0.0017s ]
SQL: SELECT `id`,`tree_id`,`cat_id`,`image`,`summary`,`title`,`hits`,`add_time` FROM `la_article` ORDER BY  add_time DESC  LIMIT 6   [ RunTime:0.0007s ]

[ 2018-03-19T15:25:20+08:00 ] 192.168.47.1 /Index/index.html
SQL: SHOW COLUMNS FROM `la_config` [ RunTime:0.0013s ]
SQL: SELECT `config_sign`,`config_value` FROM `la_config`  [ RunTime:0.0007s ]
SQL: SHOW COLUMNS FROM `la_seo` [ RunTime:0.0014s ]
SQL: SELECT `tags`,`meta_description`,`meta_keyword` FROM `la_seo` WHERE `id_mark` = 'ch_index' LIMIT 1   [ RunTime:0.0007s ]
SQL: SHOW COLUMNS FROM `la_goods_category` [ RunTime:0.0016s ]
SQL: SELECT * FROM `la_goods_category` WHERE `pid` = 1  [ RunTime:0.0008s ]
SQL: SHOW COLUMNS FROM `la_goods` [ RunTime:0.0019s ]
SQL: SELECT `id`,`category_id`,`category_path`,`goods_image`,`goods_name` FROM `la_goods` WHERE `goods_main_id` = 0 AND `is_delete` = 0 ORDER BY  add_time DESC  LIMIT 9   [ RunTime:0.0035s ]
SQL: SHOW COLUMNS FROM `la_ad` [ RunTime:0.0020s ]
SQL: SHOW COLUMNS FROM `la_goods_images` [ RunTime:0.0017s ]
SQL: SELECT `id`,`image`,`url` FROM `la_ad` WHERE `group_id` = 2 ORDER BY  add_time DESC   [ RunTime:0.0007s ]
SQL: SELECT COUNT(*) AS tp_count FROM `la_ad` WHERE `group_id` = 2 LIMIT 1   [ RunTime:0.0006s ]
SQL: SELECT `id`,`category_id`,`category_path`,`goods_image`,`goods_name` FROM `la_goods` WHERE `goods_main_id` = 0 AND `is_delete` = 0 ORDER BY  add_time DESC  LIMIT 9   [ RunTime:0.0027s ]
SQL: SHOW COLUMNS FROM `la_article` [ RunTime:0.0018s ]
SQL: SELECT `id`,`tree_id`,`cat_id`,`image`,`summary`,`title`,`hits`,`add_time` FROM `la_article` ORDER BY  add_time DESC  LIMIT 6   [ RunTime:0.0007s ]

[ 2018-03-19T15:28:01+08:00 ] 192.168.47.1 /
SQL: SHOW COLUMNS FROM `la_config` [ RunTime:0.0014s ]
SQL: SELECT `config_sign`,`config_value` FROM `la_config`  [ RunTime:0.0007s ]
SQL: SHOW COLUMNS FROM `la_seo` [ RunTime:0.0015s ]
SQL: SELECT `tags`,`meta_description`,`meta_keyword` FROM `la_seo` WHERE `id_mark` = 'ch_index' LIMIT 1   [ RunTime:0.0007s ]
SQL: SHOW COLUMNS FROM `la_goods_category` [ RunTime:0.0015s ]
SQL: SELECT * FROM `la_goods_category` WHERE `pid` = 1  [ RunTime:0.0008s ]
SQL: SHOW COLUMNS FROM `la_goods` [ RunTime:0.0019s ]
SQL: SELECT `id`,`category_id`,`category_path`,`goods_image`,`goods_name` FROM `la_goods` WHERE `goods_main_id` = 0 AND `is_delete` = 0 ORDER BY  add_time DESC  LIMIT 9   [ RunTime:0.0026s ]
SQL: SHOW COLUMNS FROM `la_ad` [ RunTime:0.0014s ]
SQL: SHOW COLUMNS FROM `la_goods_images` [ RunTime:0.0010s ]
SQL: SELECT `id`,`image`,`url` FROM `la_ad` WHERE `group_id` = 2 ORDER BY  add_time DESC   [ RunTime:0.0011s ]
SQL: SELECT COUNT(*) AS tp_count FROM `la_ad` WHERE `group_id` = 2 LIMIT 1   [ RunTime:0.0007s ]
SQL: SELECT `id`,`category_id`,`category_path`,`goods_image`,`goods_name` FROM `la_goods` WHERE `goods_main_id` = 0 AND `is_delete` = 0 ORDER BY  add_time DESC  LIMIT 9   [ RunTime:0.0030s ]
SQL: SHOW COLUMNS FROM `la_article` [ RunTime:0.0016s ]
SQL: SELECT `id`,`tree_id`,`cat_id`,`image`,`summary`,`title`,`hits`,`add_time` FROM `la_article` ORDER BY  add_time DESC  LIMIT 6   [ RunTime:0.0007s ]

[ 2018-03-19T15:30:25+08:00 ] 192.168.47.1 /
SQL: SHOW COLUMNS FROM `la_config` [ RunTime:0.0015s ]
SQL: SELECT `config_sign`,`config_value` FROM `la_config`  [ RunTime:0.0008s ]
SQL: SHOW COLUMNS FROM `la_seo` [ RunTime:0.0013s ]
SQL: SELECT `tags`,`meta_description`,`meta_keyword` FROM `la_seo` WHERE `id_mark` = 'ch_index' LIMIT 1   [ RunTime:0.0007s ]
SQL: SHOW COLUMNS FROM `la_goods_category` [ RunTime:0.0017s ]
SQL: SELECT * FROM `la_goods_category` WHERE `pid` = 1  [ RunTime:0.0010s ]
SQL: SHOW COLUMNS FROM `la_goods` [ RunTime:0.0020s ]
SQL: SELECT `id`,`category_id`,`category_path`,`goods_image`,`goods_name` FROM `la_goods` WHERE `goods_main_id` = 0 AND `is_delete` = 0 ORDER BY  add_time DESC  LIMIT 9   [ RunTime:0.0026s ]
SQL: SHOW COLUMNS FROM `la_ad` [ RunTime:0.0013s ]
SQL: SHOW COLUMNS FROM `la_goods_images` [ RunTime:0.0011s ]
SQL: SELECT `id`,`image`,`url` FROM `la_ad` WHERE `group_id` = 2 ORDER BY  add_time DESC   [ RunTime:0.0007s ]
SQL: SELECT COUNT(*) AS tp_count FROM `la_ad` WHERE `group_id` = 2 LIMIT 1   [ RunTime:0.0006s ]
SQL: SELECT `id`,`category_id`,`category_path`,`goods_image`,`goods_name` FROM `la_goods` WHERE `goods_main_id` = 0 AND `is_delete` = 0 ORDER BY  add_time DESC  LIMIT 9   [ RunTime:0.0026s ]
SQL: SHOW COLUMNS FROM `la_article` [ RunTime:0.0022s ]
SQL: SELECT `id`,`tree_id`,`cat_id`,`image`,`summary`,`title`,`hits`,`add_time` FROM `la_article` ORDER BY  add_time DESC  LIMIT 6   [ RunTime:0.0016s ]

[ 2018-03-19T15:31:34+08:00 ] 192.168.47.1 /
SQL: SHOW COLUMNS FROM `la_config` [ RunTime:0.0013s ]
SQL: SELECT `config_sign`,`config_value` FROM `la_config`  [ RunTime:0.0007s ]
SQL: SHOW COLUMNS FROM `la_seo` [ RunTime:0.0015s ]
SQL: SELECT `tags`,`meta_description`,`meta_keyword` FROM `la_seo` WHERE `id_mark` = 'ch_index' LIMIT 1   [ RunTime:0.0007s ]
SQL: SHOW COLUMNS FROM `la_goods_category` [ RunTime:0.0015s ]
SQL: SELECT * FROM `la_goods_category` WHERE `pid` = 1  [ RunTime:0.0009s ]
SQL: SHOW COLUMNS FROM `la_goods` [ RunTime:0.0019s ]
SQL: SELECT `id`,`category_id`,`category_path`,`goods_image`,`goods_name` FROM `la_goods` WHERE `goods_main_id` = 0 AND `is_delete` = 0 ORDER BY  add_time DESC  LIMIT 9   [ RunTime:0.0033s ]
SQL: SHOW COLUMNS FROM `la_ad` [ RunTime:0.0015s ]
SQL: SHOW COLUMNS FROM `la_goods_images` [ RunTime:0.0017s ]
SQL: SELECT `id`,`image`,`url` FROM `la_ad` WHERE `group_id` = 2 ORDER BY  add_time DESC   [ RunTime:0.0008s ]
SQL: SELECT COUNT(*) AS tp_count FROM `la_ad` WHERE `group_id` = 2 LIMIT 1   [ RunTime:0.0005s ]
SQL: SELECT `id`,`category_id`,`category_path`,`goods_image`,`goods_name` FROM `la_goods` WHERE `goods_main_id` = 0 AND `is_delete` = 0 ORDER BY  add_time DESC  LIMIT 9   [ RunTime:0.0027s ]
SQL: SHOW COLUMNS FROM `la_article` [ RunTime:0.0018s ]
SQL: SELECT `id`,`tree_id`,`cat_id`,`image`,`summary`,`title`,`hits`,`add_time` FROM `la_article` ORDER BY  add_time DESC  LIMIT 6   [ RunTime:0.0008s ]

[ 2018-03-19T15:32:09+08:00 ] 192.168.47.1 /
SQL: SHOW COLUMNS FROM `la_config` [ RunTime:0.0014s ]
SQL: SELECT `config_sign`,`config_value` FROM `la_config`  [ RunTime:0.0006s ]
SQL: SHOW COLUMNS FROM `la_seo` [ RunTime:0.0014s ]
SQL: SELECT `tags`,`meta_description`,`meta_keyword` FROM `la_seo` WHERE `id_mark` = 'ch_index' LIMIT 1   [ RunTime:0.0007s ]
SQL: SHOW COLUMNS FROM `la_goods_category` [ RunTime:0.0015s ]
SQL: SELECT * FROM `la_goods_category` WHERE `pid` = 1  [ RunTime:0.0010s ]
SQL: SHOW COLUMNS FROM `la_goods` [ RunTime:0.0021s ]
SQL: SELECT `id`,`category_id`,`category_path`,`goods_image`,`goods_name` FROM `la_goods` WHERE `goods_main_id` = 0 AND `is_delete` = 0 ORDER BY  add_time DESC  LIMIT 9   [ RunTime:0.0028s ]
SQL: SHOW COLUMNS FROM `la_ad` [ RunTime:0.0014s ]
SQL: SHOW COLUMNS FROM `la_goods_images` [ RunTime:0.0011s ]
SQL: SELECT `id`,`image`,`url` FROM `la_ad` WHERE `group_id` = 2 ORDER BY  add_time DESC   [ RunTime:0.0006s ]
SQL: SELECT COUNT(*) AS tp_count FROM `la_ad` WHERE `group_id` = 2 LIMIT 1   [ RunTime:0.0006s ]
SQL: SELECT `id`,`category_id`,`category_path`,`goods_image`,`goods_name` FROM `la_goods` WHERE `goods_main_id` = 0 AND `is_delete` = 0 ORDER BY  add_time DESC  LIMIT 9   [ RunTime:0.0032s ]
SQL: SHOW COLUMNS FROM `la_article` [ RunTime:0.0018s ]
SQL: SELECT `id`,`tree_id`,`cat_id`,`image`,`summary`,`title`,`hits`,`add_time` FROM `la_article` ORDER BY  add_time DESC  LIMIT 6   [ RunTime:0.0009s ]

[ 2018-03-19T15:33:08+08:00 ] 192.168.47.1 /
SQL: SHOW COLUMNS FROM `la_config` [ RunTime:0.0013s ]
SQL: SELECT `config_sign`,`config_value` FROM `la_config`  [ RunTime:0.0006s ]
SQL: SHOW COLUMNS FROM `la_seo` [ RunTime:0.0013s ]
SQL: SELECT `tags`,`meta_description`,`meta_keyword` FROM `la_seo` WHERE `id_mark` = 'ch_index' LIMIT 1   [ RunTime:0.0012s ]
SQL: SHOW COLUMNS FROM `la_goods_category` [ RunTime:0.0015s ]
SQL: SELECT * FROM `la_goods_category` WHERE `pid` = 1  [ RunTime:0.0007s ]
SQL: SHOW COLUMNS FROM `la_goods` [ RunTime:0.0019s ]
SQL: SELECT `id`,`category_id`,`category_path`,`goods_image`,`goods_name` FROM `la_goods` WHERE `goods_main_id` = 0 AND `is_delete` = 0 ORDER BY  add_time DESC  LIMIT 9   [ RunTime:0.0036s ]
SQL: SHOW COLUMNS FROM `la_ad` [ RunTime:0.0014s ]
SQL: SHOW COLUMNS FROM `la_goods_images` [ RunTime:0.0010s ]
SQL: SELECT `id`,`image`,`url` FROM `la_ad` WHERE `group_id` = 2 ORDER BY  add_time DESC   [ RunTime:0.0006s ]
SQL: SELECT COUNT(*) AS tp_count FROM `la_ad` WHERE `group_id` = 2 LIMIT 1   [ RunTime:0.0005s ]
SQL: SELECT `id`,`category_id`,`category_path`,`goods_image`,`goods_name` FROM `la_goods` WHERE `goods_main_id` = 0 AND `is_delete` = 0 ORDER BY  add_time DESC  LIMIT 9   [ RunTime:0.0027s ]
SQL: SHOW COLUMNS FROM `la_article` [ RunTime:0.0018s ]
SQL: SELECT `id`,`tree_id`,`cat_id`,`image`,`summary`,`title`,`hits`,`add_time` FROM `la_article` ORDER BY  add_time DESC  LIMIT 6   [ RunTime:0.0007s ]

[ 2018-03-19T15:34:01+08:00 ] 192.168.47.1 /
SQL: SHOW COLUMNS FROM `la_config` [ RunTime:0.0015s ]
SQL: SELECT `config_sign`,`config_value` FROM `la_config`  [ RunTime:0.0007s ]
SQL: SHOW COLUMNS FROM `la_seo` [ RunTime:0.0013s ]
SQL: SELECT `tags`,`meta_description`,`meta_keyword` FROM `la_seo` WHERE `id_mark` = 'ch_index' LIMIT 1   [ RunTime:0.0006s ]
SQL: SHOW COLUMNS FROM `la_goods_category` [ RunTime:0.0028s ]
SQL: SELECT * FROM `la_goods_category` WHERE `pid` = 1  [ RunTime:0.0008s ]
SQL: SHOW COLUMNS FROM `la_goods` [ RunTime:0.0019s ]
SQL: SELECT `id`,`category_id`,`category_path`,`goods_image`,`goods_name` FROM `la_goods` WHERE `goods_main_id` = 0 AND `is_delete` = 0 ORDER BY  add_time DESC  LIMIT 9   [ RunTime:0.0025s ]
SQL: SHOW COLUMNS FROM `la_ad` [ RunTime:0.0014s ]
SQL: SHOW COLUMNS FROM `la_goods_images` [ RunTime:0.0011s ]
SQL: SELECT `id`,`image`,`url` FROM `la_ad` WHERE `group_id` = 2 ORDER BY  add_time DESC   [ RunTime:0.0006s ]
SQL: SELECT COUNT(*) AS tp_count FROM `la_ad` WHERE `group_id` = 2 LIMIT 1   [ RunTime:0.0018s ]
SQL: SELECT `id`,`category_id`,`category_path`,`goods_image`,`goods_name` FROM `la_goods` WHERE `goods_main_id` = 0 AND `is_delete` = 0 ORDER BY  add_time DESC  LIMIT 9   [ RunTime:0.0024s ]
SQL: SHOW COLUMNS FROM `la_article` [ RunTime:0.0016s ]
SQL: SELECT `id`,`tree_id`,`cat_id`,`image`,`summary`,`title`,`hits`,`add_time` FROM `la_article` ORDER BY  add_time DESC  LIMIT 6   [ RunTime:0.0007s ]

[ 2018-03-19T15:35:52+08:00 ] 192.168.47.1 /
SQL: SHOW COLUMNS FROM `la_config` [ RunTime:0.0013s ]
SQL: SELECT `config_sign`,`config_value` FROM `la_config`  [ RunTime:0.0007s ]
SQL: SHOW COLUMNS FROM `la_seo` [ RunTime:0.0014s ]
SQL: SELECT `tags`,`meta_description`,`meta_keyword` FROM `la_seo` WHERE `id_mark` = 'ch_index' LIMIT 1   [ RunTime:0.0007s ]
SQL: SHOW COLUMNS FROM `la_goods_category` [ RunTime:0.0015s ]
SQL: SELECT * FROM `la_goods_category` WHERE `pid` = 1  [ RunTime:0.0009s ]
SQL: SHOW COLUMNS FROM `la_goods` [ RunTime:0.0020s ]
SQL: SELECT `id`,`category_id`,`category_path`,`goods_image`,`goods_name` FROM `la_goods` WHERE `goods_main_id` = 0 AND `is_delete` = 0 ORDER BY  add_time DESC  LIMIT 9   [ RunTime:0.0027s ]
SQL: SHOW COLUMNS FROM `la_ad` [ RunTime:0.0015s ]
SQL: SHOW COLUMNS FROM `la_goods_images` [ RunTime:0.0012s ]
SQL: SELECT `id`,`image`,`url` FROM `la_ad` WHERE `group_id` = 2 ORDER BY  add_time DESC   [ RunTime:0.0007s ]
SQL: SELECT COUNT(*) AS tp_count FROM `la_ad` WHERE `group_id` = 2 LIMIT 1   [ RunTime:0.0005s ]
SQL: SELECT `id`,`category_id`,`category_path`,`goods_image`,`goods_name` FROM `la_goods` WHERE `goods_main_id` = 0 AND `is_delete` = 0 ORDER BY  add_time DESC  LIMIT 9   [ RunTime:0.0025s ]
SQL: SHOW COLUMNS FROM `la_article` [ RunTime:0.0017s ]
SQL: SELECT `id`,`tree_id`,`cat_id`,`image`,`summary`,`title`,`hits`,`add_time` FROM `la_article` ORDER BY  add_time DESC  LIMIT 6   [ RunTime:0.0008s ]

[ 2018-03-19T15:36:06+08:00 ] 192.168.47.1 /
SQL: SHOW COLUMNS FROM `la_config` [ RunTime:0.0012s ]
SQL: SELECT `config_sign`,`config_value` FROM `la_config`  [ RunTime:0.0007s ]
SQL: SHOW COLUMNS FROM `la_seo` [ RunTime:0.0026s ]
SQL: SELECT `tags`,`meta_description`,`meta_keyword` FROM `la_seo` WHERE `id_mark` = 'ch_index' LIMIT 1   [ RunTime:0.0011s ]
SQL: SHOW COLUMNS FROM `la_goods_category` [ RunTime:0.0021s ]
SQL: SELECT * FROM `la_goods_category` WHERE `pid` = 1  [ RunTime:0.0009s ]
SQL: SHOW COLUMNS FROM `la_goods` [ RunTime:0.0019s ]
SQL: SELECT `id`,`category_id`,`category_path`,`goods_image`,`goods_name` FROM `la_goods` WHERE `goods_main_id` = 0 AND `is_delete` = 0 ORDER BY  add_time DESC  LIMIT 9   [ RunTime:0.0026s ]
SQL: SHOW COLUMNS FROM `la_ad` [ RunTime:0.0014s ]
SQL: SHOW COLUMNS FROM `la_goods_images` [ RunTime:0.0011s ]
SQL: SELECT `id`,`image`,`url` FROM `la_ad` WHERE `group_id` = 2 ORDER BY  add_time DESC   [ RunTime:0.0007s ]
SQL: SELECT COUNT(*) AS tp_count FROM `la_ad` WHERE `group_id` = 2 LIMIT 1   [ RunTime:0.0005s ]
SQL: SELECT `id`,`category_id`,`category_path`,`goods_image`,`goods_name` FROM `la_goods` WHERE `goods_main_id` = 0 AND `is_delete` = 0 ORDER BY  add_time DESC  LIMIT 9   [ RunTime:0.0025s ]
SQL: SHOW COLUMNS FROM `la_article` [ RunTime:0.0023s ]
SQL: SELECT `id`,`tree_id`,`cat_id`,`image`,`summary`,`title`,`hits`,`add_time` FROM `la_article` ORDER BY  add_time DESC  LIMIT 6   [ RunTime:0.0010s ]

[ 2018-03-19T15:38:16+08:00 ] 192.168.47.1 /
SQL: SHOW COLUMNS FROM `la_config` [ RunTime:0.0013s ]
SQL: SELECT `config_sign`,`config_value` FROM `la_config`  [ RunTime:0.0007s ]
SQL: SHOW COLUMNS FROM `la_seo` [ RunTime:0.0015s ]
SQL: SELECT `tags`,`meta_description`,`meta_keyword` FROM `la_seo` WHERE `id_mark` = 'ch_index' LIMIT 1   [ RunTime:0.0026s ]
SQL: SHOW COLUMNS FROM `la_goods_category` [ RunTime:0.0015s ]
SQL: SELECT * FROM `la_goods_category` WHERE `pid` = 1  [ RunTime:0.0009s ]
SQL: SHOW COLUMNS FROM `la_goods` [ RunTime:0.0020s ]
SQL: SELECT `id`,`category_id`,`category_path`,`goods_image`,`goods_name` FROM `la_goods` WHERE `goods_main_id` = 0 AND `is_delete` = 0 ORDER BY  add_time DESC  LIMIT 9   [ RunTime:0.0026s ]
SQL: SHOW COLUMNS FROM `la_ad` [ RunTime:0.0013s ]
SQL: SHOW COLUMNS FROM `la_goods_images` [ RunTime:0.0011s ]
SQL: SELECT `id`,`image`,`url` FROM `la_ad` WHERE `group_id` = 2 ORDER BY  add_time DESC   [ RunTime:0.0006s ]
SQL: SELECT COUNT(*) AS tp_count FROM `la_ad` WHERE `group_id` = 2 LIMIT 1   [ RunTime:0.0005s ]
SQL: SELECT `id`,`category_id`,`category_path`,`goods_image`,`goods_name` FROM `la_goods` WHERE `goods_main_id` = 0 AND `is_delete` = 0 ORDER BY  add_time DESC  LIMIT 9   [ RunTime:0.0032s ]
SQL: SHOW COLUMNS FROM `la_article` [ RunTime:0.0022s ]
SQL: SELECT `id`,`tree_id`,`cat_id`,`image`,`summary`,`title`,`hits`,`add_time` FROM `la_article` ORDER BY  add_time DESC  LIMIT 6   [ RunTime:0.0026s ]

[ 2018-03-19T15:38:52+08:00 ] 192.168.47.1 /
SQL: SHOW COLUMNS FROM `la_config` [ RunTime:0.0013s ]
SQL: SELECT `config_sign`,`config_value` FROM `la_config`  [ RunTime:0.0007s ]
SQL: SHOW COLUMNS FROM `la_seo` [ RunTime:0.0013s ]
SQL: SELECT `tags`,`meta_description`,`meta_keyword` FROM `la_seo` WHERE `id_mark` = 'ch_index' LIMIT 1   [ RunTime:0.0008s ]
SQL: SHOW COLUMNS FROM `la_goods_category` [ RunTime:0.0015s ]
SQL: SELECT * FROM `la_goods_category` WHERE `pid` = 1  [ RunTime:0.0009s ]
SQL: SHOW COLUMNS FROM `la_goods` [ RunTime:0.0020s ]
SQL: SELECT `id`,`category_id`,`category_path`,`goods_image`,`goods_name` FROM `la_goods` WHERE `goods_main_id` = 0 AND `is_delete` = 0 ORDER BY  add_time DESC  LIMIT 9   [ RunTime:0.0027s ]
SQL: SHOW COLUMNS FROM `la_ad` [ RunTime:0.0014s ]
SQL: SHOW COLUMNS FROM `la_goods_images` [ RunTime:0.0012s ]
SQL: SELECT `id`,`image`,`url` FROM `la_ad` WHERE `group_id` = 2 ORDER BY  add_time DESC   [ RunTime:0.0007s ]
SQL: SELECT COUNT(*) AS tp_count FROM `la_ad` WHERE `group_id` = 2 LIMIT 1   [ RunTime:0.0006s ]
SQL: SELECT `id`,`category_id`,`category_path`,`goods_image`,`goods_name` FROM `la_goods` WHERE `goods_main_id` = 0 AND `is_delete` = 0 ORDER BY  add_time DESC  LIMIT 9   [ RunTime:0.0027s ]
SQL: SHOW COLUMNS FROM `la_article` [ RunTime:0.0019s ]
SQL: SELECT `id`,`tree_id`,`cat_id`,`image`,`summary`,`title`,`hits`,`add_time` FROM `la_article` ORDER BY  add_time DESC  LIMIT 6   [ RunTime:0.0007s ]

[ 2018-03-19T15:39:49+08:00 ] 192.168.47.1 /
SQL: SHOW COLUMNS FROM `la_config` [ RunTime:0.0016s ]
SQL: SELECT `config_sign`,`config_value` FROM `la_config`  [ RunTime:0.0020s ]
SQL: SHOW COLUMNS FROM `la_seo` [ RunTime:0.0014s ]
SQL: SELECT `tags`,`meta_description`,`meta_keyword` FROM `la_seo` WHERE `id_mark` = 'ch_index' LIMIT 1   [ RunTime:0.0007s ]
SQL: SHOW COLUMNS FROM `la_goods_category` [ RunTime:0.0015s ]
SQL: SELECT * FROM `la_goods_category` WHERE `pid` = 1  [ RunTime:0.0009s ]
SQL: SHOW COLUMNS FROM `la_goods` [ RunTime:0.0040s ]
SQL: SELECT `id`,`category_id`,`category_path`,`goods_image`,`goods_name` FROM `la_goods` WHERE `goods_main_id` = 0 AND `is_delete` = 0 ORDER BY  add_time DESC  LIMIT 9   [ RunTime:0.0029s ]
SQL: SHOW COLUMNS FROM `la_ad` [ RunTime:0.0016s ]
SQL: SHOW COLUMNS FROM `la_goods_images` [ RunTime:0.0011s ]
SQL: SELECT `id`,`image`,`url` FROM `la_ad` WHERE `group_id` = 2 ORDER BY  add_time DESC   [ RunTime:0.0007s ]
SQL: SELECT COUNT(*) AS tp_count FROM `la_ad` WHERE `group_id` = 2 LIMIT 1   [ RunTime:0.0008s ]
SQL: SELECT `id`,`category_id`,`category_path`,`goods_image`,`goods_name` FROM `la_goods` WHERE `goods_main_id` = 0 AND `is_delete` = 0 ORDER BY  add_time DESC  LIMIT 9   [ RunTime:0.0027s ]
SQL: SHOW COLUMNS FROM `la_article` [ RunTime:0.0024s ]
SQL: SELECT `id`,`tree_id`,`cat_id`,`image`,`summary`,`title`,`hits`,`add_time` FROM `la_article` ORDER BY  add_time DESC  LIMIT 6   [ RunTime:0.0008s ]

[ 2018-03-19T15:40:00+08:00 ] 192.168.47.1 /
SQL: SHOW COLUMNS FROM `la_config` [ RunTime:0.0018s ]
SQL: SELECT `config_sign`,`config_value` FROM `la_config`  [ RunTime:0.0007s ]
SQL: SHOW COLUMNS FROM `la_seo` [ RunTime:0.0014s ]
SQL: SELECT `tags`,`meta_description`,`meta_keyword` FROM `la_seo` WHERE `id_mark` = 'ch_index' LIMIT 1   [ RunTime:0.0007s ]
SQL: SHOW COLUMNS FROM `la_goods_category` [ RunTime:0.0027s ]
SQL: SELECT * FROM `la_goods_category` WHERE `pid` = 1  [ RunTime:0.0011s ]
SQL: SHOW COLUMNS FROM `la_goods` [ RunTime:0.0023s ]
SQL: SELECT `id`,`category_id`,`category_path`,`goods_image`,`goods_name` FROM `la_goods` WHERE `goods_main_id` = 0 AND `is_delete` = 0 ORDER BY  add_time DESC  LIMIT 9   [ RunTime:0.0029s ]
SQL: SHOW COLUMNS FROM `la_ad` [ RunTime:0.0015s ]
SQL: SHOW COLUMNS FROM `la_goods_images` [ RunTime:0.0021s ]
SQL: SELECT `id`,`image`,`url` FROM `la_ad` WHERE `group_id` = 2 ORDER BY  add_time DESC   [ RunTime:0.0007s ]
SQL: SELECT COUNT(*) AS tp_count FROM `la_ad` WHERE `group_id` = 2 LIMIT 1   [ RunTime:0.0012s ]
SQL: SELECT `id`,`category_id`,`category_path`,`goods_image`,`goods_name` FROM `la_goods` WHERE `goods_main_id` = 0 AND `is_delete` = 0 ORDER BY  add_time DESC  LIMIT 9   [ RunTime:0.0026s ]
SQL: SHOW COLUMNS FROM `la_article` [ RunTime:0.0018s ]
SQL: SELECT `id`,`tree_id`,`cat_id`,`image`,`summary`,`title`,`hits`,`add_time` FROM `la_article` ORDER BY  add_time DESC  LIMIT 6   [ RunTime:0.0007s ]

[ 2018-03-19T15:42:56+08:00 ] 192.168.47.1 /
SQL: SHOW COLUMNS FROM `la_config` [ RunTime:0.0013s ]
SQL: SELECT `config_sign`,`config_value` FROM `la_config`  [ RunTime:0.0007s ]
SQL: SHOW COLUMNS FROM `la_seo` [ RunTime:0.0013s ]
SQL: SELECT `tags`,`meta_description`,`meta_keyword` FROM `la_seo` WHERE `id_mark` = 'ch_index' LIMIT 1   [ RunTime:0.0007s ]
SQL: SHOW COLUMNS FROM `la_goods_category` [ RunTime:0.0026s ]
SQL: SELECT * FROM `la_goods_category` WHERE `pid` = 1  [ RunTime:0.0010s ]
SQL: SHOW COLUMNS FROM `la_goods` [ RunTime:0.0019s ]
SQL: SELECT `id`,`category_id`,`category_path`,`goods_image`,`goods_name` FROM `la_goods` WHERE `goods_main_id` = 0 AND `is_delete` = 0 ORDER BY  add_time DESC  LIMIT 9   [ RunTime:0.0026s ]
SQL: SHOW COLUMNS FROM `la_ad` [ RunTime:0.0014s ]
SQL: SHOW COLUMNS FROM `la_goods_images` [ RunTime:0.0011s ]
SQL: SELECT `id`,`image`,`url` FROM `la_ad` WHERE `group_id` = 2 ORDER BY  add_time DESC   [ RunTime:0.0008s ]
SQL: SELECT COUNT(*) AS tp_count FROM `la_ad` WHERE `group_id` = 2 LIMIT 1   [ RunTime:0.0005s ]
SQL: SELECT `id`,`category_id`,`category_path`,`goods_image`,`goods_name` FROM `la_goods` WHERE `goods_main_id` = 0 AND `is_delete` = 0 ORDER BY  add_time DESC  LIMIT 9   [ RunTime:0.0022s ]
SQL: SHOW COLUMNS FROM `la_article` [ RunTime:0.0020s ]
SQL: SELECT `id`,`tree_id`,`cat_id`,`image`,`summary`,`title`,`hits`,`add_time` FROM `la_article` ORDER BY  add_time DESC  LIMIT 6   [ RunTime:0.0010s ]

[ 2018-03-19T15:44:04+08:00 ] 192.168.47.1 /
SQL: SHOW COLUMNS FROM `la_config` [ RunTime:0.0017s ]
SQL: SELECT `config_sign`,`config_value` FROM `la_config`  [ RunTime:0.0012s ]
SQL: SHOW COLUMNS FROM `la_seo` [ RunTime:0.0018s ]
SQL: SELECT `tags`,`meta_description`,`meta_keyword` FROM `la_seo` WHERE `id_mark` = 'ch_index' LIMIT 1   [ RunTime:0.0021s ]
SQL: SHOW COLUMNS FROM `la_goods_category` [ RunTime:0.0032s ]
SQL: SELECT * FROM `la_goods_category` WHERE `pid` = 1  [ RunTime:0.0013s ]
SQL: SHOW COLUMNS FROM `la_goods` [ RunTime:0.0024s ]
SQL: SELECT `id`,`category_id`,`category_path`,`goods_image`,`goods_name` FROM `la_goods` WHERE `goods_main_id` = 0 AND `is_delete` = 0 ORDER BY  add_time DESC  LIMIT 9   [ RunTime:0.0052s ]
SQL: SHOW COLUMNS FROM `la_ad` [ RunTime:0.0019s ]
SQL: SHOW COLUMNS FROM `la_goods_images` [ RunTime:0.0018s ]
SQL: SELECT `id`,`image`,`url` FROM `la_ad` WHERE `group_id` = 2 ORDER BY  add_time DESC   [ RunTime:0.0007s ]
SQL: SELECT COUNT(*) AS tp_count FROM `la_ad` WHERE `group_id` = 2 LIMIT 1   [ RunTime:0.0005s ]
SQL: SELECT `id`,`category_id`,`category_path`,`goods_image`,`goods_name` FROM `la_goods` WHERE `goods_main_id` = 0 AND `is_delete` = 0 ORDER BY  add_time DESC  LIMIT 9   [ RunTime:0.0025s ]
SQL: SHOW COLUMNS FROM `la_article` [ RunTime:0.0031s ]
SQL: SELECT `id`,`tree_id`,`cat_id`,`image`,`summary`,`title`,`hits`,`add_time` FROM `la_article` ORDER BY  add_time DESC  LIMIT 6   [ RunTime:0.0021s ]

[ 2018-03-19T15:44:36+08:00 ] 192.168.47.1 /
SQL: SHOW COLUMNS FROM `la_config` [ RunTime:0.0014s ]
SQL: SELECT `config_sign`,`config_value` FROM `la_config`  [ RunTime:0.0014s ]
SQL: SHOW COLUMNS FROM `la_seo` [ RunTime:0.0018s ]
SQL: SELECT `tags`,`meta_description`,`meta_keyword` FROM `la_seo` WHERE `id_mark` = 'ch_index' LIMIT 1   [ RunTime:0.0012s ]
SQL: SHOW COLUMNS FROM `la_goods_category` [ RunTime:0.0017s ]
SQL: SELECT * FROM `la_goods_category` WHERE `pid` = 1  [ RunTime:0.0013s ]
SQL: SHOW COLUMNS FROM `la_goods` [ RunTime:0.0020s ]
SQL: SELECT `id`,`category_id`,`category_path`,`goods_image`,`goods_name` FROM `la_goods` WHERE `goods_main_id` = 0 AND `is_delete` = 0 ORDER BY  add_time DESC  LIMIT 9   [ RunTime:0.0029s ]
SQL: SHOW COLUMNS FROM `la_ad` [ RunTime:0.0016s ]
SQL: SHOW COLUMNS FROM `la_goods_images` [ RunTime:0.0012s ]
SQL: SELECT `id`,`image`,`url` FROM `la_ad` WHERE `group_id` = 2 ORDER BY  add_time DESC   [ RunTime:0.0008s ]
SQL: SELECT COUNT(*) AS tp_count FROM `la_ad` WHERE `group_id` = 2 LIMIT 1   [ RunTime:0.0006s ]
SQL: SELECT `id`,`category_id`,`category_path`,`goods_image`,`goods_name` FROM `la_goods` WHERE `goods_main_id` = 0 AND `is_delete` = 0 ORDER BY  add_time DESC  LIMIT 9   [ RunTime:0.0025s ]
SQL: SHOW COLUMNS FROM `la_article` [ RunTime:0.0016s ]
SQL: SELECT `id`,`tree_id`,`cat_id`,`image`,`summary`,`title`,`hits`,`add_time` FROM `la_article` ORDER BY  add_time DESC  LIMIT 6   [ RunTime:0.0008s ]

[ 2018-03-19T15:46:28+08:00 ] 192.168.47.1 /
SQL: SHOW COLUMNS FROM `la_config` [ RunTime:0.0014s ]
SQL: SELECT `config_sign`,`config_value` FROM `la_config`  [ RunTime:0.0007s ]
SQL: SHOW COLUMNS FROM `la_seo` [ RunTime:0.0013s ]
SQL: SELECT `tags`,`meta_description`,`meta_keyword` FROM `la_seo` WHERE `id_mark` = 'ch_index' LIMIT 1   [ RunTime:0.0006s ]
SQL: SHOW COLUMNS FROM `la_goods_category` [ RunTime:0.0018s ]
SQL: SELECT * FROM `la_goods_category` WHERE `pid` = 1  [ RunTime:0.0010s ]
SQL: SHOW COLUMNS FROM `la_goods` [ RunTime:0.0020s ]
SQL: SELECT `id`,`category_id`,`category_path`,`goods_image`,`goods_name` FROM `la_goods` WHERE `goods_main_id` = 0 AND `is_delete` = 0 ORDER BY  add_time DESC  LIMIT 9   [ RunTime:0.0026s ]
SQL: SHOW COLUMNS FROM `la_ad` [ RunTime:0.0014s ]
SQL: SHOW COLUMNS FROM `la_goods_images` [ RunTime:0.0017s ]
SQL: SELECT `id`,`image`,`url` FROM `la_ad` WHERE `group_id` = 2 ORDER BY  add_time DESC   [ RunTime:0.0007s ]
SQL: SELECT COUNT(*) AS tp_count FROM `la_ad` WHERE `group_id` = 2 LIMIT 1   [ RunTime:0.0005s ]
SQL: SELECT `id`,`category_id`,`category_path`,`goods_image`,`goods_name` FROM `la_goods` WHERE `goods_main_id` = 0 AND `is_delete` = 0 ORDER BY  add_time DESC  LIMIT 9   [ RunTime:0.0025s ]
SQL: SHOW COLUMNS FROM `la_article` [ RunTime:0.0017s ]
SQL: SELECT `id`,`tree_id`,`cat_id`,`image`,`summary`,`title`,`hits`,`add_time` FROM `la_article` ORDER BY  add_time DESC  LIMIT 6   [ RunTime:0.0007s ]

[ 2018-03-19T15:49:27+08:00 ] 192.168.47.1 /
SQL: SHOW COLUMNS FROM `la_config` [ RunTime:0.0013s ]
SQL: SELECT `config_sign`,`config_value` FROM `la_config`  [ RunTime:0.0006s ]
SQL: SHOW COLUMNS FROM `la_seo` [ RunTime:0.0012s ]
SQL: SELECT `tags`,`meta_description`,`meta_keyword` FROM `la_seo` WHERE `id_mark` = 'ch_index' LIMIT 1   [ RunTime:0.0006s ]
SQL: SHOW COLUMNS FROM `la_goods_category` [ RunTime:0.0015s ]
SQL: SELECT * FROM `la_goods_category` WHERE `pid` = 1  [ RunTime:0.0008s ]
SQL: SHOW COLUMNS FROM `la_goods` [ RunTime:0.0062s ]
SQL: SELECT `id`,`category_id`,`category_path`,`goods_image`,`goods_name` FROM `la_goods` WHERE `goods_main_id` = 0 AND `is_delete` = 0 ORDER BY  add_time DESC  LIMIT 9   [ RunTime:0.0029s ]
SQL: SHOW COLUMNS FROM `la_ad` [ RunTime:0.0015s ]
SQL: SHOW COLUMNS FROM `la_goods_images` [ RunTime:0.0011s ]
SQL: SELECT `id`,`image`,`url` FROM `la_ad` WHERE `group_id` = 2 ORDER BY  add_time DESC   [ RunTime:0.0006s ]
SQL: SELECT COUNT(*) AS tp_count FROM `la_ad` WHERE `group_id` = 2 LIMIT 1   [ RunTime:0.0005s ]
SQL: SELECT `id`,`category_id`,`category_path`,`goods_image`,`goods_name` FROM `la_goods` WHERE `goods_main_id` = 0 AND `is_delete` = 0 ORDER BY  add_time DESC  LIMIT 9   [ RunTime:0.0022s ]
SQL: SHOW COLUMNS FROM `la_article` [ RunTime:0.0017s ]
SQL: SELECT `id`,`tree_id`,`cat_id`,`image`,`summary`,`title`,`hits`,`add_time` FROM `la_article` ORDER BY  add_time DESC  LIMIT 6   [ RunTime:0.0017s ]

[ 2018-03-19T15:56:26+08:00 ] 192.168.47.1 /
SQL: SHOW COLUMNS FROM `la_config` [ RunTime:0.0013s ]
SQL: SELECT `config_sign`,`config_value` FROM `la_config`  [ RunTime:0.0023s ]
SQL: SHOW COLUMNS FROM `la_seo` [ RunTime:0.0017s ]
SQL: SELECT `tags`,`meta_description`,`meta_keyword` FROM `la_seo` WHERE `id_mark` = 'ch_index' LIMIT 1   [ RunTime:0.0008s ]
SQL: SHOW COLUMNS FROM `la_goods_category` [ RunTime:0.0025s ]
SQL: SELECT * FROM `la_goods_category` WHERE `pid` = 1  [ RunTime:0.0010s ]
SQL: SHOW COLUMNS FROM `la_goods` [ RunTime:0.0020s ]
SQL: SELECT `id`,`category_id`,`category_path`,`goods_image`,`goods_name` FROM `la_goods` WHERE `goods_main_id` = 0 AND `is_delete` = 0 ORDER BY  add_time DESC  LIMIT 9   [ RunTime:0.0027s ]
SQL: SHOW COLUMNS FROM `la_ad` [ RunTime:0.0014s ]
SQL: SHOW COLUMNS FROM `la_goods_images` [ RunTime:0.0010s ]
SQL: SELECT `id`,`image`,`url` FROM `la_ad` WHERE `group_id` = 2 ORDER BY  add_time DESC   [ RunTime:0.0006s ]
SQL: SELECT COUNT(*) AS tp_count FROM `la_ad` WHERE `group_id` = 2 LIMIT 1   [ RunTime:0.0005s ]
SQL: SELECT `id`,`category_id`,`category_path`,`goods_image`,`goods_name` FROM `la_goods` WHERE `goods_main_id` = 0 AND `is_delete` = 0 ORDER BY  add_time DESC  LIMIT 9   [ RunTime:0.0029s ]
SQL: SHOW COLUMNS FROM `la_article` [ RunTime:0.0028s ]
SQL: SELECT `id`,`tree_id`,`cat_id`,`image`,`summary`,`title`,`hits`,`add_time` FROM `la_article` ORDER BY  add_time DESC  LIMIT 6   [ RunTime:0.0008s ]

[ 2018-03-19T15:57:59+08:00 ] 192.168.47.1 /
SQL: SHOW COLUMNS FROM `la_config` [ RunTime:0.0013s ]
SQL: SELECT `config_sign`,`config_value` FROM `la_config`  [ RunTime:0.0006s ]
SQL: SHOW COLUMNS FROM `la_seo` [ RunTime:0.0023s ]
SQL: SELECT `tags`,`meta_description`,`meta_keyword` FROM `la_seo` WHERE `id_mark` = 'ch_index' LIMIT 1   [ RunTime:0.0009s ]
SQL: SHOW COLUMNS FROM `la_goods_category` [ RunTime:0.0015s ]
SQL: SELECT * FROM `la_goods_category` WHERE `pid` = 1  [ RunTime:0.0008s ]
SQL: SHOW COLUMNS FROM `la_goods` [ RunTime:0.0033s ]
SQL: SELECT `id`,`category_id`,`category_path`,`goods_image`,`goods_name` FROM `la_goods` WHERE `goods_main_id` = 0 AND `is_delete` = 0 ORDER BY  add_time DESC  LIMIT 9   [ RunTime:0.0036s ]
SQL: SHOW COLUMNS FROM `la_ad` [ RunTime:0.0014s ]
SQL: SHOW COLUMNS FROM `la_goods_images` [ RunTime:0.0010s ]
SQL: SELECT `id`,`image`,`url` FROM `la_ad` WHERE `group_id` = 2 ORDER BY  add_time DESC   [ RunTime:0.0006s ]
SQL: SELECT COUNT(*) AS tp_count FROM `la_ad` WHERE `group_id` = 2 LIMIT 1   [ RunTime:0.0005s ]
SQL: SELECT `id`,`category_id`,`category_path`,`goods_image`,`goods_name` FROM `la_goods` WHERE `goods_main_id` = 0 AND `is_delete` = 0 ORDER BY  add_time DESC  LIMIT 9   [ RunTime:0.0025s ]
SQL: SHOW COLUMNS FROM `la_article` [ RunTime:0.0017s ]
SQL: SELECT `id`,`tree_id`,`cat_id`,`image`,`summary`,`title`,`hits`,`add_time` FROM `la_article` ORDER BY  add_time DESC  LIMIT 6   [ RunTime:0.0007s ]

[ 2018-03-19T15:58:35+08:00 ] 192.168.47.1 /
SQL: SHOW COLUMNS FROM `la_config` [ RunTime:0.0022s ]
SQL: SELECT `config_sign`,`config_value` FROM `la_config`  [ RunTime:0.0009s ]
SQL: SHOW COLUMNS FROM `la_seo` [ RunTime:0.0015s ]
SQL: SELECT `tags`,`meta_description`,`meta_keyword` FROM `la_seo` WHERE `id_mark` = 'ch_index' LIMIT 1   [ RunTime:0.0006s ]
SQL: SHOW COLUMNS FROM `la_goods_category` [ RunTime:0.0030s ]
SQL: SELECT * FROM `la_goods_category` WHERE `pid` = 1  [ RunTime:0.0017s ]
SQL: SHOW COLUMNS FROM `la_goods` [ RunTime:0.0041s ]
SQL: SELECT `id`,`category_id`,`category_path`,`goods_image`,`goods_name` FROM `la_goods` WHERE `goods_main_id` = 0 AND `is_delete` = 0 ORDER BY  add_time DESC  LIMIT 9   [ RunTime:0.0029s ]
SQL: SHOW COLUMNS FROM `la_ad` [ RunTime:0.0014s ]
SQL: SHOW COLUMNS FROM `la_goods_images` [ RunTime:0.0010s ]
SQL: SELECT `id`,`image`,`url` FROM `la_ad` WHERE `group_id` = 2 ORDER BY  add_time DESC   [ RunTime:0.0006s ]
SQL: SELECT COUNT(*) AS tp_count FROM `la_ad` WHERE `group_id` = 2 LIMIT 1   [ RunTime:0.0005s ]
SQL: SELECT `id`,`category_id`,`category_path`,`goods_image`,`goods_name` FROM `la_goods` WHERE `goods_main_id` = 0 AND `is_delete` = 0 ORDER BY  add_time DESC  LIMIT 9   [ RunTime:0.0044s ]
SQL: SHOW COLUMNS FROM `la_article` [ RunTime:0.0019s ]
SQL: SELECT `id`,`tree_id`,`cat_id`,`image`,`summary`,`title`,`hits`,`add_time` FROM `la_article` ORDER BY  add_time DESC  LIMIT 6   [ RunTime:0.0017s ]

[ 2018-03-19T17:09:54+08:00 ] 192.168.47.1 /
SQL: SHOW COLUMNS FROM `la_config` [ RunTime:0.0023s ]
SQL: SELECT `config_sign`,`config_value` FROM `la_config`  [ RunTime:0.0019s ]

[ 2018-03-19T17:09:56+08:00 ] 192.168.47.1 /
SQL: SHOW COLUMNS FROM `la_config` [ RunTime:0.0033s ]
SQL: SELECT `config_sign`,`config_value` FROM `la_config`  [ RunTime:0.0010s ]
SQL: SHOW COLUMNS FROM `la_seo` [ RunTime:0.0018s ]
SQL: SELECT `tags`,`meta_description`,`meta_keyword` FROM `la_seo` WHERE `id_mark` = 'ch_index' LIMIT 1   [ RunTime:0.0013s ]
SQL: SHOW COLUMNS FROM `la_goods_category` [ RunTime:0.0018s ]
SQL: SELECT * FROM `la_goods_category` WHERE `pid` = 1  [ RunTime:0.0012s ]
SQL: SHOW COLUMNS FROM `la_goods` [ RunTime:0.0020s ]
SQL: SELECT `id`,`category_id`,`category_path`,`goods_image`,`goods_name` FROM `la_goods` WHERE `goods_main_id` = 0 AND `is_delete` = 0 ORDER BY  add_time DESC  LIMIT 9   [ RunTime:0.0026s ]
SQL: SHOW COLUMNS FROM `la_ad` [ RunTime:0.0014s ]
SQL: SHOW COLUMNS FROM `la_goods_images` [ RunTime:0.0010s ]
SQL: SELECT `id`,`image`,`url` FROM `la_ad` WHERE `group_id` = 2 ORDER BY  add_time DESC   [ RunTime:0.0007s ]
SQL: SELECT COUNT(*) AS tp_count FROM `la_ad` WHERE `group_id` = 2 LIMIT 1   [ RunTime:0.0040s ]
SQL: SELECT `id`,`category_id`,`category_path`,`goods_image`,`goods_name` FROM `la_goods` WHERE `goods_main_id` = 0 AND `is_delete` = 0 ORDER BY  add_time DESC  LIMIT 9   [ RunTime:0.0028s ]
SQL: SHOW COLUMNS FROM `la_article` [ RunTime:0.0022s ]
SQL: SELECT `id`,`tree_id`,`cat_id`,`image`,`summary`,`title`,`hits`,`add_time` FROM `la_article` ORDER BY  add_time DESC  LIMIT 6   [ RunTime:0.0009s ]

[ 2018-03-19T17:10:02+08:00 ] 192.168.47.1 /
SQL: SHOW COLUMNS FROM `la_config` [ RunTime:0.0013s ]
SQL: SELECT `config_sign`,`config_value` FROM `la_config`  [ RunTime:0.0007s ]
SQL: SHOW COLUMNS FROM `la_seo` [ RunTime:0.0014s ]
SQL: SELECT `tags`,`meta_description`,`meta_keyword` FROM `la_seo` WHERE `id_mark` = 'ch_index' LIMIT 1   [ RunTime:0.0008s ]
SQL: SHOW COLUMNS FROM `la_goods_category` [ RunTime:0.0016s ]
SQL: SELECT * FROM `la_goods_category` WHERE `pid` = 1  [ RunTime:0.0010s ]
SQL: SHOW COLUMNS FROM `la_goods` [ RunTime:0.0024s ]
SQL: SELECT `id`,`category_id`,`category_path`,`goods_image`,`goods_name` FROM `la_goods` WHERE `goods_main_id` = 0 AND `is_delete` = 0 ORDER BY  add_time DESC  LIMIT 9   [ RunTime:0.0028s ]
SQL: SHOW COLUMNS FROM `la_ad` [ RunTime:0.0015s ]
SQL: SHOW COLUMNS FROM `la_goods_images` [ RunTime:0.0011s ]
SQL: SELECT `id`,`image`,`url` FROM `la_ad` WHERE `group_id` = 2 ORDER BY  add_time DESC   [ RunTime:0.0007s ]
SQL: SELECT COUNT(*) AS tp_count FROM `la_ad` WHERE `group_id` = 2 LIMIT 1   [ RunTime:0.0005s ]
SQL: SELECT `id`,`category_id`,`category_path`,`goods_image`,`goods_name` FROM `la_goods` WHERE `goods_main_id` = 0 AND `is_delete` = 0 ORDER BY  add_time DESC  LIMIT 9   [ RunTime:0.0024s ]
SQL: SHOW COLUMNS FROM `la_article` [ RunTime:0.0017s ]
SQL: SELECT `id`,`tree_id`,`cat_id`,`image`,`summary`,`title`,`hits`,`add_time` FROM `la_article` ORDER BY  add_time DESC  LIMIT 6   [ RunTime:0.0008s ]

[ 2018-03-19T17:10:39+08:00 ] 192.168.47.1 /
SQL: SHOW COLUMNS FROM `la_config` [ RunTime:0.0013s ]
SQL: SELECT `config_sign`,`config_value` FROM `la_config`  [ RunTime:0.0007s ]
SQL: SHOW COLUMNS FROM `la_seo` [ RunTime:0.0013s ]
SQL: SELECT `tags`,`meta_description`,`meta_keyword` FROM `la_seo` WHERE `id_mark` = 'ch_index' LIMIT 1   [ RunTime:0.0014s ]
SQL: SHOW COLUMNS FROM `la_goods_category` [ RunTime:0.0015s ]
SQL: SELECT * FROM `la_goods_category` WHERE `pid` = 1  [ RunTime:0.0008s ]
SQL: SHOW COLUMNS FROM `la_goods` [ RunTime:0.0022s ]
SQL: SELECT `id`,`category_id`,`category_path`,`goods_image`,`goods_name` FROM `la_goods` WHERE `goods_main_id` = 0 AND `is_delete` = 0 ORDER BY  add_time DESC  LIMIT 9   [ RunTime:0.0027s ]
SQL: SHOW COLUMNS FROM `la_ad` [ RunTime:0.0014s ]
SQL: SHOW COLUMNS FROM `la_goods_images` [ RunTime:0.0011s ]
SQL: SELECT `id`,`image`,`url` FROM `la_ad` WHERE `group_id` = 2 ORDER BY  add_time DESC   [ RunTime:0.0007s ]
SQL: SELECT COUNT(*) AS tp_count FROM `la_ad` WHERE `group_id` = 2 LIMIT 1   [ RunTime:0.0006s ]
SQL: SELECT `id`,`category_id`,`category_path`,`goods_image`,`goods_name` FROM `la_goods` WHERE `goods_main_id` = 0 AND `is_delete` = 0 ORDER BY  add_time DESC  LIMIT 9   [ RunTime:0.0023s ]
SQL: SHOW COLUMNS FROM `la_article` [ RunTime:0.0017s ]
SQL: SELECT `id`,`tree_id`,`cat_id`,`image`,`summary`,`title`,`hits`,`add_time` FROM `la_article` ORDER BY  add_time DESC  LIMIT 6   [ RunTime:0.0008s ]

[ 2018-03-19T17:10:46+08:00 ] 192.168.47.1 /
SQL: SHOW COLUMNS FROM `la_config` [ RunTime:0.0019s ]
SQL: SELECT `config_sign`,`config_value` FROM `la_config`  [ RunTime:0.0008s ]
SQL: SHOW COLUMNS FROM `la_seo` [ RunTime:0.0014s ]
SQL: SELECT `tags`,`meta_description`,`meta_keyword` FROM `la_seo` WHERE `id_mark` = 'ch_index' LIMIT 1   [ RunTime:0.0007s ]
SQL: SHOW COLUMNS FROM `la_goods_category` [ RunTime:0.0015s ]
SQL: SELECT * FROM `la_goods_category` WHERE `pid` = 1  [ RunTime:0.0009s ]
SQL: SHOW COLUMNS FROM `la_goods` [ RunTime:0.0029s ]
SQL: SELECT `id`,`category_id`,`category_path`,`goods_image`,`goods_name` FROM `la_goods` WHERE `goods_main_id` = 0 AND `is_delete` = 0 ORDER BY  add_time DESC  LIMIT 9   [ RunTime:0.0028s ]
SQL: SHOW COLUMNS FROM `la_ad` [ RunTime:0.0014s ]
SQL: SHOW COLUMNS FROM `la_goods_images` [ RunTime:0.0011s ]
SQL: SELECT `id`,`image`,`url` FROM `la_ad` WHERE `group_id` = 2 ORDER BY  add_time DESC   [ RunTime:0.0007s ]
SQL: SELECT COUNT(*) AS tp_count FROM `la_ad` WHERE `group_id` = 2 LIMIT 1   [ RunTime:0.0005s ]
SQL: SELECT `id`,`category_id`,`category_path`,`goods_image`,`goods_name` FROM `la_goods` WHERE `goods_main_id` = 0 AND `is_delete` = 0 ORDER BY  add_time DESC  LIMIT 9   [ RunTime:0.0023s ]
SQL: SHOW COLUMNS FROM `la_article` [ RunTime:0.0017s ]
SQL: SELECT `id`,`tree_id`,`cat_id`,`image`,`summary`,`title`,`hits`,`add_time` FROM `la_article` ORDER BY  add_time DESC  LIMIT 6   [ RunTime:0.0008s ]

[ 2018-03-19T17:43:03+08:00 ] 192.168.47.1 /
SQL: SHOW COLUMNS FROM `la_config` [ RunTime:0.0016s ]
SQL: SELECT `config_sign`,`config_value` FROM `la_config`  [ RunTime:0.0009s ]

[ 2018-03-19T17:43:04+08:00 ] 192.168.47.1 /
SQL: SHOW COLUMNS FROM `la_config` [ RunTime:0.0019s ]
SQL: SELECT `config_sign`,`config_value` FROM `la_config`  [ RunTime:0.0010s ]
SQL: SHOW COLUMNS FROM `la_seo` [ RunTime:0.0018s ]
SQL: SELECT `tags`,`meta_description`,`meta_keyword` FROM `la_seo` WHERE `id_mark` = 'ch_index' LIMIT 1   [ RunTime:0.0008s ]
SQL: SHOW COLUMNS FROM `la_goods_category` [ RunTime:0.0024s ]
SQL: SELECT * FROM `la_goods_category` WHERE `pid` = 1  [ RunTime:0.0011s ]
SQL: SHOW COLUMNS FROM `la_goods` [ RunTime:0.0022s ]
SQL: SELECT `id`,`category_id`,`category_path`,`goods_image`,`goods_name` FROM `la_goods` WHERE `goods_main_id` = 0 AND `is_delete` = 0 ORDER BY  add_time DESC  LIMIT 9   [ RunTime:0.0029s ]
SQL: SHOW COLUMNS FROM `la_ad` [ RunTime:0.0014s ]
SQL: SHOW COLUMNS FROM `la_goods_images` [ RunTime:0.0018s ]
SQL: SELECT `id`,`image`,`url` FROM `la_ad` WHERE `group_id` = 2 ORDER BY  add_time DESC   [ RunTime:0.0008s ]
SQL: SELECT COUNT(*) AS tp_count FROM `la_ad` WHERE `group_id` = 2 LIMIT 1   [ RunTime:0.0022s ]
SQL: SELECT `id`,`category_id`,`category_path`,`goods_image`,`goods_name` FROM `la_goods` WHERE `goods_main_id` = 0 AND `is_delete` = 0 ORDER BY  add_time DESC  LIMIT 9   [ RunTime:0.0026s ]
SQL: SHOW COLUMNS FROM `la_article` [ RunTime:0.0018s ]
SQL: SELECT `id`,`tree_id`,`cat_id`,`image`,`summary`,`title`,`hits`,`add_time` FROM `la_article` ORDER BY  add_time DESC  LIMIT 6   [ RunTime:0.0009s ]

[ 2018-03-19T18:00:40+08:00 ] 192.168.47.1 /
SQL: SHOW COLUMNS FROM `la_config` [ RunTime:0.0054s ]
SQL: SELECT `config_sign`,`config_value` FROM `la_config`  [ RunTime:0.0020s ]

[ 2018-03-19T18:00:40+08:00 ] 192.168.47.1 /
SQL: SHOW COLUMNS FROM `la_config` [ RunTime:0.0021s ]
SQL: SELECT `config_sign`,`config_value` FROM `la_config`  [ RunTime:0.0019s ]
SQL: SHOW COLUMNS FROM `la_seo` [ RunTime:0.0017s ]
SQL: SELECT `tags`,`meta_description`,`meta_keyword` FROM `la_seo` WHERE `id_mark` = 'ch_index' LIMIT 1   [ RunTime:0.0016s ]
SQL: SHOW COLUMNS FROM `la_goods_category` [ RunTime:0.0018s ]
SQL: SELECT * FROM `la_goods_category` WHERE `pid` = 1  [ RunTime:0.0019s ]
SQL: SHOW COLUMNS FROM `la_goods` [ RunTime:0.0035s ]
SQL: SELECT `id`,`category_id`,`category_path`,`goods_image`,`goods_name` FROM `la_goods` WHERE `goods_main_id` = 0 AND `is_delete` = 0 ORDER BY  add_time DESC  LIMIT 9   [ RunTime:0.0054s ]
SQL: SHOW COLUMNS FROM `la_ad` [ RunTime:0.0019s ]
SQL: SHOW COLUMNS FROM `la_goods_images` [ RunTime:0.0012s ]
SQL: SELECT `id`,`image`,`url` FROM `la_ad` WHERE `group_id` = 2 ORDER BY  add_time DESC   [ RunTime:0.0008s ]
SQL: SELECT COUNT(*) AS tp_count FROM `la_ad` WHERE `group_id` = 2 LIMIT 1   [ RunTime:0.0005s ]
SQL: SELECT `id`,`category_id`,`category_path`,`goods_image`,`goods_name` FROM `la_goods` WHERE `goods_main_id` = 0 AND `is_delete` = 0 ORDER BY  add_time DESC  LIMIT 9   [ RunTime:0.0024s ]
SQL: SHOW COLUMNS FROM `la_article` [ RunTime:0.0018s ]
SQL: SELECT `id`,`tree_id`,`cat_id`,`image`,`summary`,`title`,`hits`,`add_time` FROM `la_article` ORDER BY  add_time DESC  LIMIT 6   [ RunTime:0.0008s ]

[ 2018-03-19T18:00:51+08:00 ] 192.168.47.1 /
SQL: SHOW COLUMNS FROM `la_config` [ RunTime:0.0022s ]
SQL: SELECT `config_sign`,`config_value` FROM `la_config`  [ RunTime:0.0008s ]
SQL: SHOW COLUMNS FROM `la_seo` [ RunTime:0.0017s ]
SQL: SELECT `tags`,`meta_description`,`meta_keyword` FROM `la_seo` WHERE `id_mark` = 'ch_index' LIMIT 1   [ RunTime:0.0007s ]
SQL: SHOW COLUMNS FROM `la_goods_category` [ RunTime:0.0015s ]
SQL: SELECT * FROM `la_goods_category` WHERE `pid` = 1  [ RunTime:0.0008s ]
SQL: SHOW COLUMNS FROM `la_goods` [ RunTime:0.0018s ]
SQL: SELECT `id`,`category_id`,`category_path`,`goods_image`,`goods_name` FROM `la_goods` WHERE `goods_main_id` = 0 AND `is_delete` = 0 ORDER BY  add_time DESC  LIMIT 9   [ RunTime:0.0023s ]
SQL: SHOW COLUMNS FROM `la_ad` [ RunTime:0.0012s ]
SQL: SHOW COLUMNS FROM `la_goods_images` [ RunTime:0.0010s ]
SQL: SELECT `id`,`image`,`url` FROM `la_ad` WHERE `group_id` = 2 ORDER BY  add_time DESC   [ RunTime:0.0006s ]
SQL: SELECT COUNT(*) AS tp_count FROM `la_ad` WHERE `group_id` = 2 LIMIT 1   [ RunTime:0.0029s ]
SQL: SELECT `id`,`category_id`,`category_path`,`goods_image`,`goods_name` FROM `la_goods` WHERE `goods_main_id` = 0 AND `is_delete` = 0 ORDER BY  add_time DESC  LIMIT 9   [ RunTime:0.0025s ]
SQL: SHOW COLUMNS FROM `la_article` [ RunTime:0.0015s ]
SQL: SELECT `id`,`tree_id`,`cat_id`,`image`,`summary`,`title`,`hits`,`add_time` FROM `la_article` ORDER BY  add_time DESC  LIMIT 6   [ RunTime:0.0008s ]

[ 2018-03-19T18:01:02+08:00 ] 192.168.47.1 /
SQL: SHOW COLUMNS FROM `la_config` [ RunTime:0.0030s ]
SQL: SELECT `config_sign`,`config_value` FROM `la_config`  [ RunTime:0.0009s ]
SQL: SHOW COLUMNS FROM `la_seo` [ RunTime:0.0015s ]
SQL: SELECT `tags`,`meta_description`,`meta_keyword` FROM `la_seo` WHERE `id_mark` = 'ch_index' LIMIT 1   [ RunTime:0.0016s ]
SQL: SHOW COLUMNS FROM `la_goods_category` [ RunTime:0.0014s ]
SQL: SELECT * FROM `la_goods_category` WHERE `pid` = 1  [ RunTime:0.0008s ]
SQL: SHOW COLUMNS FROM `la_goods` [ RunTime:0.0017s ]
SQL: SELECT `id`,`category_id`,`category_path`,`goods_image`,`goods_name` FROM `la_goods` WHERE `goods_main_id` = 0 AND `is_delete` = 0 ORDER BY  add_time DESC  LIMIT 9   [ RunTime:0.0024s ]
SQL: SHOW COLUMNS FROM `la_ad` [ RunTime:0.0011s ]
SQL: SHOW COLUMNS FROM `la_goods_images` [ RunTime:0.0009s ]
SQL: SELECT `id`,`image`,`url` FROM `la_ad` WHERE `group_id` = 2 ORDER BY  add_time DESC   [ RunTime:0.0005s ]
SQL: SELECT COUNT(*) AS tp_count FROM `la_ad` WHERE `group_id` = 2 LIMIT 1   [ RunTime:0.0005s ]
SQL: SELECT `id`,`category_id`,`category_path`,`goods_image`,`goods_name` FROM `la_goods` WHERE `goods_main_id` = 0 AND `is_delete` = 0 ORDER BY  add_time DESC  LIMIT 9   [ RunTime:0.0025s ]
SQL: SHOW COLUMNS FROM `la_article` [ RunTime:0.0018s ]
SQL: SELECT `id`,`tree_id`,`cat_id`,`image`,`summary`,`title`,`hits`,`add_time` FROM `la_article` ORDER BY  add_time DESC  LIMIT 6   [ RunTime:0.0011s ]

[ 2018-03-19T18:42:31+08:00 ] 192.168.47.1 /
SQL: SHOW COLUMNS FROM `la_config` [ RunTime:0.0021s ]
SQL: SELECT `config_sign`,`config_value` FROM `la_config`  [ RunTime:0.0016s ]

